[2026-03-03T13:13:59.498+0000] {taskinstance.py:1956} INFO - Dependencies all met for dep_context=non-requeueable deps ti=<TaskInstance: dag_dbt_transform.dbt_run_staging manual__2026-03-03T11:54:10+00:00 [queued]>
[2026-03-03T13:13:59.513+0000] {taskinstance.py:1956} INFO - Dependencies all met for dep_context=requeueable deps ti=<TaskInstance: dag_dbt_transform.dbt_run_staging manual__2026-03-03T11:54:10+00:00 [queued]>
[2026-03-03T13:13:59.516+0000] {taskinstance.py:2170} INFO - Starting attempt 2 of 3
[2026-03-03T13:13:59.704+0000] {taskinstance.py:2191} INFO - Executing <Task(BashOperator): dbt_run_staging> on 2026-03-03 11:54:10+00:00
[2026-03-03T13:13:59.745+0000] {standard_task_runner.py:60} INFO - Started process 1281 to run task
[2026-03-03T13:13:59.828+0000] {standard_task_runner.py:87} INFO - Running: ['***', 'tasks', 'run', 'dag_dbt_transform', 'dbt_run_staging', 'manual__2026-03-03T11:54:10+00:00', '--job-id', '228', '--raw', '--subdir', 'DAGS_FOLDER/dag_dbt_transform.py', '--cfg-path', '/tmp/tmpag__z_xe']
[2026-03-03T13:13:59.848+0000] {standard_task_runner.py:88} INFO - Job 228: Subtask dbt_run_staging
[2026-03-03T13:14:00.378+0000] {task_command.py:423} INFO - Running <TaskInstance: dag_dbt_transform.dbt_run_staging manual__2026-03-03T11:54:10+00:00 [running]> on host 353218a5daef
[2026-03-03T13:14:01.003+0000] {taskinstance.py:2480} INFO - Exporting env vars: AIRFLOW_CTX_DAG_OWNER='de_team' AIRFLOW_CTX_DAG_ID='dag_dbt_transform' AIRFLOW_CTX_TASK_ID='dbt_run_staging' AIRFLOW_CTX_EXECUTION_DATE='2026-03-03T11:54:10+00:00' AIRFLOW_CTX_TRY_NUMBER='2' AIRFLOW_CTX_DAG_RUN_ID='manual__2026-03-03T11:54:10+00:00'
[2026-03-03T13:14:01.012+0000] {subprocess.py:63} INFO - Tmp dir root location: /tmp
[2026-03-03T13:14:01.016+0000] {subprocess.py:75} INFO - Running command: ['/usr/bin/bash', '-c', 'cd /opt/***/dbt && dbt run --select staging --profiles-dir /opt/***/dbt --project-dir /opt/***/dbt']
[2026-03-03T13:14:01.103+0000] {subprocess.py:86} INFO - Output:
[2026-03-03T13:14:13.552+0000] {subprocess.py:93} INFO - [0m13:14:13  Running with dbt=1.11.6
[2026-03-03T13:14:18.675+0000] {subprocess.py:93} INFO - [0m13:14:18  Registered adapter: clickhouse=1.10.0
[2026-03-03T13:14:26.010+0000] {subprocess.py:93} INFO - [0m13:14:26  Found 12 models, 32 data tests, 6 sources, 523 macros
[2026-03-03T13:14:26.070+0000] {subprocess.py:93} INFO - [0m13:14:26
[2026-03-03T13:14:26.082+0000] {subprocess.py:93} INFO - [0m13:14:26  Concurrency: 4 threads (target='dev')
[2026-03-03T13:14:26.111+0000] {subprocess.py:93} INFO - [0m13:14:26
[2026-03-03T13:14:35.622+0000] {subprocess.py:93} INFO - [0m13:14:35  2 of 4 START sql view model `staging_staging`.`stg_orders` ..................... [RUN]
[2026-03-03T13:14:35.708+0000] {subprocess.py:93} INFO - [0m13:14:35  1 of 4 START sql view model `staging_staging`.`stg_order_items` ................ [RUN]
[2026-03-03T13:14:35.709+0000] {subprocess.py:93} INFO - [0m13:14:35  4 of 4 START sql view model `staging_staging`.`stg_users` ...................... [RUN]
[2026-03-03T13:14:36.122+0000] {subprocess.py:93} INFO - [0m13:14:36  3 of 4 START sql view model `staging_staging`.`stg_products` ................... [RUN]
[2026-03-03T13:14:37.637+0000] {subprocess.py:93} INFO - [0m13:14:37  1 of 4 OK created sql view model `staging_staging`.`stg_order_items` ........... [[32mOK[0m in 1.46s]
[2026-03-03T13:14:37.701+0000] {subprocess.py:93} INFO - [0m13:14:37  2 of 4 OK created sql view model `staging_staging`.`stg_orders` ................ [[32mOK[0m in 1.53s]
[2026-03-03T13:14:38.178+0000] {subprocess.py:93} INFO - [0m13:14:38  4 of 4 OK created sql view model `staging_staging`.`stg_users` ................. [[32mOK[0m in 2.42s]
[2026-03-03T13:14:38.226+0000] {subprocess.py:93} INFO - [0m13:14:38  3 of 4 OK created sql view model `staging_staging`.`stg_products` .............. [[32mOK[0m in 2.06s]
[2026-03-03T13:14:38.361+0000] {subprocess.py:93} INFO - [0m13:14:38
[2026-03-03T13:14:38.372+0000] {subprocess.py:93} INFO - [0m13:14:38  Finished running 4 view models in 0 hours 0 minutes and 12.25 seconds (12.25s).
[2026-03-03T13:14:38.790+0000] {subprocess.py:93} INFO - [0m13:14:38
[2026-03-03T13:14:38.792+0000] {subprocess.py:93} INFO - [0m13:14:38  [32mCompleted successfully[0m
[2026-03-03T13:14:38.795+0000] {subprocess.py:93} INFO - [0m13:14:38
[2026-03-03T13:14:38.797+0000] {subprocess.py:93} INFO - [0m13:14:38  Done. PASS=4 WARN=0 ERROR=0 SKIP=0 NO-OP=0 TOTAL=4
[2026-03-03T13:14:53.916+0000] {subprocess.py:97} INFO - Command exited with return code 0
[2026-03-03T13:14:56.066+0000] {taskinstance.py:1138} INFO - Marking task as SUCCESS. dag_id=dag_dbt_transform, task_id=dbt_run_staging, execution_date=20260303T115410, start_date=20260303T131359, end_date=20260303T131456
[2026-03-03T13:14:56.310+0000] {local_task_job_runner.py:234} INFO - Task exited with return code 0
[2026-03-03T13:14:56.837+0000] {taskinstance.py:3280} INFO - 1 downstream tasks scheduled from follow-on schedule check
