[2026-03-03T11:54:59.645+0000] {taskinstance.py:1956} INFO - Dependencies all met for dep_context=non-requeueable deps ti=<TaskInstance: dag_dbt_transform.dbt_run_staging manual__2026-03-03T11:54:10+00:00 [queued]>
[2026-03-03T11:54:59.651+0000] {taskinstance.py:1956} INFO - Dependencies all met for dep_context=requeueable deps ti=<TaskInstance: dag_dbt_transform.dbt_run_staging manual__2026-03-03T11:54:10+00:00 [queued]>
[2026-03-03T11:54:59.651+0000] {taskinstance.py:2170} INFO - Starting attempt 1 of 2
[2026-03-03T11:54:59.665+0000] {taskinstance.py:2191} INFO - Executing <Task(BashOperator): dbt_run_staging> on 2026-03-03 11:54:10+00:00
[2026-03-03T11:54:59.669+0000] {standard_task_runner.py:60} INFO - Started process 10351 to run task
[2026-03-03T11:54:59.672+0000] {standard_task_runner.py:87} INFO - Running: ['***', 'tasks', 'run', 'dag_dbt_transform', 'dbt_run_staging', 'manual__2026-03-03T11:54:10+00:00', '--job-id', '97', '--raw', '--subdir', 'DAGS_FOLDER/dag_dbt_transform.py', '--cfg-path', '/tmp/tmpjxfczl7h']
[2026-03-03T11:54:59.674+0000] {standard_task_runner.py:88} INFO - Job 97: Subtask dbt_run_staging
[2026-03-03T11:54:59.721+0000] {task_command.py:423} INFO - Running <TaskInstance: dag_dbt_transform.dbt_run_staging manual__2026-03-03T11:54:10+00:00 [running]> on host eccf479b3cda
[2026-03-03T11:54:59.798+0000] {taskinstance.py:2480} INFO - Exporting env vars: AIRFLOW_CTX_DAG_OWNER='de_team' AIRFLOW_CTX_DAG_ID='dag_dbt_transform' AIRFLOW_CTX_TASK_ID='dbt_run_staging' AIRFLOW_CTX_EXECUTION_DATE='2026-03-03T11:54:10+00:00' AIRFLOW_CTX_TRY_NUMBER='1' AIRFLOW_CTX_DAG_RUN_ID='manual__2026-03-03T11:54:10+00:00'
[2026-03-03T11:54:59.800+0000] {subprocess.py:63} INFO - Tmp dir root location: /tmp
[2026-03-03T11:54:59.801+0000] {subprocess.py:75} INFO - Running command: ['/usr/bin/bash', '-c', 'cd /opt/***/dbt && dbt run --select staging --profiles-dir /opt/***/dbt --project-dir /opt/***/dbt']
[2026-03-03T11:54:59.807+0000] {subprocess.py:86} INFO - Output:
[2026-03-03T11:55:01.281+0000] {subprocess.py:93} INFO - [0m11:55:01  Running with dbt=1.11.6
[2026-03-03T11:55:01.507+0000] {subprocess.py:93} INFO - [0m11:55:01  Registered adapter: clickhouse=1.10.0
[2026-03-03T11:55:02.622+0000] {subprocess.py:93} INFO - [0m11:55:02  [[33mWARNING[0m][MissingArgumentsPropertyInGenericTestDeprecation]: Deprecated
[2026-03-03T11:55:02.623+0000] {subprocess.py:93} INFO - functionality
[2026-03-03T11:55:02.624+0000] {subprocess.py:93} INFO - Found top-level arguments to test `relationships` defined on 'fact_orders' in
[2026-03-03T11:55:02.624+0000] {subprocess.py:93} INFO - package 'ecommerce_dbt' (models/schema.yml). Arguments to generic tests should
[2026-03-03T11:55:02.624+0000] {subprocess.py:93} INFO - be nested under the `arguments` property.
[2026-03-03T11:55:03.684+0000] {subprocess.py:93} INFO - [0m11:55:03  Found 12 models, 32 data tests, 6 sources, 523 macros
[2026-03-03T11:55:03.691+0000] {subprocess.py:93} INFO - [0m11:55:03
[2026-03-03T11:55:03.692+0000] {subprocess.py:93} INFO - [0m11:55:03  Concurrency: 4 threads (target='dev')
[2026-03-03T11:55:03.693+0000] {subprocess.py:93} INFO - [0m11:55:03
[2026-03-03T11:55:05.342+0000] {subprocess.py:93} INFO - [0m11:55:05  1 of 4 START sql view model `staging_staging`.`stg_order_items` ................ [RUN]
[2026-03-03T11:55:05.344+0000] {subprocess.py:93} INFO - [0m11:55:05  2 of 4 START sql view model `staging_staging`.`stg_orders` ..................... [RUN]
[2026-03-03T11:55:05.344+0000] {subprocess.py:93} INFO - [0m11:55:05  3 of 4 START sql view model `staging_staging`.`stg_products` ................... [RUN]
[2026-03-03T11:55:05.345+0000] {subprocess.py:93} INFO - [0m11:55:05  4 of 4 START sql view model `staging_staging`.`stg_users` ...................... [RUN]
[2026-03-03T11:55:05.604+0000] {subprocess.py:93} INFO - [0m11:55:05  2 of 4 OK created sql view model `staging_staging`.`stg_orders` ................ [[32mOK[0m in 0.25s]
[2026-03-03T11:55:05.607+0000] {subprocess.py:93} INFO - [0m11:55:05  1 of 4 OK created sql view model `staging_staging`.`stg_order_items` ........... [[32mOK[0m in 0.25s]
[2026-03-03T11:55:05.642+0000] {subprocess.py:93} INFO - [0m11:55:05  4 of 4 OK created sql view model `staging_staging`.`stg_users` ................. [[32mOK[0m in 0.29s]
[2026-03-03T11:55:05.646+0000] {subprocess.py:93} INFO - [0m11:55:05  3 of 4 OK created sql view model `staging_staging`.`stg_products` .............. [[32mOK[0m in 0.30s]
[2026-03-03T11:55:05.657+0000] {subprocess.py:93} INFO - [0m11:55:05
[2026-03-03T11:55:05.658+0000] {subprocess.py:93} INFO - [0m11:55:05  Finished running 4 view models in 0 hours 0 minutes and 1.96 seconds (1.96s).
[2026-03-03T11:55:05.730+0000] {subprocess.py:93} INFO - [0m11:55:05
[2026-03-03T11:55:05.731+0000] {subprocess.py:93} INFO - [0m11:55:05  [32mCompleted successfully[0m
[2026-03-03T11:55:05.731+0000] {subprocess.py:93} INFO - [0m11:55:05
[2026-03-03T11:55:05.732+0000] {subprocess.py:93} INFO - [0m11:55:05  Done. PASS=4 WARN=0 ERROR=0 SKIP=0 NO-OP=0 TOTAL=4
[2026-03-03T11:55:05.733+0000] {subprocess.py:93} INFO - [0m11:55:05  [[33mWARNING[0m][DeprecationsSummary]: Deprecated functionality
[2026-03-03T11:55:05.733+0000] {subprocess.py:93} INFO - Summary of encountered deprecations:
[2026-03-03T11:55:05.734+0000] {subprocess.py:93} INFO - - MissingArgumentsPropertyInGenericTestDeprecation: 3 occurrences
[2026-03-03T11:55:05.734+0000] {subprocess.py:93} INFO - To see all deprecation instances instead of just the first occurrence of each,
[2026-03-03T11:55:05.734+0000] {subprocess.py:93} INFO - run command again with the `--show-all-deprecations` flag. You may also need to
[2026-03-03T11:55:05.735+0000] {subprocess.py:93} INFO - run with `--no-partial-parse` as some deprecations are only encountered during
[2026-03-03T11:55:05.735+0000] {subprocess.py:93} INFO - parsing.
[2026-03-03T11:55:07.522+0000] {subprocess.py:97} INFO - Command exited with return code 0
[2026-03-03T11:55:07.568+0000] {taskinstance.py:1138} INFO - Marking task as SUCCESS. dag_id=dag_dbt_transform, task_id=dbt_run_staging, execution_date=20260303T115410, start_date=20260303T115459, end_date=20260303T115507
[2026-03-03T11:55:07.611+0000] {local_task_job_runner.py:234} INFO - Task exited with return code 0
[2026-03-03T11:55:07.649+0000] {taskinstance.py:3280} INFO - 1 downstream tasks scheduled from follow-on schedule check
