[2026-03-03T13:15:02.872+0000] {taskinstance.py:1956} INFO - Dependencies all met for dep_context=non-requeueable deps ti=<TaskInstance: dag_dbt_transform.dbt_run_marts manual__2026-03-03T05:01:01+00:00 [queued]>
[2026-03-03T13:15:03.046+0000] {taskinstance.py:1956} INFO - Dependencies all met for dep_context=requeueable deps ti=<TaskInstance: dag_dbt_transform.dbt_run_marts manual__2026-03-03T05:01:01+00:00 [queued]>
[2026-03-03T13:15:03.074+0000] {taskinstance.py:2170} INFO - Starting attempt 1 of 2
[2026-03-03T13:15:04.088+0000] {taskinstance.py:2191} INFO - Executing <Task(BashOperator): dbt_run_marts> on 2026-03-03 05:01:01+00:00
[2026-03-03T13:15:04.223+0000] {standard_task_runner.py:60} INFO - Started process 1469 to run task
[2026-03-03T13:15:04.302+0000] {standard_task_runner.py:87} INFO - Running: ['***', 'tasks', 'run', 'dag_dbt_transform', 'dbt_run_marts', 'manual__2026-03-03T05:01:01+00:00', '--job-id', '236', '--raw', '--subdir', 'DAGS_FOLDER/dag_dbt_transform.py', '--cfg-path', '/tmp/tmpogiul69p']
[2026-03-03T13:15:04.367+0000] {standard_task_runner.py:88} INFO - Job 236: Subtask dbt_run_marts
[2026-03-03T13:15:04.833+0000] {task_command.py:423} INFO - Running <TaskInstance: dag_dbt_transform.dbt_run_marts manual__2026-03-03T05:01:01+00:00 [running]> on host 353218a5daef
[2026-03-03T13:15:05.303+0000] {taskinstance.py:2480} INFO - Exporting env vars: AIRFLOW_CTX_DAG_OWNER='de_team' AIRFLOW_CTX_DAG_ID='dag_dbt_transform' AIRFLOW_CTX_TASK_ID='dbt_run_marts' AIRFLOW_CTX_EXECUTION_DATE='2026-03-03T05:01:01+00:00' AIRFLOW_CTX_TRY_NUMBER='1' AIRFLOW_CTX_DAG_RUN_ID='manual__2026-03-03T05:01:01+00:00'
[2026-03-03T13:15:05.315+0000] {subprocess.py:63} INFO - Tmp dir root location: /tmp
[2026-03-03T13:15:05.320+0000] {subprocess.py:75} INFO - Running command: ['/usr/bin/bash', '-c', 'cd /opt/***/dbt && dbt run --select marts --profiles-dir /opt/***/dbt --project-dir /opt/***/dbt']
[2026-03-03T13:15:05.395+0000] {subprocess.py:86} INFO - Output:
[2026-03-03T13:15:25.638+0000] {subprocess.py:93} INFO - [0m13:15:25  Running with dbt=1.11.6
[2026-03-03T13:15:27.702+0000] {subprocess.py:93} INFO - [0m13:15:27  Registered adapter: clickhouse=1.10.0
[2026-03-03T13:15:30.127+0000] {subprocess.py:93} INFO - [0m13:15:30  Found 12 models, 32 data tests, 6 sources, 523 macros
[2026-03-03T13:15:30.152+0000] {subprocess.py:93} INFO - [0m13:15:30
[2026-03-03T13:15:30.158+0000] {subprocess.py:93} INFO - [0m13:15:30  Concurrency: 4 threads (target='dev')
[2026-03-03T13:15:30.176+0000] {subprocess.py:93} INFO - [0m13:15:30
[2026-03-03T13:15:38.951+0000] {subprocess.py:93} INFO - [0m13:15:38  1 of 5 START sql table model `staging_analytics`.`dim_date` .................... [RUN]
[2026-03-03T13:15:38.994+0000] {subprocess.py:93} INFO - [0m13:15:38  2 of 5 START sql table model `staging_analytics`.`dim_products` ................ [RUN]
[2026-03-03T13:15:38.999+0000] {subprocess.py:93} INFO - [0m13:15:38  3 of 5 START sql table model `staging_analytics`.`dim_sellers` ................. [RUN]
[2026-03-03T13:15:39.075+0000] {subprocess.py:93} INFO - [0m13:15:39  4 of 5 START sql table model `staging_analytics`.`dim_users` ................... [RUN]
[2026-03-03T13:15:44.642+0000] {subprocess.py:93} INFO - [0m13:15:44  1 of 5 OK created sql table model `staging_analytics`.`dim_date` ............... [[32mOK[0m in 5.61s]
[2026-03-03T13:15:44.654+0000] {subprocess.py:93} INFO - [0m13:15:44  2 of 5 OK created sql table model `staging_analytics`.`dim_products` ........... [[32mOK[0m in 5.49s]
[2026-03-03T13:15:44.691+0000] {subprocess.py:93} INFO - [0m13:15:44  4 of 5 OK created sql table model `staging_analytics`.`dim_users` .............. [[32mOK[0m in 5.57s]
[2026-03-03T13:15:44.728+0000] {subprocess.py:93} INFO - [0m13:15:44  5 of 5 START sql table model `staging_analytics`.`fact_orders` ................. [RUN]
[2026-03-03T13:15:44.780+0000] {subprocess.py:93} INFO - [0m13:15:44  3 of 5 OK created sql table model `staging_analytics`.`dim_sellers` ............ [[32mOK[0m in 5.77s]
[2026-03-03T13:15:45.423+0000] {subprocess.py:93} INFO - [0m13:15:45  5 of 5 OK created sql table model `staging_analytics`.`fact_orders` ............ [[32mOK[0m in 0.67s]
[2026-03-03T13:15:45.541+0000] {subprocess.py:93} INFO - [0m13:15:45
[2026-03-03T13:15:45.542+0000] {subprocess.py:93} INFO - [0m13:15:45  Finished running 5 table models in 0 hours 0 minutes and 15.35 seconds (15.35s).
[2026-03-03T13:15:46.537+0000] {subprocess.py:93} INFO - [0m13:15:46
[2026-03-03T13:15:46.543+0000] {subprocess.py:93} INFO - [0m13:15:46  [32mCompleted successfully[0m
[2026-03-03T13:15:46.545+0000] {subprocess.py:93} INFO - [0m13:15:46
[2026-03-03T13:15:46.551+0000] {subprocess.py:93} INFO - [0m13:15:46  Done. PASS=5 WARN=0 ERROR=0 SKIP=0 NO-OP=0 TOTAL=5
[2026-03-03T13:15:52.170+0000] {subprocess.py:97} INFO - Command exited with return code 0
[2026-03-03T13:15:53.167+0000] {taskinstance.py:1138} INFO - Marking task as SUCCESS. dag_id=dag_dbt_transform, task_id=dbt_run_marts, execution_date=20260303T050101, start_date=20260303T131502, end_date=20260303T131553
[2026-03-03T13:15:53.428+0000] {local_task_job_runner.py:234} INFO - Task exited with return code 0
[2026-03-03T13:15:53.857+0000] {taskinstance.py:3280} INFO - 1 downstream tasks scheduled from follow-on schedule check
