[2026-03-02T01:49:51.290+0000] {taskinstance.py:1956} INFO - Dependencies all met for dep_context=non-requeueable deps ti=<TaskInstance: dag_ingest_daily.extract scheduled__2026-03-01T01:00:00+00:00 [queued]>
[2026-03-02T01:49:51.360+0000] {taskinstance.py:1956} INFO - Dependencies all met for dep_context=requeueable deps ti=<TaskInstance: dag_ingest_daily.extract scheduled__2026-03-01T01:00:00+00:00 [queued]>
[2026-03-02T01:49:51.361+0000] {taskinstance.py:2170} INFO - Starting attempt 1 of 3
[2026-03-02T01:49:51.403+0000] {taskinstance.py:2191} INFO - Executing <Task(PythonOperator): extract> on 2026-03-01 01:00:00+00:00
[2026-03-02T01:49:51.431+0000] {standard_task_runner.py:60} INFO - Started process 4399 to run task
[2026-03-02T01:49:51.736+0000] {standard_task_runner.py:87} INFO - Running: ['***', 'tasks', 'run', 'dag_ingest_daily', 'extract', 'scheduled__2026-03-01T01:00:00+00:00', '--job-id', '38', '--raw', '--subdir', 'DAGS_FOLDER/dag_ingest_daily.py', '--cfg-path', '/tmp/tmpph_b0fkx']
[2026-03-02T01:49:51.766+0000] {standard_task_runner.py:88} INFO - Job 38: Subtask extract
[2026-03-02T01:49:52.061+0000] {task_command.py:423} INFO - Running <TaskInstance: dag_ingest_daily.extract scheduled__2026-03-01T01:00:00+00:00 [running]> on host c320bbf31b63
[2026-03-02T01:49:52.292+0000] {taskinstance.py:2480} INFO - Exporting env vars: AIRFLOW_CTX_DAG_OWNER='de_team' AIRFLOW_CTX_DAG_ID='dag_ingest_daily' AIRFLOW_CTX_TASK_ID='extract' AIRFLOW_CTX_EXECUTION_DATE='2026-03-01T01:00:00+00:00' AIRFLOW_CTX_TRY_NUMBER='1' AIRFLOW_CTX_DAG_RUN_ID='scheduled__2026-03-01T01:00:00+00:00'
[2026-03-02T01:49:52.988+0000] {extractor.py:40} INFO - Connected to ecommerce_oltp@postgres_oltp
[2026-03-02T01:49:52.989+0000] {extractor.py:135} INFO - === Daily extraction for 2026-03-01 ===
[2026-03-02T01:49:52.989+0000] {extractor.py:113} INFO - Extracting static table: users
[2026-03-02T01:49:52.989+0000] {extractor.py:66} INFO - Full extract: users
[2026-03-02T01:49:53.005+0000] {extractor.py:61} INFO -   Fetched 500 rows
[2026-03-02T01:49:53.006+0000] {extractor.py:113} INFO - Extracting static table: sellers
[2026-03-02T01:49:53.006+0000] {extractor.py:66} INFO - Full extract: sellers
[2026-03-02T01:49:53.008+0000] {extractor.py:61} INFO -   Fetched 50 rows
[2026-03-02T01:49:53.008+0000] {extractor.py:113} INFO - Extracting static table: products
[2026-03-02T01:49:53.008+0000] {extractor.py:66} INFO - Full extract: products
[2026-03-02T01:49:53.013+0000] {extractor.py:61} INFO -   Fetched 200 rows
[2026-03-02T01:49:53.013+0000] {extractor.py:113} INFO - Extracting static table: categories
[2026-03-02T01:49:53.013+0000] {extractor.py:66} INFO - Full extract: categories
[2026-03-02T01:49:53.014+0000] {extractor.py:61} INFO -   Fetched 10 rows
[2026-03-02T01:49:53.014+0000] {extractor.py:74} INFO - Incremental extract: orders since 2026-03-01
[2026-03-02T01:49:53.019+0000] {extractor.py:61} INFO -   Fetched 5 rows
[2026-03-02T01:49:53.019+0000] {extractor.py:94} INFO - Incremental extract: order_items since 2026-03-01
[2026-03-02T01:49:53.021+0000] {extractor.py:61} INFO -   Fetched 11 rows
[2026-03-02T01:49:53.022+0000] {extractor.py:141} INFO -   users: 500 rows extracted
[2026-03-02T01:49:53.022+0000] {extractor.py:141} INFO -   sellers: 50 rows extracted
[2026-03-02T01:49:53.022+0000] {extractor.py:141} INFO -   products: 200 rows extracted
[2026-03-02T01:49:53.022+0000] {extractor.py:141} INFO -   categories: 10 rows extracted
[2026-03-02T01:49:53.022+0000] {extractor.py:141} INFO -   orders: 5 rows extracted
[2026-03-02T01:49:53.022+0000] {extractor.py:141} INFO -   order_items: 11 rows extracted
[2026-03-02T01:49:53.022+0000] {extractor.py:46} INFO - Connection closed
[2026-03-02T01:49:53.111+0000] {logging_mixin.py:188} INFO - ✅ Extracted 776 total rows
[2026-03-02T01:49:53.111+0000] {python.py:201} INFO - Done. Returned value was: None
[2026-03-02T01:49:53.124+0000] {taskinstance.py:1138} INFO - Marking task as SUCCESS. dag_id=dag_ingest_daily, task_id=extract, execution_date=20260301T010000, start_date=20260302T014951, end_date=20260302T014953
[2026-03-02T01:49:53.168+0000] {local_task_job_runner.py:234} INFO - Task exited with return code 0
[2026-03-02T01:49:53.206+0000] {taskinstance.py:3280} INFO - 1 downstream tasks scheduled from follow-on schedule check
