[2026-03-02T03:00:00.866+0000] {taskinstance.py:1956} INFO - Dependencies all met for dep_context=non-requeueable deps ti=<TaskInstance: dag_data_quality.wait_for_transform scheduled__2026-03-01T03:00:00+00:00 [queued]>
[2026-03-02T03:00:00.873+0000] {taskinstance.py:1956} INFO - Dependencies all met for dep_context=requeueable deps ti=<TaskInstance: dag_data_quality.wait_for_transform scheduled__2026-03-01T03:00:00+00:00 [queued]>
[2026-03-02T03:00:00.873+0000] {taskinstance.py:2170} INFO - Starting attempt 1 of 1
[2026-03-02T03:00:00.881+0000] {taskinstance.py:2191} INFO - Executing <Task(ExternalTaskSensor): wait_for_transform> on 2026-03-01 03:00:00+00:00
[2026-03-02T03:00:00.885+0000] {standard_task_runner.py:60} INFO - Started process 5817 to run task
[2026-03-02T03:00:00.890+0000] {standard_task_runner.py:87} INFO - Running: ['***', 'tasks', 'run', 'dag_data_quality', 'wait_for_transform', 'scheduled__2026-03-01T03:00:00+00:00', '--job-id', '44', '--raw', '--subdir', 'DAGS_FOLDER/dag_data_quality.py', '--cfg-path', '/tmp/tmpvi757omj']
[2026-03-02T03:00:00.892+0000] {standard_task_runner.py:88} INFO - Job 44: Subtask wait_for_transform
[2026-03-02T03:00:00.951+0000] {task_command.py:423} INFO - Running <TaskInstance: dag_data_quality.wait_for_transform scheduled__2026-03-01T03:00:00+00:00 [running]> on host c320bbf31b63
[2026-03-02T03:00:01.028+0000] {taskinstance.py:2480} INFO - Exporting env vars: AIRFLOW_CTX_DAG_OWNER='de_team' AIRFLOW_CTX_DAG_ID='dag_data_quality' AIRFLOW_CTX_TASK_ID='wait_for_transform' AIRFLOW_CTX_EXECUTION_DATE='2026-03-01T03:00:00+00:00' AIRFLOW_CTX_TRY_NUMBER='1' AIRFLOW_CTX_DAG_RUN_ID='scheduled__2026-03-01T03:00:00+00:00'
[2026-03-02T03:00:01.028+0000] {external_task.py:244} INFO - Poking for tasks ['dbt_test'] in dag dag_dbt_transform on 2026-03-01T03:00:00+00:00 ... 
[2026-03-02T03:01:01.043+0000] {external_task.py:244} INFO - Poking for tasks ['dbt_test'] in dag dag_dbt_transform on 2026-03-01T03:00:00+00:00 ... 
[2026-03-02T03:02:01.076+0000] {external_task.py:244} INFO - Poking for tasks ['dbt_test'] in dag dag_dbt_transform on 2026-03-01T03:00:00+00:00 ... 
[2026-03-02T03:03:01.108+0000] {external_task.py:244} INFO - Poking for tasks ['dbt_test'] in dag dag_dbt_transform on 2026-03-01T03:00:00+00:00 ... 
[2026-03-02T03:04:01.140+0000] {external_task.py:244} INFO - Poking for tasks ['dbt_test'] in dag dag_dbt_transform on 2026-03-01T03:00:00+00:00 ... 
[2026-03-02T03:05:01.173+0000] {external_task.py:244} INFO - Poking for tasks ['dbt_test'] in dag dag_dbt_transform on 2026-03-01T03:00:00+00:00 ... 
[2026-03-02T03:06:01.206+0000] {external_task.py:244} INFO - Poking for tasks ['dbt_test'] in dag dag_dbt_transform on 2026-03-01T03:00:00+00:00 ... 
[2026-03-02T03:07:01.260+0000] {external_task.py:244} INFO - Poking for tasks ['dbt_test'] in dag dag_dbt_transform on 2026-03-01T03:00:00+00:00 ... 
[2026-03-02T03:08:01.295+0000] {external_task.py:244} INFO - Poking for tasks ['dbt_test'] in dag dag_dbt_transform on 2026-03-01T03:00:00+00:00 ... 
[2026-03-02T03:09:01.326+0000] {external_task.py:244} INFO - Poking for tasks ['dbt_test'] in dag dag_dbt_transform on 2026-03-01T03:00:00+00:00 ... 
[2026-03-02T03:10:01.367+0000] {external_task.py:244} INFO - Poking for tasks ['dbt_test'] in dag dag_dbt_transform on 2026-03-01T03:00:00+00:00 ... 
[2026-03-02T03:11:01.394+0000] {external_task.py:244} INFO - Poking for tasks ['dbt_test'] in dag dag_dbt_transform on 2026-03-01T03:00:00+00:00 ... 
[2026-03-02T03:12:01.439+0000] {external_task.py:244} INFO - Poking for tasks ['dbt_test'] in dag dag_dbt_transform on 2026-03-01T03:00:00+00:00 ... 
[2026-03-02T03:13:01.476+0000] {external_task.py:244} INFO - Poking for tasks ['dbt_test'] in dag dag_dbt_transform on 2026-03-01T03:00:00+00:00 ... 
[2026-03-02T03:14:01.527+0000] {external_task.py:244} INFO - Poking for tasks ['dbt_test'] in dag dag_dbt_transform on 2026-03-01T03:00:00+00:00 ... 
[2026-03-02T03:15:01.568+0000] {external_task.py:244} INFO - Poking for tasks ['dbt_test'] in dag dag_dbt_transform on 2026-03-01T03:00:00+00:00 ... 
[2026-03-02T03:16:01.604+0000] {external_task.py:244} INFO - Poking for tasks ['dbt_test'] in dag dag_dbt_transform on 2026-03-01T03:00:00+00:00 ... 
[2026-03-02T03:17:01.637+0000] {external_task.py:244} INFO - Poking for tasks ['dbt_test'] in dag dag_dbt_transform on 2026-03-01T03:00:00+00:00 ... 
[2026-03-02T03:18:01.664+0000] {external_task.py:244} INFO - Poking for tasks ['dbt_test'] in dag dag_dbt_transform on 2026-03-01T03:00:00+00:00 ... 
[2026-03-02T03:19:01.699+0000] {external_task.py:244} INFO - Poking for tasks ['dbt_test'] in dag dag_dbt_transform on 2026-03-01T03:00:00+00:00 ... 
[2026-03-02T03:20:01.732+0000] {external_task.py:244} INFO - Poking for tasks ['dbt_test'] in dag dag_dbt_transform on 2026-03-01T03:00:00+00:00 ... 
[2026-03-02T03:21:01.768+0000] {external_task.py:244} INFO - Poking for tasks ['dbt_test'] in dag dag_dbt_transform on 2026-03-01T03:00:00+00:00 ... 
[2026-03-02T03:22:01.810+0000] {external_task.py:244} INFO - Poking for tasks ['dbt_test'] in dag dag_dbt_transform on 2026-03-01T03:00:00+00:00 ... 
[2026-03-02T03:23:01.846+0000] {external_task.py:244} INFO - Poking for tasks ['dbt_test'] in dag dag_dbt_transform on 2026-03-01T03:00:00+00:00 ... 
[2026-03-02T03:24:01.883+0000] {external_task.py:244} INFO - Poking for tasks ['dbt_test'] in dag dag_dbt_transform on 2026-03-01T03:00:00+00:00 ... 
[2026-03-02T03:25:01.913+0000] {external_task.py:244} INFO - Poking for tasks ['dbt_test'] in dag dag_dbt_transform on 2026-03-01T03:00:00+00:00 ... 
[2026-03-02T03:26:01.973+0000] {external_task.py:244} INFO - Poking for tasks ['dbt_test'] in dag dag_dbt_transform on 2026-03-01T03:00:00+00:00 ... 
[2026-03-02T03:27:02.011+0000] {external_task.py:244} INFO - Poking for tasks ['dbt_test'] in dag dag_dbt_transform on 2026-03-01T03:00:00+00:00 ... 
[2026-03-02T03:28:02.058+0000] {external_task.py:244} INFO - Poking for tasks ['dbt_test'] in dag dag_dbt_transform on 2026-03-01T03:00:00+00:00 ... 
[2026-03-02T03:29:02.111+0000] {external_task.py:244} INFO - Poking for tasks ['dbt_test'] in dag dag_dbt_transform on 2026-03-01T03:00:00+00:00 ... 
[2026-03-02T03:30:02.150+0000] {external_task.py:244} INFO - Poking for tasks ['dbt_test'] in dag dag_dbt_transform on 2026-03-01T03:00:00+00:00 ... 
[2026-03-02T03:31:02.192+0000] {external_task.py:244} INFO - Poking for tasks ['dbt_test'] in dag dag_dbt_transform on 2026-03-01T03:00:00+00:00 ... 
[2026-03-02T03:32:02.237+0000] {external_task.py:244} INFO - Poking for tasks ['dbt_test'] in dag dag_dbt_transform on 2026-03-01T03:00:00+00:00 ... 
[2026-03-02T03:33:02.266+0000] {external_task.py:244} INFO - Poking for tasks ['dbt_test'] in dag dag_dbt_transform on 2026-03-01T03:00:00+00:00 ... 
[2026-03-02T03:34:02.318+0000] {external_task.py:244} INFO - Poking for tasks ['dbt_test'] in dag dag_dbt_transform on 2026-03-01T03:00:00+00:00 ... 
[2026-03-02T03:35:02.351+0000] {external_task.py:244} INFO - Poking for tasks ['dbt_test'] in dag dag_dbt_transform on 2026-03-01T03:00:00+00:00 ... 
[2026-03-02T03:36:02.389+0000] {external_task.py:244} INFO - Poking for tasks ['dbt_test'] in dag dag_dbt_transform on 2026-03-01T03:00:00+00:00 ... 
[2026-03-02T03:37:02.431+0000] {external_task.py:244} INFO - Poking for tasks ['dbt_test'] in dag dag_dbt_transform on 2026-03-01T03:00:00+00:00 ... 
[2026-03-02T03:38:02.466+0000] {external_task.py:244} INFO - Poking for tasks ['dbt_test'] in dag dag_dbt_transform on 2026-03-01T03:00:00+00:00 ... 
[2026-03-02T03:39:02.504+0000] {external_task.py:244} INFO - Poking for tasks ['dbt_test'] in dag dag_dbt_transform on 2026-03-01T03:00:00+00:00 ... 
[2026-03-02T03:40:02.532+0000] {external_task.py:244} INFO - Poking for tasks ['dbt_test'] in dag dag_dbt_transform on 2026-03-01T03:00:00+00:00 ... 
[2026-03-02T03:41:02.567+0000] {external_task.py:244} INFO - Poking for tasks ['dbt_test'] in dag dag_dbt_transform on 2026-03-01T03:00:00+00:00 ... 
[2026-03-02T03:42:02.606+0000] {external_task.py:244} INFO - Poking for tasks ['dbt_test'] in dag dag_dbt_transform on 2026-03-01T03:00:00+00:00 ... 
[2026-03-02T03:43:02.642+0000] {external_task.py:244} INFO - Poking for tasks ['dbt_test'] in dag dag_dbt_transform on 2026-03-01T03:00:00+00:00 ... 
[2026-03-02T03:44:02.675+0000] {external_task.py:244} INFO - Poking for tasks ['dbt_test'] in dag dag_dbt_transform on 2026-03-01T03:00:00+00:00 ... 
[2026-03-02T03:45:02.707+0000] {external_task.py:244} INFO - Poking for tasks ['dbt_test'] in dag dag_dbt_transform on 2026-03-01T03:00:00+00:00 ... 
[2026-03-02T03:46:02.742+0000] {external_task.py:244} INFO - Poking for tasks ['dbt_test'] in dag dag_dbt_transform on 2026-03-01T03:00:00+00:00 ... 
[2026-03-02T03:47:02.776+0000] {external_task.py:244} INFO - Poking for tasks ['dbt_test'] in dag dag_dbt_transform on 2026-03-01T03:00:00+00:00 ... 
[2026-03-02T03:48:02.815+0000] {external_task.py:244} INFO - Poking for tasks ['dbt_test'] in dag dag_dbt_transform on 2026-03-01T03:00:00+00:00 ... 
[2026-03-02T03:49:02.846+0000] {external_task.py:244} INFO - Poking for tasks ['dbt_test'] in dag dag_dbt_transform on 2026-03-01T03:00:00+00:00 ... 
[2026-03-02T03:50:02.879+0000] {external_task.py:244} INFO - Poking for tasks ['dbt_test'] in dag dag_dbt_transform on 2026-03-01T03:00:00+00:00 ... 
[2026-03-02T03:51:02.918+0000] {external_task.py:244} INFO - Poking for tasks ['dbt_test'] in dag dag_dbt_transform on 2026-03-01T03:00:00+00:00 ... 
[2026-03-02T03:52:02.955+0000] {external_task.py:244} INFO - Poking for tasks ['dbt_test'] in dag dag_dbt_transform on 2026-03-01T03:00:00+00:00 ... 
[2026-03-02T03:53:02.992+0000] {external_task.py:244} INFO - Poking for tasks ['dbt_test'] in dag dag_dbt_transform on 2026-03-01T03:00:00+00:00 ... 
[2026-03-02T03:54:03.027+0000] {external_task.py:244} INFO - Poking for tasks ['dbt_test'] in dag dag_dbt_transform on 2026-03-01T03:00:00+00:00 ... 
[2026-03-02T03:55:03.059+0000] {external_task.py:244} INFO - Poking for tasks ['dbt_test'] in dag dag_dbt_transform on 2026-03-01T03:00:00+00:00 ... 
[2026-03-02T03:56:03.097+0000] {external_task.py:244} INFO - Poking for tasks ['dbt_test'] in dag dag_dbt_transform on 2026-03-01T03:00:00+00:00 ... 
[2026-03-02T03:57:03.134+0000] {external_task.py:244} INFO - Poking for tasks ['dbt_test'] in dag dag_dbt_transform on 2026-03-01T03:00:00+00:00 ... 
[2026-03-02T03:58:03.167+0000] {external_task.py:244} INFO - Poking for tasks ['dbt_test'] in dag dag_dbt_transform on 2026-03-01T03:00:00+00:00 ... 
[2026-03-02T03:59:03.207+0000] {external_task.py:244} INFO - Poking for tasks ['dbt_test'] in dag dag_dbt_transform on 2026-03-01T03:00:00+00:00 ... 
[2026-03-02T04:00:03.259+0000] {external_task.py:244} INFO - Poking for tasks ['dbt_test'] in dag dag_dbt_transform on 2026-03-01T03:00:00+00:00 ... 
[2026-03-02T04:00:03.296+0000] {taskinstance.py:2698} ERROR - Task failed with exception
Traceback (most recent call last):
  File "/home/airflow/.local/lib/python3.11/site-packages/airflow/models/taskinstance.py", line 433, in _execute_task
    result = execute_callable(context=context, **execute_callable_kwargs)
             ^^^^^^^^^^^^^^^^^^^^^^^^^^^^^^^^^^^^^^^^^^^^^^^^^^^^^^^^^^^^
  File "/home/airflow/.local/lib/python3.11/site-packages/airflow/sensors/external_task.py", line 334, in execute
    super().execute(context)
  File "/home/airflow/.local/lib/python3.11/site-packages/airflow/sensors/base.py", line 282, in execute
    raise AirflowSensorTimeout(message)
airflow.exceptions.AirflowSensorTimeout: Sensor has timed out; run duration of 3602.2609341049974 seconds exceeds the specified timeout of 3600.0.
[2026-03-02T04:00:03.313+0000] {taskinstance.py:1138} INFO - Immediate failure requested. Marking task as FAILED. dag_id=dag_data_quality, task_id=wait_for_transform, execution_date=20260301T030000, start_date=20260302T030000, end_date=20260302T040003
[2026-03-02T04:00:03.329+0000] {standard_task_runner.py:107} ERROR - Failed to execute job 44 for task wait_for_transform (Sensor has timed out; run duration of 3602.2609341049974 seconds exceeds the specified timeout of 3600.0.; 5817)
[2026-03-02T04:00:03.357+0000] {local_task_job_runner.py:234} INFO - Task exited with return code 1
[2026-03-02T04:00:03.403+0000] {taskinstance.py:3280} INFO - 0 downstream tasks scheduled from follow-on schedule check
