[2026-03-03T13:16:02.364+0000] {taskinstance.py:1956} INFO - Dependencies all met for dep_context=non-requeueable deps ti=<TaskInstance: dag_data_quality.wait_for_transform scheduled__2026-03-01T03:00:00+00:00 [queued]>
[2026-03-03T13:16:02.426+0000] {taskinstance.py:1956} INFO - Dependencies all met for dep_context=requeueable deps ti=<TaskInstance: dag_data_quality.wait_for_transform scheduled__2026-03-01T03:00:00+00:00 [queued]>
[2026-03-03T13:16:02.442+0000] {taskinstance.py:2170} INFO - Starting attempt 2 of 2
[2026-03-03T13:16:02.790+0000] {taskinstance.py:2191} INFO - Executing <Task(ExternalTaskSensor): wait_for_transform> on 2026-03-01 03:00:00+00:00
[2026-03-03T13:16:02.864+0000] {standard_task_runner.py:60} INFO - Started process 1670 to run task
[2026-03-03T13:16:02.984+0000] {standard_task_runner.py:87} INFO - Running: ['***', 'tasks', 'run', 'dag_data_quality', 'wait_for_transform', 'scheduled__2026-03-01T03:00:00+00:00', '--job-id', '247', '--raw', '--subdir', 'DAGS_FOLDER/dag_data_quality.py', '--cfg-path', '/tmp/tmphpmoql18']
[2026-03-03T13:16:03.008+0000] {standard_task_runner.py:88} INFO - Job 247: Subtask wait_for_transform
[2026-03-03T13:16:04.147+0000] {task_command.py:423} INFO - Running <TaskInstance: dag_data_quality.wait_for_transform scheduled__2026-03-01T03:00:00+00:00 [running]> on host 353218a5daef
[2026-03-03T13:16:04.859+0000] {taskinstance.py:2480} INFO - Exporting env vars: AIRFLOW_CTX_DAG_OWNER='de_team' AIRFLOW_CTX_DAG_ID='dag_data_quality' AIRFLOW_CTX_TASK_ID='wait_for_transform' AIRFLOW_CTX_EXECUTION_DATE='2026-03-01T03:00:00+00:00' AIRFLOW_CTX_TRY_NUMBER='2' AIRFLOW_CTX_DAG_RUN_ID='scheduled__2026-03-01T03:00:00+00:00'
[2026-03-03T13:16:04.861+0000] {external_task.py:244} INFO - Poking for tasks ['dbt_test'] in dag dag_dbt_transform on 2026-03-01T03:00:00+00:00 ... 
[2026-03-03T13:17:05.405+0000] {external_task.py:244} INFO - Poking for tasks ['dbt_test'] in dag dag_dbt_transform on 2026-03-01T03:00:00+00:00 ... 
[2026-03-03T13:18:05.502+0000] {external_task.py:244} INFO - Poking for tasks ['dbt_test'] in dag dag_dbt_transform on 2026-03-01T03:00:00+00:00 ... 
[2026-03-03T13:19:05.589+0000] {external_task.py:244} INFO - Poking for tasks ['dbt_test'] in dag dag_dbt_transform on 2026-03-01T03:00:00+00:00 ... 
[2026-03-03T13:20:05.629+0000] {external_task.py:244} INFO - Poking for tasks ['dbt_test'] in dag dag_dbt_transform on 2026-03-01T03:00:00+00:00 ... 
[2026-03-03T13:21:05.743+0000] {external_task.py:244} INFO - Poking for tasks ['dbt_test'] in dag dag_dbt_transform on 2026-03-01T03:00:00+00:00 ... 
[2026-03-03T13:22:05.785+0000] {external_task.py:244} INFO - Poking for tasks ['dbt_test'] in dag dag_dbt_transform on 2026-03-01T03:00:00+00:00 ... 
[2026-03-03T13:23:05.910+0000] {external_task.py:244} INFO - Poking for tasks ['dbt_test'] in dag dag_dbt_transform on 2026-03-01T03:00:00+00:00 ... 
[2026-03-03T13:24:05.955+0000] {external_task.py:244} INFO - Poking for tasks ['dbt_test'] in dag dag_dbt_transform on 2026-03-01T03:00:00+00:00 ... 
[2026-03-03T13:25:06.007+0000] {external_task.py:244} INFO - Poking for tasks ['dbt_test'] in dag dag_dbt_transform on 2026-03-01T03:00:00+00:00 ... 
[2026-03-03T13:26:06.358+0000] {external_task.py:244} INFO - Poking for tasks ['dbt_test'] in dag dag_dbt_transform on 2026-03-01T03:00:00+00:00 ... 
[2026-03-03T13:27:06.786+0000] {external_task.py:244} INFO - Poking for tasks ['dbt_test'] in dag dag_dbt_transform on 2026-03-01T03:00:00+00:00 ... 
[2026-03-03T13:28:06.824+0000] {external_task.py:244} INFO - Poking for tasks ['dbt_test'] in dag dag_dbt_transform on 2026-03-01T03:00:00+00:00 ... 
[2026-03-03T13:29:06.863+0000] {external_task.py:244} INFO - Poking for tasks ['dbt_test'] in dag dag_dbt_transform on 2026-03-01T03:00:00+00:00 ... 
[2026-03-03T13:30:06.910+0000] {external_task.py:244} INFO - Poking for tasks ['dbt_test'] in dag dag_dbt_transform on 2026-03-01T03:00:00+00:00 ... 
[2026-03-03T13:31:06.942+0000] {external_task.py:244} INFO - Poking for tasks ['dbt_test'] in dag dag_dbt_transform on 2026-03-01T03:00:00+00:00 ... 
[2026-03-03T13:32:07.002+0000] {external_task.py:244} INFO - Poking for tasks ['dbt_test'] in dag dag_dbt_transform on 2026-03-01T03:00:00+00:00 ... 
[2026-03-03T13:33:07.100+0000] {external_task.py:244} INFO - Poking for tasks ['dbt_test'] in dag dag_dbt_transform on 2026-03-01T03:00:00+00:00 ... 
[2026-03-03T13:34:07.162+0000] {external_task.py:244} INFO - Poking for tasks ['dbt_test'] in dag dag_dbt_transform on 2026-03-01T03:00:00+00:00 ... 
[2026-03-03T13:35:07.200+0000] {external_task.py:244} INFO - Poking for tasks ['dbt_test'] in dag dag_dbt_transform on 2026-03-01T03:00:00+00:00 ... 
[2026-03-03T13:36:07.279+0000] {external_task.py:244} INFO - Poking for tasks ['dbt_test'] in dag dag_dbt_transform on 2026-03-01T03:00:00+00:00 ... 
[2026-03-03T13:37:07.335+0000] {external_task.py:244} INFO - Poking for tasks ['dbt_test'] in dag dag_dbt_transform on 2026-03-01T03:00:00+00:00 ... 
[2026-03-03T13:38:07.383+0000] {external_task.py:244} INFO - Poking for tasks ['dbt_test'] in dag dag_dbt_transform on 2026-03-01T03:00:00+00:00 ... 
[2026-03-03T13:39:07.430+0000] {external_task.py:244} INFO - Poking for tasks ['dbt_test'] in dag dag_dbt_transform on 2026-03-01T03:00:00+00:00 ... 
[2026-03-03T13:40:07.476+0000] {external_task.py:244} INFO - Poking for tasks ['dbt_test'] in dag dag_dbt_transform on 2026-03-01T03:00:00+00:00 ... 
[2026-03-03T13:41:07.552+0000] {external_task.py:244} INFO - Poking for tasks ['dbt_test'] in dag dag_dbt_transform on 2026-03-01T03:00:00+00:00 ... 
[2026-03-03T13:42:07.601+0000] {external_task.py:244} INFO - Poking for tasks ['dbt_test'] in dag dag_dbt_transform on 2026-03-01T03:00:00+00:00 ... 
[2026-03-03T13:43:07.637+0000] {external_task.py:244} INFO - Poking for tasks ['dbt_test'] in dag dag_dbt_transform on 2026-03-01T03:00:00+00:00 ... 
[2026-03-03T13:44:07.763+0000] {external_task.py:244} INFO - Poking for tasks ['dbt_test'] in dag dag_dbt_transform on 2026-03-01T03:00:00+00:00 ... 
[2026-03-03T13:45:07.819+0000] {external_task.py:244} INFO - Poking for tasks ['dbt_test'] in dag dag_dbt_transform on 2026-03-01T03:00:00+00:00 ... 
[2026-03-03T13:46:07.864+0000] {external_task.py:244} INFO - Poking for tasks ['dbt_test'] in dag dag_dbt_transform on 2026-03-01T03:00:00+00:00 ... 
[2026-03-03T13:47:07.902+0000] {external_task.py:244} INFO - Poking for tasks ['dbt_test'] in dag dag_dbt_transform on 2026-03-01T03:00:00+00:00 ... 
[2026-03-03T13:48:07.942+0000] {external_task.py:244} INFO - Poking for tasks ['dbt_test'] in dag dag_dbt_transform on 2026-03-01T03:00:00+00:00 ... 
[2026-03-03T13:49:07.996+0000] {external_task.py:244} INFO - Poking for tasks ['dbt_test'] in dag dag_dbt_transform on 2026-03-01T03:00:00+00:00 ... 
[2026-03-03T13:50:08.053+0000] {external_task.py:244} INFO - Poking for tasks ['dbt_test'] in dag dag_dbt_transform on 2026-03-01T03:00:00+00:00 ... 
[2026-03-03T13:51:08.089+0000] {external_task.py:244} INFO - Poking for tasks ['dbt_test'] in dag dag_dbt_transform on 2026-03-01T03:00:00+00:00 ... 
[2026-03-03T13:52:08.134+0000] {external_task.py:244} INFO - Poking for tasks ['dbt_test'] in dag dag_dbt_transform on 2026-03-01T03:00:00+00:00 ... 
[2026-03-03T13:53:08.177+0000] {external_task.py:244} INFO - Poking for tasks ['dbt_test'] in dag dag_dbt_transform on 2026-03-01T03:00:00+00:00 ... 
[2026-03-03T13:54:08.216+0000] {external_task.py:244} INFO - Poking for tasks ['dbt_test'] in dag dag_dbt_transform on 2026-03-01T03:00:00+00:00 ... 
[2026-03-03T13:55:08.258+0000] {external_task.py:244} INFO - Poking for tasks ['dbt_test'] in dag dag_dbt_transform on 2026-03-01T03:00:00+00:00 ... 
[2026-03-03T13:56:08.294+0000] {external_task.py:244} INFO - Poking for tasks ['dbt_test'] in dag dag_dbt_transform on 2026-03-01T03:00:00+00:00 ... 
[2026-03-03T13:57:08.334+0000] {external_task.py:244} INFO - Poking for tasks ['dbt_test'] in dag dag_dbt_transform on 2026-03-01T03:00:00+00:00 ... 
[2026-03-03T13:58:08.397+0000] {external_task.py:244} INFO - Poking for tasks ['dbt_test'] in dag dag_dbt_transform on 2026-03-01T03:00:00+00:00 ... 
[2026-03-03T13:59:08.430+0000] {external_task.py:244} INFO - Poking for tasks ['dbt_test'] in dag dag_dbt_transform on 2026-03-01T03:00:00+00:00 ... 
[2026-03-03T14:00:08.463+0000] {external_task.py:244} INFO - Poking for tasks ['dbt_test'] in dag dag_dbt_transform on 2026-03-01T03:00:00+00:00 ... 
[2026-03-03T14:01:08.516+0000] {external_task.py:244} INFO - Poking for tasks ['dbt_test'] in dag dag_dbt_transform on 2026-03-01T03:00:00+00:00 ... 
[2026-03-03T14:02:08.551+0000] {external_task.py:244} INFO - Poking for tasks ['dbt_test'] in dag dag_dbt_transform on 2026-03-01T03:00:00+00:00 ... 
[2026-03-03T14:03:08.606+0000] {external_task.py:244} INFO - Poking for tasks ['dbt_test'] in dag dag_dbt_transform on 2026-03-01T03:00:00+00:00 ... 
[2026-03-03T14:04:08.659+0000] {external_task.py:244} INFO - Poking for tasks ['dbt_test'] in dag dag_dbt_transform on 2026-03-01T03:00:00+00:00 ... 
[2026-03-03T14:05:08.690+0000] {external_task.py:244} INFO - Poking for tasks ['dbt_test'] in dag dag_dbt_transform on 2026-03-01T03:00:00+00:00 ... 
[2026-03-03T14:06:08.730+0000] {external_task.py:244} INFO - Poking for tasks ['dbt_test'] in dag dag_dbt_transform on 2026-03-01T03:00:00+00:00 ... 
[2026-03-03T14:07:08.788+0000] {external_task.py:244} INFO - Poking for tasks ['dbt_test'] in dag dag_dbt_transform on 2026-03-01T03:00:00+00:00 ... 
[2026-03-03T14:08:08.818+0000] {external_task.py:244} INFO - Poking for tasks ['dbt_test'] in dag dag_dbt_transform on 2026-03-01T03:00:00+00:00 ... 
[2026-03-03T14:09:08.857+0000] {external_task.py:244} INFO - Poking for tasks ['dbt_test'] in dag dag_dbt_transform on 2026-03-01T03:00:00+00:00 ... 
[2026-03-03T14:10:08.918+0000] {external_task.py:244} INFO - Poking for tasks ['dbt_test'] in dag dag_dbt_transform on 2026-03-01T03:00:00+00:00 ... 
[2026-03-03T14:11:08.958+0000] {external_task.py:244} INFO - Poking for tasks ['dbt_test'] in dag dag_dbt_transform on 2026-03-01T03:00:00+00:00 ... 
[2026-03-03T14:12:08.990+0000] {external_task.py:244} INFO - Poking for tasks ['dbt_test'] in dag dag_dbt_transform on 2026-03-01T03:00:00+00:00 ... 
[2026-03-03T14:13:09.026+0000] {external_task.py:244} INFO - Poking for tasks ['dbt_test'] in dag dag_dbt_transform on 2026-03-01T03:00:00+00:00 ... 
[2026-03-03T14:14:09.067+0000] {external_task.py:244} INFO - Poking for tasks ['dbt_test'] in dag dag_dbt_transform on 2026-03-01T03:00:00+00:00 ... 
[2026-03-03T14:15:09.109+0000] {external_task.py:244} INFO - Poking for tasks ['dbt_test'] in dag dag_dbt_transform on 2026-03-01T03:00:00+00:00 ... 
[2026-03-03T14:16:09.143+0000] {external_task.py:244} INFO - Poking for tasks ['dbt_test'] in dag dag_dbt_transform on 2026-03-01T03:00:00+00:00 ... 
[2026-03-03T14:16:09.188+0000] {taskinstance.py:2698} ERROR - Task failed with exception
Traceback (most recent call last):
  File "/home/airflow/.local/lib/python3.11/site-packages/airflow/models/taskinstance.py", line 433, in _execute_task
    result = execute_callable(context=context, **execute_callable_kwargs)
             ^^^^^^^^^^^^^^^^^^^^^^^^^^^^^^^^^^^^^^^^^^^^^^^^^^^^^^^^^^^^
  File "/home/airflow/.local/lib/python3.11/site-packages/airflow/sensors/external_task.py", line 334, in execute
    super().execute(context)
  File "/home/airflow/.local/lib/python3.11/site-packages/airflow/sensors/base.py", line 282, in execute
    raise AirflowSensorTimeout(message)
airflow.exceptions.AirflowSensorTimeout: Sensor has timed out; run duration of 3604.3140709360014 seconds exceeds the specified timeout of 3600.0.
[2026-03-03T14:16:09.219+0000] {taskinstance.py:1138} INFO - Immediate failure requested. Marking task as FAILED. dag_id=dag_data_quality, task_id=wait_for_transform, execution_date=20260301T030000, start_date=20260303T131602, end_date=20260303T141609
[2026-03-03T14:16:09.254+0000] {standard_task_runner.py:107} ERROR - Failed to execute job 247 for task wait_for_transform (Sensor has timed out; run duration of 3604.3140709360014 seconds exceeds the specified timeout of 3600.0.; 1670)
[2026-03-03T14:16:09.289+0000] {local_task_job_runner.py:234} INFO - Task exited with return code 1
[2026-03-03T14:16:09.374+0000] {taskinstance.py:3280} INFO - 0 downstream tasks scheduled from follow-on schedule check
