[2026-02-28T02:52:52.557+0000] {taskinstance.py:1956} INFO - Dependencies all met for dep_context=non-requeueable deps ti=<TaskInstance: dag_dbt_transform.wait_for_ingestion scheduled__2026-02-27T02:00:00+00:00 [queued]>
[2026-02-28T02:52:52.563+0000] {taskinstance.py:1956} INFO - Dependencies all met for dep_context=requeueable deps ti=<TaskInstance: dag_dbt_transform.wait_for_ingestion scheduled__2026-02-27T02:00:00+00:00 [queued]>
[2026-02-28T02:52:52.563+0000] {taskinstance.py:2170} INFO - Starting attempt 1 of 2
[2026-02-28T02:52:52.576+0000] {taskinstance.py:2191} INFO - Executing <Task(ExternalTaskSensor): wait_for_ingestion> on 2026-02-27 02:00:00+00:00
[2026-02-28T02:52:52.584+0000] {standard_task_runner.py:60} INFO - Started process 1441 to run task
[2026-02-28T02:52:52.589+0000] {standard_task_runner.py:87} INFO - Running: ['***', 'tasks', 'run', 'dag_dbt_transform', 'wait_for_ingestion', 'scheduled__2026-02-27T02:00:00+00:00', '--job-id', '18', '--raw', '--subdir', 'DAGS_FOLDER/dag_dbt_transform.py', '--cfg-path', '/tmp/tmp62uvfp5s']
[2026-02-28T02:52:52.591+0000] {standard_task_runner.py:88} INFO - Job 18: Subtask wait_for_ingestion
[2026-02-28T02:52:52.644+0000] {task_command.py:423} INFO - Running <TaskInstance: dag_dbt_transform.wait_for_ingestion scheduled__2026-02-27T02:00:00+00:00 [running]> on host c6881df011c4
[2026-02-28T02:52:52.754+0000] {taskinstance.py:2480} INFO - Exporting env vars: AIRFLOW_CTX_DAG_OWNER='de_team' AIRFLOW_CTX_DAG_ID='dag_dbt_transform' AIRFLOW_CTX_TASK_ID='wait_for_ingestion' AIRFLOW_CTX_EXECUTION_DATE='2026-02-27T02:00:00+00:00' AIRFLOW_CTX_TRY_NUMBER='1' AIRFLOW_CTX_DAG_RUN_ID='scheduled__2026-02-27T02:00:00+00:00'
[2026-02-28T02:52:52.755+0000] {external_task.py:244} INFO - Poking for tasks ['load_to_staging'] in dag dag_ingest_daily on 2026-02-27T02:00:00+00:00 ... 
[2026-02-28T03:31:23.814+0000] {external_task.py:244} INFO - Poking for tasks ['load_to_staging'] in dag dag_ingest_daily on 2026-02-27T02:00:00+00:00 ... 
[2026-02-28T03:50:18.095+0000] {external_task.py:244} INFO - Poking for tasks ['load_to_staging'] in dag dag_ingest_daily on 2026-02-27T02:00:00+00:00 ... 
[2026-02-28T04:56:38.495+0000] {external_task.py:244} INFO - Poking for tasks ['load_to_staging'] in dag dag_ingest_daily on 2026-02-27T02:00:00+00:00 ... 
[2026-02-28T05:33:30.895+0000] {external_task.py:244} INFO - Poking for tasks ['load_to_staging'] in dag dag_ingest_daily on 2026-02-27T02:00:00+00:00 ... 
[2026-02-28T05:56:12.712+0000] {external_task.py:244} INFO - Poking for tasks ['load_to_staging'] in dag dag_ingest_daily on 2026-02-27T02:00:00+00:00 ... 
[2026-02-28T05:57:12.762+0000] {external_task.py:244} INFO - Poking for tasks ['load_to_staging'] in dag dag_ingest_daily on 2026-02-27T02:00:00+00:00 ... 
[2026-02-28T05:58:12.794+0000] {external_task.py:244} INFO - Poking for tasks ['load_to_staging'] in dag dag_ingest_daily on 2026-02-27T02:00:00+00:00 ... 
[2026-02-28T05:59:12.814+0000] {external_task.py:244} INFO - Poking for tasks ['load_to_staging'] in dag dag_ingest_daily on 2026-02-27T02:00:00+00:00 ... 
[2026-02-28T06:00:12.855+0000] {external_task.py:244} INFO - Poking for tasks ['load_to_staging'] in dag dag_ingest_daily on 2026-02-27T02:00:00+00:00 ... 
[2026-02-28T06:01:12.881+0000] {external_task.py:244} INFO - Poking for tasks ['load_to_staging'] in dag dag_ingest_daily on 2026-02-27T02:00:00+00:00 ... 
[2026-02-28T06:02:12.904+0000] {external_task.py:244} INFO - Poking for tasks ['load_to_staging'] in dag dag_ingest_daily on 2026-02-27T02:00:00+00:00 ... 
[2026-02-28T06:03:12.940+0000] {external_task.py:244} INFO - Poking for tasks ['load_to_staging'] in dag dag_ingest_daily on 2026-02-27T02:00:00+00:00 ... 
[2026-02-28T06:04:12.980+0000] {external_task.py:244} INFO - Poking for tasks ['load_to_staging'] in dag dag_ingest_daily on 2026-02-27T02:00:00+00:00 ... 
[2026-02-28T06:05:13.025+0000] {external_task.py:244} INFO - Poking for tasks ['load_to_staging'] in dag dag_ingest_daily on 2026-02-27T02:00:00+00:00 ... 
[2026-02-28T06:06:13.056+0000] {external_task.py:244} INFO - Poking for tasks ['load_to_staging'] in dag dag_ingest_daily on 2026-02-27T02:00:00+00:00 ... 
[2026-02-28T06:07:13.094+0000] {external_task.py:244} INFO - Poking for tasks ['load_to_staging'] in dag dag_ingest_daily on 2026-02-27T02:00:00+00:00 ... 
[2026-02-28T06:08:13.124+0000] {external_task.py:244} INFO - Poking for tasks ['load_to_staging'] in dag dag_ingest_daily on 2026-02-27T02:00:00+00:00 ... 
[2026-02-28T06:09:13.164+0000] {external_task.py:244} INFO - Poking for tasks ['load_to_staging'] in dag dag_ingest_daily on 2026-02-27T02:00:00+00:00 ... 
[2026-02-28T06:10:13.203+0000] {external_task.py:244} INFO - Poking for tasks ['load_to_staging'] in dag dag_ingest_daily on 2026-02-27T02:00:00+00:00 ... 
[2026-02-28T06:11:13.245+0000] {external_task.py:244} INFO - Poking for tasks ['load_to_staging'] in dag dag_ingest_daily on 2026-02-27T02:00:00+00:00 ... 
[2026-02-28T06:12:13.282+0000] {external_task.py:244} INFO - Poking for tasks ['load_to_staging'] in dag dag_ingest_daily on 2026-02-27T02:00:00+00:00 ... 
[2026-02-28T06:13:13.313+0000] {external_task.py:244} INFO - Poking for tasks ['load_to_staging'] in dag dag_ingest_daily on 2026-02-27T02:00:00+00:00 ... 
[2026-02-28T06:14:13.348+0000] {external_task.py:244} INFO - Poking for tasks ['load_to_staging'] in dag dag_ingest_daily on 2026-02-27T02:00:00+00:00 ... 
[2026-02-28T06:15:13.382+0000] {external_task.py:244} INFO - Poking for tasks ['load_to_staging'] in dag dag_ingest_daily on 2026-02-27T02:00:00+00:00 ... 
[2026-02-28T06:16:13.404+0000] {external_task.py:244} INFO - Poking for tasks ['load_to_staging'] in dag dag_ingest_daily on 2026-02-27T02:00:00+00:00 ... 
[2026-02-28T06:17:13.424+0000] {external_task.py:244} INFO - Poking for tasks ['load_to_staging'] in dag dag_ingest_daily on 2026-02-27T02:00:00+00:00 ... 
[2026-02-28T06:18:13.443+0000] {external_task.py:244} INFO - Poking for tasks ['load_to_staging'] in dag dag_ingest_daily on 2026-02-27T02:00:00+00:00 ... 
[2026-02-28T06:19:13.471+0000] {external_task.py:244} INFO - Poking for tasks ['load_to_staging'] in dag dag_ingest_daily on 2026-02-27T02:00:00+00:00 ... 
[2026-02-28T06:20:13.494+0000] {external_task.py:244} INFO - Poking for tasks ['load_to_staging'] in dag dag_ingest_daily on 2026-02-27T02:00:00+00:00 ... 
[2026-02-28T06:21:13.513+0000] {external_task.py:244} INFO - Poking for tasks ['load_to_staging'] in dag dag_ingest_daily on 2026-02-27T02:00:00+00:00 ... 
[2026-02-28T06:22:13.528+0000] {external_task.py:244} INFO - Poking for tasks ['load_to_staging'] in dag dag_ingest_daily on 2026-02-27T02:00:00+00:00 ... 
[2026-02-28T06:23:13.549+0000] {external_task.py:244} INFO - Poking for tasks ['load_to_staging'] in dag dag_ingest_daily on 2026-02-27T02:00:00+00:00 ... 
[2026-02-28T06:24:13.572+0000] {external_task.py:244} INFO - Poking for tasks ['load_to_staging'] in dag dag_ingest_daily on 2026-02-27T02:00:00+00:00 ... 
[2026-02-28T06:25:13.592+0000] {external_task.py:244} INFO - Poking for tasks ['load_to_staging'] in dag dag_ingest_daily on 2026-02-27T02:00:00+00:00 ... 
[2026-02-28T06:26:13.612+0000] {external_task.py:244} INFO - Poking for tasks ['load_to_staging'] in dag dag_ingest_daily on 2026-02-27T02:00:00+00:00 ... 
[2026-02-28T06:27:13.633+0000] {external_task.py:244} INFO - Poking for tasks ['load_to_staging'] in dag dag_ingest_daily on 2026-02-27T02:00:00+00:00 ... 
[2026-02-28T06:28:13.671+0000] {external_task.py:244} INFO - Poking for tasks ['load_to_staging'] in dag dag_ingest_daily on 2026-02-27T02:00:00+00:00 ... 
[2026-02-28T06:29:13.696+0000] {external_task.py:244} INFO - Poking for tasks ['load_to_staging'] in dag dag_ingest_daily on 2026-02-27T02:00:00+00:00 ... 
[2026-02-28T06:30:13.714+0000] {external_task.py:244} INFO - Poking for tasks ['load_to_staging'] in dag dag_ingest_daily on 2026-02-27T02:00:00+00:00 ... 
[2026-02-28T06:31:13.735+0000] {external_task.py:244} INFO - Poking for tasks ['load_to_staging'] in dag dag_ingest_daily on 2026-02-27T02:00:00+00:00 ... 
[2026-02-28T06:32:13.757+0000] {external_task.py:244} INFO - Poking for tasks ['load_to_staging'] in dag dag_ingest_daily on 2026-02-27T02:00:00+00:00 ... 
[2026-02-28T06:33:13.777+0000] {external_task.py:244} INFO - Poking for tasks ['load_to_staging'] in dag dag_ingest_daily on 2026-02-27T02:00:00+00:00 ... 
[2026-02-28T06:34:13.791+0000] {external_task.py:244} INFO - Poking for tasks ['load_to_staging'] in dag dag_ingest_daily on 2026-02-27T02:00:00+00:00 ... 
[2026-02-28T06:35:13.811+0000] {external_task.py:244} INFO - Poking for tasks ['load_to_staging'] in dag dag_ingest_daily on 2026-02-27T02:00:00+00:00 ... 
[2026-02-28T06:36:13.836+0000] {external_task.py:244} INFO - Poking for tasks ['load_to_staging'] in dag dag_ingest_daily on 2026-02-27T02:00:00+00:00 ... 
[2026-02-28T06:37:13.865+0000] {external_task.py:244} INFO - Poking for tasks ['load_to_staging'] in dag dag_ingest_daily on 2026-02-27T02:00:00+00:00 ... 
[2026-02-28T06:38:13.902+0000] {external_task.py:244} INFO - Poking for tasks ['load_to_staging'] in dag dag_ingest_daily on 2026-02-27T02:00:00+00:00 ... 
[2026-02-28T06:39:13.924+0000] {external_task.py:244} INFO - Poking for tasks ['load_to_staging'] in dag dag_ingest_daily on 2026-02-27T02:00:00+00:00 ... 
[2026-02-28T06:40:13.951+0000] {external_task.py:244} INFO - Poking for tasks ['load_to_staging'] in dag dag_ingest_daily on 2026-02-27T02:00:00+00:00 ... 
[2026-02-28T06:41:13.975+0000] {external_task.py:244} INFO - Poking for tasks ['load_to_staging'] in dag dag_ingest_daily on 2026-02-27T02:00:00+00:00 ... 
[2026-02-28T06:42:13.993+0000] {external_task.py:244} INFO - Poking for tasks ['load_to_staging'] in dag dag_ingest_daily on 2026-02-27T02:00:00+00:00 ... 
[2026-02-28T06:43:14.018+0000] {external_task.py:244} INFO - Poking for tasks ['load_to_staging'] in dag dag_ingest_daily on 2026-02-27T02:00:00+00:00 ... 
[2026-02-28T06:44:14.040+0000] {external_task.py:244} INFO - Poking for tasks ['load_to_staging'] in dag dag_ingest_daily on 2026-02-27T02:00:00+00:00 ... 
[2026-02-28T06:45:14.068+0000] {external_task.py:244} INFO - Poking for tasks ['load_to_staging'] in dag dag_ingest_daily on 2026-02-27T02:00:00+00:00 ... 
[2026-02-28T06:46:14.091+0000] {external_task.py:244} INFO - Poking for tasks ['load_to_staging'] in dag dag_ingest_daily on 2026-02-27T02:00:00+00:00 ... 
[2026-02-28T06:47:14.113+0000] {external_task.py:244} INFO - Poking for tasks ['load_to_staging'] in dag dag_ingest_daily on 2026-02-27T02:00:00+00:00 ... 
[2026-02-28T06:48:14.135+0000] {external_task.py:244} INFO - Poking for tasks ['load_to_staging'] in dag dag_ingest_daily on 2026-02-27T02:00:00+00:00 ... 
[2026-02-28T06:49:14.163+0000] {external_task.py:244} INFO - Poking for tasks ['load_to_staging'] in dag dag_ingest_daily on 2026-02-27T02:00:00+00:00 ... 
[2026-02-28T06:50:14.188+0000] {external_task.py:244} INFO - Poking for tasks ['load_to_staging'] in dag dag_ingest_daily on 2026-02-27T02:00:00+00:00 ... 
[2026-02-28T06:51:14.216+0000] {external_task.py:244} INFO - Poking for tasks ['load_to_staging'] in dag dag_ingest_daily on 2026-02-27T02:00:00+00:00 ... 
[2026-02-28T06:51:14.240+0000] {taskinstance.py:2698} ERROR - Task failed with exception
Traceback (most recent call last):
  File "/home/airflow/.local/lib/python3.11/site-packages/airflow/models/taskinstance.py", line 433, in _execute_task
    result = execute_callable(context=context, **execute_callable_kwargs)
             ^^^^^^^^^^^^^^^^^^^^^^^^^^^^^^^^^^^^^^^^^^^^^^^^^^^^^^^^^^^^
  File "/home/airflow/.local/lib/python3.11/site-packages/airflow/sensors/external_task.py", line 334, in execute
    super().execute(context)
  File "/home/airflow/.local/lib/python3.11/site-packages/airflow/sensors/base.py", line 282, in execute
    raise AirflowSensorTimeout(message)
airflow.exceptions.AirflowSensorTimeout: Sensor has timed out; run duration of 3601.6950842220003 seconds exceeds the specified timeout of 3600.0.
[2026-02-28T06:51:14.252+0000] {taskinstance.py:1138} INFO - Immediate failure requested. Marking task as FAILED. dag_id=dag_dbt_transform, task_id=wait_for_ingestion, execution_date=20260227T020000, start_date=20260228T025252, end_date=20260228T065114
[2026-02-28T06:51:14.263+0000] {standard_task_runner.py:107} ERROR - Failed to execute job 18 for task wait_for_ingestion (Sensor has timed out; run duration of 3601.6950842220003 seconds exceeds the specified timeout of 3600.0.; 1441)
[2026-02-28T06:51:14.287+0000] {local_task_job_runner.py:234} INFO - Task exited with return code 1
[2026-02-28T06:51:14.323+0000] {taskinstance.py:3280} INFO - 0 downstream tasks scheduled from follow-on schedule check
