[2026-03-03T13:13:17.667+0000] {taskinstance.py:1956} INFO - Dependencies all met for dep_context=non-requeueable deps ti=<TaskInstance: dag_dbt_transform.wait_for_ingestion scheduled__2026-02-27T02:00:00+00:00 [queued]>
[2026-03-03T13:13:17.705+0000] {taskinstance.py:1956} INFO - Dependencies all met for dep_context=requeueable deps ti=<TaskInstance: dag_dbt_transform.wait_for_ingestion scheduled__2026-02-27T02:00:00+00:00 [queued]>
[2026-03-03T13:13:17.711+0000] {taskinstance.py:2170} INFO - Starting attempt 2 of 3
[2026-03-03T13:13:17.783+0000] {taskinstance.py:2191} INFO - Executing <Task(ExternalTaskSensor): wait_for_ingestion> on 2026-02-27 02:00:00+00:00
[2026-03-03T13:13:17.813+0000] {standard_task_runner.py:60} INFO - Started process 1138 to run task
[2026-03-03T13:13:17.859+0000] {standard_task_runner.py:87} INFO - Running: ['***', 'tasks', 'run', 'dag_dbt_transform', 'wait_for_ingestion', 'scheduled__2026-02-27T02:00:00+00:00', '--job-id', '211', '--raw', '--subdir', 'DAGS_FOLDER/dag_dbt_transform.py', '--cfg-path', '/tmp/tmptmx_oeo2']
[2026-03-03T13:13:17.939+0000] {standard_task_runner.py:88} INFO - Job 211: Subtask wait_for_ingestion
[2026-03-03T13:13:18.627+0000] {task_command.py:423} INFO - Running <TaskInstance: dag_dbt_transform.wait_for_ingestion scheduled__2026-02-27T02:00:00+00:00 [running]> on host 353218a5daef
[2026-03-03T13:13:21.813+0000] {taskinstance.py:2480} INFO - Exporting env vars: AIRFLOW_CTX_DAG_OWNER='de_team' AIRFLOW_CTX_DAG_ID='dag_dbt_transform' AIRFLOW_CTX_TASK_ID='wait_for_ingestion' AIRFLOW_CTX_EXECUTION_DATE='2026-02-27T02:00:00+00:00' AIRFLOW_CTX_TRY_NUMBER='2' AIRFLOW_CTX_DAG_RUN_ID='scheduled__2026-02-27T02:00:00+00:00'
[2026-03-03T13:13:21.824+0000] {external_task.py:244} INFO - Poking for tasks ['load_to_staging'] in dag dag_ingest_daily on 2026-02-27T02:00:00+00:00 ... 
[2026-03-03T13:14:22.057+0000] {external_task.py:244} INFO - Poking for tasks ['load_to_staging'] in dag dag_ingest_daily on 2026-02-27T02:00:00+00:00 ... 
[2026-03-03T13:15:22.494+0000] {external_task.py:244} INFO - Poking for tasks ['load_to_staging'] in dag dag_ingest_daily on 2026-02-27T02:00:00+00:00 ... 
[2026-03-03T13:16:22.770+0000] {external_task.py:244} INFO - Poking for tasks ['load_to_staging'] in dag dag_ingest_daily on 2026-02-27T02:00:00+00:00 ... 
[2026-03-03T13:17:23.015+0000] {external_task.py:244} INFO - Poking for tasks ['load_to_staging'] in dag dag_ingest_daily on 2026-02-27T02:00:00+00:00 ... 
[2026-03-03T13:18:23.073+0000] {external_task.py:244} INFO - Poking for tasks ['load_to_staging'] in dag dag_ingest_daily on 2026-02-27T02:00:00+00:00 ... 
[2026-03-03T13:19:23.150+0000] {external_task.py:244} INFO - Poking for tasks ['load_to_staging'] in dag dag_ingest_daily on 2026-02-27T02:00:00+00:00 ... 
[2026-03-03T13:20:23.224+0000] {external_task.py:244} INFO - Poking for tasks ['load_to_staging'] in dag dag_ingest_daily on 2026-02-27T02:00:00+00:00 ... 
[2026-03-03T13:21:23.310+0000] {external_task.py:244} INFO - Poking for tasks ['load_to_staging'] in dag dag_ingest_daily on 2026-02-27T02:00:00+00:00 ... 
[2026-03-03T13:22:23.356+0000] {external_task.py:244} INFO - Poking for tasks ['load_to_staging'] in dag dag_ingest_daily on 2026-02-27T02:00:00+00:00 ... 
[2026-03-03T13:23:23.438+0000] {external_task.py:244} INFO - Poking for tasks ['load_to_staging'] in dag dag_ingest_daily on 2026-02-27T02:00:00+00:00 ... 
[2026-03-03T13:24:23.481+0000] {external_task.py:244} INFO - Poking for tasks ['load_to_staging'] in dag dag_ingest_daily on 2026-02-27T02:00:00+00:00 ... 
[2026-03-03T13:25:23.550+0000] {external_task.py:244} INFO - Poking for tasks ['load_to_staging'] in dag dag_ingest_daily on 2026-02-27T02:00:00+00:00 ... 
[2026-03-03T13:26:23.619+0000] {external_task.py:244} INFO - Poking for tasks ['load_to_staging'] in dag dag_ingest_daily on 2026-02-27T02:00:00+00:00 ... 
[2026-03-03T13:27:23.686+0000] {external_task.py:244} INFO - Poking for tasks ['load_to_staging'] in dag dag_ingest_daily on 2026-02-27T02:00:00+00:00 ... 
[2026-03-03T13:28:23.780+0000] {external_task.py:244} INFO - Poking for tasks ['load_to_staging'] in dag dag_ingest_daily on 2026-02-27T02:00:00+00:00 ... 
[2026-03-03T13:29:23.863+0000] {external_task.py:244} INFO - Poking for tasks ['load_to_staging'] in dag dag_ingest_daily on 2026-02-27T02:00:00+00:00 ... 
[2026-03-03T13:30:23.933+0000] {external_task.py:244} INFO - Poking for tasks ['load_to_staging'] in dag dag_ingest_daily on 2026-02-27T02:00:00+00:00 ... 
[2026-03-03T13:31:23.971+0000] {external_task.py:244} INFO - Poking for tasks ['load_to_staging'] in dag dag_ingest_daily on 2026-02-27T02:00:00+00:00 ... 
[2026-03-03T13:32:24.048+0000] {external_task.py:244} INFO - Poking for tasks ['load_to_staging'] in dag dag_ingest_daily on 2026-02-27T02:00:00+00:00 ... 
[2026-03-03T13:33:24.122+0000] {external_task.py:244} INFO - Poking for tasks ['load_to_staging'] in dag dag_ingest_daily on 2026-02-27T02:00:00+00:00 ... 
[2026-03-03T13:34:24.188+0000] {external_task.py:244} INFO - Poking for tasks ['load_to_staging'] in dag dag_ingest_daily on 2026-02-27T02:00:00+00:00 ... 
[2026-03-03T13:35:24.272+0000] {external_task.py:244} INFO - Poking for tasks ['load_to_staging'] in dag dag_ingest_daily on 2026-02-27T02:00:00+00:00 ... 
[2026-03-03T13:36:24.332+0000] {external_task.py:244} INFO - Poking for tasks ['load_to_staging'] in dag dag_ingest_daily on 2026-02-27T02:00:00+00:00 ... 
[2026-03-03T13:37:24.434+0000] {external_task.py:244} INFO - Poking for tasks ['load_to_staging'] in dag dag_ingest_daily on 2026-02-27T02:00:00+00:00 ... 
[2026-03-03T13:38:24.567+0000] {external_task.py:244} INFO - Poking for tasks ['load_to_staging'] in dag dag_ingest_daily on 2026-02-27T02:00:00+00:00 ... 
[2026-03-03T13:39:24.645+0000] {external_task.py:244} INFO - Poking for tasks ['load_to_staging'] in dag dag_ingest_daily on 2026-02-27T02:00:00+00:00 ... 
[2026-03-03T13:40:24.708+0000] {external_task.py:244} INFO - Poking for tasks ['load_to_staging'] in dag dag_ingest_daily on 2026-02-27T02:00:00+00:00 ... 
[2026-03-03T13:41:24.788+0000] {external_task.py:244} INFO - Poking for tasks ['load_to_staging'] in dag dag_ingest_daily on 2026-02-27T02:00:00+00:00 ... 
[2026-03-03T13:42:24.868+0000] {external_task.py:244} INFO - Poking for tasks ['load_to_staging'] in dag dag_ingest_daily on 2026-02-27T02:00:00+00:00 ... 
[2026-03-03T13:43:24.975+0000] {external_task.py:244} INFO - Poking for tasks ['load_to_staging'] in dag dag_ingest_daily on 2026-02-27T02:00:00+00:00 ... 
[2026-03-03T13:44:25.071+0000] {external_task.py:244} INFO - Poking for tasks ['load_to_staging'] in dag dag_ingest_daily on 2026-02-27T02:00:00+00:00 ... 
[2026-03-03T13:45:25.147+0000] {external_task.py:244} INFO - Poking for tasks ['load_to_staging'] in dag dag_ingest_daily on 2026-02-27T02:00:00+00:00 ... 
[2026-03-03T13:46:25.209+0000] {external_task.py:244} INFO - Poking for tasks ['load_to_staging'] in dag dag_ingest_daily on 2026-02-27T02:00:00+00:00 ... 
[2026-03-03T13:47:25.281+0000] {external_task.py:244} INFO - Poking for tasks ['load_to_staging'] in dag dag_ingest_daily on 2026-02-27T02:00:00+00:00 ... 
[2026-03-03T13:48:25.314+0000] {external_task.py:244} INFO - Poking for tasks ['load_to_staging'] in dag dag_ingest_daily on 2026-02-27T02:00:00+00:00 ... 
[2026-03-03T13:49:25.361+0000] {external_task.py:244} INFO - Poking for tasks ['load_to_staging'] in dag dag_ingest_daily on 2026-02-27T02:00:00+00:00 ... 
[2026-03-03T13:50:25.416+0000] {external_task.py:244} INFO - Poking for tasks ['load_to_staging'] in dag dag_ingest_daily on 2026-02-27T02:00:00+00:00 ... 
[2026-03-03T13:51:25.467+0000] {external_task.py:244} INFO - Poking for tasks ['load_to_staging'] in dag dag_ingest_daily on 2026-02-27T02:00:00+00:00 ... 
[2026-03-03T13:52:25.533+0000] {external_task.py:244} INFO - Poking for tasks ['load_to_staging'] in dag dag_ingest_daily on 2026-02-27T02:00:00+00:00 ... 
[2026-03-03T13:53:25.616+0000] {external_task.py:244} INFO - Poking for tasks ['load_to_staging'] in dag dag_ingest_daily on 2026-02-27T02:00:00+00:00 ... 
[2026-03-03T13:54:25.668+0000] {external_task.py:244} INFO - Poking for tasks ['load_to_staging'] in dag dag_ingest_daily on 2026-02-27T02:00:00+00:00 ... 
[2026-03-03T13:55:25.763+0000] {external_task.py:244} INFO - Poking for tasks ['load_to_staging'] in dag dag_ingest_daily on 2026-02-27T02:00:00+00:00 ... 
[2026-03-03T13:56:25.925+0000] {external_task.py:244} INFO - Poking for tasks ['load_to_staging'] in dag dag_ingest_daily on 2026-02-27T02:00:00+00:00 ... 
[2026-03-03T13:57:25.971+0000] {external_task.py:244} INFO - Poking for tasks ['load_to_staging'] in dag dag_ingest_daily on 2026-02-27T02:00:00+00:00 ... 
[2026-03-03T13:58:26.034+0000] {external_task.py:244} INFO - Poking for tasks ['load_to_staging'] in dag dag_ingest_daily on 2026-02-27T02:00:00+00:00 ... 
[2026-03-03T13:59:26.112+0000] {external_task.py:244} INFO - Poking for tasks ['load_to_staging'] in dag dag_ingest_daily on 2026-02-27T02:00:00+00:00 ... 
[2026-03-03T14:00:26.184+0000] {external_task.py:244} INFO - Poking for tasks ['load_to_staging'] in dag dag_ingest_daily on 2026-02-27T02:00:00+00:00 ... 
[2026-03-03T14:01:26.255+0000] {external_task.py:244} INFO - Poking for tasks ['load_to_staging'] in dag dag_ingest_daily on 2026-02-27T02:00:00+00:00 ... 
[2026-03-03T14:02:26.365+0000] {external_task.py:244} INFO - Poking for tasks ['load_to_staging'] in dag dag_ingest_daily on 2026-02-27T02:00:00+00:00 ... 
[2026-03-03T14:03:26.557+0000] {external_task.py:244} INFO - Poking for tasks ['load_to_staging'] in dag dag_ingest_daily on 2026-02-27T02:00:00+00:00 ... 
[2026-03-03T14:04:26.640+0000] {external_task.py:244} INFO - Poking for tasks ['load_to_staging'] in dag dag_ingest_daily on 2026-02-27T02:00:00+00:00 ... 
[2026-03-03T14:05:26.696+0000] {external_task.py:244} INFO - Poking for tasks ['load_to_staging'] in dag dag_ingest_daily on 2026-02-27T02:00:00+00:00 ... 
[2026-03-03T14:06:26.786+0000] {external_task.py:244} INFO - Poking for tasks ['load_to_staging'] in dag dag_ingest_daily on 2026-02-27T02:00:00+00:00 ... 
[2026-03-03T14:07:26.868+0000] {external_task.py:244} INFO - Poking for tasks ['load_to_staging'] in dag dag_ingest_daily on 2026-02-27T02:00:00+00:00 ... 
[2026-03-03T14:08:26.934+0000] {external_task.py:244} INFO - Poking for tasks ['load_to_staging'] in dag dag_ingest_daily on 2026-02-27T02:00:00+00:00 ... 
[2026-03-03T14:09:26.989+0000] {external_task.py:244} INFO - Poking for tasks ['load_to_staging'] in dag dag_ingest_daily on 2026-02-27T02:00:00+00:00 ... 
[2026-03-03T14:10:27.041+0000] {external_task.py:244} INFO - Poking for tasks ['load_to_staging'] in dag dag_ingest_daily on 2026-02-27T02:00:00+00:00 ... 
[2026-03-03T14:11:27.116+0000] {external_task.py:244} INFO - Poking for tasks ['load_to_staging'] in dag dag_ingest_daily on 2026-02-27T02:00:00+00:00 ... 
[2026-03-03T14:12:27.187+0000] {external_task.py:244} INFO - Poking for tasks ['load_to_staging'] in dag dag_ingest_daily on 2026-02-27T02:00:00+00:00 ... 
[2026-03-03T14:13:27.267+0000] {external_task.py:244} INFO - Poking for tasks ['load_to_staging'] in dag dag_ingest_daily on 2026-02-27T02:00:00+00:00 ... 
[2026-03-03T14:13:27.359+0000] {taskinstance.py:2698} ERROR - Task failed with exception
Traceback (most recent call last):
  File "/home/airflow/.local/lib/python3.11/site-packages/airflow/models/taskinstance.py", line 433, in _execute_task
    result = execute_callable(context=context, **execute_callable_kwargs)
             ^^^^^^^^^^^^^^^^^^^^^^^^^^^^^^^^^^^^^^^^^^^^^^^^^^^^^^^^^^^^
  File "/home/airflow/.local/lib/python3.11/site-packages/airflow/sensors/external_task.py", line 334, in execute
    super().execute(context)
  File "/home/airflow/.local/lib/python3.11/site-packages/airflow/sensors/base.py", line 282, in execute
    raise AirflowSensorTimeout(message)
airflow.exceptions.AirflowSensorTimeout: Sensor has timed out; run duration of 3605.5262505639985 seconds exceeds the specified timeout of 3600.0.
[2026-03-03T14:13:27.402+0000] {taskinstance.py:1138} INFO - Immediate failure requested. Marking task as FAILED. dag_id=dag_dbt_transform, task_id=wait_for_ingestion, execution_date=20260227T020000, start_date=20260303T131317, end_date=20260303T141327
[2026-03-03T14:13:27.469+0000] {standard_task_runner.py:107} ERROR - Failed to execute job 211 for task wait_for_ingestion (Sensor has timed out; run duration of 3605.5262505639985 seconds exceeds the specified timeout of 3600.0.; 1138)
[2026-03-03T14:13:27.490+0000] {local_task_job_runner.py:234} INFO - Task exited with return code 1
[2026-03-03T14:13:27.655+0000] {taskinstance.py:3280} INFO - 0 downstream tasks scheduled from follow-on schedule check
