[2026-03-03T12:09:19.679+0000] {taskinstance.py:1956} INFO - Dependencies all met for dep_context=non-requeueable deps ti=<TaskInstance: dag_dbt_transform.dbt_run_reports manual__2026-03-03T12:08:21+00:00 [queued]>
[2026-03-03T12:09:19.688+0000] {taskinstance.py:1956} INFO - Dependencies all met for dep_context=requeueable deps ti=<TaskInstance: dag_dbt_transform.dbt_run_reports manual__2026-03-03T12:08:21+00:00 [queued]>
[2026-03-03T12:09:19.689+0000] {taskinstance.py:2170} INFO - Starting attempt 1 of 2
[2026-03-03T12:09:19.697+0000] {taskinstance.py:2191} INFO - Executing <Task(BashOperator): dbt_run_reports> on 2026-03-03 12:08:21+00:00
[2026-03-03T12:09:19.700+0000] {standard_task_runner.py:60} INFO - Started process 757 to run task
[2026-03-03T12:09:19.702+0000] {standard_task_runner.py:87} INFO - Running: ['***', 'tasks', 'run', 'dag_dbt_transform', 'dbt_run_reports', 'manual__2026-03-03T12:08:21+00:00', '--job-id', '125', '--raw', '--subdir', 'DAGS_FOLDER/dag_dbt_transform.py', '--cfg-path', '/tmp/tmpqqh8c4n4']
[2026-03-03T12:09:19.704+0000] {standard_task_runner.py:88} INFO - Job 125: Subtask dbt_run_reports
[2026-03-03T12:09:19.747+0000] {task_command.py:423} INFO - Running <TaskInstance: dag_dbt_transform.dbt_run_reports manual__2026-03-03T12:08:21+00:00 [running]> on host 858cd869c16e
[2026-03-03T12:09:19.831+0000] {taskinstance.py:2480} INFO - Exporting env vars: AIRFLOW_CTX_DAG_OWNER='de_team' AIRFLOW_CTX_DAG_ID='dag_dbt_transform' AIRFLOW_CTX_TASK_ID='dbt_run_reports' AIRFLOW_CTX_EXECUTION_DATE='2026-03-03T12:08:21+00:00' AIRFLOW_CTX_TRY_NUMBER='1' AIRFLOW_CTX_DAG_RUN_ID='manual__2026-03-03T12:08:21+00:00'
[2026-03-03T12:09:19.834+0000] {subprocess.py:63} INFO - Tmp dir root location: /tmp
[2026-03-03T12:09:19.835+0000] {subprocess.py:75} INFO - Running command: ['/usr/bin/bash', '-c', 'cd /opt/***/dbt && dbt run --select reports --profiles-dir /opt/***/dbt --project-dir /opt/***/dbt']
[2026-03-03T12:09:19.842+0000] {subprocess.py:86} INFO - Output:
[2026-03-03T12:09:21.482+0000] {subprocess.py:93} INFO - [0m12:09:21  Running with dbt=1.11.6
[2026-03-03T12:09:21.814+0000] {subprocess.py:93} INFO - [0m12:09:21  Registered adapter: clickhouse=1.10.0
[2026-03-03T12:09:22.405+0000] {subprocess.py:93} INFO - [0m12:09:22  Found 12 models, 32 data tests, 6 sources, 523 macros
[2026-03-03T12:09:22.409+0000] {subprocess.py:93} INFO - [0m12:09:22
[2026-03-03T12:09:22.409+0000] {subprocess.py:93} INFO - [0m12:09:22  Concurrency: 4 threads (target='dev')
[2026-03-03T12:09:22.410+0000] {subprocess.py:93} INFO - [0m12:09:22
[2026-03-03T12:09:23.170+0000] {subprocess.py:93} INFO - [0m12:09:23  1 of 3 START sql table model `staging_analytics`.`rpt_daily_revenue` ........... [RUN]
[2026-03-03T12:09:23.172+0000] {subprocess.py:93} INFO - [0m12:09:23  2 of 3 START sql table model `staging_analytics`.`rpt_product_performance` ..... [RUN]
[2026-03-03T12:09:23.173+0000] {subprocess.py:93} INFO - [0m12:09:23  3 of 3 START sql table model `staging_analytics`.`rpt_seller_ranking` .......... [RUN]
[2026-03-03T12:09:23.641+0000] {subprocess.py:93} INFO - [0m12:09:23  1 of 3 OK created sql table model `staging_analytics`.`rpt_daily_revenue` ...... [[32mOK[0m in 0.45s]
[2026-03-03T12:09:23.643+0000] {subprocess.py:93} INFO - [0m12:09:23  2 of 3 OK created sql table model `staging_analytics`.`rpt_product_performance`  [[32mOK[0m in 0.46s]
[2026-03-03T12:09:23.874+0000] {subprocess.py:93} INFO - [0m12:09:23  3 of 3 OK created sql table model `staging_analytics`.`rpt_seller_ranking` ..... [[32mOK[0m in 0.70s]
[2026-03-03T12:09:23.886+0000] {subprocess.py:93} INFO - [0m12:09:23
[2026-03-03T12:09:23.887+0000] {subprocess.py:93} INFO - [0m12:09:23  Finished running 3 table models in 0 hours 0 minutes and 1.48 seconds (1.48s).
[2026-03-03T12:09:24.013+0000] {subprocess.py:93} INFO - [0m12:09:24
[2026-03-03T12:09:24.014+0000] {subprocess.py:93} INFO - [0m12:09:24  [32mCompleted successfully[0m
[2026-03-03T12:09:24.015+0000] {subprocess.py:93} INFO - [0m12:09:24
[2026-03-03T12:09:24.016+0000] {subprocess.py:93} INFO - [0m12:09:24  Done. PASS=3 WARN=0 ERROR=0 SKIP=0 NO-OP=0 TOTAL=3
[2026-03-03T12:09:25.932+0000] {subprocess.py:97} INFO - Command exited with return code 0
[2026-03-03T12:09:25.984+0000] {taskinstance.py:1138} INFO - Marking task as SUCCESS. dag_id=dag_dbt_transform, task_id=dbt_run_reports, execution_date=20260303T120821, start_date=20260303T120919, end_date=20260303T120925
[2026-03-03T12:09:26.004+0000] {local_task_job_runner.py:234} INFO - Task exited with return code 0
[2026-03-03T12:09:26.043+0000] {taskinstance.py:3280} INFO - 1 downstream tasks scheduled from follow-on schedule check
