[2026-03-03T11:35:42.119+0000] {taskinstance.py:1956} INFO - Dependencies all met for dep_context=non-requeueable deps ti=<TaskInstance: dag_dbt_transform.dbt_run_staging manual__2026-03-03T11:34:59+00:00 [queued]>
[2026-03-03T11:35:42.132+0000] {taskinstance.py:1956} INFO - Dependencies all met for dep_context=requeueable deps ti=<TaskInstance: dag_dbt_transform.dbt_run_staging manual__2026-03-03T11:34:59+00:00 [queued]>
[2026-03-03T11:35:42.132+0000] {taskinstance.py:2170} INFO - Starting attempt 1 of 2
[2026-03-03T11:35:42.152+0000] {taskinstance.py:2191} INFO - Executing <Task(BashOperator): dbt_run_staging> on 2026-03-03 11:34:59+00:00
[2026-03-03T11:35:42.157+0000] {standard_task_runner.py:60} INFO - Started process 9439 to run task
[2026-03-03T11:35:42.160+0000] {standard_task_runner.py:87} INFO - Running: ['***', 'tasks', 'run', 'dag_dbt_transform', 'dbt_run_staging', 'manual__2026-03-03T11:34:59+00:00', '--job-id', '87', '--raw', '--subdir', 'DAGS_FOLDER/dag_dbt_transform.py', '--cfg-path', '/tmp/tmpmf9iajml']
[2026-03-03T11:35:42.165+0000] {standard_task_runner.py:88} INFO - Job 87: Subtask dbt_run_staging
[2026-03-03T11:35:42.212+0000] {task_command.py:423} INFO - Running <TaskInstance: dag_dbt_transform.dbt_run_staging manual__2026-03-03T11:34:59+00:00 [running]> on host eccf479b3cda
[2026-03-03T11:35:42.274+0000] {taskinstance.py:2480} INFO - Exporting env vars: AIRFLOW_CTX_DAG_OWNER='de_team' AIRFLOW_CTX_DAG_ID='dag_dbt_transform' AIRFLOW_CTX_TASK_ID='dbt_run_staging' AIRFLOW_CTX_EXECUTION_DATE='2026-03-03T11:34:59+00:00' AIRFLOW_CTX_TRY_NUMBER='1' AIRFLOW_CTX_DAG_RUN_ID='manual__2026-03-03T11:34:59+00:00'
[2026-03-03T11:35:42.276+0000] {subprocess.py:63} INFO - Tmp dir root location: /tmp
[2026-03-03T11:35:42.277+0000] {subprocess.py:75} INFO - Running command: ['/usr/bin/bash', '-c', 'cd /opt/***/dbt && dbt run --select staging --profiles-dir /opt/***/dbt --project-dir /opt/***/dbt']
[2026-03-03T11:35:42.285+0000] {subprocess.py:86} INFO - Output:
[2026-03-03T11:35:43.741+0000] {subprocess.py:93} INFO - [0m11:35:43  Running with dbt=1.11.6
[2026-03-03T11:35:44.034+0000] {subprocess.py:93} INFO - [0m11:35:44  Registered adapter: clickhouse=1.10.0
[2026-03-03T11:35:44.926+0000] {subprocess.py:93} INFO - [0m11:35:44  [[33mWARNING[0m][MissingArgumentsPropertyInGenericTestDeprecation]: Deprecated
[2026-03-03T11:35:44.927+0000] {subprocess.py:93} INFO - functionality
[2026-03-03T11:35:44.928+0000] {subprocess.py:93} INFO - Found top-level arguments to test `relationships` defined on 'fact_orders' in
[2026-03-03T11:35:44.931+0000] {subprocess.py:93} INFO - package 'ecommerce_dbt' (models/schema.yml). Arguments to generic tests should
[2026-03-03T11:35:44.931+0000] {subprocess.py:93} INFO - be nested under the `arguments` property.
[2026-03-03T11:35:45.360+0000] {subprocess.py:93} INFO - [0m11:35:45  Found 12 models, 32 data tests, 6 sources, 523 macros
[2026-03-03T11:35:45.364+0000] {subprocess.py:93} INFO - [0m11:35:45
[2026-03-03T11:35:45.365+0000] {subprocess.py:93} INFO - [0m11:35:45  Concurrency: 4 threads (target='dev')
[2026-03-03T11:35:45.366+0000] {subprocess.py:93} INFO - [0m11:35:45
[2026-03-03T11:35:46.804+0000] {subprocess.py:93} INFO - [0m11:35:46  1 of 4 START sql view model `staging_staging`.`stg_order_items` ................ [RUN]
[2026-03-03T11:35:46.808+0000] {subprocess.py:93} INFO - [0m11:35:46  2 of 4 START sql view model `staging_staging`.`stg_orders` ..................... [RUN]
[2026-03-03T11:35:46.810+0000] {subprocess.py:93} INFO - [0m11:35:46  3 of 4 START sql view model `staging_staging`.`stg_products` ................... [RUN]
[2026-03-03T11:35:46.812+0000] {subprocess.py:93} INFO - [0m11:35:46  4 of 4 START sql view model `staging_staging`.`stg_users` ...................... [RUN]
[2026-03-03T11:35:47.143+0000] {subprocess.py:93} INFO - [0m11:35:47  2 of 4 OK created sql view model `staging_staging`.`stg_orders` ................ [[32mOK[0m in 0.32s]
[2026-03-03T11:35:47.147+0000] {subprocess.py:93} INFO - [0m11:35:47  1 of 4 OK created sql view model `staging_staging`.`stg_order_items` ........... [[32mOK[0m in 0.32s]
[2026-03-03T11:35:47.198+0000] {subprocess.py:93} INFO - [0m11:35:47  4 of 4 OK created sql view model `staging_staging`.`stg_users` ................. [[32mOK[0m in 0.38s]
[2026-03-03T11:35:47.208+0000] {subprocess.py:93} INFO - [0m11:35:47  3 of 4 OK created sql view model `staging_staging`.`stg_products` .............. [[32mOK[0m in 0.39s]
[2026-03-03T11:35:47.233+0000] {subprocess.py:93} INFO - [0m11:35:47
[2026-03-03T11:35:47.234+0000] {subprocess.py:93} INFO - [0m11:35:47  Finished running 4 view models in 0 hours 0 minutes and 1.87 seconds (1.87s).
[2026-03-03T11:35:47.380+0000] {subprocess.py:93} INFO - [0m11:35:47
[2026-03-03T11:35:47.381+0000] {subprocess.py:93} INFO - [0m11:35:47  [32mCompleted successfully[0m
[2026-03-03T11:35:47.382+0000] {subprocess.py:93} INFO - [0m11:35:47
[2026-03-03T11:35:47.383+0000] {subprocess.py:93} INFO - [0m11:35:47  Done. PASS=4 WARN=0 ERROR=0 SKIP=0 NO-OP=0 TOTAL=4
[2026-03-03T11:35:47.384+0000] {subprocess.py:93} INFO - [0m11:35:47  [[33mWARNING[0m][DeprecationsSummary]: Deprecated functionality
[2026-03-03T11:35:47.385+0000] {subprocess.py:93} INFO - Summary of encountered deprecations:
[2026-03-03T11:35:47.388+0000] {subprocess.py:93} INFO - - MissingArgumentsPropertyInGenericTestDeprecation: 3 occurrences
[2026-03-03T11:35:47.389+0000] {subprocess.py:93} INFO - To see all deprecation instances instead of just the first occurrence of each,
[2026-03-03T11:35:47.390+0000] {subprocess.py:93} INFO - run command again with the `--show-all-deprecations` flag. You may also need to
[2026-03-03T11:35:47.392+0000] {subprocess.py:93} INFO - run with `--no-partial-parse` as some deprecations are only encountered during
[2026-03-03T11:35:47.393+0000] {subprocess.py:93} INFO - parsing.
[2026-03-03T11:35:50.238+0000] {subprocess.py:97} INFO - Command exited with return code 0
[2026-03-03T11:35:50.328+0000] {taskinstance.py:1138} INFO - Marking task as SUCCESS. dag_id=dag_dbt_transform, task_id=dbt_run_staging, execution_date=20260303T113459, start_date=20260303T113542, end_date=20260303T113550
[2026-03-03T11:35:50.389+0000] {local_task_job_runner.py:234} INFO - Task exited with return code 0
[2026-03-03T11:35:50.543+0000] {taskinstance.py:3280} INFO - 1 downstream tasks scheduled from follow-on schedule check
