[2026-03-03T16:27:02.103+0000] {taskinstance.py:1956} INFO - Dependencies all met for dep_context=non-requeueable deps ti=<TaskInstance: dag_dbt_transform.dbt_generate_docs manual__2026-03-02T16:25:46+00:00 [queued]>
[2026-03-03T16:27:02.111+0000] {taskinstance.py:1956} INFO - Dependencies all met for dep_context=requeueable deps ti=<TaskInstance: dag_dbt_transform.dbt_generate_docs manual__2026-03-02T16:25:46+00:00 [queued]>
[2026-03-03T16:27:02.111+0000] {taskinstance.py:2170} INFO - Starting attempt 1 of 2
[2026-03-03T16:27:02.119+0000] {taskinstance.py:2191} INFO - Executing <Task(BashOperator): dbt_generate_docs> on 2026-03-02 16:25:46+00:00
[2026-03-03T16:27:02.122+0000] {standard_task_runner.py:60} INFO - Started process 8568 to run task
[2026-03-03T16:27:02.126+0000] {standard_task_runner.py:87} INFO - Running: ['***', 'tasks', 'run', 'dag_dbt_transform', 'dbt_generate_docs', 'manual__2026-03-02T16:25:46+00:00', '--job-id', '275', '--raw', '--subdir', 'DAGS_FOLDER/dag_dbt_transform.py', '--cfg-path', '/tmp/tmpjzioa3ux']
[2026-03-03T16:27:02.128+0000] {standard_task_runner.py:88} INFO - Job 275: Subtask dbt_generate_docs
[2026-03-03T16:27:02.172+0000] {task_command.py:423} INFO - Running <TaskInstance: dag_dbt_transform.dbt_generate_docs manual__2026-03-02T16:25:46+00:00 [running]> on host 353218a5daef
[2026-03-03T16:27:02.247+0000] {taskinstance.py:2480} INFO - Exporting env vars: AIRFLOW_CTX_DAG_OWNER='de_team' AIRFLOW_CTX_DAG_ID='dag_dbt_transform' AIRFLOW_CTX_TASK_ID='dbt_generate_docs' AIRFLOW_CTX_EXECUTION_DATE='2026-03-02T16:25:46+00:00' AIRFLOW_CTX_TRY_NUMBER='1' AIRFLOW_CTX_DAG_RUN_ID='manual__2026-03-02T16:25:46+00:00'
[2026-03-03T16:27:02.249+0000] {subprocess.py:63} INFO - Tmp dir root location: /tmp
[2026-03-03T16:27:02.250+0000] {subprocess.py:75} INFO - Running command: ['/usr/bin/bash', '-c', 'cd /opt/***/dbt && dbt docs generate --profiles-dir /opt/***/dbt --project-dir /opt/***/dbt']
[2026-03-03T16:27:02.256+0000] {subprocess.py:86} INFO - Output:
[2026-03-03T16:27:04.672+0000] {subprocess.py:93} INFO - [0m16:27:04  Running with dbt=1.11.6
[2026-03-03T16:27:04.980+0000] {subprocess.py:93} INFO - [0m16:27:04  Registered adapter: clickhouse=1.10.0
[2026-03-03T16:27:05.311+0000] {subprocess.py:93} INFO - [0m16:27:05  Found 12 models, 32 data tests, 6 sources, 523 macros
[2026-03-03T16:27:05.316+0000] {subprocess.py:93} INFO - [0m16:27:05
[2026-03-03T16:27:05.317+0000] {subprocess.py:93} INFO - [0m16:27:05  Concurrency: 4 threads (target='dev')
[2026-03-03T16:27:05.317+0000] {subprocess.py:93} INFO - [0m16:27:05
[2026-03-03T16:27:06.499+0000] {subprocess.py:93} INFO - [0m16:27:06  Building catalog
[2026-03-03T16:27:06.759+0000] {subprocess.py:93} INFO - [0m16:27:06  Catalog written to /opt/***/dbt/target/catalog.json
[2026-03-03T16:27:08.858+0000] {subprocess.py:97} INFO - Command exited with return code 0
[2026-03-03T16:27:08.986+0000] {taskinstance.py:1138} INFO - Marking task as SUCCESS. dag_id=dag_dbt_transform, task_id=dbt_generate_docs, execution_date=20260302T162546, start_date=20260303T162702, end_date=20260303T162708
[2026-03-03T16:27:09.089+0000] {local_task_job_runner.py:234} INFO - Task exited with return code 0
[2026-03-03T16:27:09.146+0000] {taskinstance.py:3280} INFO - 0 downstream tasks scheduled from follow-on schedule check
