[2026-02-27T14:04:58.479+0000] {taskinstance.py:1956} INFO - Dependencies all met for dep_context=non-requeueable deps ti=<TaskInstance: dag_data_quality.wait_for_transform scheduled__2026-02-26T03:00:00+00:00 [queued]>
[2026-02-27T14:04:58.487+0000] {taskinstance.py:1956} INFO - Dependencies all met for dep_context=requeueable deps ti=<TaskInstance: dag_data_quality.wait_for_transform scheduled__2026-02-26T03:00:00+00:00 [queued]>
[2026-02-27T14:04:58.488+0000] {taskinstance.py:2170} INFO - Starting attempt 1 of 1
[2026-02-27T14:04:58.503+0000] {taskinstance.py:2191} INFO - Executing <Task(ExternalTaskSensor): wait_for_transform> on 2026-02-26 03:00:00+00:00
[2026-02-27T14:04:58.509+0000] {standard_task_runner.py:60} INFO - Started process 184 to run task
[2026-02-27T14:04:58.512+0000] {standard_task_runner.py:87} INFO - Running: ['***', 'tasks', 'run', 'dag_data_quality', 'wait_for_transform', 'scheduled__2026-02-26T03:00:00+00:00', '--job-id', '2', '--raw', '--subdir', 'DAGS_FOLDER/dag_data_quality.py', '--cfg-path', '/tmp/tmp2ptn56tz']
[2026-02-27T14:04:58.515+0000] {standard_task_runner.py:88} INFO - Job 2: Subtask wait_for_transform
[2026-02-27T14:04:58.570+0000] {task_command.py:423} INFO - Running <TaskInstance: dag_data_quality.wait_for_transform scheduled__2026-02-26T03:00:00+00:00 [running]> on host 843b2c242b76
[2026-02-27T14:04:58.655+0000] {taskinstance.py:2480} INFO - Exporting env vars: AIRFLOW_CTX_DAG_OWNER='de_team' AIRFLOW_CTX_DAG_ID='dag_data_quality' AIRFLOW_CTX_TASK_ID='wait_for_transform' AIRFLOW_CTX_EXECUTION_DATE='2026-02-26T03:00:00+00:00' AIRFLOW_CTX_TRY_NUMBER='1' AIRFLOW_CTX_DAG_RUN_ID='scheduled__2026-02-26T03:00:00+00:00'
[2026-02-27T14:04:58.657+0000] {external_task.py:244} INFO - Poking for tasks ['dbt_test'] in dag dag_dbt_transform on 2026-02-26T03:00:00+00:00 ... 
[2026-02-27T14:05:58.670+0000] {external_task.py:244} INFO - Poking for tasks ['dbt_test'] in dag dag_dbt_transform on 2026-02-26T03:00:00+00:00 ... 
[2026-02-27T14:06:58.719+0000] {external_task.py:244} INFO - Poking for tasks ['dbt_test'] in dag dag_dbt_transform on 2026-02-26T03:00:00+00:00 ... 
[2026-02-27T14:07:58.843+0000] {external_task.py:244} INFO - Poking for tasks ['dbt_test'] in dag dag_dbt_transform on 2026-02-26T03:00:00+00:00 ... 
[2026-02-27T14:08:58.983+0000] {external_task.py:244} INFO - Poking for tasks ['dbt_test'] in dag dag_dbt_transform on 2026-02-26T03:00:00+00:00 ... 
[2026-02-27T14:09:59.216+0000] {external_task.py:244} INFO - Poking for tasks ['dbt_test'] in dag dag_dbt_transform on 2026-02-26T03:00:00+00:00 ... 
[2026-02-27T14:10:59.347+0000] {external_task.py:244} INFO - Poking for tasks ['dbt_test'] in dag dag_dbt_transform on 2026-02-26T03:00:00+00:00 ... 
[2026-02-27T14:11:59.434+0000] {external_task.py:244} INFO - Poking for tasks ['dbt_test'] in dag dag_dbt_transform on 2026-02-26T03:00:00+00:00 ... 
[2026-02-27T14:12:59.510+0000] {external_task.py:244} INFO - Poking for tasks ['dbt_test'] in dag dag_dbt_transform on 2026-02-26T03:00:00+00:00 ... 
[2026-02-27T14:13:59.560+0000] {external_task.py:244} INFO - Poking for tasks ['dbt_test'] in dag dag_dbt_transform on 2026-02-26T03:00:00+00:00 ... 
[2026-02-27T14:14:59.617+0000] {external_task.py:244} INFO - Poking for tasks ['dbt_test'] in dag dag_dbt_transform on 2026-02-26T03:00:00+00:00 ... 
[2026-02-27T14:15:59.727+0000] {external_task.py:244} INFO - Poking for tasks ['dbt_test'] in dag dag_dbt_transform on 2026-02-26T03:00:00+00:00 ... 
[2026-02-27T14:16:59.772+0000] {external_task.py:244} INFO - Poking for tasks ['dbt_test'] in dag dag_dbt_transform on 2026-02-26T03:00:00+00:00 ... 
[2026-02-27T14:17:59.816+0000] {external_task.py:244} INFO - Poking for tasks ['dbt_test'] in dag dag_dbt_transform on 2026-02-26T03:00:00+00:00 ... 
[2026-02-27T14:18:55.886+0000] {local_task_job_runner.py:121} ERROR - Received SIGTERM. Terminating subprocesses
[2026-02-27T14:18:56.402+0000] {process_utils.py:131} INFO - Sending 15 to group 184. PIDs of all processes in the group: [184]
[2026-02-27T14:18:56.412+0000] {process_utils.py:86} INFO - Sending the signal 15 to group 184
[2026-02-27T14:18:56.457+0000] {taskinstance.py:2450} ERROR - Received SIGTERM. Terminating subprocesses.
