[2026-03-03T13:16:01.837+0000] {taskinstance.py:1956} INFO - Dependencies all met for dep_context=non-requeueable deps ti=<TaskInstance: dag_data_quality.wait_for_transform scheduled__2026-02-26T03:00:00+00:00 [queued]>
[2026-03-03T13:16:01.881+0000] {taskinstance.py:1956} INFO - Dependencies all met for dep_context=requeueable deps ti=<TaskInstance: dag_data_quality.wait_for_transform scheduled__2026-02-26T03:00:00+00:00 [queued]>
[2026-03-03T13:16:01.908+0000] {taskinstance.py:2170} INFO - Starting attempt 3 of 3
[2026-03-03T13:16:02.068+0000] {taskinstance.py:2191} INFO - Executing <Task(ExternalTaskSensor): wait_for_transform> on 2026-02-26 03:00:00+00:00
[2026-03-03T13:16:02.274+0000] {standard_task_runner.py:60} INFO - Started process 1664 to run task
[2026-03-03T13:16:02.308+0000] {standard_task_runner.py:87} INFO - Running: ['***', 'tasks', 'run', 'dag_data_quality', 'wait_for_transform', 'scheduled__2026-02-26T03:00:00+00:00', '--job-id', '241', '--raw', '--subdir', 'DAGS_FOLDER/dag_data_quality.py', '--cfg-path', '/tmp/tmpucsccy7j']
[2026-03-03T13:16:02.322+0000] {standard_task_runner.py:88} INFO - Job 241: Subtask wait_for_transform
[2026-03-03T13:16:03.130+0000] {task_command.py:423} INFO - Running <TaskInstance: dag_data_quality.wait_for_transform scheduled__2026-02-26T03:00:00+00:00 [running]> on host 353218a5daef
[2026-03-03T13:16:04.544+0000] {taskinstance.py:2480} INFO - Exporting env vars: AIRFLOW_CTX_DAG_OWNER='de_team' AIRFLOW_CTX_DAG_ID='dag_data_quality' AIRFLOW_CTX_TASK_ID='wait_for_transform' AIRFLOW_CTX_EXECUTION_DATE='2026-02-26T03:00:00+00:00' AIRFLOW_CTX_TRY_NUMBER='3' AIRFLOW_CTX_DAG_RUN_ID='scheduled__2026-02-26T03:00:00+00:00'
[2026-03-03T13:16:04.580+0000] {external_task.py:244} INFO - Poking for tasks ['dbt_test'] in dag dag_dbt_transform on 2026-02-26T03:00:00+00:00 ... 
[2026-03-03T13:17:04.669+0000] {external_task.py:244} INFO - Poking for tasks ['dbt_test'] in dag dag_dbt_transform on 2026-02-26T03:00:00+00:00 ... 
[2026-03-03T13:18:04.806+0000] {external_task.py:244} INFO - Poking for tasks ['dbt_test'] in dag dag_dbt_transform on 2026-02-26T03:00:00+00:00 ... 
[2026-03-03T13:19:04.876+0000] {external_task.py:244} INFO - Poking for tasks ['dbt_test'] in dag dag_dbt_transform on 2026-02-26T03:00:00+00:00 ... 
[2026-03-03T13:20:04.934+0000] {external_task.py:244} INFO - Poking for tasks ['dbt_test'] in dag dag_dbt_transform on 2026-02-26T03:00:00+00:00 ... 
[2026-03-03T13:21:05.067+0000] {external_task.py:244} INFO - Poking for tasks ['dbt_test'] in dag dag_dbt_transform on 2026-02-26T03:00:00+00:00 ... 
[2026-03-03T13:22:05.147+0000] {external_task.py:244} INFO - Poking for tasks ['dbt_test'] in dag dag_dbt_transform on 2026-02-26T03:00:00+00:00 ... 
[2026-03-03T13:23:05.193+0000] {external_task.py:244} INFO - Poking for tasks ['dbt_test'] in dag dag_dbt_transform on 2026-02-26T03:00:00+00:00 ... 
[2026-03-03T13:24:05.291+0000] {external_task.py:244} INFO - Poking for tasks ['dbt_test'] in dag dag_dbt_transform on 2026-02-26T03:00:00+00:00 ... 
[2026-03-03T13:25:05.357+0000] {external_task.py:244} INFO - Poking for tasks ['dbt_test'] in dag dag_dbt_transform on 2026-02-26T03:00:00+00:00 ... 
[2026-03-03T13:26:06.509+0000] {external_task.py:244} INFO - Poking for tasks ['dbt_test'] in dag dag_dbt_transform on 2026-02-26T03:00:00+00:00 ... 
[2026-03-03T13:27:07.075+0000] {external_task.py:244} INFO - Poking for tasks ['dbt_test'] in dag dag_dbt_transform on 2026-02-26T03:00:00+00:00 ... 
[2026-03-03T13:28:07.121+0000] {external_task.py:244} INFO - Poking for tasks ['dbt_test'] in dag dag_dbt_transform on 2026-02-26T03:00:00+00:00 ... 
[2026-03-03T13:29:07.201+0000] {external_task.py:244} INFO - Poking for tasks ['dbt_test'] in dag dag_dbt_transform on 2026-02-26T03:00:00+00:00 ... 
[2026-03-03T13:30:07.237+0000] {external_task.py:244} INFO - Poking for tasks ['dbt_test'] in dag dag_dbt_transform on 2026-02-26T03:00:00+00:00 ... 
[2026-03-03T13:31:07.288+0000] {external_task.py:244} INFO - Poking for tasks ['dbt_test'] in dag dag_dbt_transform on 2026-02-26T03:00:00+00:00 ... 
[2026-03-03T13:32:07.354+0000] {external_task.py:244} INFO - Poking for tasks ['dbt_test'] in dag dag_dbt_transform on 2026-02-26T03:00:00+00:00 ... 
[2026-03-03T13:33:07.402+0000] {external_task.py:244} INFO - Poking for tasks ['dbt_test'] in dag dag_dbt_transform on 2026-02-26T03:00:00+00:00 ... 
[2026-03-03T13:34:07.497+0000] {external_task.py:244} INFO - Poking for tasks ['dbt_test'] in dag dag_dbt_transform on 2026-02-26T03:00:00+00:00 ... 
[2026-03-03T13:35:07.567+0000] {external_task.py:244} INFO - Poking for tasks ['dbt_test'] in dag dag_dbt_transform on 2026-02-26T03:00:00+00:00 ... 
[2026-03-03T13:36:07.634+0000] {external_task.py:244} INFO - Poking for tasks ['dbt_test'] in dag dag_dbt_transform on 2026-02-26T03:00:00+00:00 ... 
[2026-03-03T13:37:07.696+0000] {external_task.py:244} INFO - Poking for tasks ['dbt_test'] in dag dag_dbt_transform on 2026-02-26T03:00:00+00:00 ... 
[2026-03-03T13:38:07.743+0000] {external_task.py:244} INFO - Poking for tasks ['dbt_test'] in dag dag_dbt_transform on 2026-02-26T03:00:00+00:00 ... 
[2026-03-03T13:39:07.784+0000] {external_task.py:244} INFO - Poking for tasks ['dbt_test'] in dag dag_dbt_transform on 2026-02-26T03:00:00+00:00 ... 
[2026-03-03T13:40:07.816+0000] {external_task.py:244} INFO - Poking for tasks ['dbt_test'] in dag dag_dbt_transform on 2026-02-26T03:00:00+00:00 ... 
[2026-03-03T13:41:07.920+0000] {external_task.py:244} INFO - Poking for tasks ['dbt_test'] in dag dag_dbt_transform on 2026-02-26T03:00:00+00:00 ... 
[2026-03-03T13:42:07.982+0000] {external_task.py:244} INFO - Poking for tasks ['dbt_test'] in dag dag_dbt_transform on 2026-02-26T03:00:00+00:00 ... 
[2026-03-03T13:43:08.086+0000] {external_task.py:244} INFO - Poking for tasks ['dbt_test'] in dag dag_dbt_transform on 2026-02-26T03:00:00+00:00 ... 
[2026-03-03T13:44:08.459+0000] {external_task.py:244} INFO - Poking for tasks ['dbt_test'] in dag dag_dbt_transform on 2026-02-26T03:00:00+00:00 ... 
[2026-03-03T13:45:08.711+0000] {external_task.py:244} INFO - Poking for tasks ['dbt_test'] in dag dag_dbt_transform on 2026-02-26T03:00:00+00:00 ... 
[2026-03-03T13:46:08.759+0000] {external_task.py:244} INFO - Poking for tasks ['dbt_test'] in dag dag_dbt_transform on 2026-02-26T03:00:00+00:00 ... 
[2026-03-03T13:47:08.890+0000] {external_task.py:244} INFO - Poking for tasks ['dbt_test'] in dag dag_dbt_transform on 2026-02-26T03:00:00+00:00 ... 
[2026-03-03T13:48:08.966+0000] {external_task.py:244} INFO - Poking for tasks ['dbt_test'] in dag dag_dbt_transform on 2026-02-26T03:00:00+00:00 ... 
[2026-03-03T13:49:09.092+0000] {external_task.py:244} INFO - Poking for tasks ['dbt_test'] in dag dag_dbt_transform on 2026-02-26T03:00:00+00:00 ... 
[2026-03-03T13:50:09.237+0000] {external_task.py:244} INFO - Poking for tasks ['dbt_test'] in dag dag_dbt_transform on 2026-02-26T03:00:00+00:00 ... 
[2026-03-03T13:51:09.346+0000] {external_task.py:244} INFO - Poking for tasks ['dbt_test'] in dag dag_dbt_transform on 2026-02-26T03:00:00+00:00 ... 
[2026-03-03T13:52:09.434+0000] {external_task.py:244} INFO - Poking for tasks ['dbt_test'] in dag dag_dbt_transform on 2026-02-26T03:00:00+00:00 ... 
[2026-03-03T13:53:09.505+0000] {external_task.py:244} INFO - Poking for tasks ['dbt_test'] in dag dag_dbt_transform on 2026-02-26T03:00:00+00:00 ... 
[2026-03-03T13:54:09.592+0000] {external_task.py:244} INFO - Poking for tasks ['dbt_test'] in dag dag_dbt_transform on 2026-02-26T03:00:00+00:00 ... 
[2026-03-03T13:55:09.744+0000] {external_task.py:244} INFO - Poking for tasks ['dbt_test'] in dag dag_dbt_transform on 2026-02-26T03:00:00+00:00 ... 
[2026-03-03T13:56:09.859+0000] {external_task.py:244} INFO - Poking for tasks ['dbt_test'] in dag dag_dbt_transform on 2026-02-26T03:00:00+00:00 ... 
[2026-03-03T13:57:09.958+0000] {external_task.py:244} INFO - Poking for tasks ['dbt_test'] in dag dag_dbt_transform on 2026-02-26T03:00:00+00:00 ... 
[2026-03-03T13:58:10.025+0000] {external_task.py:244} INFO - Poking for tasks ['dbt_test'] in dag dag_dbt_transform on 2026-02-26T03:00:00+00:00 ... 
[2026-03-03T13:59:10.118+0000] {external_task.py:244} INFO - Poking for tasks ['dbt_test'] in dag dag_dbt_transform on 2026-02-26T03:00:00+00:00 ... 
[2026-03-03T14:00:10.376+0000] {external_task.py:244} INFO - Poking for tasks ['dbt_test'] in dag dag_dbt_transform on 2026-02-26T03:00:00+00:00 ... 
[2026-03-03T14:01:10.469+0000] {external_task.py:244} INFO - Poking for tasks ['dbt_test'] in dag dag_dbt_transform on 2026-02-26T03:00:00+00:00 ... 
[2026-03-03T14:02:10.540+0000] {external_task.py:244} INFO - Poking for tasks ['dbt_test'] in dag dag_dbt_transform on 2026-02-26T03:00:00+00:00 ... 
[2026-03-03T14:03:10.603+0000] {external_task.py:244} INFO - Poking for tasks ['dbt_test'] in dag dag_dbt_transform on 2026-02-26T03:00:00+00:00 ... 
[2026-03-03T14:04:10.770+0000] {external_task.py:244} INFO - Poking for tasks ['dbt_test'] in dag dag_dbt_transform on 2026-02-26T03:00:00+00:00 ... 
[2026-03-03T14:05:10.864+0000] {external_task.py:244} INFO - Poking for tasks ['dbt_test'] in dag dag_dbt_transform on 2026-02-26T03:00:00+00:00 ... 
[2026-03-03T14:06:10.982+0000] {external_task.py:244} INFO - Poking for tasks ['dbt_test'] in dag dag_dbt_transform on 2026-02-26T03:00:00+00:00 ... 
[2026-03-03T14:07:11.083+0000] {external_task.py:244} INFO - Poking for tasks ['dbt_test'] in dag dag_dbt_transform on 2026-02-26T03:00:00+00:00 ... 
[2026-03-03T14:08:11.148+0000] {external_task.py:244} INFO - Poking for tasks ['dbt_test'] in dag dag_dbt_transform on 2026-02-26T03:00:00+00:00 ... 
[2026-03-03T14:09:11.220+0000] {external_task.py:244} INFO - Poking for tasks ['dbt_test'] in dag dag_dbt_transform on 2026-02-26T03:00:00+00:00 ... 
[2026-03-03T14:10:11.307+0000] {external_task.py:244} INFO - Poking for tasks ['dbt_test'] in dag dag_dbt_transform on 2026-02-26T03:00:00+00:00 ... 
[2026-03-03T14:11:11.413+0000] {external_task.py:244} INFO - Poking for tasks ['dbt_test'] in dag dag_dbt_transform on 2026-02-26T03:00:00+00:00 ... 
[2026-03-03T14:12:11.480+0000] {external_task.py:244} INFO - Poking for tasks ['dbt_test'] in dag dag_dbt_transform on 2026-02-26T03:00:00+00:00 ... 
[2026-03-03T14:13:11.655+0000] {external_task.py:244} INFO - Poking for tasks ['dbt_test'] in dag dag_dbt_transform on 2026-02-26T03:00:00+00:00 ... 
[2026-03-03T14:14:11.704+0000] {external_task.py:244} INFO - Poking for tasks ['dbt_test'] in dag dag_dbt_transform on 2026-02-26T03:00:00+00:00 ... 
[2026-03-03T14:15:11.768+0000] {external_task.py:244} INFO - Poking for tasks ['dbt_test'] in dag dag_dbt_transform on 2026-02-26T03:00:00+00:00 ... 
[2026-03-03T14:16:11.866+0000] {external_task.py:244} INFO - Poking for tasks ['dbt_test'] in dag dag_dbt_transform on 2026-02-26T03:00:00+00:00 ... 
[2026-03-03T14:16:11.936+0000] {taskinstance.py:2698} ERROR - Task failed with exception
Traceback (most recent call last):
  File "/home/airflow/.local/lib/python3.11/site-packages/airflow/models/taskinstance.py", line 433, in _execute_task
    result = execute_callable(context=context, **execute_callable_kwargs)
             ^^^^^^^^^^^^^^^^^^^^^^^^^^^^^^^^^^^^^^^^^^^^^^^^^^^^^^^^^^^^
  File "/home/airflow/.local/lib/python3.11/site-packages/airflow/sensors/external_task.py", line 334, in execute
    super().execute(context)
  File "/home/airflow/.local/lib/python3.11/site-packages/airflow/sensors/base.py", line 282, in execute
    raise AirflowSensorTimeout(message)
airflow.exceptions.AirflowSensorTimeout: Sensor has timed out; run duration of 3607.348376688009 seconds exceeds the specified timeout of 3600.0.
[2026-03-03T14:16:11.968+0000] {taskinstance.py:1138} INFO - Immediate failure requested. Marking task as FAILED. dag_id=dag_data_quality, task_id=wait_for_transform, execution_date=20260226T030000, start_date=20260303T131601, end_date=20260303T141611
[2026-03-03T14:16:12.007+0000] {standard_task_runner.py:107} ERROR - Failed to execute job 241 for task wait_for_transform (Sensor has timed out; run duration of 3607.348376688009 seconds exceeds the specified timeout of 3600.0.; 1664)
[2026-03-03T14:16:12.036+0000] {local_task_job_runner.py:234} INFO - Task exited with return code 1
[2026-03-03T14:16:12.148+0000] {taskinstance.py:3280} INFO - 0 downstream tasks scheduled from follow-on schedule check
