[2026-03-03T13:16:02.352+0000] {taskinstance.py:1956} INFO - Dependencies all met for dep_context=non-requeueable deps ti=<TaskInstance: dag_data_quality.wait_for_transform scheduled__2026-03-02T03:00:00+00:00 [queued]>
[2026-03-03T13:16:02.386+0000] {taskinstance.py:1956} INFO - Dependencies all met for dep_context=requeueable deps ti=<TaskInstance: dag_data_quality.wait_for_transform scheduled__2026-03-02T03:00:00+00:00 [queued]>
[2026-03-03T13:16:02.387+0000] {taskinstance.py:2170} INFO - Starting attempt 2 of 2
[2026-03-03T13:16:02.428+0000] {taskinstance.py:2191} INFO - Executing <Task(ExternalTaskSensor): wait_for_transform> on 2026-03-02 03:00:00+00:00
[2026-03-03T13:16:02.466+0000] {standard_task_runner.py:60} INFO - Started process 1665 to run task
[2026-03-03T13:16:02.495+0000] {standard_task_runner.py:87} INFO - Running: ['***', 'tasks', 'run', 'dag_data_quality', 'wait_for_transform', 'scheduled__2026-03-02T03:00:00+00:00', '--job-id', '242', '--raw', '--subdir', 'DAGS_FOLDER/dag_data_quality.py', '--cfg-path', '/tmp/tmpy8u9uvhe']
[2026-03-03T13:16:02.544+0000] {standard_task_runner.py:88} INFO - Job 242: Subtask wait_for_transform
[2026-03-03T13:16:03.487+0000] {task_command.py:423} INFO - Running <TaskInstance: dag_data_quality.wait_for_transform scheduled__2026-03-02T03:00:00+00:00 [running]> on host 353218a5daef
[2026-03-03T13:16:04.456+0000] {taskinstance.py:2480} INFO - Exporting env vars: AIRFLOW_CTX_DAG_OWNER='de_team' AIRFLOW_CTX_DAG_ID='dag_data_quality' AIRFLOW_CTX_TASK_ID='wait_for_transform' AIRFLOW_CTX_EXECUTION_DATE='2026-03-02T03:00:00+00:00' AIRFLOW_CTX_TRY_NUMBER='2' AIRFLOW_CTX_DAG_RUN_ID='scheduled__2026-03-02T03:00:00+00:00'
[2026-03-03T13:16:04.482+0000] {external_task.py:244} INFO - Poking for tasks ['dbt_test'] in dag dag_dbt_transform on 2026-03-02T03:00:00+00:00 ... 
[2026-03-03T13:17:04.669+0000] {external_task.py:244} INFO - Poking for tasks ['dbt_test'] in dag dag_dbt_transform on 2026-03-02T03:00:00+00:00 ... 
[2026-03-03T13:18:04.815+0000] {external_task.py:244} INFO - Poking for tasks ['dbt_test'] in dag dag_dbt_transform on 2026-03-02T03:00:00+00:00 ... 
[2026-03-03T13:19:04.874+0000] {external_task.py:244} INFO - Poking for tasks ['dbt_test'] in dag dag_dbt_transform on 2026-03-02T03:00:00+00:00 ... 
[2026-03-03T13:20:04.933+0000] {external_task.py:244} INFO - Poking for tasks ['dbt_test'] in dag dag_dbt_transform on 2026-03-02T03:00:00+00:00 ... 
[2026-03-03T13:21:05.069+0000] {external_task.py:244} INFO - Poking for tasks ['dbt_test'] in dag dag_dbt_transform on 2026-03-02T03:00:00+00:00 ... 
[2026-03-03T13:22:05.145+0000] {external_task.py:244} INFO - Poking for tasks ['dbt_test'] in dag dag_dbt_transform on 2026-03-02T03:00:00+00:00 ... 
[2026-03-03T13:23:05.194+0000] {external_task.py:244} INFO - Poking for tasks ['dbt_test'] in dag dag_dbt_transform on 2026-03-02T03:00:00+00:00 ... 
[2026-03-03T13:24:05.299+0000] {external_task.py:244} INFO - Poking for tasks ['dbt_test'] in dag dag_dbt_transform on 2026-03-02T03:00:00+00:00 ... 
[2026-03-03T13:25:05.359+0000] {external_task.py:244} INFO - Poking for tasks ['dbt_test'] in dag dag_dbt_transform on 2026-03-02T03:00:00+00:00 ... 
[2026-03-03T13:26:05.579+0000] {external_task.py:244} INFO - Poking for tasks ['dbt_test'] in dag dag_dbt_transform on 2026-03-02T03:00:00+00:00 ... 
[2026-03-03T13:27:06.914+0000] {external_task.py:244} INFO - Poking for tasks ['dbt_test'] in dag dag_dbt_transform on 2026-03-02T03:00:00+00:00 ... 
[2026-03-03T13:28:06.964+0000] {external_task.py:244} INFO - Poking for tasks ['dbt_test'] in dag dag_dbt_transform on 2026-03-02T03:00:00+00:00 ... 
[2026-03-03T13:29:07.033+0000] {external_task.py:244} INFO - Poking for tasks ['dbt_test'] in dag dag_dbt_transform on 2026-03-02T03:00:00+00:00 ... 
[2026-03-03T13:30:07.076+0000] {external_task.py:244} INFO - Poking for tasks ['dbt_test'] in dag dag_dbt_transform on 2026-03-02T03:00:00+00:00 ... 
[2026-03-03T13:31:07.120+0000] {external_task.py:244} INFO - Poking for tasks ['dbt_test'] in dag dag_dbt_transform on 2026-03-02T03:00:00+00:00 ... 
[2026-03-03T13:32:07.183+0000] {external_task.py:244} INFO - Poking for tasks ['dbt_test'] in dag dag_dbt_transform on 2026-03-02T03:00:00+00:00 ... 
[2026-03-03T13:33:07.276+0000] {external_task.py:244} INFO - Poking for tasks ['dbt_test'] in dag dag_dbt_transform on 2026-03-02T03:00:00+00:00 ... 
[2026-03-03T13:34:07.338+0000] {external_task.py:244} INFO - Poking for tasks ['dbt_test'] in dag dag_dbt_transform on 2026-03-02T03:00:00+00:00 ... 
[2026-03-03T13:35:07.402+0000] {external_task.py:244} INFO - Poking for tasks ['dbt_test'] in dag dag_dbt_transform on 2026-03-02T03:00:00+00:00 ... 
[2026-03-03T13:36:07.489+0000] {external_task.py:244} INFO - Poking for tasks ['dbt_test'] in dag dag_dbt_transform on 2026-03-02T03:00:00+00:00 ... 
[2026-03-03T13:37:07.548+0000] {external_task.py:244} INFO - Poking for tasks ['dbt_test'] in dag dag_dbt_transform on 2026-03-02T03:00:00+00:00 ... 
[2026-03-03T13:38:07.620+0000] {external_task.py:244} INFO - Poking for tasks ['dbt_test'] in dag dag_dbt_transform on 2026-03-02T03:00:00+00:00 ... 
[2026-03-03T13:39:07.672+0000] {external_task.py:244} INFO - Poking for tasks ['dbt_test'] in dag dag_dbt_transform on 2026-03-02T03:00:00+00:00 ... 
[2026-03-03T13:40:07.778+0000] {external_task.py:244} INFO - Poking for tasks ['dbt_test'] in dag dag_dbt_transform on 2026-03-02T03:00:00+00:00 ... 
[2026-03-03T13:41:07.857+0000] {external_task.py:244} INFO - Poking for tasks ['dbt_test'] in dag dag_dbt_transform on 2026-03-02T03:00:00+00:00 ... 
[2026-03-03T13:42:07.958+0000] {external_task.py:244} INFO - Poking for tasks ['dbt_test'] in dag dag_dbt_transform on 2026-03-02T03:00:00+00:00 ... 
[2026-03-03T13:43:08.071+0000] {external_task.py:244} INFO - Poking for tasks ['dbt_test'] in dag dag_dbt_transform on 2026-03-02T03:00:00+00:00 ... 
[2026-03-03T13:44:08.469+0000] {external_task.py:244} INFO - Poking for tasks ['dbt_test'] in dag dag_dbt_transform on 2026-03-02T03:00:00+00:00 ... 
[2026-03-03T13:45:08.682+0000] {external_task.py:244} INFO - Poking for tasks ['dbt_test'] in dag dag_dbt_transform on 2026-03-02T03:00:00+00:00 ... 
[2026-03-03T13:46:08.729+0000] {external_task.py:244} INFO - Poking for tasks ['dbt_test'] in dag dag_dbt_transform on 2026-03-02T03:00:00+00:00 ... 
[2026-03-03T13:47:08.879+0000] {external_task.py:244} INFO - Poking for tasks ['dbt_test'] in dag dag_dbt_transform on 2026-03-02T03:00:00+00:00 ... 
[2026-03-03T13:48:08.966+0000] {external_task.py:244} INFO - Poking for tasks ['dbt_test'] in dag dag_dbt_transform on 2026-03-02T03:00:00+00:00 ... 
[2026-03-03T13:49:09.105+0000] {external_task.py:244} INFO - Poking for tasks ['dbt_test'] in dag dag_dbt_transform on 2026-03-02T03:00:00+00:00 ... 
[2026-03-03T13:50:09.230+0000] {external_task.py:244} INFO - Poking for tasks ['dbt_test'] in dag dag_dbt_transform on 2026-03-02T03:00:00+00:00 ... 
[2026-03-03T13:51:09.344+0000] {external_task.py:244} INFO - Poking for tasks ['dbt_test'] in dag dag_dbt_transform on 2026-03-02T03:00:00+00:00 ... 
[2026-03-03T13:52:09.436+0000] {external_task.py:244} INFO - Poking for tasks ['dbt_test'] in dag dag_dbt_transform on 2026-03-02T03:00:00+00:00 ... 
[2026-03-03T13:53:09.504+0000] {external_task.py:244} INFO - Poking for tasks ['dbt_test'] in dag dag_dbt_transform on 2026-03-02T03:00:00+00:00 ... 
[2026-03-03T13:54:09.581+0000] {external_task.py:244} INFO - Poking for tasks ['dbt_test'] in dag dag_dbt_transform on 2026-03-02T03:00:00+00:00 ... 
[2026-03-03T13:55:09.744+0000] {external_task.py:244} INFO - Poking for tasks ['dbt_test'] in dag dag_dbt_transform on 2026-03-02T03:00:00+00:00 ... 
[2026-03-03T13:56:09.841+0000] {external_task.py:244} INFO - Poking for tasks ['dbt_test'] in dag dag_dbt_transform on 2026-03-02T03:00:00+00:00 ... 
[2026-03-03T13:57:09.954+0000] {external_task.py:244} INFO - Poking for tasks ['dbt_test'] in dag dag_dbt_transform on 2026-03-02T03:00:00+00:00 ... 
[2026-03-03T13:58:10.022+0000] {external_task.py:244} INFO - Poking for tasks ['dbt_test'] in dag dag_dbt_transform on 2026-03-02T03:00:00+00:00 ... 
[2026-03-03T13:59:10.115+0000] {external_task.py:244} INFO - Poking for tasks ['dbt_test'] in dag dag_dbt_transform on 2026-03-02T03:00:00+00:00 ... 
[2026-03-03T14:00:10.363+0000] {external_task.py:244} INFO - Poking for tasks ['dbt_test'] in dag dag_dbt_transform on 2026-03-02T03:00:00+00:00 ... 
[2026-03-03T14:01:10.464+0000] {external_task.py:244} INFO - Poking for tasks ['dbt_test'] in dag dag_dbt_transform on 2026-03-02T03:00:00+00:00 ... 
[2026-03-03T14:02:10.540+0000] {external_task.py:244} INFO - Poking for tasks ['dbt_test'] in dag dag_dbt_transform on 2026-03-02T03:00:00+00:00 ... 
[2026-03-03T14:03:10.603+0000] {external_task.py:244} INFO - Poking for tasks ['dbt_test'] in dag dag_dbt_transform on 2026-03-02T03:00:00+00:00 ... 
[2026-03-03T14:04:10.786+0000] {external_task.py:244} INFO - Poking for tasks ['dbt_test'] in dag dag_dbt_transform on 2026-03-02T03:00:00+00:00 ... 
[2026-03-03T14:05:10.869+0000] {external_task.py:244} INFO - Poking for tasks ['dbt_test'] in dag dag_dbt_transform on 2026-03-02T03:00:00+00:00 ... 
[2026-03-03T14:06:10.983+0000] {external_task.py:244} INFO - Poking for tasks ['dbt_test'] in dag dag_dbt_transform on 2026-03-02T03:00:00+00:00 ... 
[2026-03-03T14:07:11.080+0000] {external_task.py:244} INFO - Poking for tasks ['dbt_test'] in dag dag_dbt_transform on 2026-03-02T03:00:00+00:00 ... 
[2026-03-03T14:08:11.141+0000] {external_task.py:244} INFO - Poking for tasks ['dbt_test'] in dag dag_dbt_transform on 2026-03-02T03:00:00+00:00 ... 
[2026-03-03T14:09:11.209+0000] {external_task.py:244} INFO - Poking for tasks ['dbt_test'] in dag dag_dbt_transform on 2026-03-02T03:00:00+00:00 ... 
[2026-03-03T14:10:11.310+0000] {external_task.py:244} INFO - Poking for tasks ['dbt_test'] in dag dag_dbt_transform on 2026-03-02T03:00:00+00:00 ... 
[2026-03-03T14:11:11.413+0000] {external_task.py:244} INFO - Poking for tasks ['dbt_test'] in dag dag_dbt_transform on 2026-03-02T03:00:00+00:00 ... 
[2026-03-03T14:12:11.480+0000] {external_task.py:244} INFO - Poking for tasks ['dbt_test'] in dag dag_dbt_transform on 2026-03-02T03:00:00+00:00 ... 
[2026-03-03T14:13:11.625+0000] {external_task.py:244} INFO - Poking for tasks ['dbt_test'] in dag dag_dbt_transform on 2026-03-02T03:00:00+00:00 ... 
[2026-03-03T14:14:11.680+0000] {external_task.py:244} INFO - Poking for tasks ['dbt_test'] in dag dag_dbt_transform on 2026-03-02T03:00:00+00:00 ... 
[2026-03-03T14:15:11.760+0000] {external_task.py:244} INFO - Poking for tasks ['dbt_test'] in dag dag_dbt_transform on 2026-03-02T03:00:00+00:00 ... 
[2026-03-03T14:16:11.864+0000] {external_task.py:244} INFO - Poking for tasks ['dbt_test'] in dag dag_dbt_transform on 2026-03-02T03:00:00+00:00 ... 
[2026-03-03T14:16:11.935+0000] {taskinstance.py:2698} ERROR - Task failed with exception
Traceback (most recent call last):
  File "/home/airflow/.local/lib/python3.11/site-packages/airflow/models/taskinstance.py", line 433, in _execute_task
    result = execute_callable(context=context, **execute_callable_kwargs)
             ^^^^^^^^^^^^^^^^^^^^^^^^^^^^^^^^^^^^^^^^^^^^^^^^^^^^^^^^^^^^
  File "/home/airflow/.local/lib/python3.11/site-packages/airflow/sensors/external_task.py", line 334, in execute
    super().execute(context)
  File "/home/airflow/.local/lib/python3.11/site-packages/airflow/sensors/base.py", line 282, in execute
    raise AirflowSensorTimeout(message)
airflow.exceptions.AirflowSensorTimeout: Sensor has timed out; run duration of 3607.445662812999 seconds exceeds the specified timeout of 3600.0.
[2026-03-03T14:16:11.971+0000] {taskinstance.py:1138} INFO - Immediate failure requested. Marking task as FAILED. dag_id=dag_data_quality, task_id=wait_for_transform, execution_date=20260302T030000, start_date=20260303T131602, end_date=20260303T141611
[2026-03-03T14:16:12.013+0000] {standard_task_runner.py:107} ERROR - Failed to execute job 242 for task wait_for_transform (Sensor has timed out; run duration of 3607.445662812999 seconds exceeds the specified timeout of 3600.0.; 1665)
[2026-03-03T14:16:12.031+0000] {local_task_job_runner.py:234} INFO - Task exited with return code 1
[2026-03-03T14:16:12.156+0000] {taskinstance.py:3280} INFO - 0 downstream tasks scheduled from follow-on schedule check
