[2026-03-03T03:00:01.350+0000] {taskinstance.py:1956} INFO - Dependencies all met for dep_context=non-requeueable deps ti=<TaskInstance: dag_data_quality.wait_for_transform scheduled__2026-03-02T03:00:00+00:00 [queued]>
[2026-03-03T03:00:01.360+0000] {taskinstance.py:1956} INFO - Dependencies all met for dep_context=requeueable deps ti=<TaskInstance: dag_data_quality.wait_for_transform scheduled__2026-03-02T03:00:00+00:00 [queued]>
[2026-03-03T03:00:01.360+0000] {taskinstance.py:2170} INFO - Starting attempt 1 of 1
[2026-03-03T03:00:01.371+0000] {taskinstance.py:2191} INFO - Executing <Task(ExternalTaskSensor): wait_for_transform> on 2026-03-02 03:00:00+00:00
[2026-03-03T03:00:01.375+0000] {standard_task_runner.py:60} INFO - Started process 10857 to run task
[2026-03-03T03:00:01.378+0000] {standard_task_runner.py:87} INFO - Running: ['***', 'tasks', 'run', 'dag_data_quality', 'wait_for_transform', 'scheduled__2026-03-02T03:00:00+00:00', '--job-id', '55', '--raw', '--subdir', 'DAGS_FOLDER/dag_data_quality.py', '--cfg-path', '/tmp/tmpjrqs1q3h']
[2026-03-03T03:00:01.381+0000] {standard_task_runner.py:88} INFO - Job 55: Subtask wait_for_transform
[2026-03-03T03:00:01.452+0000] {task_command.py:423} INFO - Running <TaskInstance: dag_data_quality.wait_for_transform scheduled__2026-03-02T03:00:00+00:00 [running]> on host c320bbf31b63
[2026-03-03T03:00:01.545+0000] {taskinstance.py:2480} INFO - Exporting env vars: AIRFLOW_CTX_DAG_OWNER='de_team' AIRFLOW_CTX_DAG_ID='dag_data_quality' AIRFLOW_CTX_TASK_ID='wait_for_transform' AIRFLOW_CTX_EXECUTION_DATE='2026-03-02T03:00:00+00:00' AIRFLOW_CTX_TRY_NUMBER='1' AIRFLOW_CTX_DAG_RUN_ID='scheduled__2026-03-02T03:00:00+00:00'
[2026-03-03T03:00:01.547+0000] {external_task.py:244} INFO - Poking for tasks ['dbt_test'] in dag dag_dbt_transform on 2026-03-02T03:00:00+00:00 ... 
[2026-03-03T03:01:01.570+0000] {external_task.py:244} INFO - Poking for tasks ['dbt_test'] in dag dag_dbt_transform on 2026-03-02T03:00:00+00:00 ... 
[2026-03-03T03:02:01.622+0000] {external_task.py:244} INFO - Poking for tasks ['dbt_test'] in dag dag_dbt_transform on 2026-03-02T03:00:00+00:00 ... 
[2026-03-03T03:03:01.683+0000] {external_task.py:244} INFO - Poking for tasks ['dbt_test'] in dag dag_dbt_transform on 2026-03-02T03:00:00+00:00 ... 
[2026-03-03T03:04:01.730+0000] {external_task.py:244} INFO - Poking for tasks ['dbt_test'] in dag dag_dbt_transform on 2026-03-02T03:00:00+00:00 ... 
[2026-03-03T03:05:01.773+0000] {external_task.py:244} INFO - Poking for tasks ['dbt_test'] in dag dag_dbt_transform on 2026-03-02T03:00:00+00:00 ... 
[2026-03-03T03:06:01.826+0000] {external_task.py:244} INFO - Poking for tasks ['dbt_test'] in dag dag_dbt_transform on 2026-03-02T03:00:00+00:00 ... 
[2026-03-03T03:07:01.876+0000] {external_task.py:244} INFO - Poking for tasks ['dbt_test'] in dag dag_dbt_transform on 2026-03-02T03:00:00+00:00 ... 
[2026-03-03T03:08:01.914+0000] {external_task.py:244} INFO - Poking for tasks ['dbt_test'] in dag dag_dbt_transform on 2026-03-02T03:00:00+00:00 ... 
[2026-03-03T03:09:01.958+0000] {external_task.py:244} INFO - Poking for tasks ['dbt_test'] in dag dag_dbt_transform on 2026-03-02T03:00:00+00:00 ... 
[2026-03-03T03:10:02.029+0000] {external_task.py:244} INFO - Poking for tasks ['dbt_test'] in dag dag_dbt_transform on 2026-03-02T03:00:00+00:00 ... 
[2026-03-03T03:11:02.080+0000] {external_task.py:244} INFO - Poking for tasks ['dbt_test'] in dag dag_dbt_transform on 2026-03-02T03:00:00+00:00 ... 
[2026-03-03T03:12:02.122+0000] {external_task.py:244} INFO - Poking for tasks ['dbt_test'] in dag dag_dbt_transform on 2026-03-02T03:00:00+00:00 ... 
[2026-03-03T03:13:02.159+0000] {external_task.py:244} INFO - Poking for tasks ['dbt_test'] in dag dag_dbt_transform on 2026-03-02T03:00:00+00:00 ... 
[2026-03-03T03:14:02.226+0000] {external_task.py:244} INFO - Poking for tasks ['dbt_test'] in dag dag_dbt_transform on 2026-03-02T03:00:00+00:00 ... 
[2026-03-03T03:15:02.275+0000] {external_task.py:244} INFO - Poking for tasks ['dbt_test'] in dag dag_dbt_transform on 2026-03-02T03:00:00+00:00 ... 
[2026-03-03T03:16:02.314+0000] {external_task.py:244} INFO - Poking for tasks ['dbt_test'] in dag dag_dbt_transform on 2026-03-02T03:00:00+00:00 ... 
[2026-03-03T03:17:02.365+0000] {external_task.py:244} INFO - Poking for tasks ['dbt_test'] in dag dag_dbt_transform on 2026-03-02T03:00:00+00:00 ... 
[2026-03-03T03:18:02.411+0000] {external_task.py:244} INFO - Poking for tasks ['dbt_test'] in dag dag_dbt_transform on 2026-03-02T03:00:00+00:00 ... 
[2026-03-03T03:19:02.459+0000] {external_task.py:244} INFO - Poking for tasks ['dbt_test'] in dag dag_dbt_transform on 2026-03-02T03:00:00+00:00 ... 
[2026-03-03T03:20:02.497+0000] {external_task.py:244} INFO - Poking for tasks ['dbt_test'] in dag dag_dbt_transform on 2026-03-02T03:00:00+00:00 ... 
[2026-03-03T03:21:02.546+0000] {external_task.py:244} INFO - Poking for tasks ['dbt_test'] in dag dag_dbt_transform on 2026-03-02T03:00:00+00:00 ... 
[2026-03-03T03:22:02.587+0000] {external_task.py:244} INFO - Poking for tasks ['dbt_test'] in dag dag_dbt_transform on 2026-03-02T03:00:00+00:00 ... 
[2026-03-03T03:23:02.633+0000] {external_task.py:244} INFO - Poking for tasks ['dbt_test'] in dag dag_dbt_transform on 2026-03-02T03:00:00+00:00 ... 
[2026-03-03T03:24:02.687+0000] {external_task.py:244} INFO - Poking for tasks ['dbt_test'] in dag dag_dbt_transform on 2026-03-02T03:00:00+00:00 ... 
[2026-03-03T03:25:02.738+0000] {external_task.py:244} INFO - Poking for tasks ['dbt_test'] in dag dag_dbt_transform on 2026-03-02T03:00:00+00:00 ... 
[2026-03-03T03:26:02.797+0000] {external_task.py:244} INFO - Poking for tasks ['dbt_test'] in dag dag_dbt_transform on 2026-03-02T03:00:00+00:00 ... 
[2026-03-03T03:27:02.829+0000] {external_task.py:244} INFO - Poking for tasks ['dbt_test'] in dag dag_dbt_transform on 2026-03-02T03:00:00+00:00 ... 
[2026-03-03T03:28:02.877+0000] {external_task.py:244} INFO - Poking for tasks ['dbt_test'] in dag dag_dbt_transform on 2026-03-02T03:00:00+00:00 ... 
[2026-03-03T03:29:03.786+0000] {external_task.py:244} INFO - Poking for tasks ['dbt_test'] in dag dag_dbt_transform on 2026-03-02T03:00:00+00:00 ... 
[2026-03-03T03:30:03.832+0000] {external_task.py:244} INFO - Poking for tasks ['dbt_test'] in dag dag_dbt_transform on 2026-03-02T03:00:00+00:00 ... 
[2026-03-03T03:31:03.874+0000] {external_task.py:244} INFO - Poking for tasks ['dbt_test'] in dag dag_dbt_transform on 2026-03-02T03:00:00+00:00 ... 
[2026-03-03T03:32:03.914+0000] {external_task.py:244} INFO - Poking for tasks ['dbt_test'] in dag dag_dbt_transform on 2026-03-02T03:00:00+00:00 ... 
[2026-03-03T03:33:03.954+0000] {external_task.py:244} INFO - Poking for tasks ['dbt_test'] in dag dag_dbt_transform on 2026-03-02T03:00:00+00:00 ... 
[2026-03-03T03:34:03.994+0000] {external_task.py:244} INFO - Poking for tasks ['dbt_test'] in dag dag_dbt_transform on 2026-03-02T03:00:00+00:00 ... 
[2026-03-03T03:35:04.049+0000] {external_task.py:244} INFO - Poking for tasks ['dbt_test'] in dag dag_dbt_transform on 2026-03-02T03:00:00+00:00 ... 
[2026-03-03T03:36:04.082+0000] {external_task.py:244} INFO - Poking for tasks ['dbt_test'] in dag dag_dbt_transform on 2026-03-02T03:00:00+00:00 ... 
[2026-03-03T03:37:04.122+0000] {external_task.py:244} INFO - Poking for tasks ['dbt_test'] in dag dag_dbt_transform on 2026-03-02T03:00:00+00:00 ... 
[2026-03-03T03:38:04.175+0000] {external_task.py:244} INFO - Poking for tasks ['dbt_test'] in dag dag_dbt_transform on 2026-03-02T03:00:00+00:00 ... 
[2026-03-03T03:39:04.220+0000] {external_task.py:244} INFO - Poking for tasks ['dbt_test'] in dag dag_dbt_transform on 2026-03-02T03:00:00+00:00 ... 
[2026-03-03T03:40:04.279+0000] {external_task.py:244} INFO - Poking for tasks ['dbt_test'] in dag dag_dbt_transform on 2026-03-02T03:00:00+00:00 ... 
[2026-03-03T03:41:04.326+0000] {external_task.py:244} INFO - Poking for tasks ['dbt_test'] in dag dag_dbt_transform on 2026-03-02T03:00:00+00:00 ... 
[2026-03-03T03:42:04.388+0000] {external_task.py:244} INFO - Poking for tasks ['dbt_test'] in dag dag_dbt_transform on 2026-03-02T03:00:00+00:00 ... 
[2026-03-03T03:43:04.429+0000] {external_task.py:244} INFO - Poking for tasks ['dbt_test'] in dag dag_dbt_transform on 2026-03-02T03:00:00+00:00 ... 
[2026-03-03T03:44:04.468+0000] {external_task.py:244} INFO - Poking for tasks ['dbt_test'] in dag dag_dbt_transform on 2026-03-02T03:00:00+00:00 ... 
[2026-03-03T03:45:04.504+0000] {external_task.py:244} INFO - Poking for tasks ['dbt_test'] in dag dag_dbt_transform on 2026-03-02T03:00:00+00:00 ... 
[2026-03-03T03:46:04.542+0000] {external_task.py:244} INFO - Poking for tasks ['dbt_test'] in dag dag_dbt_transform on 2026-03-02T03:00:00+00:00 ... 
[2026-03-03T03:47:04.570+0000] {external_task.py:244} INFO - Poking for tasks ['dbt_test'] in dag dag_dbt_transform on 2026-03-02T03:00:00+00:00 ... 
[2026-03-03T03:48:04.600+0000] {external_task.py:244} INFO - Poking for tasks ['dbt_test'] in dag dag_dbt_transform on 2026-03-02T03:00:00+00:00 ... 
[2026-03-03T03:49:04.627+0000] {external_task.py:244} INFO - Poking for tasks ['dbt_test'] in dag dag_dbt_transform on 2026-03-02T03:00:00+00:00 ... 
[2026-03-03T03:50:04.661+0000] {external_task.py:244} INFO - Poking for tasks ['dbt_test'] in dag dag_dbt_transform on 2026-03-02T03:00:00+00:00 ... 
[2026-03-03T03:51:04.700+0000] {external_task.py:244} INFO - Poking for tasks ['dbt_test'] in dag dag_dbt_transform on 2026-03-02T03:00:00+00:00 ... 
[2026-03-03T03:52:04.761+0000] {external_task.py:244} INFO - Poking for tasks ['dbt_test'] in dag dag_dbt_transform on 2026-03-02T03:00:00+00:00 ... 
[2026-03-03T03:53:04.805+0000] {external_task.py:244} INFO - Poking for tasks ['dbt_test'] in dag dag_dbt_transform on 2026-03-02T03:00:00+00:00 ... 
[2026-03-03T03:54:04.915+0000] {external_task.py:244} INFO - Poking for tasks ['dbt_test'] in dag dag_dbt_transform on 2026-03-02T03:00:00+00:00 ... 
[2026-03-03T03:55:04.953+0000] {external_task.py:244} INFO - Poking for tasks ['dbt_test'] in dag dag_dbt_transform on 2026-03-02T03:00:00+00:00 ... 
[2026-03-03T03:56:04.995+0000] {external_task.py:244} INFO - Poking for tasks ['dbt_test'] in dag dag_dbt_transform on 2026-03-02T03:00:00+00:00 ... 
[2026-03-03T03:57:05.025+0000] {external_task.py:244} INFO - Poking for tasks ['dbt_test'] in dag dag_dbt_transform on 2026-03-02T03:00:00+00:00 ... 
[2026-03-03T03:58:05.055+0000] {external_task.py:244} INFO - Poking for tasks ['dbt_test'] in dag dag_dbt_transform on 2026-03-02T03:00:00+00:00 ... 
[2026-03-03T03:59:05.086+0000] {external_task.py:244} INFO - Poking for tasks ['dbt_test'] in dag dag_dbt_transform on 2026-03-02T03:00:00+00:00 ... 
[2026-03-03T04:00:05.129+0000] {external_task.py:244} INFO - Poking for tasks ['dbt_test'] in dag dag_dbt_transform on 2026-03-02T03:00:00+00:00 ... 
[2026-03-03T04:00:05.189+0000] {taskinstance.py:2698} ERROR - Task failed with exception
Traceback (most recent call last):
  File "/home/airflow/.local/lib/python3.11/site-packages/airflow/models/taskinstance.py", line 433, in _execute_task
    result = execute_callable(context=context, **execute_callable_kwargs)
             ^^^^^^^^^^^^^^^^^^^^^^^^^^^^^^^^^^^^^^^^^^^^^^^^^^^^^^^^^^^^
  File "/home/airflow/.local/lib/python3.11/site-packages/airflow/sensors/external_task.py", line 334, in execute
    super().execute(context)
  File "/home/airflow/.local/lib/python3.11/site-packages/airflow/sensors/base.py", line 282, in execute
    raise AirflowSensorTimeout(message)
airflow.exceptions.AirflowSensorTimeout: Sensor has timed out; run duration of 3603.6374013500026 seconds exceeds the specified timeout of 3600.0.
[2026-03-03T04:00:05.214+0000] {taskinstance.py:1138} INFO - Immediate failure requested. Marking task as FAILED. dag_id=dag_data_quality, task_id=wait_for_transform, execution_date=20260302T030000, start_date=20260303T030001, end_date=20260303T040005
[2026-03-03T04:00:05.254+0000] {standard_task_runner.py:107} ERROR - Failed to execute job 55 for task wait_for_transform (Sensor has timed out; run duration of 3603.6374013500026 seconds exceeds the specified timeout of 3600.0.; 10857)
[2026-03-03T04:00:05.299+0000] {local_task_job_runner.py:234} INFO - Task exited with return code 1
[2026-03-03T04:00:05.370+0000] {taskinstance.py:3280} INFO - 0 downstream tasks scheduled from follow-on schedule check
