[2026-03-03T13:13:27.153+0000] {taskinstance.py:1956} INFO - Dependencies all met for dep_context=non-requeueable deps ti=<TaskInstance: dag_dbt_transform.dbt_debug manual__2026-03-03T11:34:59+00:00 [queued]>
[2026-03-03T13:13:27.218+0000] {taskinstance.py:1956} INFO - Dependencies all met for dep_context=requeueable deps ti=<TaskInstance: dag_dbt_transform.dbt_debug manual__2026-03-03T11:34:59+00:00 [queued]>
[2026-03-03T13:13:27.224+0000] {taskinstance.py:2170} INFO - Starting attempt 2 of 3
[2026-03-03T13:13:27.312+0000] {taskinstance.py:2191} INFO - Executing <Task(BashOperator): dbt_debug> on 2026-03-03 11:34:59+00:00
[2026-03-03T13:13:27.325+0000] {standard_task_runner.py:60} INFO - Started process 1155 to run task
[2026-03-03T13:13:27.342+0000] {standard_task_runner.py:87} INFO - Running: ['***', 'tasks', 'run', 'dag_dbt_transform', 'dbt_debug', 'manual__2026-03-03T11:34:59+00:00', '--job-id', '222', '--raw', '--subdir', 'DAGS_FOLDER/dag_dbt_transform.py', '--cfg-path', '/tmp/tmp0nlo9m2u']
[2026-03-03T13:13:27.371+0000] {standard_task_runner.py:88} INFO - Job 222: Subtask dbt_debug
[2026-03-03T13:13:27.726+0000] {task_command.py:423} INFO - Running <TaskInstance: dag_dbt_transform.dbt_debug manual__2026-03-03T11:34:59+00:00 [running]> on host 353218a5daef
[2026-03-03T13:13:28.348+0000] {taskinstance.py:2480} INFO - Exporting env vars: AIRFLOW_CTX_DAG_OWNER='de_team' AIRFLOW_CTX_DAG_ID='dag_dbt_transform' AIRFLOW_CTX_TASK_ID='dbt_debug' AIRFLOW_CTX_EXECUTION_DATE='2026-03-03T11:34:59+00:00' AIRFLOW_CTX_TRY_NUMBER='2' AIRFLOW_CTX_DAG_RUN_ID='manual__2026-03-03T11:34:59+00:00'
[2026-03-03T13:13:28.358+0000] {subprocess.py:63} INFO - Tmp dir root location: /tmp
[2026-03-03T13:13:28.362+0000] {subprocess.py:75} INFO - Running command: ['/usr/bin/bash', '-c', 'cd /opt/***/dbt && dbt debug --profiles-dir /opt/***/dbt --project-dir /opt/***/dbt || true']
[2026-03-03T13:13:28.399+0000] {subprocess.py:86} INFO - Output:
[2026-03-03T13:13:41.591+0000] {subprocess.py:93} INFO - [0m13:13:41  Running with dbt=1.11.6
[2026-03-03T13:13:41.631+0000] {subprocess.py:93} INFO - [0m13:13:41  dbt version: 1.11.6
[2026-03-03T13:13:41.645+0000] {subprocess.py:93} INFO - [0m13:13:41  python version: 3.11.8
[2026-03-03T13:13:41.658+0000] {subprocess.py:93} INFO - [0m13:13:41  python path: /usr/local/bin/python
[2026-03-03T13:13:41.681+0000] {subprocess.py:93} INFO - [0m13:13:41  os info: Linux-6.10.14-linuxkit-aarch64-with-glibc2.36
[2026-03-03T13:13:42.242+0000] {subprocess.py:93} INFO - [0m13:13:42  Using profiles dir at /opt/***/dbt
[2026-03-03T13:13:42.267+0000] {subprocess.py:93} INFO - [0m13:13:42  Using profiles.yml file at /opt/***/dbt/profiles.yml
[2026-03-03T13:13:42.301+0000] {subprocess.py:93} INFO - [0m13:13:42  Using dbt_project.yml file at /opt/***/dbt/dbt_project.yml
[2026-03-03T13:13:42.319+0000] {subprocess.py:93} INFO - [0m13:13:42  adapter type: clickhouse
[2026-03-03T13:13:42.339+0000] {subprocess.py:93} INFO - [0m13:13:42  adapter version: 1.10.0
[2026-03-03T13:13:42.990+0000] {subprocess.py:93} INFO - [0m13:13:42  Configuration:
[2026-03-03T13:13:42.992+0000] {subprocess.py:93} INFO - [0m13:13:42    profiles.yml file [[32mOK found and valid[0m]
[2026-03-03T13:13:42.997+0000] {subprocess.py:93} INFO - [0m13:13:42    dbt_project.yml file [[32mOK found and valid[0m]
[2026-03-03T13:13:43.008+0000] {subprocess.py:93} INFO - [0m13:13:43  Required dependencies:
[2026-03-03T13:13:43.015+0000] {subprocess.py:93} INFO - [0m13:13:43   - git [[31mERROR[0m]
[2026-03-03T13:13:43.016+0000] {subprocess.py:93} INFO - 
[2026-03-03T13:13:43.021+0000] {subprocess.py:93} INFO - [0m13:13:43  Connection:
[2026-03-03T13:13:43.033+0000] {subprocess.py:93} INFO - [0m13:13:43    driver: None
[2026-03-03T13:13:43.042+0000] {subprocess.py:93} INFO - [0m13:13:43    host: clickhouse_olap
[2026-03-03T13:13:43.084+0000] {subprocess.py:93} INFO - [0m13:13:43    port: 8123
[2026-03-03T13:13:43.111+0000] {subprocess.py:93} INFO - [0m13:13:43    user: default
[2026-03-03T13:13:43.119+0000] {subprocess.py:93} INFO - [0m13:13:43    schema: staging
[2026-03-03T13:13:43.141+0000] {subprocess.py:93} INFO - [0m13:13:43    retries: 1
[2026-03-03T13:13:43.144+0000] {subprocess.py:93} INFO - [0m13:13:43    cluster: None
[2026-03-03T13:13:43.149+0000] {subprocess.py:93} INFO - [0m13:13:43    database_engine: None
[2026-03-03T13:13:43.160+0000] {subprocess.py:93} INFO - [0m13:13:43    cluster_mode: False
[2026-03-03T13:13:43.162+0000] {subprocess.py:93} INFO - [0m13:13:43    secure: False
[2026-03-03T13:13:43.167+0000] {subprocess.py:93} INFO - [0m13:13:43    verify: True
[2026-03-03T13:13:43.173+0000] {subprocess.py:93} INFO - [0m13:13:43    client_cert: None
[2026-03-03T13:13:43.175+0000] {subprocess.py:93} INFO - [0m13:13:43    client_cert_key: None
[2026-03-03T13:13:43.178+0000] {subprocess.py:93} INFO - [0m13:13:43    connect_timeout: 10
[2026-03-03T13:13:43.181+0000] {subprocess.py:93} INFO - [0m13:13:43    send_receive_timeout: 300
[2026-03-03T13:13:43.183+0000] {subprocess.py:93} INFO - [0m13:13:43    sync_request_timeout: 5
[2026-03-03T13:13:43.185+0000] {subprocess.py:93} INFO - [0m13:13:43    compress_block_size: 1048576
[2026-03-03T13:13:43.190+0000] {subprocess.py:93} INFO - [0m13:13:43    compression:
[2026-03-03T13:13:43.192+0000] {subprocess.py:93} INFO - [0m13:13:43    check_exchange: True
[2026-03-03T13:13:43.195+0000] {subprocess.py:93} INFO - [0m13:13:43    custom_settings: None
[2026-03-03T13:13:43.199+0000] {subprocess.py:93} INFO - [0m13:13:43    use_lw_deletes: False
[2026-03-03T13:13:43.201+0000] {subprocess.py:93} INFO - [0m13:13:43    allow_automatic_deduplication: False
[2026-03-03T13:13:43.207+0000] {subprocess.py:93} INFO - [0m13:13:43    tcp_keepalive: False
[2026-03-03T13:13:43.214+0000] {subprocess.py:93} INFO - [0m13:13:43  Registered adapter: clickhouse=1.10.0
[2026-03-03T13:13:46.976+0000] {subprocess.py:93} INFO - [0m13:13:46    Connection test: [[32mOK connection ok[0m]
[2026-03-03T13:13:47.059+0000] {subprocess.py:93} INFO - 
[2026-03-03T13:13:47.064+0000] {subprocess.py:93} INFO - [0m13:13:46  [31m1 check failed:[0m
[2026-03-03T13:13:47.134+0000] {subprocess.py:93} INFO - [0m13:13:46  Error from git --help: User does not have permissions for this command: "git"
[2026-03-03T13:13:47.151+0000] {subprocess.py:93} INFO - 
[2026-03-03T13:13:54.174+0000] {subprocess.py:97} INFO - Command exited with return code 0
[2026-03-03T13:13:54.651+0000] {taskinstance.py:1138} INFO - Marking task as SUCCESS. dag_id=dag_dbt_transform, task_id=dbt_debug, execution_date=20260303T113459, start_date=20260303T131327, end_date=20260303T131354
[2026-03-03T13:13:54.810+0000] {local_task_job_runner.py:234} INFO - Task exited with return code 0
[2026-03-03T13:13:55.195+0000] {taskinstance.py:3280} INFO - 1 downstream tasks scheduled from follow-on schedule check
