[2026-03-03T12:15:48.380+0000] {taskinstance.py:1956} INFO - Dependencies all met for dep_context=non-requeueable deps ti=<TaskInstance: dag_dbt_transform.dbt_run_reports manual__2026-03-03T12:14:52+00:00 [queued]>
[2026-03-03T12:15:48.386+0000] {taskinstance.py:1956} INFO - Dependencies all met for dep_context=requeueable deps ti=<TaskInstance: dag_dbt_transform.dbt_run_reports manual__2026-03-03T12:14:52+00:00 [queued]>
[2026-03-03T12:15:48.386+0000] {taskinstance.py:2170} INFO - Starting attempt 1 of 2
[2026-03-03T12:15:48.402+0000] {taskinstance.py:2191} INFO - Executing <Task(BashOperator): dbt_run_reports> on 2026-03-03 12:14:52+00:00
[2026-03-03T12:15:48.406+0000] {standard_task_runner.py:60} INFO - Started process 455 to run task
[2026-03-03T12:15:48.409+0000] {standard_task_runner.py:87} INFO - Running: ['***', 'tasks', 'run', 'dag_dbt_transform', 'dbt_run_reports', 'manual__2026-03-03T12:14:52+00:00', '--job-id', '144', '--raw', '--subdir', 'DAGS_FOLDER/dag_dbt_transform.py', '--cfg-path', '/tmp/tmp1uwwnbn4']
[2026-03-03T12:15:48.411+0000] {standard_task_runner.py:88} INFO - Job 144: Subtask dbt_run_reports
[2026-03-03T12:15:48.460+0000] {task_command.py:423} INFO - Running <TaskInstance: dag_dbt_transform.dbt_run_reports manual__2026-03-03T12:14:52+00:00 [running]> on host c4473bd42d91
[2026-03-03T12:15:48.532+0000] {taskinstance.py:2480} INFO - Exporting env vars: AIRFLOW_CTX_DAG_OWNER='de_team' AIRFLOW_CTX_DAG_ID='dag_dbt_transform' AIRFLOW_CTX_TASK_ID='dbt_run_reports' AIRFLOW_CTX_EXECUTION_DATE='2026-03-03T12:14:52+00:00' AIRFLOW_CTX_TRY_NUMBER='1' AIRFLOW_CTX_DAG_RUN_ID='manual__2026-03-03T12:14:52+00:00'
[2026-03-03T12:15:48.533+0000] {subprocess.py:63} INFO - Tmp dir root location: /tmp
[2026-03-03T12:15:48.534+0000] {subprocess.py:75} INFO - Running command: ['/usr/bin/bash', '-c', 'cd /opt/***/dbt && dbt run --select reports --profiles-dir /opt/***/dbt --project-dir /opt/***/dbt']
[2026-03-03T12:15:48.542+0000] {subprocess.py:86} INFO - Output:
[2026-03-03T12:15:50.299+0000] {subprocess.py:93} INFO - [0m12:15:50  Running with dbt=1.11.6
[2026-03-03T12:15:50.506+0000] {subprocess.py:93} INFO - [0m12:15:50  Registered adapter: clickhouse=1.10.0
[2026-03-03T12:15:51.037+0000] {subprocess.py:93} INFO - [0m12:15:51  Found 12 models, 32 data tests, 6 sources, 523 macros
[2026-03-03T12:15:51.042+0000] {subprocess.py:93} INFO - [0m12:15:51
[2026-03-03T12:15:51.043+0000] {subprocess.py:93} INFO - [0m12:15:51  Concurrency: 4 threads (target='dev')
[2026-03-03T12:15:51.044+0000] {subprocess.py:93} INFO - [0m12:15:51
[2026-03-03T12:15:51.988+0000] {subprocess.py:93} INFO - [0m12:15:51  1 of 3 START sql table model `staging_analytics`.`rpt_daily_revenue` ........... [RUN]
[2026-03-03T12:15:51.990+0000] {subprocess.py:93} INFO - [0m12:15:51  2 of 3 START sql table model `staging_analytics`.`rpt_product_performance` ..... [RUN]
[2026-03-03T12:15:51.990+0000] {subprocess.py:93} INFO - [0m12:15:51  3 of 3 START sql table model `staging_analytics`.`rpt_seller_ranking` .......... [RUN]
[2026-03-03T12:15:52.477+0000] {subprocess.py:93} INFO - [0m12:15:52  2 of 3 OK created sql table model `staging_analytics`.`rpt_product_performance`  [[32mOK[0m in 0.48s]
[2026-03-03T12:15:52.480+0000] {subprocess.py:93} INFO - [0m12:15:52  1 of 3 OK created sql table model `staging_analytics`.`rpt_daily_revenue` ...... [[32mOK[0m in 0.48s]
[2026-03-03T12:15:52.521+0000] {subprocess.py:93} INFO - [0m12:15:52  3 of 3 OK created sql table model `staging_analytics`.`rpt_seller_ranking` ..... [[32mOK[0m in 0.53s]
[2026-03-03T12:15:52.535+0000] {subprocess.py:93} INFO - [0m12:15:52
[2026-03-03T12:15:52.537+0000] {subprocess.py:93} INFO - [0m12:15:52  Finished running 3 table models in 0 hours 0 minutes and 1.49 seconds (1.49s).
[2026-03-03T12:15:52.640+0000] {subprocess.py:93} INFO - [0m12:15:52
[2026-03-03T12:15:52.642+0000] {subprocess.py:93} INFO - [0m12:15:52  [32mCompleted successfully[0m
[2026-03-03T12:15:52.643+0000] {subprocess.py:93} INFO - [0m12:15:52
[2026-03-03T12:15:52.644+0000] {subprocess.py:93} INFO - [0m12:15:52  Done. PASS=3 WARN=0 ERROR=0 SKIP=0 NO-OP=0 TOTAL=3
[2026-03-03T12:15:54.531+0000] {subprocess.py:97} INFO - Command exited with return code 0
[2026-03-03T12:15:54.621+0000] {taskinstance.py:1138} INFO - Marking task as SUCCESS. dag_id=dag_dbt_transform, task_id=dbt_run_reports, execution_date=20260303T121452, start_date=20260303T121548, end_date=20260303T121554
[2026-03-03T12:15:54.706+0000] {local_task_job_runner.py:234} INFO - Task exited with return code 0
[2026-03-03T12:15:54.865+0000] {taskinstance.py:3280} INFO - 1 downstream tasks scheduled from follow-on schedule check
