[2026-03-03T11:35:08.874+0000] {taskinstance.py:1956} INFO - Dependencies all met for dep_context=non-requeueable deps ti=<TaskInstance: dag_ingest_daily.load_to_staging manual__2026-03-03T11:34:59+00:00 [queued]>
[2026-03-03T11:35:08.883+0000] {taskinstance.py:1956} INFO - Dependencies all met for dep_context=requeueable deps ti=<TaskInstance: dag_ingest_daily.load_to_staging manual__2026-03-03T11:34:59+00:00 [queued]>
[2026-03-03T11:35:08.883+0000] {taskinstance.py:2170} INFO - Starting attempt 1 of 3
[2026-03-03T11:35:08.911+0000] {taskinstance.py:2191} INFO - Executing <Task(PythonOperator): load_to_staging> on 2026-03-03 11:34:59+00:00
[2026-03-03T11:35:08.922+0000] {standard_task_runner.py:60} INFO - Started process 9361 to run task
[2026-03-03T11:35:08.934+0000] {standard_task_runner.py:87} INFO - Running: ['***', 'tasks', 'run', 'dag_ingest_daily', 'load_to_staging', 'manual__2026-03-03T11:34:59+00:00', '--job-id', '84', '--raw', '--subdir', 'DAGS_FOLDER/dag_ingest_daily.py', '--cfg-path', '/tmp/tmpchlprbpq']
[2026-03-03T11:35:08.944+0000] {standard_task_runner.py:88} INFO - Job 84: Subtask load_to_staging
[2026-03-03T11:35:09.179+0000] {task_command.py:423} INFO - Running <TaskInstance: dag_ingest_daily.load_to_staging manual__2026-03-03T11:34:59+00:00 [running]> on host eccf479b3cda
[2026-03-03T11:35:09.313+0000] {taskinstance.py:2480} INFO - Exporting env vars: AIRFLOW_CTX_DAG_OWNER='de_team' AIRFLOW_CTX_DAG_ID='dag_ingest_daily' AIRFLOW_CTX_TASK_ID='load_to_staging' AIRFLOW_CTX_EXECUTION_DATE='2026-03-03T11:34:59+00:00' AIRFLOW_CTX_TRY_NUMBER='1' AIRFLOW_CTX_DAG_RUN_ID='manual__2026-03-03T11:34:59+00:00'
[2026-03-03T11:35:10.984+0000] {loader.py:39} INFO - StagingLoader connected to staging@clickhouse_olap
[2026-03-03T11:35:10.985+0000] {loader.py:86} INFO - === Loading to staging (exec_date=2026-03-03) ===
[2026-03-03T11:35:10.999+0000] {loader.py:55} INFO -   Truncated staging.stg_users
[2026-03-03T11:35:11.044+0000] {loader.py:82} INFO -   ✅ Loaded 500 rows → staging.stg_users
[2026-03-03T11:35:11.062+0000] {loader.py:55} INFO -   Truncated staging.stg_sellers
[2026-03-03T11:35:11.074+0000] {loader.py:82} INFO -   ✅ Loaded 50 rows → staging.stg_sellers
[2026-03-03T11:35:11.082+0000] {loader.py:55} INFO -   Truncated staging.stg_products
[2026-03-03T11:35:11.094+0000] {loader.py:82} INFO -   ✅ Loaded 200 rows → staging.stg_products
[2026-03-03T11:35:11.104+0000] {loader.py:55} INFO -   Truncated staging.stg_categories
[2026-03-03T11:35:11.129+0000] {loader.py:82} INFO -   ✅ Loaded 10 rows → staging.stg_categories
[2026-03-03T11:35:11.130+0000] {loader.py:89} INFO - === Staging load complete ===
[2026-03-03T11:35:11.132+0000] {logging_mixin.py:188} INFO - ✅ Staging load complete
[2026-03-03T11:35:11.134+0000] {python.py:201} INFO - Done. Returned value was: None
[2026-03-03T11:35:11.166+0000] {taskinstance.py:1138} INFO - Marking task as SUCCESS. dag_id=dag_ingest_daily, task_id=load_to_staging, execution_date=20260303T113459, start_date=20260303T113508, end_date=20260303T113511
[2026-03-03T11:35:11.213+0000] {local_task_job_runner.py:234} INFO - Task exited with return code 0
[2026-03-03T11:35:11.253+0000] {taskinstance.py:3280} INFO - 0 downstream tasks scheduled from follow-on schedule check
