[2026-03-03T13:12:16.029+0000] {taskinstance.py:1956} INFO - Dependencies all met for dep_context=non-requeueable deps ti=<TaskInstance: dag_ingest_daily.load_to_staging manual__2026-03-03T11:34:59+00:00 [queued]>
[2026-03-03T13:12:16.102+0000] {taskinstance.py:1956} INFO - Dependencies all met for dep_context=requeueable deps ti=<TaskInstance: dag_ingest_daily.load_to_staging manual__2026-03-03T11:34:59+00:00 [queued]>
[2026-03-03T13:12:16.109+0000] {taskinstance.py:2170} INFO - Starting attempt 2 of 4
[2026-03-03T13:12:16.422+0000] {taskinstance.py:2191} INFO - Executing <Task(PythonOperator): load_to_staging> on 2026-03-03 11:34:59+00:00
[2026-03-03T13:12:16.833+0000] {standard_task_runner.py:87} INFO - Running: ['***', 'tasks', 'run', 'dag_ingest_daily', 'load_to_staging', 'manual__2026-03-03T11:34:59+00:00', '--job-id', '197', '--raw', '--subdir', 'DAGS_FOLDER/dag_ingest_daily.py', '--cfg-path', '/tmp/tmpwq7n0cyl']
[2026-03-03T13:12:16.857+0000] {standard_task_runner.py:88} INFO - Job 197: Subtask load_to_staging
[2026-03-03T13:12:16.912+0000] {standard_task_runner.py:60} INFO - Started process 784 to run task
[2026-03-03T13:12:18.438+0000] {task_command.py:423} INFO - Running <TaskInstance: dag_ingest_daily.load_to_staging manual__2026-03-03T11:34:59+00:00 [running]> on host 353218a5daef
[2026-03-03T13:12:20.712+0000] {taskinstance.py:2480} INFO - Exporting env vars: AIRFLOW_CTX_DAG_OWNER='de_team' AIRFLOW_CTX_DAG_ID='dag_ingest_daily' AIRFLOW_CTX_TASK_ID='load_to_staging' AIRFLOW_CTX_EXECUTION_DATE='2026-03-03T11:34:59+00:00' AIRFLOW_CTX_TRY_NUMBER='2' AIRFLOW_CTX_DAG_RUN_ID='manual__2026-03-03T11:34:59+00:00'
[2026-03-03T13:12:29.959+0000] {loader.py:39} INFO - StagingLoader connected to staging@clickhouse_olap
[2026-03-03T13:12:29.976+0000] {loader.py:86} INFO - === Loading to staging (exec_date=2026-03-03) ===
[2026-03-03T13:12:30.300+0000] {loader.py:55} INFO -   Truncated staging.stg_users
[2026-03-03T13:12:30.552+0000] {loader.py:82} INFO -   ✅ Loaded 500 rows → staging.stg_users
[2026-03-03T13:12:31.007+0000] {loader.py:55} INFO -   Truncated staging.stg_sellers
[2026-03-03T13:12:31.416+0000] {loader.py:82} INFO -   ✅ Loaded 50 rows → staging.stg_sellers
[2026-03-03T13:12:31.466+0000] {loader.py:55} INFO -   Truncated staging.stg_products
[2026-03-03T13:12:31.643+0000] {loader.py:82} INFO -   ✅ Loaded 200 rows → staging.stg_products
[2026-03-03T13:12:31.803+0000] {loader.py:55} INFO -   Truncated staging.stg_categories
[2026-03-03T13:12:32.170+0000] {loader.py:82} INFO -   ✅ Loaded 10 rows → staging.stg_categories
[2026-03-03T13:12:32.185+0000] {loader.py:89} INFO - === Staging load complete ===
[2026-03-03T13:12:32.209+0000] {logging_mixin.py:188} INFO - ✅ Staging load complete
[2026-03-03T13:12:32.303+0000] {python.py:201} INFO - Done. Returned value was: None
[2026-03-03T13:12:32.861+0000] {taskinstance.py:1138} INFO - Marking task as SUCCESS. dag_id=dag_ingest_daily, task_id=load_to_staging, execution_date=20260303T113459, start_date=20260303T131216, end_date=20260303T131232
[2026-03-03T13:12:38.392+0000] {local_task_job_runner.py:234} INFO - Task exited with return code 0
[2026-03-03T13:12:38.983+0000] {taskinstance.py:3280} INFO - 0 downstream tasks scheduled from follow-on schedule check
