[2026-03-03T13:12:14.247+0000] {taskinstance.py:1956} INFO - Dependencies all met for dep_context=non-requeueable deps ti=<TaskInstance: dag_ingest_daily.load_to_staging scheduled__2026-02-28T01:00:00+00:00 [queued]>
[2026-03-03T13:12:14.392+0000] {taskinstance.py:1956} INFO - Dependencies all met for dep_context=requeueable deps ti=<TaskInstance: dag_ingest_daily.load_to_staging scheduled__2026-02-28T01:00:00+00:00 [queued]>
[2026-03-03T13:12:14.393+0000] {taskinstance.py:2170} INFO - Starting attempt 4 of 6
[2026-03-03T13:12:16.156+0000] {taskinstance.py:2191} INFO - Executing <Task(PythonOperator): load_to_staging> on 2026-02-28 01:00:00+00:00
[2026-03-03T13:12:16.561+0000] {standard_task_runner.py:60} INFO - Started process 782 to run task
[2026-03-03T13:12:16.608+0000] {standard_task_runner.py:87} INFO - Running: ['***', 'tasks', 'run', 'dag_ingest_daily', 'load_to_staging', 'scheduled__2026-02-28T01:00:00+00:00', '--job-id', '187', '--raw', '--subdir', 'DAGS_FOLDER/dag_ingest_daily.py', '--cfg-path', '/tmp/tmpxj38x3rg']
[2026-03-03T13:12:16.847+0000] {standard_task_runner.py:88} INFO - Job 187: Subtask load_to_staging
[2026-03-03T13:12:18.642+0000] {task_command.py:423} INFO - Running <TaskInstance: dag_ingest_daily.load_to_staging scheduled__2026-02-28T01:00:00+00:00 [running]> on host 353218a5daef
[2026-03-03T13:12:21.357+0000] {taskinstance.py:2480} INFO - Exporting env vars: AIRFLOW_CTX_DAG_OWNER='de_team' AIRFLOW_CTX_DAG_ID='dag_ingest_daily' AIRFLOW_CTX_TASK_ID='load_to_staging' AIRFLOW_CTX_EXECUTION_DATE='2026-02-28T01:00:00+00:00' AIRFLOW_CTX_TRY_NUMBER='4' AIRFLOW_CTX_DAG_RUN_ID='scheduled__2026-02-28T01:00:00+00:00'
[2026-03-03T13:12:30.613+0000] {loader.py:39} INFO - StagingLoader connected to staging@clickhouse_olap
[2026-03-03T13:12:30.616+0000] {loader.py:86} INFO - === Loading to staging (exec_date=2026-02-28) ===
[2026-03-03T13:12:30.681+0000] {loader.py:55} INFO -   Truncated staging.stg_users
[2026-03-03T13:12:30.905+0000] {loader.py:82} INFO -   ✅ Loaded 500 rows → staging.stg_users
[2026-03-03T13:12:30.982+0000] {loader.py:55} INFO -   Truncated staging.stg_sellers
[2026-03-03T13:12:31.583+0000] {loader.py:82} INFO -   ✅ Loaded 50 rows → staging.stg_sellers
[2026-03-03T13:12:31.872+0000] {loader.py:55} INFO -   Truncated staging.stg_products
[2026-03-03T13:12:32.242+0000] {loader.py:82} INFO -   ✅ Loaded 200 rows → staging.stg_products
[2026-03-03T13:12:32.398+0000] {loader.py:55} INFO -   Truncated staging.stg_categories
[2026-03-03T13:12:32.838+0000] {loader.py:82} INFO -   ✅ Loaded 10 rows → staging.stg_categories
[2026-03-03T13:12:32.961+0000] {loader.py:82} INFO -   ✅ Loaded 9 rows → staging.stg_orders
[2026-03-03T13:12:33.649+0000] {loader.py:82} INFO -   ✅ Loaded 14 rows → staging.stg_order_items
[2026-03-03T13:12:33.655+0000] {loader.py:89} INFO - === Staging load complete ===
[2026-03-03T13:12:33.687+0000] {logging_mixin.py:188} INFO - ✅ Staging load complete
[2026-03-03T13:12:33.816+0000] {python.py:201} INFO - Done. Returned value was: None
[2026-03-03T13:12:34.126+0000] {taskinstance.py:1138} INFO - Marking task as SUCCESS. dag_id=dag_ingest_daily, task_id=load_to_staging, execution_date=20260228T010000, start_date=20260303T131214, end_date=20260303T131234
[2026-03-03T13:12:38.000+0000] {local_task_job_runner.py:234} INFO - Task exited with return code 0
[2026-03-03T13:12:39.456+0000] {taskinstance.py:3280} INFO - 0 downstream tasks scheduled from follow-on schedule check
