[2026-03-01T01:56:13.782+0000] {taskinstance.py:1956} INFO - Dependencies all met for dep_context=non-requeueable deps ti=<TaskInstance: dag_ingest_daily.load_to_staging scheduled__2026-02-28T01:00:00+00:00 [queued]>
[2026-03-01T01:56:13.808+0000] {taskinstance.py:1956} INFO - Dependencies all met for dep_context=requeueable deps ti=<TaskInstance: dag_ingest_daily.load_to_staging scheduled__2026-02-28T01:00:00+00:00 [queued]>
[2026-03-01T01:56:13.811+0000] {taskinstance.py:2170} INFO - Starting attempt 3 of 3
[2026-03-01T01:56:13.859+0000] {taskinstance.py:2191} INFO - Executing <Task(PythonOperator): load_to_staging> on 2026-02-28 01:00:00+00:00
[2026-03-01T01:56:13.880+0000] {standard_task_runner.py:60} INFO - Started process 7127 to run task
[2026-03-01T01:56:13.894+0000] {standard_task_runner.py:87} INFO - Running: ['***', 'tasks', 'run', 'dag_ingest_daily', 'load_to_staging', 'scheduled__2026-02-28T01:00:00+00:00', '--job-id', '28', '--raw', '--subdir', 'DAGS_FOLDER/dag_ingest_daily.py', '--cfg-path', '/tmp/tmp592xxapa']
[2026-03-01T01:56:13.913+0000] {standard_task_runner.py:88} INFO - Job 28: Subtask load_to_staging
[2026-03-01T01:56:14.116+0000] {task_command.py:423} INFO - Running <TaskInstance: dag_ingest_daily.load_to_staging scheduled__2026-02-28T01:00:00+00:00 [running]> on host bf83715ed995
[2026-03-01T01:56:14.386+0000] {taskinstance.py:2480} INFO - Exporting env vars: AIRFLOW_CTX_DAG_OWNER='de_team' AIRFLOW_CTX_DAG_ID='dag_ingest_daily' AIRFLOW_CTX_TASK_ID='load_to_staging' AIRFLOW_CTX_EXECUTION_DATE='2026-02-28T01:00:00+00:00' AIRFLOW_CTX_TRY_NUMBER='3' AIRFLOW_CTX_DAG_RUN_ID='scheduled__2026-02-28T01:00:00+00:00'
[2026-03-01T01:56:14.778+0000] {taskinstance.py:2698} ERROR - Task failed with exception
Traceback (most recent call last):
  File "/home/airflow/.local/lib/python3.11/site-packages/airflow/models/taskinstance.py", line 433, in _execute_task
    result = execute_callable(context=context, **execute_callable_kwargs)
             ^^^^^^^^^^^^^^^^^^^^^^^^^^^^^^^^^^^^^^^^^^^^^^^^^^^^^^^^^^^^
  File "/home/airflow/.local/lib/python3.11/site-packages/airflow/operators/python.py", line 199, in execute
    return_value = self.execute_callable()
                   ^^^^^^^^^^^^^^^^^^^^^^^
  File "/home/airflow/.local/lib/python3.11/site-packages/airflow/operators/python.py", line 216, in execute_callable
    return self.python_callable(*self.op_args, **self.op_kwargs)
           ^^^^^^^^^^^^^^^^^^^^^^^^^^^^^^^^^^^^^^^^^^^^^^^^^^^^^
  File "/opt/airflow/dags/dag_ingest_daily.py", line 105, in load_to_staging
    from ingestion.loader import StagingLoader
  File "/opt/airflow/ingestion/loader.py", line 13, in <module>
    import clickhouse_connect
ModuleNotFoundError: No module named 'clickhouse_connect'
[2026-03-01T01:56:14.794+0000] {taskinstance.py:1138} INFO - Marking task as FAILED. dag_id=dag_ingest_daily, task_id=load_to_staging, execution_date=20260228T010000, start_date=20260301T015613, end_date=20260301T015614
[2026-03-01T01:56:14.806+0000] {standard_task_runner.py:107} ERROR - Failed to execute job 28 for task load_to_staging (No module named 'clickhouse_connect'; 7127)
[2026-03-01T01:56:14.827+0000] {local_task_job_runner.py:234} INFO - Task exited with return code 1
[2026-03-01T01:56:14.857+0000] {taskinstance.py:3280} INFO - 0 downstream tasks scheduled from follow-on schedule check
