[2026-03-03T12:08:58.591+0000] {taskinstance.py:1956} INFO - Dependencies all met for dep_context=non-requeueable deps ti=<TaskInstance: dag_dbt_transform.dbt_debug manual__2026-03-03T12:08:21+00:00 [queued]>
[2026-03-03T12:08:58.600+0000] {taskinstance.py:1956} INFO - Dependencies all met for dep_context=requeueable deps ti=<TaskInstance: dag_dbt_transform.dbt_debug manual__2026-03-03T12:08:21+00:00 [queued]>
[2026-03-03T12:08:58.601+0000] {taskinstance.py:2170} INFO - Starting attempt 1 of 2
[2026-03-03T12:08:58.611+0000] {taskinstance.py:2191} INFO - Executing <Task(BashOperator): dbt_debug> on 2026-03-03 12:08:21+00:00
[2026-03-03T12:08:58.614+0000] {standard_task_runner.py:60} INFO - Started process 680 to run task
[2026-03-03T12:08:58.617+0000] {standard_task_runner.py:87} INFO - Running: ['***', 'tasks', 'run', 'dag_dbt_transform', 'dbt_debug', 'manual__2026-03-03T12:08:21+00:00', '--job-id', '122', '--raw', '--subdir', 'DAGS_FOLDER/dag_dbt_transform.py', '--cfg-path', '/tmp/tmprzthngoe']
[2026-03-03T12:08:58.619+0000] {standard_task_runner.py:88} INFO - Job 122: Subtask dbt_debug
[2026-03-03T12:08:58.674+0000] {task_command.py:423} INFO - Running <TaskInstance: dag_dbt_transform.dbt_debug manual__2026-03-03T12:08:21+00:00 [running]> on host 858cd869c16e
[2026-03-03T12:08:58.802+0000] {taskinstance.py:2480} INFO - Exporting env vars: AIRFLOW_CTX_DAG_OWNER='de_team' AIRFLOW_CTX_DAG_ID='dag_dbt_transform' AIRFLOW_CTX_TASK_ID='dbt_debug' AIRFLOW_CTX_EXECUTION_DATE='2026-03-03T12:08:21+00:00' AIRFLOW_CTX_TRY_NUMBER='1' AIRFLOW_CTX_DAG_RUN_ID='manual__2026-03-03T12:08:21+00:00'
[2026-03-03T12:08:58.804+0000] {subprocess.py:63} INFO - Tmp dir root location: /tmp
[2026-03-03T12:08:58.805+0000] {subprocess.py:75} INFO - Running command: ['/usr/bin/bash', '-c', 'cd /opt/***/dbt && dbt debug --profiles-dir /opt/***/dbt --project-dir /opt/***/dbt || true']
[2026-03-03T12:08:58.813+0000] {subprocess.py:86} INFO - Output:
[2026-03-03T12:09:01.342+0000] {subprocess.py:93} INFO - [0m12:09:01  Running with dbt=1.11.6
[2026-03-03T12:09:01.356+0000] {subprocess.py:93} INFO - [0m12:09:01  dbt version: 1.11.6
[2026-03-03T12:09:01.357+0000] {subprocess.py:93} INFO - [0m12:09:01  python version: 3.11.8
[2026-03-03T12:09:01.357+0000] {subprocess.py:93} INFO - [0m12:09:01  python path: /usr/local/bin/python
[2026-03-03T12:09:01.358+0000] {subprocess.py:93} INFO - [0m12:09:01  os info: Linux-6.10.14-linuxkit-aarch64-with-glibc2.36
[2026-03-03T12:09:01.444+0000] {subprocess.py:93} INFO - [0m12:09:01  Using profiles dir at /opt/***/dbt
[2026-03-03T12:09:01.444+0000] {subprocess.py:93} INFO - [0m12:09:01  Using profiles.yml file at /opt/***/dbt/profiles.yml
[2026-03-03T12:09:01.445+0000] {subprocess.py:93} INFO - [0m12:09:01  Using dbt_project.yml file at /opt/***/dbt/dbt_project.yml
[2026-03-03T12:09:01.446+0000] {subprocess.py:93} INFO - [0m12:09:01  adapter type: clickhouse
[2026-03-03T12:09:01.447+0000] {subprocess.py:93} INFO - [0m12:09:01  adapter version: 1.10.0
[2026-03-03T12:09:01.546+0000] {subprocess.py:93} INFO - [0m12:09:01  Configuration:
[2026-03-03T12:09:01.548+0000] {subprocess.py:93} INFO - [0m12:09:01    profiles.yml file [[32mOK found and valid[0m]
[2026-03-03T12:09:01.549+0000] {subprocess.py:93} INFO - [0m12:09:01    dbt_project.yml file [[32mOK found and valid[0m]
[2026-03-03T12:09:01.550+0000] {subprocess.py:93} INFO - [0m12:09:01  Required dependencies:
[2026-03-03T12:09:01.554+0000] {subprocess.py:93} INFO - [0m12:09:01   - git [[31mERROR[0m]
[2026-03-03T12:09:01.555+0000] {subprocess.py:93} INFO - 
[2026-03-03T12:09:01.556+0000] {subprocess.py:93} INFO - [0m12:09:01  Connection:
[2026-03-03T12:09:01.557+0000] {subprocess.py:93} INFO - [0m12:09:01    driver: None
[2026-03-03T12:09:01.558+0000] {subprocess.py:93} INFO - [0m12:09:01    host: clickhouse_olap
[2026-03-03T12:09:01.559+0000] {subprocess.py:93} INFO - [0m12:09:01    port: 8123
[2026-03-03T12:09:01.560+0000] {subprocess.py:93} INFO - [0m12:09:01    user: default
[2026-03-03T12:09:01.561+0000] {subprocess.py:93} INFO - [0m12:09:01    schema: staging
[2026-03-03T12:09:01.562+0000] {subprocess.py:93} INFO - [0m12:09:01    retries: 1
[2026-03-03T12:09:01.563+0000] {subprocess.py:93} INFO - [0m12:09:01    cluster: None
[2026-03-03T12:09:01.563+0000] {subprocess.py:93} INFO - [0m12:09:01    database_engine: None
[2026-03-03T12:09:01.564+0000] {subprocess.py:93} INFO - [0m12:09:01    cluster_mode: False
[2026-03-03T12:09:01.565+0000] {subprocess.py:93} INFO - [0m12:09:01    secure: False
[2026-03-03T12:09:01.565+0000] {subprocess.py:93} INFO - [0m12:09:01    verify: True
[2026-03-03T12:09:01.566+0000] {subprocess.py:93} INFO - [0m12:09:01    client_cert: None
[2026-03-03T12:09:01.567+0000] {subprocess.py:93} INFO - [0m12:09:01    client_cert_key: None
[2026-03-03T12:09:01.568+0000] {subprocess.py:93} INFO - [0m12:09:01    connect_timeout: 10
[2026-03-03T12:09:01.569+0000] {subprocess.py:93} INFO - [0m12:09:01    send_receive_timeout: 300
[2026-03-03T12:09:01.569+0000] {subprocess.py:93} INFO - [0m12:09:01    sync_request_timeout: 5
[2026-03-03T12:09:01.570+0000] {subprocess.py:93} INFO - [0m12:09:01    compress_block_size: 1048576
[2026-03-03T12:09:01.571+0000] {subprocess.py:93} INFO - [0m12:09:01    compression:
[2026-03-03T12:09:01.572+0000] {subprocess.py:93} INFO - [0m12:09:01    check_exchange: True
[2026-03-03T12:09:01.572+0000] {subprocess.py:93} INFO - [0m12:09:01    custom_settings: None
[2026-03-03T12:09:01.573+0000] {subprocess.py:93} INFO - [0m12:09:01    use_lw_deletes: False
[2026-03-03T12:09:01.574+0000] {subprocess.py:93} INFO - [0m12:09:01    allow_automatic_deduplication: False
[2026-03-03T12:09:01.579+0000] {subprocess.py:93} INFO - [0m12:09:01    tcp_keepalive: False
[2026-03-03T12:09:01.581+0000] {subprocess.py:93} INFO - [0m12:09:01  Registered adapter: clickhouse=1.10.0
[2026-03-03T12:09:02.229+0000] {subprocess.py:93} INFO - [0m12:09:02    Connection test: [[32mOK connection ok[0m]
[2026-03-03T12:09:02.229+0000] {subprocess.py:93} INFO - 
[2026-03-03T12:09:02.229+0000] {subprocess.py:93} INFO - [0m12:09:02  [31m1 check failed:[0m
[2026-03-03T12:09:02.230+0000] {subprocess.py:93} INFO - [0m12:09:02  Error from git --help: User does not have permissions for this command: "git"
[2026-03-03T12:09:02.230+0000] {subprocess.py:93} INFO - 
[2026-03-03T12:09:03.724+0000] {subprocess.py:97} INFO - Command exited with return code 0
[2026-03-03T12:09:03.801+0000] {taskinstance.py:1138} INFO - Marking task as SUCCESS. dag_id=dag_dbt_transform, task_id=dbt_debug, execution_date=20260303T120821, start_date=20260303T120858, end_date=20260303T120903
[2026-03-03T12:09:03.838+0000] {local_task_job_runner.py:234} INFO - Task exited with return code 0
[2026-03-03T12:09:03.879+0000] {taskinstance.py:3280} INFO - 1 downstream tasks scheduled from follow-on schedule check
