[2026-03-03T13:13:27.057+0000] {taskinstance.py:1956} INFO - Dependencies all met for dep_context=non-requeueable deps ti=<TaskInstance: dag_dbt_transform.dbt_debug manual__2026-03-03T12:08:21+00:00 [queued]>
[2026-03-03T13:13:27.101+0000] {taskinstance.py:1956} INFO - Dependencies all met for dep_context=requeueable deps ti=<TaskInstance: dag_dbt_transform.dbt_debug manual__2026-03-03T12:08:21+00:00 [queued]>
[2026-03-03T13:13:27.102+0000] {taskinstance.py:2170} INFO - Starting attempt 2 of 3
[2026-03-03T13:13:27.145+0000] {taskinstance.py:2191} INFO - Executing <Task(BashOperator): dbt_debug> on 2026-03-03 12:08:21+00:00
[2026-03-03T13:13:27.190+0000] {standard_task_runner.py:60} INFO - Started process 1152 to run task
[2026-03-03T13:13:27.214+0000] {standard_task_runner.py:87} INFO - Running: ['***', 'tasks', 'run', 'dag_dbt_transform', 'dbt_debug', 'manual__2026-03-03T12:08:21+00:00', '--job-id', '220', '--raw', '--subdir', 'DAGS_FOLDER/dag_dbt_transform.py', '--cfg-path', '/tmp/tmp337lgkdi']
[2026-03-03T13:13:27.239+0000] {standard_task_runner.py:88} INFO - Job 220: Subtask dbt_debug
[2026-03-03T13:13:27.679+0000] {task_command.py:423} INFO - Running <TaskInstance: dag_dbt_transform.dbt_debug manual__2026-03-03T12:08:21+00:00 [running]> on host 353218a5daef
[2026-03-03T13:13:28.227+0000] {taskinstance.py:2480} INFO - Exporting env vars: AIRFLOW_CTX_DAG_OWNER='de_team' AIRFLOW_CTX_DAG_ID='dag_dbt_transform' AIRFLOW_CTX_TASK_ID='dbt_debug' AIRFLOW_CTX_EXECUTION_DATE='2026-03-03T12:08:21+00:00' AIRFLOW_CTX_TRY_NUMBER='2' AIRFLOW_CTX_DAG_RUN_ID='manual__2026-03-03T12:08:21+00:00'
[2026-03-03T13:13:28.240+0000] {subprocess.py:63} INFO - Tmp dir root location: /tmp
[2026-03-03T13:13:28.246+0000] {subprocess.py:75} INFO - Running command: ['/usr/bin/bash', '-c', 'cd /opt/***/dbt && dbt debug --profiles-dir /opt/***/dbt --project-dir /opt/***/dbt || true']
[2026-03-03T13:13:28.312+0000] {subprocess.py:86} INFO - Output:
[2026-03-03T13:13:41.616+0000] {subprocess.py:93} INFO - [0m13:13:41  Running with dbt=1.11.6
[2026-03-03T13:13:41.746+0000] {subprocess.py:93} INFO - [0m13:13:41  dbt version: 1.11.6
[2026-03-03T13:13:41.761+0000] {subprocess.py:93} INFO - [0m13:13:41  python version: 3.11.8
[2026-03-03T13:13:41.767+0000] {subprocess.py:93} INFO - [0m13:13:41  python path: /usr/local/bin/python
[2026-03-03T13:13:41.807+0000] {subprocess.py:93} INFO - [0m13:13:41  os info: Linux-6.10.14-linuxkit-aarch64-with-glibc2.36
[2026-03-03T13:13:42.582+0000] {subprocess.py:93} INFO - [0m13:13:42  Using profiles dir at /opt/***/dbt
[2026-03-03T13:13:42.608+0000] {subprocess.py:93} INFO - [0m13:13:42  Using profiles.yml file at /opt/***/dbt/profiles.yml
[2026-03-03T13:13:42.625+0000] {subprocess.py:93} INFO - [0m13:13:42  Using dbt_project.yml file at /opt/***/dbt/dbt_project.yml
[2026-03-03T13:13:42.633+0000] {subprocess.py:93} INFO - [0m13:13:42  adapter type: clickhouse
[2026-03-03T13:13:42.635+0000] {subprocess.py:93} INFO - [0m13:13:42  adapter version: 1.10.0
[2026-03-03T13:13:43.012+0000] {subprocess.py:93} INFO - [0m13:13:43  Configuration:
[2026-03-03T13:13:43.015+0000] {subprocess.py:93} INFO - [0m13:13:43    profiles.yml file [[32mOK found and valid[0m]
[2026-03-03T13:13:43.016+0000] {subprocess.py:93} INFO - [0m13:13:43    dbt_project.yml file [[32mOK found and valid[0m]
[2026-03-03T13:13:43.030+0000] {subprocess.py:93} INFO - [0m13:13:43  Required dependencies:
[2026-03-03T13:13:43.049+0000] {subprocess.py:93} INFO - [0m13:13:43   - git [[31mERROR[0m]
[2026-03-03T13:13:43.065+0000] {subprocess.py:93} INFO - 
[2026-03-03T13:13:43.075+0000] {subprocess.py:93} INFO - [0m13:13:43  Connection:
[2026-03-03T13:13:43.100+0000] {subprocess.py:93} INFO - [0m13:13:43    driver: None
[2026-03-03T13:13:43.135+0000] {subprocess.py:93} INFO - [0m13:13:43    host: clickhouse_olap
[2026-03-03T13:13:43.144+0000] {subprocess.py:93} INFO - [0m13:13:43    port: 8123
[2026-03-03T13:13:43.147+0000] {subprocess.py:93} INFO - [0m13:13:43    user: default
[2026-03-03T13:13:43.157+0000] {subprocess.py:93} INFO - [0m13:13:43    schema: staging
[2026-03-03T13:13:43.163+0000] {subprocess.py:93} INFO - [0m13:13:43    retries: 1
[2026-03-03T13:13:43.167+0000] {subprocess.py:93} INFO - [0m13:13:43    cluster: None
[2026-03-03T13:13:43.170+0000] {subprocess.py:93} INFO - [0m13:13:43    database_engine: None
[2026-03-03T13:13:43.173+0000] {subprocess.py:93} INFO - [0m13:13:43    cluster_mode: False
[2026-03-03T13:13:43.177+0000] {subprocess.py:93} INFO - [0m13:13:43    secure: False
[2026-03-03T13:13:43.182+0000] {subprocess.py:93} INFO - [0m13:13:43    verify: True
[2026-03-03T13:13:43.191+0000] {subprocess.py:93} INFO - [0m13:13:43    client_cert: None
[2026-03-03T13:13:43.192+0000] {subprocess.py:93} INFO - [0m13:13:43    client_cert_key: None
[2026-03-03T13:13:43.193+0000] {subprocess.py:93} INFO - [0m13:13:43    connect_timeout: 10
[2026-03-03T13:13:43.195+0000] {subprocess.py:93} INFO - [0m13:13:43    send_receive_timeout: 300
[2026-03-03T13:13:43.197+0000] {subprocess.py:93} INFO - [0m13:13:43    sync_request_timeout: 5
[2026-03-03T13:13:43.199+0000] {subprocess.py:93} INFO - [0m13:13:43    compress_block_size: 1048576
[2026-03-03T13:13:43.201+0000] {subprocess.py:93} INFO - [0m13:13:43    compression:
[2026-03-03T13:13:43.204+0000] {subprocess.py:93} INFO - [0m13:13:43    check_exchange: True
[2026-03-03T13:13:43.208+0000] {subprocess.py:93} INFO - [0m13:13:43    custom_settings: None
[2026-03-03T13:13:43.216+0000] {subprocess.py:93} INFO - [0m13:13:43    use_lw_deletes: False
[2026-03-03T13:13:43.224+0000] {subprocess.py:93} INFO - [0m13:13:43    allow_automatic_deduplication: False
[2026-03-03T13:13:43.269+0000] {subprocess.py:93} INFO - [0m13:13:43    tcp_keepalive: False
[2026-03-03T13:13:43.293+0000] {subprocess.py:93} INFO - [0m13:13:43  Registered adapter: clickhouse=1.10.0
[2026-03-03T13:13:47.329+0000] {subprocess.py:93} INFO - [0m13:13:47    Connection test: [[32mOK connection ok[0m]
[2026-03-03T13:13:47.352+0000] {subprocess.py:93} INFO - 
[2026-03-03T13:13:47.367+0000] {subprocess.py:93} INFO - [0m13:13:47  [31m1 check failed:[0m
[2026-03-03T13:13:47.376+0000] {subprocess.py:93} INFO - [0m13:13:47  Error from git --help: User does not have permissions for this command: "git"
[2026-03-03T13:13:47.389+0000] {subprocess.py:93} INFO - 
[2026-03-03T13:13:54.098+0000] {subprocess.py:97} INFO - Command exited with return code 0
[2026-03-03T13:13:54.527+0000] {taskinstance.py:1138} INFO - Marking task as SUCCESS. dag_id=dag_dbt_transform, task_id=dbt_debug, execution_date=20260303T120821, start_date=20260303T131327, end_date=20260303T131354
[2026-03-03T13:13:54.782+0000] {local_task_job_runner.py:234} INFO - Task exited with return code 0
[2026-03-03T13:13:55.228+0000] {taskinstance.py:3280} INFO - 1 downstream tasks scheduled from follow-on schedule check
