[2026-03-03T13:16:01.829+0000] {taskinstance.py:1956} INFO - Dependencies all met for dep_context=non-requeueable deps ti=<TaskInstance: dag_data_quality.wait_for_transform manual__2026-03-03T11:54:10+00:00 [queued]>
[2026-03-03T13:16:01.875+0000] {taskinstance.py:1956} INFO - Dependencies all met for dep_context=requeueable deps ti=<TaskInstance: dag_data_quality.wait_for_transform manual__2026-03-03T11:54:10+00:00 [queued]>
[2026-03-03T13:16:01.902+0000] {taskinstance.py:2170} INFO - Starting attempt 2 of 2
[2026-03-03T13:16:02.242+0000] {taskinstance.py:2191} INFO - Executing <Task(ExternalTaskSensor): wait_for_transform> on 2026-03-03 11:54:10+00:00
[2026-03-03T13:16:02.271+0000] {standard_task_runner.py:60} INFO - Started process 1663 to run task
[2026-03-03T13:16:02.307+0000] {standard_task_runner.py:87} INFO - Running: ['***', 'tasks', 'run', 'dag_data_quality', 'wait_for_transform', 'manual__2026-03-03T11:54:10+00:00', '--job-id', '240', '--raw', '--subdir', 'DAGS_FOLDER/dag_data_quality.py', '--cfg-path', '/tmp/tmpxzob5yfk']
[2026-03-03T13:16:02.319+0000] {standard_task_runner.py:88} INFO - Job 240: Subtask wait_for_transform
[2026-03-03T13:16:03.086+0000] {task_command.py:423} INFO - Running <TaskInstance: dag_data_quality.wait_for_transform manual__2026-03-03T11:54:10+00:00 [running]> on host 353218a5daef
[2026-03-03T13:16:04.230+0000] {taskinstance.py:2480} INFO - Exporting env vars: AIRFLOW_CTX_DAG_OWNER='de_team' AIRFLOW_CTX_DAG_ID='dag_data_quality' AIRFLOW_CTX_TASK_ID='wait_for_transform' AIRFLOW_CTX_EXECUTION_DATE='2026-03-03T11:54:10+00:00' AIRFLOW_CTX_TRY_NUMBER='2' AIRFLOW_CTX_DAG_RUN_ID='manual__2026-03-03T11:54:10+00:00'
[2026-03-03T13:16:04.245+0000] {external_task.py:244} INFO - Poking for tasks ['dbt_test'] in dag dag_dbt_transform on 2026-03-03T11:54:10+00:00 ... 
[2026-03-03T13:17:04.410+0000] {external_task.py:244} INFO - Poking for tasks ['dbt_test'] in dag dag_dbt_transform on 2026-03-03T11:54:10+00:00 ... 
[2026-03-03T13:18:04.504+0000] {external_task.py:244} INFO - Poking for tasks ['dbt_test'] in dag dag_dbt_transform on 2026-03-03T11:54:10+00:00 ... 
[2026-03-03T13:19:04.651+0000] {external_task.py:244} INFO - Poking for tasks ['dbt_test'] in dag dag_dbt_transform on 2026-03-03T11:54:10+00:00 ... 
[2026-03-03T13:20:04.722+0000] {external_task.py:244} INFO - Poking for tasks ['dbt_test'] in dag dag_dbt_transform on 2026-03-03T11:54:10+00:00 ... 
[2026-03-03T13:21:04.879+0000] {external_task.py:244} INFO - Poking for tasks ['dbt_test'] in dag dag_dbt_transform on 2026-03-03T11:54:10+00:00 ... 
[2026-03-03T13:22:04.912+0000] {external_task.py:244} INFO - Poking for tasks ['dbt_test'] in dag dag_dbt_transform on 2026-03-03T11:54:10+00:00 ... 
[2026-03-03T13:23:04.966+0000] {external_task.py:244} INFO - Poking for tasks ['dbt_test'] in dag dag_dbt_transform on 2026-03-03T11:54:10+00:00 ... 
[2026-03-03T13:24:05.022+0000] {external_task.py:244} INFO - Poking for tasks ['dbt_test'] in dag dag_dbt_transform on 2026-03-03T11:54:10+00:00 ... 
[2026-03-03T13:25:05.057+0000] {external_task.py:244} INFO - Poking for tasks ['dbt_test'] in dag dag_dbt_transform on 2026-03-03T11:54:10+00:00 ... 
[2026-03-03T13:26:05.106+0000] {external_task.py:244} INFO - Poking for tasks ['dbt_test'] in dag dag_dbt_transform on 2026-03-03T11:54:10+00:00 ... 
[2026-03-03T13:27:05.222+0000] {external_task.py:244} INFO - Poking for tasks ['dbt_test'] in dag dag_dbt_transform on 2026-03-03T11:54:10+00:00 ... 
[2026-03-03T13:28:05.267+0000] {external_task.py:244} INFO - Poking for tasks ['dbt_test'] in dag dag_dbt_transform on 2026-03-03T11:54:10+00:00 ... 
[2026-03-03T13:29:05.328+0000] {external_task.py:244} INFO - Poking for tasks ['dbt_test'] in dag dag_dbt_transform on 2026-03-03T11:54:10+00:00 ... 
[2026-03-03T13:30:05.378+0000] {external_task.py:244} INFO - Poking for tasks ['dbt_test'] in dag dag_dbt_transform on 2026-03-03T11:54:10+00:00 ... 
[2026-03-03T13:31:05.416+0000] {external_task.py:244} INFO - Poking for tasks ['dbt_test'] in dag dag_dbt_transform on 2026-03-03T11:54:10+00:00 ... 
[2026-03-03T13:32:05.462+0000] {external_task.py:244} INFO - Poking for tasks ['dbt_test'] in dag dag_dbt_transform on 2026-03-03T11:54:10+00:00 ... 
[2026-03-03T13:33:05.532+0000] {external_task.py:244} INFO - Poking for tasks ['dbt_test'] in dag dag_dbt_transform on 2026-03-03T11:54:10+00:00 ... 
[2026-03-03T13:34:05.631+0000] {external_task.py:244} INFO - Poking for tasks ['dbt_test'] in dag dag_dbt_transform on 2026-03-03T11:54:10+00:00 ... 
[2026-03-03T13:35:05.693+0000] {external_task.py:244} INFO - Poking for tasks ['dbt_test'] in dag dag_dbt_transform on 2026-03-03T11:54:10+00:00 ... 
[2026-03-03T13:36:05.783+0000] {external_task.py:244} INFO - Poking for tasks ['dbt_test'] in dag dag_dbt_transform on 2026-03-03T11:54:10+00:00 ... 
[2026-03-03T13:37:05.856+0000] {external_task.py:244} INFO - Poking for tasks ['dbt_test'] in dag dag_dbt_transform on 2026-03-03T11:54:10+00:00 ... 
[2026-03-03T13:38:05.904+0000] {external_task.py:244} INFO - Poking for tasks ['dbt_test'] in dag dag_dbt_transform on 2026-03-03T11:54:10+00:00 ... 
[2026-03-03T13:39:06.058+0000] {external_task.py:244} INFO - Poking for tasks ['dbt_test'] in dag dag_dbt_transform on 2026-03-03T11:54:10+00:00 ... 
[2026-03-03T13:40:06.096+0000] {external_task.py:244} INFO - Poking for tasks ['dbt_test'] in dag dag_dbt_transform on 2026-03-03T11:54:10+00:00 ... 
[2026-03-03T13:41:06.192+0000] {external_task.py:244} INFO - Poking for tasks ['dbt_test'] in dag dag_dbt_transform on 2026-03-03T11:54:10+00:00 ... 
[2026-03-03T13:42:06.272+0000] {external_task.py:244} INFO - Poking for tasks ['dbt_test'] in dag dag_dbt_transform on 2026-03-03T11:54:10+00:00 ... 
[2026-03-03T13:43:06.317+0000] {external_task.py:244} INFO - Poking for tasks ['dbt_test'] in dag dag_dbt_transform on 2026-03-03T11:54:10+00:00 ... 
[2026-03-03T13:44:06.428+0000] {external_task.py:244} INFO - Poking for tasks ['dbt_test'] in dag dag_dbt_transform on 2026-03-03T11:54:10+00:00 ... 
[2026-03-03T13:45:06.479+0000] {external_task.py:244} INFO - Poking for tasks ['dbt_test'] in dag dag_dbt_transform on 2026-03-03T11:54:10+00:00 ... 
[2026-03-03T13:46:06.553+0000] {external_task.py:244} INFO - Poking for tasks ['dbt_test'] in dag dag_dbt_transform on 2026-03-03T11:54:10+00:00 ... 
[2026-03-03T13:47:06.657+0000] {external_task.py:244} INFO - Poking for tasks ['dbt_test'] in dag dag_dbt_transform on 2026-03-03T11:54:10+00:00 ... 
[2026-03-03T13:48:06.752+0000] {external_task.py:244} INFO - Poking for tasks ['dbt_test'] in dag dag_dbt_transform on 2026-03-03T11:54:10+00:00 ... 
[2026-03-03T13:49:06.801+0000] {external_task.py:244} INFO - Poking for tasks ['dbt_test'] in dag dag_dbt_transform on 2026-03-03T11:54:10+00:00 ... 
[2026-03-03T13:50:06.907+0000] {external_task.py:244} INFO - Poking for tasks ['dbt_test'] in dag dag_dbt_transform on 2026-03-03T11:54:10+00:00 ... 
[2026-03-03T13:51:06.994+0000] {external_task.py:244} INFO - Poking for tasks ['dbt_test'] in dag dag_dbt_transform on 2026-03-03T11:54:10+00:00 ... 
[2026-03-03T13:52:07.036+0000] {external_task.py:244} INFO - Poking for tasks ['dbt_test'] in dag dag_dbt_transform on 2026-03-03T11:54:10+00:00 ... 
[2026-03-03T13:53:07.096+0000] {external_task.py:244} INFO - Poking for tasks ['dbt_test'] in dag dag_dbt_transform on 2026-03-03T11:54:10+00:00 ... 
[2026-03-03T13:54:07.157+0000] {external_task.py:244} INFO - Poking for tasks ['dbt_test'] in dag dag_dbt_transform on 2026-03-03T11:54:10+00:00 ... 
[2026-03-03T13:55:07.222+0000] {external_task.py:244} INFO - Poking for tasks ['dbt_test'] in dag dag_dbt_transform on 2026-03-03T11:54:10+00:00 ... 
[2026-03-03T13:56:07.277+0000] {external_task.py:244} INFO - Poking for tasks ['dbt_test'] in dag dag_dbt_transform on 2026-03-03T11:54:10+00:00 ... 
[2026-03-03T13:57:07.411+0000] {external_task.py:244} INFO - Poking for tasks ['dbt_test'] in dag dag_dbt_transform on 2026-03-03T11:54:10+00:00 ... 
[2026-03-03T13:58:07.483+0000] {external_task.py:244} INFO - Poking for tasks ['dbt_test'] in dag dag_dbt_transform on 2026-03-03T11:54:10+00:00 ... 
[2026-03-03T13:59:07.551+0000] {external_task.py:244} INFO - Poking for tasks ['dbt_test'] in dag dag_dbt_transform on 2026-03-03T11:54:10+00:00 ... 
[2026-03-03T14:00:07.638+0000] {external_task.py:244} INFO - Poking for tasks ['dbt_test'] in dag dag_dbt_transform on 2026-03-03T11:54:10+00:00 ... 
[2026-03-03T14:01:07.678+0000] {external_task.py:244} INFO - Poking for tasks ['dbt_test'] in dag dag_dbt_transform on 2026-03-03T11:54:10+00:00 ... 
[2026-03-03T14:02:07.724+0000] {external_task.py:244} INFO - Poking for tasks ['dbt_test'] in dag dag_dbt_transform on 2026-03-03T11:54:10+00:00 ... 
[2026-03-03T14:03:07.784+0000] {external_task.py:244} INFO - Poking for tasks ['dbt_test'] in dag dag_dbt_transform on 2026-03-03T11:54:10+00:00 ... 
[2026-03-03T14:04:07.849+0000] {external_task.py:244} INFO - Poking for tasks ['dbt_test'] in dag dag_dbt_transform on 2026-03-03T11:54:10+00:00 ... 
[2026-03-03T14:05:07.906+0000] {external_task.py:244} INFO - Poking for tasks ['dbt_test'] in dag dag_dbt_transform on 2026-03-03T11:54:10+00:00 ... 
[2026-03-03T14:06:07.946+0000] {external_task.py:244} INFO - Poking for tasks ['dbt_test'] in dag dag_dbt_transform on 2026-03-03T11:54:10+00:00 ... 
[2026-03-03T14:07:07.987+0000] {external_task.py:244} INFO - Poking for tasks ['dbt_test'] in dag dag_dbt_transform on 2026-03-03T11:54:10+00:00 ... 
[2026-03-03T14:08:08.028+0000] {external_task.py:244} INFO - Poking for tasks ['dbt_test'] in dag dag_dbt_transform on 2026-03-03T11:54:10+00:00 ... 
[2026-03-03T14:09:08.074+0000] {external_task.py:244} INFO - Poking for tasks ['dbt_test'] in dag dag_dbt_transform on 2026-03-03T11:54:10+00:00 ... 
[2026-03-03T14:10:08.104+0000] {external_task.py:244} INFO - Poking for tasks ['dbt_test'] in dag dag_dbt_transform on 2026-03-03T11:54:10+00:00 ... 
[2026-03-03T14:11:08.173+0000] {external_task.py:244} INFO - Poking for tasks ['dbt_test'] in dag dag_dbt_transform on 2026-03-03T11:54:10+00:00 ... 
[2026-03-03T14:12:08.230+0000] {external_task.py:244} INFO - Poking for tasks ['dbt_test'] in dag dag_dbt_transform on 2026-03-03T11:54:10+00:00 ... 
[2026-03-03T14:13:08.267+0000] {external_task.py:244} INFO - Poking for tasks ['dbt_test'] in dag dag_dbt_transform on 2026-03-03T11:54:10+00:00 ... 
[2026-03-03T14:14:08.299+0000] {external_task.py:244} INFO - Poking for tasks ['dbt_test'] in dag dag_dbt_transform on 2026-03-03T11:54:10+00:00 ... 
[2026-03-03T14:15:08.357+0000] {external_task.py:244} INFO - Poking for tasks ['dbt_test'] in dag dag_dbt_transform on 2026-03-03T11:54:10+00:00 ... 
[2026-03-03T14:16:08.414+0000] {external_task.py:244} INFO - Poking for tasks ['dbt_test'] in dag dag_dbt_transform on 2026-03-03T11:54:10+00:00 ... 
[2026-03-03T14:16:08.454+0000] {taskinstance.py:2698} ERROR - Task failed with exception
Traceback (most recent call last):
  File "/home/airflow/.local/lib/python3.11/site-packages/airflow/models/taskinstance.py", line 433, in _execute_task
    result = execute_callable(context=context, **execute_callable_kwargs)
             ^^^^^^^^^^^^^^^^^^^^^^^^^^^^^^^^^^^^^^^^^^^^^^^^^^^^^^^^^^^^
  File "/home/airflow/.local/lib/python3.11/site-packages/airflow/sensors/external_task.py", line 334, in execute
    super().execute(context)
  File "/home/airflow/.local/lib/python3.11/site-packages/airflow/sensors/base.py", line 282, in execute
    raise AirflowSensorTimeout(message)
airflow.exceptions.AirflowSensorTimeout: Sensor has timed out; run duration of 3604.204612935995 seconds exceeds the specified timeout of 3600.0.
[2026-03-03T14:16:08.474+0000] {taskinstance.py:1138} INFO - Immediate failure requested. Marking task as FAILED. dag_id=dag_data_quality, task_id=wait_for_transform, execution_date=20260303T115410, start_date=20260303T131601, end_date=20260303T141608
[2026-03-03T14:16:08.503+0000] {standard_task_runner.py:107} ERROR - Failed to execute job 240 for task wait_for_transform (Sensor has timed out; run duration of 3604.204612935995 seconds exceeds the specified timeout of 3600.0.; 1663)
[2026-03-03T14:16:08.558+0000] {local_task_job_runner.py:234} INFO - Task exited with return code 1
[2026-03-03T14:16:08.626+0000] {taskinstance.py:3280} INFO - 0 downstream tasks scheduled from follow-on schedule check
