[2026-03-03T14:40:27.165+0000] {taskinstance.py:1956} INFO - Dependencies all met for dep_context=non-requeueable deps ti=<TaskInstance: dag_dbt_transform.dbt_run_reports manual__2026-03-03T11:06:56+00:00 [queued]>
[2026-03-03T14:40:27.187+0000] {taskinstance.py:1956} INFO - Dependencies all met for dep_context=requeueable deps ti=<TaskInstance: dag_dbt_transform.dbt_run_reports manual__2026-03-03T11:06:56+00:00 [queued]>
[2026-03-03T14:40:27.189+0000] {taskinstance.py:2170} INFO - Starting attempt 1 of 2
[2026-03-03T14:40:27.256+0000] {taskinstance.py:2191} INFO - Executing <Task(BashOperator): dbt_run_reports> on 2026-03-03 11:06:56+00:00
[2026-03-03T14:40:27.278+0000] {standard_task_runner.py:60} INFO - Started process 4386 to run task
[2026-03-03T14:40:27.286+0000] {standard_task_runner.py:87} INFO - Running: ['***', 'tasks', 'run', 'dag_dbt_transform', 'dbt_run_reports', 'manual__2026-03-03T11:06:56+00:00', '--job-id', '253', '--raw', '--subdir', 'DAGS_FOLDER/dag_dbt_transform.py', '--cfg-path', '/tmp/tmpbkukr42q']
[2026-03-03T14:40:27.294+0000] {standard_task_runner.py:88} INFO - Job 253: Subtask dbt_run_reports
[2026-03-03T14:40:27.436+0000] {task_command.py:423} INFO - Running <TaskInstance: dag_dbt_transform.dbt_run_reports manual__2026-03-03T11:06:56+00:00 [running]> on host 353218a5daef
[2026-03-03T14:40:27.651+0000] {taskinstance.py:2480} INFO - Exporting env vars: AIRFLOW_CTX_DAG_OWNER='de_team' AIRFLOW_CTX_DAG_ID='dag_dbt_transform' AIRFLOW_CTX_TASK_ID='dbt_run_reports' AIRFLOW_CTX_EXECUTION_DATE='2026-03-03T11:06:56+00:00' AIRFLOW_CTX_TRY_NUMBER='1' AIRFLOW_CTX_DAG_RUN_ID='manual__2026-03-03T11:06:56+00:00'
[2026-03-03T14:40:27.654+0000] {subprocess.py:63} INFO - Tmp dir root location: /tmp
[2026-03-03T14:40:27.661+0000] {subprocess.py:75} INFO - Running command: ['/usr/bin/bash', '-c', 'cd /opt/***/dbt && dbt run --select reports --profiles-dir /opt/***/dbt --project-dir /opt/***/dbt']
[2026-03-03T14:40:27.691+0000] {subprocess.py:86} INFO - Output:
[2026-03-03T14:40:32.408+0000] {subprocess.py:93} INFO - [0m14:40:32  Running with dbt=1.11.6
[2026-03-03T14:40:33.078+0000] {subprocess.py:93} INFO - [0m14:40:33  Registered adapter: clickhouse=1.10.0
[2026-03-03T14:40:35.223+0000] {subprocess.py:93} INFO - [0m14:40:35  Found 12 models, 32 data tests, 6 sources, 523 macros
[2026-03-03T14:40:35.252+0000] {subprocess.py:93} INFO - [0m14:40:35
[2026-03-03T14:40:35.255+0000] {subprocess.py:93} INFO - [0m14:40:35  Concurrency: 4 threads (target='dev')
[2026-03-03T14:40:35.263+0000] {subprocess.py:93} INFO - [0m14:40:35
[2026-03-03T14:40:39.921+0000] {subprocess.py:93} INFO - [0m14:40:39  1 of 3 START sql table model `staging_analytics`.`rpt_daily_revenue` ........... [RUN]
[2026-03-03T14:40:39.948+0000] {subprocess.py:93} INFO - [0m14:40:39  2 of 3 START sql table model `staging_analytics`.`rpt_product_performance` ..... [RUN]
[2026-03-03T14:40:39.954+0000] {subprocess.py:93} INFO - [0m14:40:39  3 of 3 START sql table model `staging_analytics`.`rpt_seller_ranking` .......... [RUN]
[2026-03-03T14:40:42.471+0000] {subprocess.py:93} INFO - [0m14:40:42  1 of 3 OK created sql table model `staging_analytics`.`rpt_daily_revenue` ...... [[32mOK[0m in 2.50s]
[2026-03-03T14:40:42.485+0000] {subprocess.py:93} INFO - [0m14:40:42  2 of 3 OK created sql table model `staging_analytics`.`rpt_product_performance`  [[32mOK[0m in 2.50s]
[2026-03-03T14:40:42.492+0000] {subprocess.py:93} INFO - [0m14:40:42  3 of 3 OK created sql table model `staging_analytics`.`rpt_seller_ranking` ..... [[32mOK[0m in 2.57s]
[2026-03-03T14:40:42.543+0000] {subprocess.py:93} INFO - [0m14:40:42
[2026-03-03T14:40:42.545+0000] {subprocess.py:93} INFO - [0m14:40:42  Finished running 3 table models in 0 hours 0 minutes and 7.28 seconds (7.28s).
[2026-03-03T14:40:42.723+0000] {subprocess.py:93} INFO - [0m14:40:42
[2026-03-03T14:40:42.724+0000] {subprocess.py:93} INFO - [0m14:40:42  [32mCompleted successfully[0m
[2026-03-03T14:40:42.725+0000] {subprocess.py:93} INFO - [0m14:40:42
[2026-03-03T14:40:42.726+0000] {subprocess.py:93} INFO - [0m14:40:42  Done. PASS=3 WARN=0 ERROR=0 SKIP=0 NO-OP=0 TOTAL=3
[2026-03-03T14:40:46.805+0000] {subprocess.py:97} INFO - Command exited with return code 0
[2026-03-03T14:40:47.083+0000] {taskinstance.py:1138} INFO - Marking task as SUCCESS. dag_id=dag_dbt_transform, task_id=dbt_run_reports, execution_date=20260303T110656, start_date=20260303T144027, end_date=20260303T144047
[2026-03-03T14:40:47.148+0000] {local_task_job_runner.py:234} INFO - Task exited with return code 0
[2026-03-03T14:40:47.258+0000] {taskinstance.py:3280} INFO - 0 downstream tasks scheduled from follow-on schedule check
