[2026-03-03T12:02:08.529+0000] {taskinstance.py:1956} INFO - Dependencies all met for dep_context=non-requeueable deps ti=<TaskInstance: dag_data_quality.wait_for_transform manual__2026-03-03T12:02:07.341633+00:00 [queued]>
[2026-03-03T12:02:08.545+0000] {taskinstance.py:1956} INFO - Dependencies all met for dep_context=requeueable deps ti=<TaskInstance: dag_data_quality.wait_for_transform manual__2026-03-03T12:02:07.341633+00:00 [queued]>
[2026-03-03T12:02:08.546+0000] {taskinstance.py:2170} INFO - Starting attempt 1 of 1
[2026-03-03T12:02:08.564+0000] {taskinstance.py:2191} INFO - Executing <Task(ExternalTaskSensor): wait_for_transform> on 2026-03-03 12:02:07.341633+00:00
[2026-03-03T12:02:08.572+0000] {standard_task_runner.py:60} INFO - Started process 211 to run task
[2026-03-03T12:02:08.603+0000] {standard_task_runner.py:87} INFO - Running: ['***', 'tasks', 'run', 'dag_data_quality', 'wait_for_transform', 'manual__2026-03-03T12:02:07.341633+00:00', '--job-id', '106', '--raw', '--subdir', 'DAGS_FOLDER/dag_data_quality.py', '--cfg-path', '/tmp/tmpc4mep8kt']
[2026-03-03T12:02:08.610+0000] {standard_task_runner.py:88} INFO - Job 106: Subtask wait_for_transform
[2026-03-03T12:02:08.716+0000] {task_command.py:423} INFO - Running <TaskInstance: dag_data_quality.wait_for_transform manual__2026-03-03T12:02:07.341633+00:00 [running]> on host 858cd869c16e
[2026-03-03T12:02:08.839+0000] {taskinstance.py:2480} INFO - Exporting env vars: AIRFLOW_CTX_DAG_OWNER='de_team' AIRFLOW_CTX_DAG_ID='dag_data_quality' AIRFLOW_CTX_TASK_ID='wait_for_transform' AIRFLOW_CTX_EXECUTION_DATE='2026-03-03T12:02:07.341633+00:00' AIRFLOW_CTX_TRY_NUMBER='1' AIRFLOW_CTX_DAG_RUN_ID='manual__2026-03-03T12:02:07.341633+00:00'
[2026-03-03T12:02:08.840+0000] {external_task.py:244} INFO - Poking for tasks ['dbt_test'] in dag dag_dbt_transform on 2026-03-03T12:02:07.341633+00:00 ... 
[2026-03-03T12:03:08.861+0000] {external_task.py:244} INFO - Poking for tasks ['dbt_test'] in dag dag_dbt_transform on 2026-03-03T12:02:07.341633+00:00 ... 
[2026-03-03T12:04:08.918+0000] {external_task.py:244} INFO - Poking for tasks ['dbt_test'] in dag dag_dbt_transform on 2026-03-03T12:02:07.341633+00:00 ... 
[2026-03-03T12:05:08.957+0000] {external_task.py:244} INFO - Poking for tasks ['dbt_test'] in dag dag_dbt_transform on 2026-03-03T12:02:07.341633+00:00 ... 
[2026-03-03T12:06:09.035+0000] {external_task.py:244} INFO - Poking for tasks ['dbt_test'] in dag dag_dbt_transform on 2026-03-03T12:02:07.341633+00:00 ... 
[2026-03-03T12:07:09.065+0000] {external_task.py:244} INFO - Poking for tasks ['dbt_test'] in dag dag_dbt_transform on 2026-03-03T12:02:07.341633+00:00 ... 
[2026-03-03T12:08:09.099+0000] {external_task.py:244} INFO - Poking for tasks ['dbt_test'] in dag dag_dbt_transform on 2026-03-03T12:02:07.341633+00:00 ... 
[2026-03-03T12:09:09.429+0000] {external_task.py:244} INFO - Poking for tasks ['dbt_test'] in dag dag_dbt_transform on 2026-03-03T12:02:07.341633+00:00 ... 
[2026-03-03T12:10:09.510+0000] {external_task.py:244} INFO - Poking for tasks ['dbt_test'] in dag dag_dbt_transform on 2026-03-03T12:02:07.341633+00:00 ... 
[2026-03-03T12:11:09.590+0000] {external_task.py:244} INFO - Poking for tasks ['dbt_test'] in dag dag_dbt_transform on 2026-03-03T12:02:07.341633+00:00 ... 
[2026-03-03T12:12:09.641+0000] {external_task.py:244} INFO - Poking for tasks ['dbt_test'] in dag dag_dbt_transform on 2026-03-03T12:02:07.341633+00:00 ... 
[2026-03-03T12:13:09.684+0000] {external_task.py:244} INFO - Poking for tasks ['dbt_test'] in dag dag_dbt_transform on 2026-03-03T12:02:07.341633+00:00 ... 
[2026-03-03T12:13:50.239+0000] {local_task_job_runner.py:121} ERROR - Received SIGTERM. Terminating subprocesses
[2026-03-03T12:13:50.911+0000] {process_utils.py:131} INFO - Sending 15 to group 211. PIDs of all processes in the group: [211]
[2026-03-03T12:13:50.917+0000] {process_utils.py:86} INFO - Sending the signal 15 to group 211
[2026-03-03T12:13:51.041+0000] {taskinstance.py:2450} ERROR - Received SIGTERM. Terminating subprocesses.
