[2026-03-03T12:14:28.274+0000] {taskinstance.py:1956} INFO - Dependencies all met for dep_context=non-requeueable deps ti=<TaskInstance: dag_data_quality.wait_for_transform manual__2026-03-03T12:02:07.341633+00:00 [queued]>
[2026-03-03T12:14:28.297+0000] {taskinstance.py:1956} INFO - Dependencies all met for dep_context=requeueable deps ti=<TaskInstance: dag_data_quality.wait_for_transform manual__2026-03-03T12:02:07.341633+00:00 [queued]>
[2026-03-03T12:14:28.301+0000] {taskinstance.py:2170} INFO - Starting attempt 2 of 1
[2026-03-03T12:14:28.391+0000] {taskinstance.py:2191} INFO - Executing <Task(ExternalTaskSensor): wait_for_transform> on 2026-03-03 12:02:07.341633+00:00
[2026-03-03T12:14:28.403+0000] {standard_task_runner.py:60} INFO - Started process 236 to run task
[2026-03-03T12:14:28.418+0000] {standard_task_runner.py:87} INFO - Running: ['***', 'tasks', 'run', 'dag_data_quality', 'wait_for_transform', 'manual__2026-03-03T12:02:07.341633+00:00', '--job-id', '136', '--raw', '--subdir', 'DAGS_FOLDER/dag_data_quality.py', '--cfg-path', '/tmp/tmp_0cub19q']
[2026-03-03T12:14:28.425+0000] {standard_task_runner.py:88} INFO - Job 136: Subtask wait_for_transform
[2026-03-03T12:14:28.613+0000] {task_command.py:423} INFO - Running <TaskInstance: dag_data_quality.wait_for_transform manual__2026-03-03T12:02:07.341633+00:00 [running]> on host c4473bd42d91
[2026-03-03T12:14:28.954+0000] {taskinstance.py:2480} INFO - Exporting env vars: AIRFLOW_CTX_DAG_OWNER='de_team' AIRFLOW_CTX_DAG_ID='dag_data_quality' AIRFLOW_CTX_TASK_ID='wait_for_transform' AIRFLOW_CTX_EXECUTION_DATE='2026-03-03T12:02:07.341633+00:00' AIRFLOW_CTX_TRY_NUMBER='2' AIRFLOW_CTX_DAG_RUN_ID='manual__2026-03-03T12:02:07.341633+00:00'
[2026-03-03T12:14:28.962+0000] {external_task.py:244} INFO - Poking for tasks ['dbt_test'] in dag dag_dbt_transform on 2026-03-03T12:02:07.341633+00:00 ... 
[2026-03-03T12:15:28.999+0000] {external_task.py:244} INFO - Poking for tasks ['dbt_test'] in dag dag_dbt_transform on 2026-03-03T12:02:07.341633+00:00 ... 
[2026-03-03T12:16:29.036+0000] {external_task.py:244} INFO - Poking for tasks ['dbt_test'] in dag dag_dbt_transform on 2026-03-03T12:02:07.341633+00:00 ... 
[2026-03-03T12:17:29.092+0000] {external_task.py:244} INFO - Poking for tasks ['dbt_test'] in dag dag_dbt_transform on 2026-03-03T12:02:07.341633+00:00 ... 
[2026-03-03T12:18:29.130+0000] {external_task.py:244} INFO - Poking for tasks ['dbt_test'] in dag dag_dbt_transform on 2026-03-03T12:02:07.341633+00:00 ... 
[2026-03-03T12:19:29.163+0000] {external_task.py:244} INFO - Poking for tasks ['dbt_test'] in dag dag_dbt_transform on 2026-03-03T12:02:07.341633+00:00 ... 
[2026-03-03T12:20:29.195+0000] {external_task.py:244} INFO - Poking for tasks ['dbt_test'] in dag dag_dbt_transform on 2026-03-03T12:02:07.341633+00:00 ... 
[2026-03-03T12:21:29.252+0000] {external_task.py:244} INFO - Poking for tasks ['dbt_test'] in dag dag_dbt_transform on 2026-03-03T12:02:07.341633+00:00 ... 
[2026-03-03T12:22:29.292+0000] {external_task.py:244} INFO - Poking for tasks ['dbt_test'] in dag dag_dbt_transform on 2026-03-03T12:02:07.341633+00:00 ... 
[2026-03-03T12:23:29.358+0000] {external_task.py:244} INFO - Poking for tasks ['dbt_test'] in dag dag_dbt_transform on 2026-03-03T12:02:07.341633+00:00 ... 
[2026-03-03T12:24:29.393+0000] {external_task.py:244} INFO - Poking for tasks ['dbt_test'] in dag dag_dbt_transform on 2026-03-03T12:02:07.341633+00:00 ... 
[2026-03-03T12:25:29.450+0000] {external_task.py:244} INFO - Poking for tasks ['dbt_test'] in dag dag_dbt_transform on 2026-03-03T12:02:07.341633+00:00 ... 
[2026-03-03T12:26:29.879+0000] {external_task.py:244} INFO - Poking for tasks ['dbt_test'] in dag dag_dbt_transform on 2026-03-03T12:02:07.341633+00:00 ... 
[2026-03-03T12:27:29.913+0000] {external_task.py:244} INFO - Poking for tasks ['dbt_test'] in dag dag_dbt_transform on 2026-03-03T12:02:07.341633+00:00 ... 
[2026-03-03T12:28:29.963+0000] {external_task.py:244} INFO - Poking for tasks ['dbt_test'] in dag dag_dbt_transform on 2026-03-03T12:02:07.341633+00:00 ... 
[2026-03-03T12:29:30.051+0000] {external_task.py:244} INFO - Poking for tasks ['dbt_test'] in dag dag_dbt_transform on 2026-03-03T12:02:07.341633+00:00 ... 
[2026-03-03T12:30:30.094+0000] {external_task.py:244} INFO - Poking for tasks ['dbt_test'] in dag dag_dbt_transform on 2026-03-03T12:02:07.341633+00:00 ... 
[2026-03-03T12:31:30.180+0000] {external_task.py:244} INFO - Poking for tasks ['dbt_test'] in dag dag_dbt_transform on 2026-03-03T12:02:07.341633+00:00 ... 
[2026-03-03T12:32:30.274+0000] {external_task.py:244} INFO - Poking for tasks ['dbt_test'] in dag dag_dbt_transform on 2026-03-03T12:02:07.341633+00:00 ... 
[2026-03-03T12:33:30.347+0000] {external_task.py:244} INFO - Poking for tasks ['dbt_test'] in dag dag_dbt_transform on 2026-03-03T12:02:07.341633+00:00 ... 
[2026-03-03T12:34:30.409+0000] {external_task.py:244} INFO - Poking for tasks ['dbt_test'] in dag dag_dbt_transform on 2026-03-03T12:02:07.341633+00:00 ... 
[2026-03-03T12:35:30.481+0000] {external_task.py:244} INFO - Poking for tasks ['dbt_test'] in dag dag_dbt_transform on 2026-03-03T12:02:07.341633+00:00 ... 
[2026-03-03T12:36:30.518+0000] {external_task.py:244} INFO - Poking for tasks ['dbt_test'] in dag dag_dbt_transform on 2026-03-03T12:02:07.341633+00:00 ... 
[2026-03-03T12:37:30.579+0000] {external_task.py:244} INFO - Poking for tasks ['dbt_test'] in dag dag_dbt_transform on 2026-03-03T12:02:07.341633+00:00 ... 
[2026-03-03T12:38:30.615+0000] {external_task.py:244} INFO - Poking for tasks ['dbt_test'] in dag dag_dbt_transform on 2026-03-03T12:02:07.341633+00:00 ... 
[2026-03-03T12:39:30.651+0000] {external_task.py:244} INFO - Poking for tasks ['dbt_test'] in dag dag_dbt_transform on 2026-03-03T12:02:07.341633+00:00 ... 
[2026-03-03T12:40:30.711+0000] {external_task.py:244} INFO - Poking for tasks ['dbt_test'] in dag dag_dbt_transform on 2026-03-03T12:02:07.341633+00:00 ... 
[2026-03-03T12:41:30.793+0000] {external_task.py:244} INFO - Poking for tasks ['dbt_test'] in dag dag_dbt_transform on 2026-03-03T12:02:07.341633+00:00 ... 
[2026-03-03T12:42:30.832+0000] {external_task.py:244} INFO - Poking for tasks ['dbt_test'] in dag dag_dbt_transform on 2026-03-03T12:02:07.341633+00:00 ... 
[2026-03-03T12:43:30.905+0000] {external_task.py:244} INFO - Poking for tasks ['dbt_test'] in dag dag_dbt_transform on 2026-03-03T12:02:07.341633+00:00 ... 
[2026-03-03T12:44:30.963+0000] {external_task.py:244} INFO - Poking for tasks ['dbt_test'] in dag dag_dbt_transform on 2026-03-03T12:02:07.341633+00:00 ... 
[2026-03-03T12:45:31.017+0000] {external_task.py:244} INFO - Poking for tasks ['dbt_test'] in dag dag_dbt_transform on 2026-03-03T12:02:07.341633+00:00 ... 
[2026-03-03T12:46:31.049+0000] {external_task.py:244} INFO - Poking for tasks ['dbt_test'] in dag dag_dbt_transform on 2026-03-03T12:02:07.341633+00:00 ... 
[2026-03-03T12:47:31.100+0000] {external_task.py:244} INFO - Poking for tasks ['dbt_test'] in dag dag_dbt_transform on 2026-03-03T12:02:07.341633+00:00 ... 
[2026-03-03T12:48:31.139+0000] {external_task.py:244} INFO - Poking for tasks ['dbt_test'] in dag dag_dbt_transform on 2026-03-03T12:02:07.341633+00:00 ... 
[2026-03-03T12:49:31.187+0000] {external_task.py:244} INFO - Poking for tasks ['dbt_test'] in dag dag_dbt_transform on 2026-03-03T12:02:07.341633+00:00 ... 
[2026-03-03T12:50:31.244+0000] {external_task.py:244} INFO - Poking for tasks ['dbt_test'] in dag dag_dbt_transform on 2026-03-03T12:02:07.341633+00:00 ... 
[2026-03-03T12:51:31.307+0000] {external_task.py:244} INFO - Poking for tasks ['dbt_test'] in dag dag_dbt_transform on 2026-03-03T12:02:07.341633+00:00 ... 
[2026-03-03T12:52:31.377+0000] {external_task.py:244} INFO - Poking for tasks ['dbt_test'] in dag dag_dbt_transform on 2026-03-03T12:02:07.341633+00:00 ... 
[2026-03-03T12:53:31.423+0000] {external_task.py:244} INFO - Poking for tasks ['dbt_test'] in dag dag_dbt_transform on 2026-03-03T12:02:07.341633+00:00 ... 
[2026-03-03T12:54:31.468+0000] {external_task.py:244} INFO - Poking for tasks ['dbt_test'] in dag dag_dbt_transform on 2026-03-03T12:02:07.341633+00:00 ... 
[2026-03-03T12:55:31.566+0000] {external_task.py:244} INFO - Poking for tasks ['dbt_test'] in dag dag_dbt_transform on 2026-03-03T12:02:07.341633+00:00 ... 
[2026-03-03T12:56:31.630+0000] {external_task.py:244} INFO - Poking for tasks ['dbt_test'] in dag dag_dbt_transform on 2026-03-03T12:02:07.341633+00:00 ... 
[2026-03-03T12:57:31.808+0000] {external_task.py:244} INFO - Poking for tasks ['dbt_test'] in dag dag_dbt_transform on 2026-03-03T12:02:07.341633+00:00 ... 
[2026-03-03T12:58:31.848+0000] {external_task.py:244} INFO - Poking for tasks ['dbt_test'] in dag dag_dbt_transform on 2026-03-03T12:02:07.341633+00:00 ... 
[2026-03-03T12:59:31.902+0000] {external_task.py:244} INFO - Poking for tasks ['dbt_test'] in dag dag_dbt_transform on 2026-03-03T12:02:07.341633+00:00 ... 
[2026-03-03T13:00:31.927+0000] {external_task.py:244} INFO - Poking for tasks ['dbt_test'] in dag dag_dbt_transform on 2026-03-03T12:02:07.341633+00:00 ... 
[2026-03-03T13:01:31.990+0000] {external_task.py:244} INFO - Poking for tasks ['dbt_test'] in dag dag_dbt_transform on 2026-03-03T12:02:07.341633+00:00 ... 
[2026-03-03T13:02:32.036+0000] {external_task.py:244} INFO - Poking for tasks ['dbt_test'] in dag dag_dbt_transform on 2026-03-03T12:02:07.341633+00:00 ... 
[2026-03-03T13:03:32.072+0000] {external_task.py:244} INFO - Poking for tasks ['dbt_test'] in dag dag_dbt_transform on 2026-03-03T12:02:07.341633+00:00 ... 
[2026-03-03T13:04:02.847+0000] {local_task_job_runner.py:302} WARNING - State of this instance has been externally set to restarting. Terminating instance.
[2026-03-03T13:04:02.872+0000] {process_utils.py:131} INFO - Sending 15 to group 236. PIDs of all processes in the group: [236]
[2026-03-03T13:04:02.874+0000] {process_utils.py:86} INFO - Sending the signal 15 to group 236
[2026-03-03T13:04:02.881+0000] {taskinstance.py:2450} ERROR - Received SIGTERM. Terminating subprocesses.
[2026-03-03T13:04:02.969+0000] {taskinstance.py:2698} ERROR - Task failed with exception
Traceback (most recent call last):
  File "/home/airflow/.local/lib/python3.11/site-packages/airflow/models/taskinstance.py", line 433, in _execute_task
    result = execute_callable(context=context, **execute_callable_kwargs)
             ^^^^^^^^^^^^^^^^^^^^^^^^^^^^^^^^^^^^^^^^^^^^^^^^^^^^^^^^^^^^
  File "/home/airflow/.local/lib/python3.11/site-packages/airflow/sensors/external_task.py", line 334, in execute
    super().execute(context)
  File "/home/airflow/.local/lib/python3.11/site-packages/airflow/sensors/base.py", line 293, in execute
    time.sleep(self._get_next_poke_interval(started_at, run_duration, try_number))
  File "/home/airflow/.local/lib/python3.11/site-packages/airflow/models/taskinstance.py", line 2452, in signal_handler
    raise AirflowException("Task received SIGTERM signal")
airflow.exceptions.AirflowException: Task received SIGTERM signal
[2026-03-03T13:04:02.993+0000] {taskinstance.py:1138} INFO - Marking task as UP_FOR_RETRY. dag_id=dag_data_quality, task_id=wait_for_transform, execution_date=20260303T120207, start_date=20260303T121428, end_date=20260303T130402
[2026-03-03T13:04:03.066+0000] {standard_task_runner.py:107} ERROR - Failed to execute job 136 for task wait_for_transform (Task received SIGTERM signal; 236)
[2026-03-03T13:04:03.138+0000] {process_utils.py:79} INFO - Process psutil.Process(pid=236, status='terminated', exitcode=1, started='12:14:28') (236) terminated with exit code 1
