[2026-03-03T13:16:01.807+0000] {taskinstance.py:1956} INFO - Dependencies all met for dep_context=non-requeueable deps ti=<TaskInstance: dag_data_quality.wait_for_transform manual__2026-03-03T12:02:07.341633+00:00 [queued]>
[2026-03-03T13:16:01.821+0000] {taskinstance.py:1956} INFO - Dependencies all met for dep_context=requeueable deps ti=<TaskInstance: dag_data_quality.wait_for_transform manual__2026-03-03T12:02:07.341633+00:00 [queued]>
[2026-03-03T13:16:01.822+0000] {taskinstance.py:2170} INFO - Starting attempt 3 of 1
[2026-03-03T13:16:01.845+0000] {taskinstance.py:2191} INFO - Executing <Task(ExternalTaskSensor): wait_for_transform> on 2026-03-03 12:02:07.341633+00:00
[2026-03-03T13:16:01.861+0000] {standard_task_runner.py:60} INFO - Started process 1662 to run task
[2026-03-03T13:16:01.926+0000] {standard_task_runner.py:87} INFO - Running: ['***', 'tasks', 'run', 'dag_data_quality', 'wait_for_transform', 'manual__2026-03-03T12:02:07.341633+00:00', '--job-id', '238', '--raw', '--subdir', 'DAGS_FOLDER/dag_data_quality.py', '--cfg-path', '/tmp/tmp_pbvtpne']
[2026-03-03T13:16:01.944+0000] {standard_task_runner.py:88} INFO - Job 238: Subtask wait_for_transform
[2026-03-03T13:16:02.740+0000] {task_command.py:423} INFO - Running <TaskInstance: dag_data_quality.wait_for_transform manual__2026-03-03T12:02:07.341633+00:00 [running]> on host 353218a5daef
[2026-03-03T13:16:04.180+0000] {taskinstance.py:2480} INFO - Exporting env vars: AIRFLOW_CTX_DAG_OWNER='de_team' AIRFLOW_CTX_DAG_ID='dag_data_quality' AIRFLOW_CTX_TASK_ID='wait_for_transform' AIRFLOW_CTX_EXECUTION_DATE='2026-03-03T12:02:07.341633+00:00' AIRFLOW_CTX_TRY_NUMBER='3' AIRFLOW_CTX_DAG_RUN_ID='manual__2026-03-03T12:02:07.341633+00:00'
[2026-03-03T13:16:04.202+0000] {external_task.py:244} INFO - Poking for tasks ['dbt_test'] in dag dag_dbt_transform on 2026-03-03T12:02:07.341633+00:00 ... 
[2026-03-03T13:17:04.317+0000] {external_task.py:244} INFO - Poking for tasks ['dbt_test'] in dag dag_dbt_transform on 2026-03-03T12:02:07.341633+00:00 ... 
[2026-03-03T13:18:04.428+0000] {external_task.py:244} INFO - Poking for tasks ['dbt_test'] in dag dag_dbt_transform on 2026-03-03T12:02:07.341633+00:00 ... 
[2026-03-03T13:19:04.495+0000] {external_task.py:244} INFO - Poking for tasks ['dbt_test'] in dag dag_dbt_transform on 2026-03-03T12:02:07.341633+00:00 ... 
[2026-03-03T13:20:04.571+0000] {external_task.py:244} INFO - Poking for tasks ['dbt_test'] in dag dag_dbt_transform on 2026-03-03T12:02:07.341633+00:00 ... 
[2026-03-03T13:21:04.638+0000] {external_task.py:244} INFO - Poking for tasks ['dbt_test'] in dag dag_dbt_transform on 2026-03-03T12:02:07.341633+00:00 ... 
[2026-03-03T13:22:04.687+0000] {external_task.py:244} INFO - Poking for tasks ['dbt_test'] in dag dag_dbt_transform on 2026-03-03T12:02:07.341633+00:00 ... 
[2026-03-03T13:23:04.767+0000] {external_task.py:244} INFO - Poking for tasks ['dbt_test'] in dag dag_dbt_transform on 2026-03-03T12:02:07.341633+00:00 ... 
[2026-03-03T13:24:04.833+0000] {external_task.py:244} INFO - Poking for tasks ['dbt_test'] in dag dag_dbt_transform on 2026-03-03T12:02:07.341633+00:00 ... 
[2026-03-03T13:25:04.875+0000] {external_task.py:244} INFO - Poking for tasks ['dbt_test'] in dag dag_dbt_transform on 2026-03-03T12:02:07.341633+00:00 ... 
[2026-03-03T13:26:04.942+0000] {external_task.py:244} INFO - Poking for tasks ['dbt_test'] in dag dag_dbt_transform on 2026-03-03T12:02:07.341633+00:00 ... 
[2026-03-03T13:27:05.154+0000] {external_task.py:244} INFO - Poking for tasks ['dbt_test'] in dag dag_dbt_transform on 2026-03-03T12:02:07.341633+00:00 ... 
[2026-03-03T13:28:05.195+0000] {external_task.py:244} INFO - Poking for tasks ['dbt_test'] in dag dag_dbt_transform on 2026-03-03T12:02:07.341633+00:00 ... 
[2026-03-03T13:29:05.271+0000] {external_task.py:244} INFO - Poking for tasks ['dbt_test'] in dag dag_dbt_transform on 2026-03-03T12:02:07.341633+00:00 ... 
[2026-03-03T13:30:05.327+0000] {external_task.py:244} INFO - Poking for tasks ['dbt_test'] in dag dag_dbt_transform on 2026-03-03T12:02:07.341633+00:00 ... 
[2026-03-03T13:31:05.383+0000] {external_task.py:244} INFO - Poking for tasks ['dbt_test'] in dag dag_dbt_transform on 2026-03-03T12:02:07.341633+00:00 ... 
[2026-03-03T13:32:05.442+0000] {external_task.py:244} INFO - Poking for tasks ['dbt_test'] in dag dag_dbt_transform on 2026-03-03T12:02:07.341633+00:00 ... 
[2026-03-03T13:33:05.515+0000] {external_task.py:244} INFO - Poking for tasks ['dbt_test'] in dag dag_dbt_transform on 2026-03-03T12:02:07.341633+00:00 ... 
[2026-03-03T13:34:05.618+0000] {external_task.py:244} INFO - Poking for tasks ['dbt_test'] in dag dag_dbt_transform on 2026-03-03T12:02:07.341633+00:00 ... 
[2026-03-03T13:35:05.693+0000] {external_task.py:244} INFO - Poking for tasks ['dbt_test'] in dag dag_dbt_transform on 2026-03-03T12:02:07.341633+00:00 ... 
[2026-03-03T13:36:05.781+0000] {external_task.py:244} INFO - Poking for tasks ['dbt_test'] in dag dag_dbt_transform on 2026-03-03T12:02:07.341633+00:00 ... 
[2026-03-03T13:37:05.850+0000] {external_task.py:244} INFO - Poking for tasks ['dbt_test'] in dag dag_dbt_transform on 2026-03-03T12:02:07.341633+00:00 ... 
[2026-03-03T13:38:05.899+0000] {external_task.py:244} INFO - Poking for tasks ['dbt_test'] in dag dag_dbt_transform on 2026-03-03T12:02:07.341633+00:00 ... 
[2026-03-03T13:39:06.055+0000] {external_task.py:244} INFO - Poking for tasks ['dbt_test'] in dag dag_dbt_transform on 2026-03-03T12:02:07.341633+00:00 ... 
[2026-03-03T13:40:06.097+0000] {external_task.py:244} INFO - Poking for tasks ['dbt_test'] in dag dag_dbt_transform on 2026-03-03T12:02:07.341633+00:00 ... 
[2026-03-03T13:41:06.192+0000] {external_task.py:244} INFO - Poking for tasks ['dbt_test'] in dag dag_dbt_transform on 2026-03-03T12:02:07.341633+00:00 ... 
[2026-03-03T13:42:06.272+0000] {external_task.py:244} INFO - Poking for tasks ['dbt_test'] in dag dag_dbt_transform on 2026-03-03T12:02:07.341633+00:00 ... 
[2026-03-03T13:43:06.315+0000] {external_task.py:244} INFO - Poking for tasks ['dbt_test'] in dag dag_dbt_transform on 2026-03-03T12:02:07.341633+00:00 ... 
[2026-03-03T13:44:06.417+0000] {external_task.py:244} INFO - Poking for tasks ['dbt_test'] in dag dag_dbt_transform on 2026-03-03T12:02:07.341633+00:00 ... 
[2026-03-03T13:45:06.478+0000] {external_task.py:244} INFO - Poking for tasks ['dbt_test'] in dag dag_dbt_transform on 2026-03-03T12:02:07.341633+00:00 ... 
[2026-03-03T13:46:06.552+0000] {external_task.py:244} INFO - Poking for tasks ['dbt_test'] in dag dag_dbt_transform on 2026-03-03T12:02:07.341633+00:00 ... 
[2026-03-03T13:47:06.631+0000] {external_task.py:244} INFO - Poking for tasks ['dbt_test'] in dag dag_dbt_transform on 2026-03-03T12:02:07.341633+00:00 ... 
[2026-03-03T13:48:06.729+0000] {external_task.py:244} INFO - Poking for tasks ['dbt_test'] in dag dag_dbt_transform on 2026-03-03T12:02:07.341633+00:00 ... 
[2026-03-03T13:49:06.800+0000] {external_task.py:244} INFO - Poking for tasks ['dbt_test'] in dag dag_dbt_transform on 2026-03-03T12:02:07.341633+00:00 ... 
[2026-03-03T13:50:06.900+0000] {external_task.py:244} INFO - Poking for tasks ['dbt_test'] in dag dag_dbt_transform on 2026-03-03T12:02:07.341633+00:00 ... 
[2026-03-03T13:51:06.974+0000] {external_task.py:244} INFO - Poking for tasks ['dbt_test'] in dag dag_dbt_transform on 2026-03-03T12:02:07.341633+00:00 ... 
[2026-03-03T13:52:07.022+0000] {external_task.py:244} INFO - Poking for tasks ['dbt_test'] in dag dag_dbt_transform on 2026-03-03T12:02:07.341633+00:00 ... 
[2026-03-03T13:53:07.093+0000] {external_task.py:244} INFO - Poking for tasks ['dbt_test'] in dag dag_dbt_transform on 2026-03-03T12:02:07.341633+00:00 ... 
[2026-03-03T13:54:07.146+0000] {external_task.py:244} INFO - Poking for tasks ['dbt_test'] in dag dag_dbt_transform on 2026-03-03T12:02:07.341633+00:00 ... 
[2026-03-03T13:55:07.211+0000] {external_task.py:244} INFO - Poking for tasks ['dbt_test'] in dag dag_dbt_transform on 2026-03-03T12:02:07.341633+00:00 ... 
[2026-03-03T13:56:07.276+0000] {external_task.py:244} INFO - Poking for tasks ['dbt_test'] in dag dag_dbt_transform on 2026-03-03T12:02:07.341633+00:00 ... 
[2026-03-03T13:57:07.412+0000] {external_task.py:244} INFO - Poking for tasks ['dbt_test'] in dag dag_dbt_transform on 2026-03-03T12:02:07.341633+00:00 ... 
[2026-03-03T13:58:07.483+0000] {external_task.py:244} INFO - Poking for tasks ['dbt_test'] in dag dag_dbt_transform on 2026-03-03T12:02:07.341633+00:00 ... 
[2026-03-03T13:59:07.551+0000] {external_task.py:244} INFO - Poking for tasks ['dbt_test'] in dag dag_dbt_transform on 2026-03-03T12:02:07.341633+00:00 ... 
[2026-03-03T14:00:07.639+0000] {external_task.py:244} INFO - Poking for tasks ['dbt_test'] in dag dag_dbt_transform on 2026-03-03T12:02:07.341633+00:00 ... 
[2026-03-03T14:01:07.679+0000] {external_task.py:244} INFO - Poking for tasks ['dbt_test'] in dag dag_dbt_transform on 2026-03-03T12:02:07.341633+00:00 ... 
[2026-03-03T14:02:07.725+0000] {external_task.py:244} INFO - Poking for tasks ['dbt_test'] in dag dag_dbt_transform on 2026-03-03T12:02:07.341633+00:00 ... 
[2026-03-03T14:03:07.785+0000] {external_task.py:244} INFO - Poking for tasks ['dbt_test'] in dag dag_dbt_transform on 2026-03-03T12:02:07.341633+00:00 ... 
[2026-03-03T14:04:07.849+0000] {external_task.py:244} INFO - Poking for tasks ['dbt_test'] in dag dag_dbt_transform on 2026-03-03T12:02:07.341633+00:00 ... 
[2026-03-03T14:05:07.906+0000] {external_task.py:244} INFO - Poking for tasks ['dbt_test'] in dag dag_dbt_transform on 2026-03-03T12:02:07.341633+00:00 ... 
[2026-03-03T14:06:07.945+0000] {external_task.py:244} INFO - Poking for tasks ['dbt_test'] in dag dag_dbt_transform on 2026-03-03T12:02:07.341633+00:00 ... 
[2026-03-03T14:07:07.987+0000] {external_task.py:244} INFO - Poking for tasks ['dbt_test'] in dag dag_dbt_transform on 2026-03-03T12:02:07.341633+00:00 ... 
[2026-03-03T14:08:08.028+0000] {external_task.py:244} INFO - Poking for tasks ['dbt_test'] in dag dag_dbt_transform on 2026-03-03T12:02:07.341633+00:00 ... 
[2026-03-03T14:09:08.073+0000] {external_task.py:244} INFO - Poking for tasks ['dbt_test'] in dag dag_dbt_transform on 2026-03-03T12:02:07.341633+00:00 ... 
[2026-03-03T14:10:08.105+0000] {external_task.py:244} INFO - Poking for tasks ['dbt_test'] in dag dag_dbt_transform on 2026-03-03T12:02:07.341633+00:00 ... 
[2026-03-03T14:11:08.174+0000] {external_task.py:244} INFO - Poking for tasks ['dbt_test'] in dag dag_dbt_transform on 2026-03-03T12:02:07.341633+00:00 ... 
[2026-03-03T14:12:08.227+0000] {external_task.py:244} INFO - Poking for tasks ['dbt_test'] in dag dag_dbt_transform on 2026-03-03T12:02:07.341633+00:00 ... 
[2026-03-03T14:13:08.267+0000] {external_task.py:244} INFO - Poking for tasks ['dbt_test'] in dag dag_dbt_transform on 2026-03-03T12:02:07.341633+00:00 ... 
[2026-03-03T14:14:08.298+0000] {external_task.py:244} INFO - Poking for tasks ['dbt_test'] in dag dag_dbt_transform on 2026-03-03T12:02:07.341633+00:00 ... 
[2026-03-03T14:15:08.353+0000] {external_task.py:244} INFO - Poking for tasks ['dbt_test'] in dag dag_dbt_transform on 2026-03-03T12:02:07.341633+00:00 ... 
[2026-03-03T14:16:08.413+0000] {external_task.py:244} INFO - Poking for tasks ['dbt_test'] in dag dag_dbt_transform on 2026-03-03T12:02:07.341633+00:00 ... 
[2026-03-03T14:16:08.455+0000] {taskinstance.py:2698} ERROR - Task failed with exception
Traceback (most recent call last):
  File "/home/airflow/.local/lib/python3.11/site-packages/airflow/models/taskinstance.py", line 433, in _execute_task
    result = execute_callable(context=context, **execute_callable_kwargs)
             ^^^^^^^^^^^^^^^^^^^^^^^^^^^^^^^^^^^^^^^^^^^^^^^^^^^^^^^^^^^^
  File "/home/airflow/.local/lib/python3.11/site-packages/airflow/sensors/external_task.py", line 334, in execute
    super().execute(context)
  File "/home/airflow/.local/lib/python3.11/site-packages/airflow/sensors/base.py", line 282, in execute
    raise AirflowSensorTimeout(message)
airflow.exceptions.AirflowSensorTimeout: Sensor has timed out; run duration of 3604.2467770609946 seconds exceeds the specified timeout of 3600.0.
[2026-03-03T14:16:08.474+0000] {taskinstance.py:1138} INFO - Immediate failure requested. Marking task as FAILED. dag_id=dag_data_quality, task_id=wait_for_transform, execution_date=20260303T120207, start_date=20260303T131601, end_date=20260303T141608
[2026-03-03T14:16:08.504+0000] {standard_task_runner.py:107} ERROR - Failed to execute job 238 for task wait_for_transform (Sensor has timed out; run duration of 3604.2467770609946 seconds exceeds the specified timeout of 3600.0.; 1662)
[2026-03-03T14:16:08.549+0000] {local_task_job_runner.py:234} INFO - Task exited with return code 1
[2026-03-03T14:16:08.633+0000] {taskinstance.py:3280} INFO - 0 downstream tasks scheduled from follow-on schedule check
