[2026-03-03T11:12:55.247+0000] {taskinstance.py:1956} INFO - Dependencies all met for dep_context=non-requeueable deps ti=<TaskInstance: dag_dbt_transform.dbt_run_marts manual__2026-03-03T11:06:56+00:00 [queued]>
[2026-03-03T11:12:55.255+0000] {taskinstance.py:1956} INFO - Dependencies all met for dep_context=requeueable deps ti=<TaskInstance: dag_dbt_transform.dbt_run_marts manual__2026-03-03T11:06:56+00:00 [queued]>
[2026-03-03T11:12:55.255+0000] {taskinstance.py:2170} INFO - Starting attempt 2 of 2
[2026-03-03T11:12:55.265+0000] {taskinstance.py:2191} INFO - Executing <Task(BashOperator): dbt_run_marts> on 2026-03-03 11:06:56+00:00
[2026-03-03T11:12:55.271+0000] {standard_task_runner.py:60} INFO - Started process 8608 to run task
[2026-03-03T11:12:55.274+0000] {standard_task_runner.py:87} INFO - Running: ['***', 'tasks', 'run', 'dag_dbt_transform', 'dbt_run_marts', 'manual__2026-03-03T11:06:56+00:00', '--job-id', '81', '--raw', '--subdir', 'DAGS_FOLDER/dag_dbt_transform.py', '--cfg-path', '/tmp/tmp165xm_cv']
[2026-03-03T11:12:55.277+0000] {standard_task_runner.py:88} INFO - Job 81: Subtask dbt_run_marts
[2026-03-03T11:12:55.331+0000] {task_command.py:423} INFO - Running <TaskInstance: dag_dbt_transform.dbt_run_marts manual__2026-03-03T11:06:56+00:00 [running]> on host eccf479b3cda
[2026-03-03T11:12:55.416+0000] {taskinstance.py:2480} INFO - Exporting env vars: AIRFLOW_CTX_DAG_OWNER='de_team' AIRFLOW_CTX_DAG_ID='dag_dbt_transform' AIRFLOW_CTX_TASK_ID='dbt_run_marts' AIRFLOW_CTX_EXECUTION_DATE='2026-03-03T11:06:56+00:00' AIRFLOW_CTX_TRY_NUMBER='2' AIRFLOW_CTX_DAG_RUN_ID='manual__2026-03-03T11:06:56+00:00'
[2026-03-03T11:12:55.417+0000] {subprocess.py:63} INFO - Tmp dir root location: /tmp
[2026-03-03T11:12:55.418+0000] {subprocess.py:75} INFO - Running command: ['/usr/bin/bash', '-c', 'cd /opt/***/dbt && dbt run --select marts --profiles-dir /opt/***/dbt --project-dir /opt/***/dbt']
[2026-03-03T11:12:55.426+0000] {subprocess.py:86} INFO - Output:
[2026-03-03T11:12:56.899+0000] {subprocess.py:93} INFO - [0m11:12:56  Running with dbt=1.11.6
[2026-03-03T11:12:57.152+0000] {subprocess.py:93} INFO - [0m11:12:57  Registered adapter: clickhouse=1.10.0
[2026-03-03T11:12:57.562+0000] {subprocess.py:93} INFO - [0m11:12:57  Found 12 models, 32 data tests, 6 sources, 523 macros
[2026-03-03T11:12:57.565+0000] {subprocess.py:93} INFO - [0m11:12:57
[2026-03-03T11:12:57.566+0000] {subprocess.py:93} INFO - [0m11:12:57  Concurrency: 4 threads (target='dev')
[2026-03-03T11:12:57.567+0000] {subprocess.py:93} INFO - [0m11:12:57
[2026-03-03T11:12:58.641+0000] {subprocess.py:93} INFO - [0m11:12:58  1 of 5 START sql table model `staging_analytics`.`dim_date` .................... [RUN]
[2026-03-03T11:12:58.643+0000] {subprocess.py:93} INFO - [0m11:12:58  2 of 5 START sql table model `staging_analytics`.`dim_products` ................ [RUN]
[2026-03-03T11:12:58.644+0000] {subprocess.py:93} INFO - [0m11:12:58  3 of 5 START sql table model `staging_analytics`.`dim_sellers` ................. [RUN]
[2026-03-03T11:12:58.644+0000] {subprocess.py:93} INFO - [0m11:12:58  4 of 5 START sql table model `staging_analytics`.`dim_users` ................... [RUN]
[2026-03-03T11:12:58.931+0000] {subprocess.py:93} INFO - [0m11:12:58  1 of 5 ERROR creating sql table model `staging_analytics`.`dim_date` ........... [[31mERROR[0m in 0.28s]
[2026-03-03T11:12:58.946+0000] {subprocess.py:93} INFO - [0m11:12:58  5 of 5 SKIP relation staging_analytics.fact_orders ............................. [[33mSKIP[0m]
[2026-03-03T11:12:58.988+0000] {subprocess.py:93} INFO - [0m11:12:58  2 of 5 OK created sql table model `staging_analytics`.`dim_products` ........... [[32mOK[0m in 0.34s]
[2026-03-03T11:12:59.032+0000] {subprocess.py:93} INFO - [0m11:12:59  3 of 5 OK created sql table model `staging_analytics`.`dim_sellers` ............ [[32mOK[0m in 0.38s]
[2026-03-03T11:12:59.034+0000] {subprocess.py:93} INFO - [0m11:12:59  4 of 5 OK created sql table model `staging_analytics`.`dim_users` .............. [[32mOK[0m in 0.38s]
[2026-03-03T11:12:59.044+0000] {subprocess.py:93} INFO - [0m11:12:59
[2026-03-03T11:12:59.045+0000] {subprocess.py:93} INFO - [0m11:12:59  Finished running 5 table models in 0 hours 0 minutes and 1.48 seconds (1.48s).
[2026-03-03T11:12:59.117+0000] {subprocess.py:93} INFO - [0m11:12:59
[2026-03-03T11:12:59.118+0000] {subprocess.py:93} INFO - [0m11:12:59  [31mCompleted with 1 error, 0 partial successes, and 0 warnings:[0m
[2026-03-03T11:12:59.119+0000] {subprocess.py:93} INFO - [0m11:12:59
[2026-03-03T11:12:59.120+0000] {subprocess.py:93} INFO - [0m11:12:59  [31mFailure in model dim_date (models/marts/dim_date.sql)[0m
[2026-03-03T11:12:59.121+0000] {subprocess.py:93} INFO - [0m11:12:59    Database Error in model dim_date (models/marts/dim_date.sql)
[2026-03-03T11:12:59.122+0000] {subprocess.py:93} INFO -   Received ClickHouse exception, code: 36, server response: Code: 36. DB::Exception: Incorrect syntax '%A', symbol is not supported 'A' for function formatDateTime: while executing function formatDateTime on arguments __table1.full_date Date UInt16(size = 0), '%A'_String String Const(size = 0, String(size = 1)). (BAD_ARGUMENTS) (for url http://clickhouse_olap:8123)
[2026-03-03T11:12:59.123+0000] {subprocess.py:93} INFO - [0m11:12:59
[2026-03-03T11:12:59.123+0000] {subprocess.py:93} INFO - [0m11:12:59    compiled code at target/compiled/ecommerce_dbt/models/marts/dim_date.sql
[2026-03-03T11:12:59.123+0000] {subprocess.py:93} INFO - [0m11:12:59
[2026-03-03T11:12:59.124+0000] {subprocess.py:93} INFO - [0m11:12:59  Done. PASS=3 WARN=0 ERROR=1 SKIP=1 NO-OP=0 TOTAL=5
[2026-03-03T11:13:00.815+0000] {subprocess.py:97} INFO - Command exited with return code 1
[2026-03-03T11:13:00.845+0000] {taskinstance.py:2698} ERROR - Task failed with exception
Traceback (most recent call last):
  File "/home/airflow/.local/lib/python3.11/site-packages/airflow/models/taskinstance.py", line 433, in _execute_task
    result = execute_callable(context=context, **execute_callable_kwargs)
             ^^^^^^^^^^^^^^^^^^^^^^^^^^^^^^^^^^^^^^^^^^^^^^^^^^^^^^^^^^^^
  File "/home/airflow/.local/lib/python3.11/site-packages/airflow/operators/bash.py", line 212, in execute
    raise AirflowException(
airflow.exceptions.AirflowException: Bash command failed. The command returned a non-zero exit code 1.
[2026-03-03T11:13:00.851+0000] {taskinstance.py:1138} INFO - Marking task as FAILED. dag_id=dag_dbt_transform, task_id=dbt_run_marts, execution_date=20260303T110656, start_date=20260303T111255, end_date=20260303T111300
[2026-03-03T11:13:00.872+0000] {standard_task_runner.py:107} ERROR - Failed to execute job 81 for task dbt_run_marts (Bash command failed. The command returned a non-zero exit code 1.; 8608)
[2026-03-03T11:13:00.892+0000] {local_task_job_runner.py:234} INFO - Task exited with return code 1
[2026-03-03T11:13:00.924+0000] {taskinstance.py:3280} INFO - 0 downstream tasks scheduled from follow-on schedule check
