[2026-03-03T11:07:49.370+0000] {taskinstance.py:1956} INFO - Dependencies all met for dep_context=non-requeueable deps ti=<TaskInstance: dag_dbt_transform.dbt_run_marts manual__2026-03-03T11:06:56+00:00 [queued]>
[2026-03-03T11:07:49.376+0000] {taskinstance.py:1956} INFO - Dependencies all met for dep_context=requeueable deps ti=<TaskInstance: dag_dbt_transform.dbt_run_marts manual__2026-03-03T11:06:56+00:00 [queued]>
[2026-03-03T11:07:49.376+0000] {taskinstance.py:2170} INFO - Starting attempt 1 of 2
[2026-03-03T11:07:49.385+0000] {taskinstance.py:2191} INFO - Executing <Task(BashOperator): dbt_run_marts> on 2026-03-03 11:06:56+00:00
[2026-03-03T11:07:49.389+0000] {standard_task_runner.py:60} INFO - Started process 8349 to run task
[2026-03-03T11:07:49.392+0000] {standard_task_runner.py:87} INFO - Running: ['***', 'tasks', 'run', 'dag_dbt_transform', 'dbt_run_marts', 'manual__2026-03-03T11:06:56+00:00', '--job-id', '80', '--raw', '--subdir', 'DAGS_FOLDER/dag_dbt_transform.py', '--cfg-path', '/tmp/tmpimmz0lfs']
[2026-03-03T11:07:49.394+0000] {standard_task_runner.py:88} INFO - Job 80: Subtask dbt_run_marts
[2026-03-03T11:07:49.440+0000] {task_command.py:423} INFO - Running <TaskInstance: dag_dbt_transform.dbt_run_marts manual__2026-03-03T11:06:56+00:00 [running]> on host eccf479b3cda
[2026-03-03T11:07:49.518+0000] {taskinstance.py:2480} INFO - Exporting env vars: AIRFLOW_CTX_DAG_OWNER='de_team' AIRFLOW_CTX_DAG_ID='dag_dbt_transform' AIRFLOW_CTX_TASK_ID='dbt_run_marts' AIRFLOW_CTX_EXECUTION_DATE='2026-03-03T11:06:56+00:00' AIRFLOW_CTX_TRY_NUMBER='1' AIRFLOW_CTX_DAG_RUN_ID='manual__2026-03-03T11:06:56+00:00'
[2026-03-03T11:07:49.520+0000] {subprocess.py:63} INFO - Tmp dir root location: /tmp
[2026-03-03T11:07:49.521+0000] {subprocess.py:75} INFO - Running command: ['/usr/bin/bash', '-c', 'cd /opt/***/dbt && dbt run --select marts --profiles-dir /opt/***/dbt --project-dir /opt/***/dbt']
[2026-03-03T11:07:49.530+0000] {subprocess.py:86} INFO - Output:
[2026-03-03T11:07:51.105+0000] {subprocess.py:93} INFO - [0m11:07:51  Running with dbt=1.11.6
[2026-03-03T11:07:51.331+0000] {subprocess.py:93} INFO - [0m11:07:51  Registered adapter: clickhouse=1.10.0
[2026-03-03T11:07:51.675+0000] {subprocess.py:93} INFO - [0m11:07:51  Found 12 models, 32 data tests, 6 sources, 523 macros
[2026-03-03T11:07:51.677+0000] {subprocess.py:93} INFO - [0m11:07:51
[2026-03-03T11:07:51.678+0000] {subprocess.py:93} INFO - [0m11:07:51  Concurrency: 4 threads (target='dev')
[2026-03-03T11:07:51.678+0000] {subprocess.py:93} INFO - [0m11:07:51
[2026-03-03T11:07:52.335+0000] {subprocess.py:93} INFO - [0m11:07:52  1 of 5 START sql table model `staging_analytics`.`dim_date` .................... [RUN]
[2026-03-03T11:07:52.339+0000] {subprocess.py:93} INFO - [0m11:07:52  2 of 5 START sql table model `staging_analytics`.`dim_products` ................ [RUN]
[2026-03-03T11:07:52.341+0000] {subprocess.py:93} INFO - [0m11:07:52  3 of 5 START sql table model `staging_analytics`.`dim_sellers` ................. [RUN]
[2026-03-03T11:07:52.344+0000] {subprocess.py:93} INFO - [0m11:07:52  4 of 5 START sql table model `staging_analytics`.`dim_users` ................... [RUN]
[2026-03-03T11:07:52.653+0000] {subprocess.py:93} INFO - [0m11:07:52  1 of 5 ERROR creating sql table model `staging_analytics`.`dim_date` ........... [[31mERROR[0m in 0.31s]
[2026-03-03T11:07:52.684+0000] {subprocess.py:93} INFO - [0m11:07:52  2 of 5 OK created sql table model `staging_analytics`.`dim_products` ........... [[32mOK[0m in 0.34s]
[2026-03-03T11:07:52.686+0000] {subprocess.py:93} INFO - [0m11:07:52  5 of 5 SKIP relation staging_analytics.fact_orders ............................. [[33mSKIP[0m]
[2026-03-03T11:07:52.717+0000] {subprocess.py:93} INFO - [0m11:07:52  3 of 5 OK created sql table model `staging_analytics`.`dim_sellers` ............ [[32mOK[0m in 0.37s]
[2026-03-03T11:07:52.720+0000] {subprocess.py:93} INFO - [0m11:07:52  4 of 5 OK created sql table model `staging_analytics`.`dim_users` .............. [[32mOK[0m in 0.38s]
[2026-03-03T11:07:52.727+0000] {subprocess.py:93} INFO - [0m11:07:52
[2026-03-03T11:07:52.727+0000] {subprocess.py:93} INFO - [0m11:07:52  Finished running 5 table models in 0 hours 0 minutes and 1.05 seconds (1.05s).
[2026-03-03T11:07:52.779+0000] {subprocess.py:93} INFO - [0m11:07:52
[2026-03-03T11:07:52.780+0000] {subprocess.py:93} INFO - [0m11:07:52  [31mCompleted with 1 error, 0 partial successes, and 0 warnings:[0m
[2026-03-03T11:07:52.781+0000] {subprocess.py:93} INFO - [0m11:07:52
[2026-03-03T11:07:52.782+0000] {subprocess.py:93} INFO - [0m11:07:52  [31mFailure in model dim_date (models/marts/dim_date.sql)[0m
[2026-03-03T11:07:52.783+0000] {subprocess.py:93} INFO - [0m11:07:52    Database Error in model dim_date (models/marts/dim_date.sql)
[2026-03-03T11:07:52.783+0000] {subprocess.py:93} INFO -   Received ClickHouse exception, code: 36, server response: Code: 36. DB::Exception: Incorrect syntax '%A', symbol is not supported 'A' for function formatDateTime: while executing function formatDateTime on arguments __table1.full_date Date UInt16(size = 0), '%A'_String String Const(size = 0, String(size = 1)). (BAD_ARGUMENTS) (for url http://clickhouse_olap:8123)
[2026-03-03T11:07:52.784+0000] {subprocess.py:93} INFO - [0m11:07:52
[2026-03-03T11:07:52.784+0000] {subprocess.py:93} INFO - [0m11:07:52    compiled code at target/compiled/ecommerce_dbt/models/marts/dim_date.sql
[2026-03-03T11:07:52.785+0000] {subprocess.py:93} INFO - [0m11:07:52
[2026-03-03T11:07:52.785+0000] {subprocess.py:93} INFO - [0m11:07:52  Done. PASS=3 WARN=0 ERROR=1 SKIP=1 NO-OP=0 TOTAL=5
[2026-03-03T11:07:54.274+0000] {subprocess.py:97} INFO - Command exited with return code 1
[2026-03-03T11:07:54.310+0000] {taskinstance.py:2698} ERROR - Task failed with exception
Traceback (most recent call last):
  File "/home/airflow/.local/lib/python3.11/site-packages/airflow/models/taskinstance.py", line 433, in _execute_task
    result = execute_callable(context=context, **execute_callable_kwargs)
             ^^^^^^^^^^^^^^^^^^^^^^^^^^^^^^^^^^^^^^^^^^^^^^^^^^^^^^^^^^^^
  File "/home/airflow/.local/lib/python3.11/site-packages/airflow/operators/bash.py", line 212, in execute
    raise AirflowException(
airflow.exceptions.AirflowException: Bash command failed. The command returned a non-zero exit code 1.
[2026-03-03T11:07:54.316+0000] {taskinstance.py:1138} INFO - Marking task as UP_FOR_RETRY. dag_id=dag_dbt_transform, task_id=dbt_run_marts, execution_date=20260303T110656, start_date=20260303T110749, end_date=20260303T110754
[2026-03-03T11:07:54.334+0000] {standard_task_runner.py:107} ERROR - Failed to execute job 80 for task dbt_run_marts (Bash command failed. The command returned a non-zero exit code 1.; 8349)
[2026-03-03T11:07:54.385+0000] {local_task_job_runner.py:234} INFO - Task exited with return code 1
[2026-03-03T11:07:54.450+0000] {taskinstance.py:3280} INFO - 0 downstream tasks scheduled from follow-on schedule check
