[2026-03-03T13:15:05.132+0000] {taskinstance.py:1956} INFO - Dependencies all met for dep_context=non-requeueable deps ti=<TaskInstance: dag_dbt_transform.dbt_run_marts manual__2026-03-03T11:06:56+00:00 [queued]>
[2026-03-03T13:15:05.174+0000] {taskinstance.py:1956} INFO - Dependencies all met for dep_context=requeueable deps ti=<TaskInstance: dag_dbt_transform.dbt_run_marts manual__2026-03-03T11:06:56+00:00 [queued]>
[2026-03-03T13:15:05.175+0000] {taskinstance.py:2170} INFO - Starting attempt 3 of 4
[2026-03-03T13:15:05.264+0000] {taskinstance.py:2191} INFO - Executing <Task(BashOperator): dbt_run_marts> on 2026-03-03 11:06:56+00:00
[2026-03-03T13:15:05.277+0000] {standard_task_runner.py:60} INFO - Started process 1474 to run task
[2026-03-03T13:15:05.317+0000] {standard_task_runner.py:87} INFO - Running: ['***', 'tasks', 'run', 'dag_dbt_transform', 'dbt_run_marts', 'manual__2026-03-03T11:06:56+00:00', '--job-id', '237', '--raw', '--subdir', 'DAGS_FOLDER/dag_dbt_transform.py', '--cfg-path', '/tmp/tmp0k74jy6l']
[2026-03-03T13:15:05.347+0000] {standard_task_runner.py:88} INFO - Job 237: Subtask dbt_run_marts
[2026-03-03T13:15:05.831+0000] {task_command.py:423} INFO - Running <TaskInstance: dag_dbt_transform.dbt_run_marts manual__2026-03-03T11:06:56+00:00 [running]> on host 353218a5daef
[2026-03-03T13:15:06.309+0000] {taskinstance.py:2480} INFO - Exporting env vars: AIRFLOW_CTX_DAG_OWNER='de_team' AIRFLOW_CTX_DAG_ID='dag_dbt_transform' AIRFLOW_CTX_TASK_ID='dbt_run_marts' AIRFLOW_CTX_EXECUTION_DATE='2026-03-03T11:06:56+00:00' AIRFLOW_CTX_TRY_NUMBER='3' AIRFLOW_CTX_DAG_RUN_ID='manual__2026-03-03T11:06:56+00:00'
[2026-03-03T13:15:06.325+0000] {subprocess.py:63} INFO - Tmp dir root location: /tmp
[2026-03-03T13:15:06.328+0000] {subprocess.py:75} INFO - Running command: ['/usr/bin/bash', '-c', 'cd /opt/***/dbt && dbt run --select marts --profiles-dir /opt/***/dbt --project-dir /opt/***/dbt']
[2026-03-03T13:15:06.393+0000] {subprocess.py:86} INFO - Output:
[2026-03-03T13:15:28.735+0000] {subprocess.py:93} INFO - [0m13:15:28  Running with dbt=1.11.6
[2026-03-03T13:15:30.072+0000] {subprocess.py:93} INFO - [0m13:15:30  Registered adapter: clickhouse=1.10.0
[2026-03-03T13:15:35.925+0000] {subprocess.py:93} INFO - [0m13:15:35  Found 12 models, 32 data tests, 6 sources, 523 macros
[2026-03-03T13:15:36.227+0000] {subprocess.py:93} INFO - [0m13:15:36
[2026-03-03T13:15:36.255+0000] {subprocess.py:93} INFO - [0m13:15:36  Concurrency: 4 threads (target='dev')
[2026-03-03T13:15:36.277+0000] {subprocess.py:93} INFO - [0m13:15:36
[2026-03-03T13:15:45.401+0000] {subprocess.py:93} INFO - [0m13:15:45  1 of 5 START sql table model `staging_analytics`.`dim_date` .................... [RUN]
[2026-03-03T13:15:45.411+0000] {subprocess.py:93} INFO - [0m13:15:45  2 of 5 START sql table model `staging_analytics`.`dim_products` ................ [RUN]
[2026-03-03T13:15:45.416+0000] {subprocess.py:93} INFO - [0m13:15:45  3 of 5 START sql table model `staging_analytics`.`dim_sellers` ................. [RUN]
[2026-03-03T13:15:45.418+0000] {subprocess.py:93} INFO - [0m13:15:45  4 of 5 START sql table model `staging_analytics`.`dim_users` ................... [RUN]
[2026-03-03T13:15:49.754+0000] {subprocess.py:93} INFO - [0m13:15:49  1 of 5 OK created sql table model `staging_analytics`.`dim_date` ............... [[32mOK[0m in 4.31s]
[2026-03-03T13:15:49.762+0000] {subprocess.py:93} INFO - [0m13:15:49  3 of 5 OK created sql table model `staging_analytics`.`dim_sellers` ............ [[32mOK[0m in 4.30s]
[2026-03-03T13:15:49.766+0000] {subprocess.py:93} INFO - [0m13:15:49  2 of 5 OK created sql table model `staging_analytics`.`dim_products` ........... [[32mOK[0m in 4.31s]
[2026-03-03T13:15:49.823+0000] {subprocess.py:93} INFO - [0m13:15:49  5 of 5 START sql table model `staging_analytics`.`fact_orders` ................. [RUN]
[2026-03-03T13:15:49.832+0000] {subprocess.py:93} INFO - [0m13:15:49  4 of 5 OK created sql table model `staging_analytics`.`dim_users` .............. [[32mOK[0m in 4.39s]
[2026-03-03T13:15:50.144+0000] {subprocess.py:93} INFO - [0m13:15:50  5 of 5 OK created sql table model `staging_analytics`.`fact_orders` ............ [[32mOK[0m in 0.30s]
[2026-03-03T13:15:50.192+0000] {subprocess.py:93} INFO - [0m13:15:50
[2026-03-03T13:15:50.193+0000] {subprocess.py:93} INFO - [0m13:15:50  Finished running 5 table models in 0 hours 0 minutes and 13.90 seconds (13.90s).
[2026-03-03T13:15:50.428+0000] {subprocess.py:93} INFO - [0m13:15:50
[2026-03-03T13:15:50.439+0000] {subprocess.py:93} INFO - [0m13:15:50  [32mCompleted successfully[0m
[2026-03-03T13:15:50.456+0000] {subprocess.py:93} INFO - [0m13:15:50
[2026-03-03T13:15:50.458+0000] {subprocess.py:93} INFO - [0m13:15:50  Done. PASS=5 WARN=0 ERROR=0 SKIP=0 NO-OP=0 TOTAL=5
[2026-03-03T13:15:55.935+0000] {subprocess.py:97} INFO - Command exited with return code 0
[2026-03-03T13:15:56.135+0000] {taskinstance.py:1138} INFO - Marking task as SUCCESS. dag_id=dag_dbt_transform, task_id=dbt_run_marts, execution_date=20260303T110656, start_date=20260303T131505, end_date=20260303T131556
[2026-03-03T13:15:56.345+0000] {local_task_job_runner.py:234} INFO - Task exited with return code 0
[2026-03-03T13:15:56.689+0000] {taskinstance.py:3280} INFO - 1 downstream tasks scheduled from follow-on schedule check
