[2026-03-03T12:05:28.393+0000] {taskinstance.py:1956} INFO - Dependencies all met for dep_context=non-requeueable deps ti=<TaskInstance: dag_dbt_transform.wait_for_ingestion manual__2026-03-03T12:05:26.757095+00:00 [queued]>
[2026-03-03T12:05:28.418+0000] {taskinstance.py:1956} INFO - Dependencies all met for dep_context=requeueable deps ti=<TaskInstance: dag_dbt_transform.wait_for_ingestion manual__2026-03-03T12:05:26.757095+00:00 [queued]>
[2026-03-03T12:05:28.419+0000] {taskinstance.py:2170} INFO - Starting attempt 1 of 2
[2026-03-03T12:05:28.487+0000] {taskinstance.py:2191} INFO - Executing <Task(ExternalTaskSensor): wait_for_ingestion> on 2026-03-03 12:05:26.757095+00:00
[2026-03-03T12:05:28.504+0000] {standard_task_runner.py:60} INFO - Started process 404 to run task
[2026-03-03T12:05:28.514+0000] {standard_task_runner.py:87} INFO - Running: ['***', 'tasks', 'run', 'dag_dbt_transform', 'wait_for_ingestion', 'manual__2026-03-03T12:05:26.757095+00:00', '--job-id', '116', '--raw', '--subdir', 'DAGS_FOLDER/dag_dbt_transform.py', '--cfg-path', '/tmp/tmp715sutp8']
[2026-03-03T12:05:28.520+0000] {standard_task_runner.py:88} INFO - Job 116: Subtask wait_for_ingestion
[2026-03-03T12:05:28.841+0000] {task_command.py:423} INFO - Running <TaskInstance: dag_dbt_transform.wait_for_ingestion manual__2026-03-03T12:05:26.757095+00:00 [running]> on host 858cd869c16e
[2026-03-03T12:05:28.966+0000] {taskinstance.py:2480} INFO - Exporting env vars: AIRFLOW_CTX_DAG_OWNER='de_team' AIRFLOW_CTX_DAG_ID='dag_dbt_transform' AIRFLOW_CTX_TASK_ID='wait_for_ingestion' AIRFLOW_CTX_EXECUTION_DATE='2026-03-03T12:05:26.757095+00:00' AIRFLOW_CTX_TRY_NUMBER='1' AIRFLOW_CTX_DAG_RUN_ID='manual__2026-03-03T12:05:26.757095+00:00'
[2026-03-03T12:05:28.967+0000] {external_task.py:244} INFO - Poking for tasks ['load_to_staging'] in dag dag_ingest_daily on 2026-03-03T12:05:26.757095+00:00 ... 
[2026-03-03T12:06:29.010+0000] {external_task.py:244} INFO - Poking for tasks ['load_to_staging'] in dag dag_ingest_daily on 2026-03-03T12:05:26.757095+00:00 ... 
[2026-03-03T12:07:29.081+0000] {external_task.py:244} INFO - Poking for tasks ['load_to_staging'] in dag dag_ingest_daily on 2026-03-03T12:05:26.757095+00:00 ... 
[2026-03-03T12:08:29.354+0000] {external_task.py:244} INFO - Poking for tasks ['load_to_staging'] in dag dag_ingest_daily on 2026-03-03T12:05:26.757095+00:00 ... 
[2026-03-03T12:09:29.455+0000] {external_task.py:244} INFO - Poking for tasks ['load_to_staging'] in dag dag_ingest_daily on 2026-03-03T12:05:26.757095+00:00 ... 
[2026-03-03T12:10:29.530+0000] {external_task.py:244} INFO - Poking for tasks ['load_to_staging'] in dag dag_ingest_daily on 2026-03-03T12:05:26.757095+00:00 ... 
[2026-03-03T12:11:29.742+0000] {external_task.py:244} INFO - Poking for tasks ['load_to_staging'] in dag dag_ingest_daily on 2026-03-03T12:05:26.757095+00:00 ... 
[2026-03-03T12:12:29.774+0000] {external_task.py:244} INFO - Poking for tasks ['load_to_staging'] in dag dag_ingest_daily on 2026-03-03T12:05:26.757095+00:00 ... 
[2026-03-03T12:13:29.815+0000] {external_task.py:244} INFO - Poking for tasks ['load_to_staging'] in dag dag_ingest_daily on 2026-03-03T12:05:26.757095+00:00 ... 
[2026-03-03T12:13:50.241+0000] {local_task_job_runner.py:121} ERROR - Received SIGTERM. Terminating subprocesses
[2026-03-03T12:13:50.948+0000] {process_utils.py:131} INFO - Sending 15 to group 404. PIDs of all processes in the group: [404]
[2026-03-03T12:13:50.966+0000] {process_utils.py:86} INFO - Sending the signal 15 to group 404
[2026-03-03T12:13:50.988+0000] {taskinstance.py:2450} ERROR - Received SIGTERM. Terminating subprocesses.
