[2026-03-03T12:14:28.297+0000] {taskinstance.py:1956} INFO - Dependencies all met for dep_context=non-requeueable deps ti=<TaskInstance: dag_dbt_transform.wait_for_ingestion manual__2026-03-03T12:05:26.757095+00:00 [queued]>
[2026-03-03T12:14:28.370+0000] {taskinstance.py:1956} INFO - Dependencies all met for dep_context=requeueable deps ti=<TaskInstance: dag_dbt_transform.wait_for_ingestion manual__2026-03-03T12:05:26.757095+00:00 [queued]>
[2026-03-03T12:14:28.376+0000] {taskinstance.py:2170} INFO - Starting attempt 2 of 2
[2026-03-03T12:14:28.420+0000] {taskinstance.py:2191} INFO - Executing <Task(ExternalTaskSensor): wait_for_ingestion> on 2026-03-03 12:05:26.757095+00:00
[2026-03-03T12:14:28.429+0000] {standard_task_runner.py:60} INFO - Started process 238 to run task
[2026-03-03T12:14:28.439+0000] {standard_task_runner.py:87} INFO - Running: ['***', 'tasks', 'run', 'dag_dbt_transform', 'wait_for_ingestion', 'manual__2026-03-03T12:05:26.757095+00:00', '--job-id', '133', '--raw', '--subdir', 'DAGS_FOLDER/dag_dbt_transform.py', '--cfg-path', '/tmp/tmp5gsz5pw7']
[2026-03-03T12:14:28.448+0000] {standard_task_runner.py:88} INFO - Job 133: Subtask wait_for_ingestion
[2026-03-03T12:14:28.639+0000] {task_command.py:423} INFO - Running <TaskInstance: dag_dbt_transform.wait_for_ingestion manual__2026-03-03T12:05:26.757095+00:00 [running]> on host c4473bd42d91
[2026-03-03T12:14:28.984+0000] {taskinstance.py:2480} INFO - Exporting env vars: AIRFLOW_CTX_DAG_OWNER='de_team' AIRFLOW_CTX_DAG_ID='dag_dbt_transform' AIRFLOW_CTX_TASK_ID='wait_for_ingestion' AIRFLOW_CTX_EXECUTION_DATE='2026-03-03T12:05:26.757095+00:00' AIRFLOW_CTX_TRY_NUMBER='2' AIRFLOW_CTX_DAG_RUN_ID='manual__2026-03-03T12:05:26.757095+00:00'
[2026-03-03T12:14:28.986+0000] {external_task.py:244} INFO - Poking for tasks ['load_to_staging'] in dag dag_ingest_daily on 2026-03-03T12:05:26.757095+00:00 ... 
[2026-03-03T12:15:29.030+0000] {external_task.py:244} INFO - Poking for tasks ['load_to_staging'] in dag dag_ingest_daily on 2026-03-03T12:05:26.757095+00:00 ... 
[2026-03-03T12:16:29.068+0000] {external_task.py:244} INFO - Poking for tasks ['load_to_staging'] in dag dag_ingest_daily on 2026-03-03T12:05:26.757095+00:00 ... 
[2026-03-03T12:17:29.123+0000] {external_task.py:244} INFO - Poking for tasks ['load_to_staging'] in dag dag_ingest_daily on 2026-03-03T12:05:26.757095+00:00 ... 
[2026-03-03T12:18:29.180+0000] {external_task.py:244} INFO - Poking for tasks ['load_to_staging'] in dag dag_ingest_daily on 2026-03-03T12:05:26.757095+00:00 ... 
[2026-03-03T12:19:29.213+0000] {external_task.py:244} INFO - Poking for tasks ['load_to_staging'] in dag dag_ingest_daily on 2026-03-03T12:05:26.757095+00:00 ... 
[2026-03-03T12:20:29.264+0000] {external_task.py:244} INFO - Poking for tasks ['load_to_staging'] in dag dag_ingest_daily on 2026-03-03T12:05:26.757095+00:00 ... 
[2026-03-03T12:21:29.351+0000] {external_task.py:244} INFO - Poking for tasks ['load_to_staging'] in dag dag_ingest_daily on 2026-03-03T12:05:26.757095+00:00 ... 
[2026-03-03T12:22:29.461+0000] {external_task.py:244} INFO - Poking for tasks ['load_to_staging'] in dag dag_ingest_daily on 2026-03-03T12:05:26.757095+00:00 ... 
[2026-03-03T12:23:29.576+0000] {external_task.py:244} INFO - Poking for tasks ['load_to_staging'] in dag dag_ingest_daily on 2026-03-03T12:05:26.757095+00:00 ... 
[2026-03-03T12:24:29.632+0000] {external_task.py:244} INFO - Poking for tasks ['load_to_staging'] in dag dag_ingest_daily on 2026-03-03T12:05:26.757095+00:00 ... 
[2026-03-03T12:25:29.676+0000] {external_task.py:244} INFO - Poking for tasks ['load_to_staging'] in dag dag_ingest_daily on 2026-03-03T12:05:26.757095+00:00 ... 
[2026-03-03T12:26:29.893+0000] {external_task.py:244} INFO - Poking for tasks ['load_to_staging'] in dag dag_ingest_daily on 2026-03-03T12:05:26.757095+00:00 ... 
[2026-03-03T12:27:29.924+0000] {external_task.py:244} INFO - Poking for tasks ['load_to_staging'] in dag dag_ingest_daily on 2026-03-03T12:05:26.757095+00:00 ... 
[2026-03-03T12:28:29.973+0000] {external_task.py:244} INFO - Poking for tasks ['load_to_staging'] in dag dag_ingest_daily on 2026-03-03T12:05:26.757095+00:00 ... 
[2026-03-03T12:29:30.057+0000] {external_task.py:244} INFO - Poking for tasks ['load_to_staging'] in dag dag_ingest_daily on 2026-03-03T12:05:26.757095+00:00 ... 
[2026-03-03T12:30:30.103+0000] {external_task.py:244} INFO - Poking for tasks ['load_to_staging'] in dag dag_ingest_daily on 2026-03-03T12:05:26.757095+00:00 ... 
[2026-03-03T12:31:30.177+0000] {external_task.py:244} INFO - Poking for tasks ['load_to_staging'] in dag dag_ingest_daily on 2026-03-03T12:05:26.757095+00:00 ... 
[2026-03-03T12:32:30.269+0000] {external_task.py:244} INFO - Poking for tasks ['load_to_staging'] in dag dag_ingest_daily on 2026-03-03T12:05:26.757095+00:00 ... 
[2026-03-03T12:33:30.346+0000] {external_task.py:244} INFO - Poking for tasks ['load_to_staging'] in dag dag_ingest_daily on 2026-03-03T12:05:26.757095+00:00 ... 
[2026-03-03T12:34:30.413+0000] {external_task.py:244} INFO - Poking for tasks ['load_to_staging'] in dag dag_ingest_daily on 2026-03-03T12:05:26.757095+00:00 ... 
[2026-03-03T12:35:30.495+0000] {external_task.py:244} INFO - Poking for tasks ['load_to_staging'] in dag dag_ingest_daily on 2026-03-03T12:05:26.757095+00:00 ... 
[2026-03-03T12:36:30.526+0000] {external_task.py:244} INFO - Poking for tasks ['load_to_staging'] in dag dag_ingest_daily on 2026-03-03T12:05:26.757095+00:00 ... 
[2026-03-03T12:37:30.584+0000] {external_task.py:244} INFO - Poking for tasks ['load_to_staging'] in dag dag_ingest_daily on 2026-03-03T12:05:26.757095+00:00 ... 
[2026-03-03T12:38:30.617+0000] {external_task.py:244} INFO - Poking for tasks ['load_to_staging'] in dag dag_ingest_daily on 2026-03-03T12:05:26.757095+00:00 ... 
[2026-03-03T12:39:30.653+0000] {external_task.py:244} INFO - Poking for tasks ['load_to_staging'] in dag dag_ingest_daily on 2026-03-03T12:05:26.757095+00:00 ... 
[2026-03-03T12:40:30.727+0000] {external_task.py:244} INFO - Poking for tasks ['load_to_staging'] in dag dag_ingest_daily on 2026-03-03T12:05:26.757095+00:00 ... 
[2026-03-03T12:41:30.796+0000] {external_task.py:244} INFO - Poking for tasks ['load_to_staging'] in dag dag_ingest_daily on 2026-03-03T12:05:26.757095+00:00 ... 
[2026-03-03T12:42:30.832+0000] {external_task.py:244} INFO - Poking for tasks ['load_to_staging'] in dag dag_ingest_daily on 2026-03-03T12:05:26.757095+00:00 ... 
[2026-03-03T12:43:30.901+0000] {external_task.py:244} INFO - Poking for tasks ['load_to_staging'] in dag dag_ingest_daily on 2026-03-03T12:05:26.757095+00:00 ... 
[2026-03-03T12:44:30.964+0000] {external_task.py:244} INFO - Poking for tasks ['load_to_staging'] in dag dag_ingest_daily on 2026-03-03T12:05:26.757095+00:00 ... 
[2026-03-03T12:45:31.016+0000] {external_task.py:244} INFO - Poking for tasks ['load_to_staging'] in dag dag_ingest_daily on 2026-03-03T12:05:26.757095+00:00 ... 
[2026-03-03T12:46:31.049+0000] {external_task.py:244} INFO - Poking for tasks ['load_to_staging'] in dag dag_ingest_daily on 2026-03-03T12:05:26.757095+00:00 ... 
[2026-03-03T12:47:31.095+0000] {external_task.py:244} INFO - Poking for tasks ['load_to_staging'] in dag dag_ingest_daily on 2026-03-03T12:05:26.757095+00:00 ... 
[2026-03-03T12:48:31.135+0000] {external_task.py:244} INFO - Poking for tasks ['load_to_staging'] in dag dag_ingest_daily on 2026-03-03T12:05:26.757095+00:00 ... 
[2026-03-03T12:49:31.187+0000] {external_task.py:244} INFO - Poking for tasks ['load_to_staging'] in dag dag_ingest_daily on 2026-03-03T12:05:26.757095+00:00 ... 
[2026-03-03T12:50:31.243+0000] {external_task.py:244} INFO - Poking for tasks ['load_to_staging'] in dag dag_ingest_daily on 2026-03-03T12:05:26.757095+00:00 ... 
[2026-03-03T12:51:31.307+0000] {external_task.py:244} INFO - Poking for tasks ['load_to_staging'] in dag dag_ingest_daily on 2026-03-03T12:05:26.757095+00:00 ... 
[2026-03-03T12:52:31.390+0000] {external_task.py:244} INFO - Poking for tasks ['load_to_staging'] in dag dag_ingest_daily on 2026-03-03T12:05:26.757095+00:00 ... 
[2026-03-03T12:53:31.425+0000] {external_task.py:244} INFO - Poking for tasks ['load_to_staging'] in dag dag_ingest_daily on 2026-03-03T12:05:26.757095+00:00 ... 
[2026-03-03T12:54:31.468+0000] {external_task.py:244} INFO - Poking for tasks ['load_to_staging'] in dag dag_ingest_daily on 2026-03-03T12:05:26.757095+00:00 ... 
[2026-03-03T12:55:31.565+0000] {external_task.py:244} INFO - Poking for tasks ['load_to_staging'] in dag dag_ingest_daily on 2026-03-03T12:05:26.757095+00:00 ... 
[2026-03-03T12:56:31.633+0000] {external_task.py:244} INFO - Poking for tasks ['load_to_staging'] in dag dag_ingest_daily on 2026-03-03T12:05:26.757095+00:00 ... 
[2026-03-03T12:57:31.777+0000] {external_task.py:244} INFO - Poking for tasks ['load_to_staging'] in dag dag_ingest_daily on 2026-03-03T12:05:26.757095+00:00 ... 
[2026-03-03T12:58:31.840+0000] {external_task.py:244} INFO - Poking for tasks ['load_to_staging'] in dag dag_ingest_daily on 2026-03-03T12:05:26.757095+00:00 ... 
[2026-03-03T12:59:31.892+0000] {external_task.py:244} INFO - Poking for tasks ['load_to_staging'] in dag dag_ingest_daily on 2026-03-03T12:05:26.757095+00:00 ... 
[2026-03-03T13:00:31.925+0000] {external_task.py:244} INFO - Poking for tasks ['load_to_staging'] in dag dag_ingest_daily on 2026-03-03T12:05:26.757095+00:00 ... 
[2026-03-03T13:01:31.986+0000] {external_task.py:244} INFO - Poking for tasks ['load_to_staging'] in dag dag_ingest_daily on 2026-03-03T12:05:26.757095+00:00 ... 
[2026-03-03T13:02:32.036+0000] {external_task.py:244} INFO - Poking for tasks ['load_to_staging'] in dag dag_ingest_daily on 2026-03-03T12:05:26.757095+00:00 ... 
[2026-03-03T13:03:32.072+0000] {external_task.py:244} INFO - Poking for tasks ['load_to_staging'] in dag dag_ingest_daily on 2026-03-03T12:05:26.757095+00:00 ... 
[2026-03-03T13:04:07.967+0000] {local_task_job_runner.py:302} WARNING - State of this instance has been externally set to restarting. Terminating instance.
[2026-03-03T13:04:07.979+0000] {process_utils.py:131} INFO - Sending 15 to group 238. PIDs of all processes in the group: [238]
[2026-03-03T13:04:07.981+0000] {process_utils.py:86} INFO - Sending the signal 15 to group 238
[2026-03-03T13:04:07.987+0000] {taskinstance.py:2450} ERROR - Received SIGTERM. Terminating subprocesses.
[2026-03-03T13:04:08.053+0000] {taskinstance.py:2698} ERROR - Task failed with exception
Traceback (most recent call last):
  File "/home/airflow/.local/lib/python3.11/site-packages/airflow/models/taskinstance.py", line 433, in _execute_task
    result = execute_callable(context=context, **execute_callable_kwargs)
             ^^^^^^^^^^^^^^^^^^^^^^^^^^^^^^^^^^^^^^^^^^^^^^^^^^^^^^^^^^^^
  File "/home/airflow/.local/lib/python3.11/site-packages/airflow/sensors/external_task.py", line 334, in execute
    super().execute(context)
  File "/home/airflow/.local/lib/python3.11/site-packages/airflow/sensors/base.py", line 293, in execute
    time.sleep(self._get_next_poke_interval(started_at, run_duration, try_number))
  File "/home/airflow/.local/lib/python3.11/site-packages/airflow/models/taskinstance.py", line 2452, in signal_handler
    raise AirflowException("Task received SIGTERM signal")
airflow.exceptions.AirflowException: Task received SIGTERM signal
[2026-03-03T13:04:08.069+0000] {taskinstance.py:1138} INFO - Marking task as UP_FOR_RETRY. dag_id=dag_dbt_transform, task_id=wait_for_ingestion, execution_date=20260303T120526, start_date=20260303T121428, end_date=20260303T130408
[2026-03-03T13:04:08.107+0000] {standard_task_runner.py:107} ERROR - Failed to execute job 133 for task wait_for_ingestion (Task received SIGTERM signal; 238)
[2026-03-03T13:04:08.126+0000] {process_utils.py:79} INFO - Process psutil.Process(pid=238, status='terminated', exitcode=1, started='12:14:28') (238) terminated with exit code 1
