[2026-03-03T13:13:17.754+0000] {taskinstance.py:1956} INFO - Dependencies all met for dep_context=non-requeueable deps ti=<TaskInstance: dag_dbt_transform.wait_for_ingestion manual__2026-03-03T12:05:26.757095+00:00 [queued]>
[2026-03-03T13:13:17.777+0000] {taskinstance.py:1956} INFO - Dependencies all met for dep_context=requeueable deps ti=<TaskInstance: dag_dbt_transform.wait_for_ingestion manual__2026-03-03T12:05:26.757095+00:00 [queued]>
[2026-03-03T13:13:17.787+0000] {taskinstance.py:2170} INFO - Starting attempt 3 of 2
[2026-03-03T13:13:17.910+0000] {taskinstance.py:2191} INFO - Executing <Task(ExternalTaskSensor): wait_for_ingestion> on 2026-03-03 12:05:26.757095+00:00
[2026-03-03T13:13:17.949+0000] {standard_task_runner.py:60} INFO - Started process 1139 to run task
[2026-03-03T13:13:18.026+0000] {standard_task_runner.py:87} INFO - Running: ['***', 'tasks', 'run', 'dag_dbt_transform', 'wait_for_ingestion', 'manual__2026-03-03T12:05:26.757095+00:00', '--job-id', '214', '--raw', '--subdir', 'DAGS_FOLDER/dag_dbt_transform.py', '--cfg-path', '/tmp/tmpvhv8eq1h']
[2026-03-03T13:13:18.173+0000] {standard_task_runner.py:88} INFO - Job 214: Subtask wait_for_ingestion
[2026-03-03T13:13:18.988+0000] {task_command.py:423} INFO - Running <TaskInstance: dag_dbt_transform.wait_for_ingestion manual__2026-03-03T12:05:26.757095+00:00 [running]> on host 353218a5daef
[2026-03-03T13:13:22.129+0000] {taskinstance.py:2480} INFO - Exporting env vars: AIRFLOW_CTX_DAG_OWNER='de_team' AIRFLOW_CTX_DAG_ID='dag_dbt_transform' AIRFLOW_CTX_TASK_ID='wait_for_ingestion' AIRFLOW_CTX_EXECUTION_DATE='2026-03-03T12:05:26.757095+00:00' AIRFLOW_CTX_TRY_NUMBER='3' AIRFLOW_CTX_DAG_RUN_ID='manual__2026-03-03T12:05:26.757095+00:00'
[2026-03-03T13:13:22.180+0000] {external_task.py:244} INFO - Poking for tasks ['load_to_staging'] in dag dag_ingest_daily on 2026-03-03T12:05:26.757095+00:00 ... 
[2026-03-03T13:14:22.277+0000] {external_task.py:244} INFO - Poking for tasks ['load_to_staging'] in dag dag_ingest_daily on 2026-03-03T12:05:26.757095+00:00 ... 
[2026-03-03T13:15:22.505+0000] {external_task.py:244} INFO - Poking for tasks ['load_to_staging'] in dag dag_ingest_daily on 2026-03-03T12:05:26.757095+00:00 ... 
[2026-03-03T13:16:22.785+0000] {external_task.py:244} INFO - Poking for tasks ['load_to_staging'] in dag dag_ingest_daily on 2026-03-03T12:05:26.757095+00:00 ... 
[2026-03-03T13:17:23.018+0000] {external_task.py:244} INFO - Poking for tasks ['load_to_staging'] in dag dag_ingest_daily on 2026-03-03T12:05:26.757095+00:00 ... 
[2026-03-03T13:18:23.071+0000] {external_task.py:244} INFO - Poking for tasks ['load_to_staging'] in dag dag_ingest_daily on 2026-03-03T12:05:26.757095+00:00 ... 
[2026-03-03T13:19:23.146+0000] {external_task.py:244} INFO - Poking for tasks ['load_to_staging'] in dag dag_ingest_daily on 2026-03-03T12:05:26.757095+00:00 ... 
[2026-03-03T13:20:23.224+0000] {external_task.py:244} INFO - Poking for tasks ['load_to_staging'] in dag dag_ingest_daily on 2026-03-03T12:05:26.757095+00:00 ... 
[2026-03-03T13:21:23.309+0000] {external_task.py:244} INFO - Poking for tasks ['load_to_staging'] in dag dag_ingest_daily on 2026-03-03T12:05:26.757095+00:00 ... 
[2026-03-03T13:22:23.361+0000] {external_task.py:244} INFO - Poking for tasks ['load_to_staging'] in dag dag_ingest_daily on 2026-03-03T12:05:26.757095+00:00 ... 
[2026-03-03T13:23:23.441+0000] {external_task.py:244} INFO - Poking for tasks ['load_to_staging'] in dag dag_ingest_daily on 2026-03-03T12:05:26.757095+00:00 ... 
[2026-03-03T13:24:23.480+0000] {external_task.py:244} INFO - Poking for tasks ['load_to_staging'] in dag dag_ingest_daily on 2026-03-03T12:05:26.757095+00:00 ... 
[2026-03-03T13:25:23.550+0000] {external_task.py:244} INFO - Poking for tasks ['load_to_staging'] in dag dag_ingest_daily on 2026-03-03T12:05:26.757095+00:00 ... 
[2026-03-03T13:26:23.619+0000] {external_task.py:244} INFO - Poking for tasks ['load_to_staging'] in dag dag_ingest_daily on 2026-03-03T12:05:26.757095+00:00 ... 
[2026-03-03T13:27:23.692+0000] {external_task.py:244} INFO - Poking for tasks ['load_to_staging'] in dag dag_ingest_daily on 2026-03-03T12:05:26.757095+00:00 ... 
[2026-03-03T13:28:23.781+0000] {external_task.py:244} INFO - Poking for tasks ['load_to_staging'] in dag dag_ingest_daily on 2026-03-03T12:05:26.757095+00:00 ... 
[2026-03-03T13:29:23.862+0000] {external_task.py:244} INFO - Poking for tasks ['load_to_staging'] in dag dag_ingest_daily on 2026-03-03T12:05:26.757095+00:00 ... 
[2026-03-03T13:30:23.925+0000] {external_task.py:244} INFO - Poking for tasks ['load_to_staging'] in dag dag_ingest_daily on 2026-03-03T12:05:26.757095+00:00 ... 
[2026-03-03T13:31:23.972+0000] {external_task.py:244} INFO - Poking for tasks ['load_to_staging'] in dag dag_ingest_daily on 2026-03-03T12:05:26.757095+00:00 ... 
[2026-03-03T13:32:24.049+0000] {external_task.py:244} INFO - Poking for tasks ['load_to_staging'] in dag dag_ingest_daily on 2026-03-03T12:05:26.757095+00:00 ... 
[2026-03-03T13:33:24.122+0000] {external_task.py:244} INFO - Poking for tasks ['load_to_staging'] in dag dag_ingest_daily on 2026-03-03T12:05:26.757095+00:00 ... 
[2026-03-03T13:34:24.187+0000] {external_task.py:244} INFO - Poking for tasks ['load_to_staging'] in dag dag_ingest_daily on 2026-03-03T12:05:26.757095+00:00 ... 
[2026-03-03T13:35:24.271+0000] {external_task.py:244} INFO - Poking for tasks ['load_to_staging'] in dag dag_ingest_daily on 2026-03-03T12:05:26.757095+00:00 ... 
[2026-03-03T13:36:24.330+0000] {external_task.py:244} INFO - Poking for tasks ['load_to_staging'] in dag dag_ingest_daily on 2026-03-03T12:05:26.757095+00:00 ... 
[2026-03-03T13:37:24.438+0000] {external_task.py:244} INFO - Poking for tasks ['load_to_staging'] in dag dag_ingest_daily on 2026-03-03T12:05:26.757095+00:00 ... 
[2026-03-03T13:38:24.582+0000] {external_task.py:244} INFO - Poking for tasks ['load_to_staging'] in dag dag_ingest_daily on 2026-03-03T12:05:26.757095+00:00 ... 
[2026-03-03T13:39:24.651+0000] {external_task.py:244} INFO - Poking for tasks ['load_to_staging'] in dag dag_ingest_daily on 2026-03-03T12:05:26.757095+00:00 ... 
[2026-03-03T13:40:24.709+0000] {external_task.py:244} INFO - Poking for tasks ['load_to_staging'] in dag dag_ingest_daily on 2026-03-03T12:05:26.757095+00:00 ... 
[2026-03-03T13:41:24.787+0000] {external_task.py:244} INFO - Poking for tasks ['load_to_staging'] in dag dag_ingest_daily on 2026-03-03T12:05:26.757095+00:00 ... 
[2026-03-03T13:42:24.868+0000] {external_task.py:244} INFO - Poking for tasks ['load_to_staging'] in dag dag_ingest_daily on 2026-03-03T12:05:26.757095+00:00 ... 
[2026-03-03T13:43:24.975+0000] {external_task.py:244} INFO - Poking for tasks ['load_to_staging'] in dag dag_ingest_daily on 2026-03-03T12:05:26.757095+00:00 ... 
[2026-03-03T13:44:25.070+0000] {external_task.py:244} INFO - Poking for tasks ['load_to_staging'] in dag dag_ingest_daily on 2026-03-03T12:05:26.757095+00:00 ... 
[2026-03-03T13:45:25.146+0000] {external_task.py:244} INFO - Poking for tasks ['load_to_staging'] in dag dag_ingest_daily on 2026-03-03T12:05:26.757095+00:00 ... 
[2026-03-03T13:46:25.210+0000] {external_task.py:244} INFO - Poking for tasks ['load_to_staging'] in dag dag_ingest_daily on 2026-03-03T12:05:26.757095+00:00 ... 
[2026-03-03T13:47:25.281+0000] {external_task.py:244} INFO - Poking for tasks ['load_to_staging'] in dag dag_ingest_daily on 2026-03-03T12:05:26.757095+00:00 ... 
[2026-03-03T13:48:25.315+0000] {external_task.py:244} INFO - Poking for tasks ['load_to_staging'] in dag dag_ingest_daily on 2026-03-03T12:05:26.757095+00:00 ... 
[2026-03-03T13:49:25.363+0000] {external_task.py:244} INFO - Poking for tasks ['load_to_staging'] in dag dag_ingest_daily on 2026-03-03T12:05:26.757095+00:00 ... 
[2026-03-03T13:50:25.416+0000] {external_task.py:244} INFO - Poking for tasks ['load_to_staging'] in dag dag_ingest_daily on 2026-03-03T12:05:26.757095+00:00 ... 
[2026-03-03T13:51:25.467+0000] {external_task.py:244} INFO - Poking for tasks ['load_to_staging'] in dag dag_ingest_daily on 2026-03-03T12:05:26.757095+00:00 ... 
[2026-03-03T13:52:25.536+0000] {external_task.py:244} INFO - Poking for tasks ['load_to_staging'] in dag dag_ingest_daily on 2026-03-03T12:05:26.757095+00:00 ... 
[2026-03-03T13:53:25.622+0000] {external_task.py:244} INFO - Poking for tasks ['load_to_staging'] in dag dag_ingest_daily on 2026-03-03T12:05:26.757095+00:00 ... 
[2026-03-03T13:54:25.679+0000] {external_task.py:244} INFO - Poking for tasks ['load_to_staging'] in dag dag_ingest_daily on 2026-03-03T12:05:26.757095+00:00 ... 
[2026-03-03T13:55:25.776+0000] {external_task.py:244} INFO - Poking for tasks ['load_to_staging'] in dag dag_ingest_daily on 2026-03-03T12:05:26.757095+00:00 ... 
[2026-03-03T13:56:25.932+0000] {external_task.py:244} INFO - Poking for tasks ['load_to_staging'] in dag dag_ingest_daily on 2026-03-03T12:05:26.757095+00:00 ... 
[2026-03-03T13:57:25.979+0000] {external_task.py:244} INFO - Poking for tasks ['load_to_staging'] in dag dag_ingest_daily on 2026-03-03T12:05:26.757095+00:00 ... 
[2026-03-03T13:58:26.040+0000] {external_task.py:244} INFO - Poking for tasks ['load_to_staging'] in dag dag_ingest_daily on 2026-03-03T12:05:26.757095+00:00 ... 
[2026-03-03T13:59:26.112+0000] {external_task.py:244} INFO - Poking for tasks ['load_to_staging'] in dag dag_ingest_daily on 2026-03-03T12:05:26.757095+00:00 ... 
[2026-03-03T14:00:26.184+0000] {external_task.py:244} INFO - Poking for tasks ['load_to_staging'] in dag dag_ingest_daily on 2026-03-03T12:05:26.757095+00:00 ... 
[2026-03-03T14:01:26.258+0000] {external_task.py:244} INFO - Poking for tasks ['load_to_staging'] in dag dag_ingest_daily on 2026-03-03T12:05:26.757095+00:00 ... 
[2026-03-03T14:02:26.365+0000] {external_task.py:244} INFO - Poking for tasks ['load_to_staging'] in dag dag_ingest_daily on 2026-03-03T12:05:26.757095+00:00 ... 
[2026-03-03T14:03:26.540+0000] {external_task.py:244} INFO - Poking for tasks ['load_to_staging'] in dag dag_ingest_daily on 2026-03-03T12:05:26.757095+00:00 ... 
[2026-03-03T14:04:26.630+0000] {external_task.py:244} INFO - Poking for tasks ['load_to_staging'] in dag dag_ingest_daily on 2026-03-03T12:05:26.757095+00:00 ... 
[2026-03-03T14:05:26.687+0000] {external_task.py:244} INFO - Poking for tasks ['load_to_staging'] in dag dag_ingest_daily on 2026-03-03T12:05:26.757095+00:00 ... 
[2026-03-03T14:06:26.761+0000] {external_task.py:244} INFO - Poking for tasks ['load_to_staging'] in dag dag_ingest_daily on 2026-03-03T12:05:26.757095+00:00 ... 
[2026-03-03T14:07:26.860+0000] {external_task.py:244} INFO - Poking for tasks ['load_to_staging'] in dag dag_ingest_daily on 2026-03-03T12:05:26.757095+00:00 ... 
[2026-03-03T14:08:26.933+0000] {external_task.py:244} INFO - Poking for tasks ['load_to_staging'] in dag dag_ingest_daily on 2026-03-03T12:05:26.757095+00:00 ... 
[2026-03-03T14:09:26.989+0000] {external_task.py:244} INFO - Poking for tasks ['load_to_staging'] in dag dag_ingest_daily on 2026-03-03T12:05:26.757095+00:00 ... 
[2026-03-03T14:10:27.039+0000] {external_task.py:244} INFO - Poking for tasks ['load_to_staging'] in dag dag_ingest_daily on 2026-03-03T12:05:26.757095+00:00 ... 
[2026-03-03T14:11:27.117+0000] {external_task.py:244} INFO - Poking for tasks ['load_to_staging'] in dag dag_ingest_daily on 2026-03-03T12:05:26.757095+00:00 ... 
[2026-03-03T14:12:27.188+0000] {external_task.py:244} INFO - Poking for tasks ['load_to_staging'] in dag dag_ingest_daily on 2026-03-03T12:05:26.757095+00:00 ... 
[2026-03-03T14:13:27.267+0000] {external_task.py:244} INFO - Poking for tasks ['load_to_staging'] in dag dag_ingest_daily on 2026-03-03T12:05:26.757095+00:00 ... 
[2026-03-03T14:13:27.359+0000] {taskinstance.py:2698} ERROR - Task failed with exception
Traceback (most recent call last):
  File "/home/airflow/.local/lib/python3.11/site-packages/airflow/models/taskinstance.py", line 433, in _execute_task
    result = execute_callable(context=context, **execute_callable_kwargs)
             ^^^^^^^^^^^^^^^^^^^^^^^^^^^^^^^^^^^^^^^^^^^^^^^^^^^^^^^^^^^^
  File "/home/airflow/.local/lib/python3.11/site-packages/airflow/sensors/external_task.py", line 334, in execute
    super().execute(context)
  File "/home/airflow/.local/lib/python3.11/site-packages/airflow/sensors/base.py", line 282, in execute
    raise AirflowSensorTimeout(message)
airflow.exceptions.AirflowSensorTimeout: Sensor has timed out; run duration of 3605.171497105999 seconds exceeds the specified timeout of 3600.0.
[2026-03-03T14:13:27.403+0000] {taskinstance.py:1138} INFO - Immediate failure requested. Marking task as FAILED. dag_id=dag_dbt_transform, task_id=wait_for_ingestion, execution_date=20260303T120526, start_date=20260303T131317, end_date=20260303T141327
[2026-03-03T14:13:27.471+0000] {standard_task_runner.py:107} ERROR - Failed to execute job 214 for task wait_for_ingestion (Sensor has timed out; run duration of 3605.171497105999 seconds exceeds the specified timeout of 3600.0.; 1139)
[2026-03-03T14:13:27.500+0000] {local_task_job_runner.py:234} INFO - Task exited with return code 1
[2026-03-03T14:13:27.646+0000] {taskinstance.py:3280} INFO - 0 downstream tasks scheduled from follow-on schedule check
