[2026-03-03T13:16:02.388+0000] {taskinstance.py:1956} INFO - Dependencies all met for dep_context=non-requeueable deps ti=<TaskInstance: dag_data_quality.wait_for_transform scheduled__2026-02-28T03:00:00+00:00 [queued]>
[2026-03-03T13:16:02.468+0000] {taskinstance.py:1956} INFO - Dependencies all met for dep_context=requeueable deps ti=<TaskInstance: dag_data_quality.wait_for_transform scheduled__2026-02-28T03:00:00+00:00 [queued]>
[2026-03-03T13:16:02.504+0000] {taskinstance.py:2170} INFO - Starting attempt 2 of 2
[2026-03-03T13:16:02.734+0000] {taskinstance.py:2191} INFO - Executing <Task(ExternalTaskSensor): wait_for_transform> on 2026-02-28 03:00:00+00:00
[2026-03-03T13:16:02.794+0000] {standard_task_runner.py:60} INFO - Started process 1668 to run task
[2026-03-03T13:16:02.909+0000] {standard_task_runner.py:87} INFO - Running: ['***', 'tasks', 'run', 'dag_data_quality', 'wait_for_transform', 'scheduled__2026-02-28T03:00:00+00:00', '--job-id', '243', '--raw', '--subdir', 'DAGS_FOLDER/dag_data_quality.py', '--cfg-path', '/tmp/tmp8li2hv25']
[2026-03-03T13:16:03.036+0000] {standard_task_runner.py:88} INFO - Job 243: Subtask wait_for_transform
[2026-03-03T13:16:04.197+0000] {task_command.py:423} INFO - Running <TaskInstance: dag_data_quality.wait_for_transform scheduled__2026-02-28T03:00:00+00:00 [running]> on host 353218a5daef
[2026-03-03T13:16:05.519+0000] {taskinstance.py:2480} INFO - Exporting env vars: AIRFLOW_CTX_DAG_OWNER='de_team' AIRFLOW_CTX_DAG_ID='dag_data_quality' AIRFLOW_CTX_TASK_ID='wait_for_transform' AIRFLOW_CTX_EXECUTION_DATE='2026-02-28T03:00:00+00:00' AIRFLOW_CTX_TRY_NUMBER='2' AIRFLOW_CTX_DAG_RUN_ID='scheduled__2026-02-28T03:00:00+00:00'
[2026-03-03T13:16:05.539+0000] {external_task.py:244} INFO - Poking for tasks ['dbt_test'] in dag dag_dbt_transform on 2026-02-28T03:00:00+00:00 ... 
[2026-03-03T13:17:05.660+0000] {external_task.py:244} INFO - Poking for tasks ['dbt_test'] in dag dag_dbt_transform on 2026-02-28T03:00:00+00:00 ... 
[2026-03-03T13:18:05.723+0000] {external_task.py:244} INFO - Poking for tasks ['dbt_test'] in dag dag_dbt_transform on 2026-02-28T03:00:00+00:00 ... 
[2026-03-03T13:19:05.775+0000] {external_task.py:244} INFO - Poking for tasks ['dbt_test'] in dag dag_dbt_transform on 2026-02-28T03:00:00+00:00 ... 
[2026-03-03T13:20:05.918+0000] {external_task.py:244} INFO - Poking for tasks ['dbt_test'] in dag dag_dbt_transform on 2026-02-28T03:00:00+00:00 ... 
[2026-03-03T13:21:06.042+0000] {external_task.py:244} INFO - Poking for tasks ['dbt_test'] in dag dag_dbt_transform on 2026-02-28T03:00:00+00:00 ... 
[2026-03-03T13:22:06.111+0000] {external_task.py:244} INFO - Poking for tasks ['dbt_test'] in dag dag_dbt_transform on 2026-02-28T03:00:00+00:00 ... 
[2026-03-03T13:23:06.173+0000] {external_task.py:244} INFO - Poking for tasks ['dbt_test'] in dag dag_dbt_transform on 2026-02-28T03:00:00+00:00 ... 
[2026-03-03T13:24:06.220+0000] {external_task.py:244} INFO - Poking for tasks ['dbt_test'] in dag dag_dbt_transform on 2026-02-28T03:00:00+00:00 ... 
[2026-03-03T13:25:06.284+0000] {external_task.py:244} INFO - Poking for tasks ['dbt_test'] in dag dag_dbt_transform on 2026-02-28T03:00:00+00:00 ... 
[2026-03-03T13:26:06.415+0000] {external_task.py:244} INFO - Poking for tasks ['dbt_test'] in dag dag_dbt_transform on 2026-02-28T03:00:00+00:00 ... 
[2026-03-03T13:27:07.026+0000] {external_task.py:244} INFO - Poking for tasks ['dbt_test'] in dag dag_dbt_transform on 2026-02-28T03:00:00+00:00 ... 
[2026-03-03T13:28:07.055+0000] {external_task.py:244} INFO - Poking for tasks ['dbt_test'] in dag dag_dbt_transform on 2026-02-28T03:00:00+00:00 ... 
[2026-03-03T13:29:07.165+0000] {external_task.py:244} INFO - Poking for tasks ['dbt_test'] in dag dag_dbt_transform on 2026-02-28T03:00:00+00:00 ... 
[2026-03-03T13:30:07.206+0000] {external_task.py:244} INFO - Poking for tasks ['dbt_test'] in dag dag_dbt_transform on 2026-02-28T03:00:00+00:00 ... 
[2026-03-03T13:31:07.257+0000] {external_task.py:244} INFO - Poking for tasks ['dbt_test'] in dag dag_dbt_transform on 2026-02-28T03:00:00+00:00 ... 
[2026-03-03T13:32:07.309+0000] {external_task.py:244} INFO - Poking for tasks ['dbt_test'] in dag dag_dbt_transform on 2026-02-28T03:00:00+00:00 ... 
[2026-03-03T13:33:07.383+0000] {external_task.py:244} INFO - Poking for tasks ['dbt_test'] in dag dag_dbt_transform on 2026-02-28T03:00:00+00:00 ... 
[2026-03-03T13:34:07.436+0000] {external_task.py:244} INFO - Poking for tasks ['dbt_test'] in dag dag_dbt_transform on 2026-02-28T03:00:00+00:00 ... 
[2026-03-03T13:35:07.567+0000] {external_task.py:244} INFO - Poking for tasks ['dbt_test'] in dag dag_dbt_transform on 2026-02-28T03:00:00+00:00 ... 
[2026-03-03T13:36:07.633+0000] {external_task.py:244} INFO - Poking for tasks ['dbt_test'] in dag dag_dbt_transform on 2026-02-28T03:00:00+00:00 ... 
[2026-03-03T13:37:07.686+0000] {external_task.py:244} INFO - Poking for tasks ['dbt_test'] in dag dag_dbt_transform on 2026-02-28T03:00:00+00:00 ... 
[2026-03-03T13:38:07.737+0000] {external_task.py:244} INFO - Poking for tasks ['dbt_test'] in dag dag_dbt_transform on 2026-02-28T03:00:00+00:00 ... 
[2026-03-03T13:39:07.782+0000] {external_task.py:244} INFO - Poking for tasks ['dbt_test'] in dag dag_dbt_transform on 2026-02-28T03:00:00+00:00 ... 
[2026-03-03T13:40:07.814+0000] {external_task.py:244} INFO - Poking for tasks ['dbt_test'] in dag dag_dbt_transform on 2026-02-28T03:00:00+00:00 ... 
[2026-03-03T13:41:07.920+0000] {external_task.py:244} INFO - Poking for tasks ['dbt_test'] in dag dag_dbt_transform on 2026-02-28T03:00:00+00:00 ... 
[2026-03-03T13:42:07.985+0000] {external_task.py:244} INFO - Poking for tasks ['dbt_test'] in dag dag_dbt_transform on 2026-02-28T03:00:00+00:00 ... 
[2026-03-03T13:43:08.086+0000] {external_task.py:244} INFO - Poking for tasks ['dbt_test'] in dag dag_dbt_transform on 2026-02-28T03:00:00+00:00 ... 
[2026-03-03T13:44:08.460+0000] {external_task.py:244} INFO - Poking for tasks ['dbt_test'] in dag dag_dbt_transform on 2026-02-28T03:00:00+00:00 ... 
[2026-03-03T13:45:08.696+0000] {external_task.py:244} INFO - Poking for tasks ['dbt_test'] in dag dag_dbt_transform on 2026-02-28T03:00:00+00:00 ... 
[2026-03-03T13:46:08.749+0000] {external_task.py:244} INFO - Poking for tasks ['dbt_test'] in dag dag_dbt_transform on 2026-02-28T03:00:00+00:00 ... 
[2026-03-03T13:47:08.888+0000] {external_task.py:244} INFO - Poking for tasks ['dbt_test'] in dag dag_dbt_transform on 2026-02-28T03:00:00+00:00 ... 
[2026-03-03T13:48:08.972+0000] {external_task.py:244} INFO - Poking for tasks ['dbt_test'] in dag dag_dbt_transform on 2026-02-28T03:00:00+00:00 ... 
[2026-03-03T13:49:09.110+0000] {external_task.py:244} INFO - Poking for tasks ['dbt_test'] in dag dag_dbt_transform on 2026-02-28T03:00:00+00:00 ... 
[2026-03-03T13:50:09.225+0000] {external_task.py:244} INFO - Poking for tasks ['dbt_test'] in dag dag_dbt_transform on 2026-02-28T03:00:00+00:00 ... 
[2026-03-03T13:51:09.332+0000] {external_task.py:244} INFO - Poking for tasks ['dbt_test'] in dag dag_dbt_transform on 2026-02-28T03:00:00+00:00 ... 
[2026-03-03T13:52:09.426+0000] {external_task.py:244} INFO - Poking for tasks ['dbt_test'] in dag dag_dbt_transform on 2026-02-28T03:00:00+00:00 ... 
[2026-03-03T13:53:09.504+0000] {external_task.py:244} INFO - Poking for tasks ['dbt_test'] in dag dag_dbt_transform on 2026-02-28T03:00:00+00:00 ... 
[2026-03-03T13:54:09.587+0000] {external_task.py:244} INFO - Poking for tasks ['dbt_test'] in dag dag_dbt_transform on 2026-02-28T03:00:00+00:00 ... 
[2026-03-03T13:55:09.754+0000] {external_task.py:244} INFO - Poking for tasks ['dbt_test'] in dag dag_dbt_transform on 2026-02-28T03:00:00+00:00 ... 
[2026-03-03T13:56:09.850+0000] {external_task.py:244} INFO - Poking for tasks ['dbt_test'] in dag dag_dbt_transform on 2026-02-28T03:00:00+00:00 ... 
[2026-03-03T13:57:09.954+0000] {external_task.py:244} INFO - Poking for tasks ['dbt_test'] in dag dag_dbt_transform on 2026-02-28T03:00:00+00:00 ... 
[2026-03-03T13:58:10.025+0000] {external_task.py:244} INFO - Poking for tasks ['dbt_test'] in dag dag_dbt_transform on 2026-02-28T03:00:00+00:00 ... 
[2026-03-03T13:59:10.122+0000] {external_task.py:244} INFO - Poking for tasks ['dbt_test'] in dag dag_dbt_transform on 2026-02-28T03:00:00+00:00 ... 
[2026-03-03T14:00:10.374+0000] {external_task.py:244} INFO - Poking for tasks ['dbt_test'] in dag dag_dbt_transform on 2026-02-28T03:00:00+00:00 ... 
[2026-03-03T14:01:10.465+0000] {external_task.py:244} INFO - Poking for tasks ['dbt_test'] in dag dag_dbt_transform on 2026-02-28T03:00:00+00:00 ... 
[2026-03-03T14:02:10.534+0000] {external_task.py:244} INFO - Poking for tasks ['dbt_test'] in dag dag_dbt_transform on 2026-02-28T03:00:00+00:00 ... 
[2026-03-03T14:03:10.599+0000] {external_task.py:244} INFO - Poking for tasks ['dbt_test'] in dag dag_dbt_transform on 2026-02-28T03:00:00+00:00 ... 
[2026-03-03T14:04:10.770+0000] {external_task.py:244} INFO - Poking for tasks ['dbt_test'] in dag dag_dbt_transform on 2026-02-28T03:00:00+00:00 ... 
[2026-03-03T14:05:10.864+0000] {external_task.py:244} INFO - Poking for tasks ['dbt_test'] in dag dag_dbt_transform on 2026-02-28T03:00:00+00:00 ... 
[2026-03-03T14:06:10.980+0000] {external_task.py:244} INFO - Poking for tasks ['dbt_test'] in dag dag_dbt_transform on 2026-02-28T03:00:00+00:00 ... 
[2026-03-03T14:07:11.082+0000] {external_task.py:244} INFO - Poking for tasks ['dbt_test'] in dag dag_dbt_transform on 2026-02-28T03:00:00+00:00 ... 
[2026-03-03T14:08:11.147+0000] {external_task.py:244} INFO - Poking for tasks ['dbt_test'] in dag dag_dbt_transform on 2026-02-28T03:00:00+00:00 ... 
[2026-03-03T14:09:11.211+0000] {external_task.py:244} INFO - Poking for tasks ['dbt_test'] in dag dag_dbt_transform on 2026-02-28T03:00:00+00:00 ... 
[2026-03-03T14:10:11.305+0000] {external_task.py:244} INFO - Poking for tasks ['dbt_test'] in dag dag_dbt_transform on 2026-02-28T03:00:00+00:00 ... 
[2026-03-03T14:11:11.408+0000] {external_task.py:244} INFO - Poking for tasks ['dbt_test'] in dag dag_dbt_transform on 2026-02-28T03:00:00+00:00 ... 
[2026-03-03T14:12:11.477+0000] {external_task.py:244} INFO - Poking for tasks ['dbt_test'] in dag dag_dbt_transform on 2026-02-28T03:00:00+00:00 ... 
[2026-03-03T14:13:11.612+0000] {external_task.py:244} INFO - Poking for tasks ['dbt_test'] in dag dag_dbt_transform on 2026-02-28T03:00:00+00:00 ... 
[2026-03-03T14:14:11.669+0000] {external_task.py:244} INFO - Poking for tasks ['dbt_test'] in dag dag_dbt_transform on 2026-02-28T03:00:00+00:00 ... 
[2026-03-03T14:15:11.752+0000] {external_task.py:244} INFO - Poking for tasks ['dbt_test'] in dag dag_dbt_transform on 2026-02-28T03:00:00+00:00 ... 
[2026-03-03T14:16:11.848+0000] {external_task.py:244} INFO - Poking for tasks ['dbt_test'] in dag dag_dbt_transform on 2026-02-28T03:00:00+00:00 ... 
[2026-03-03T14:16:11.915+0000] {taskinstance.py:2698} ERROR - Task failed with exception
Traceback (most recent call last):
  File "/home/airflow/.local/lib/python3.11/site-packages/airflow/models/taskinstance.py", line 433, in _execute_task
    result = execute_callable(context=context, **execute_callable_kwargs)
             ^^^^^^^^^^^^^^^^^^^^^^^^^^^^^^^^^^^^^^^^^^^^^^^^^^^^^^^^^^^^
  File "/home/airflow/.local/lib/python3.11/site-packages/airflow/sensors/external_task.py", line 334, in execute
    super().execute(context)
  File "/home/airflow/.local/lib/python3.11/site-packages/airflow/sensors/base.py", line 282, in execute
    raise AirflowSensorTimeout(message)
airflow.exceptions.AirflowSensorTimeout: Sensor has timed out; run duration of 3606.3705405619985 seconds exceeds the specified timeout of 3600.0.
[2026-03-03T14:16:11.948+0000] {taskinstance.py:1138} INFO - Immediate failure requested. Marking task as FAILED. dag_id=dag_data_quality, task_id=wait_for_transform, execution_date=20260228T030000, start_date=20260303T131602, end_date=20260303T141611
[2026-03-03T14:16:11.982+0000] {standard_task_runner.py:107} ERROR - Failed to execute job 243 for task wait_for_transform (Sensor has timed out; run duration of 3606.3705405619985 seconds exceeds the specified timeout of 3600.0.; 1668)
[2026-03-03T14:16:12.036+0000] {local_task_job_runner.py:234} INFO - Task exited with return code 1
[2026-03-03T14:16:12.161+0000] {taskinstance.py:3280} INFO - 0 downstream tasks scheduled from follow-on schedule check
