[2026-03-01T03:00:00.853+0000] {taskinstance.py:1956} INFO - Dependencies all met for dep_context=non-requeueable deps ti=<TaskInstance: dag_data_quality.wait_for_transform scheduled__2026-02-28T03:00:00+00:00 [queued]>
[2026-03-01T03:00:00.860+0000] {taskinstance.py:1956} INFO - Dependencies all met for dep_context=requeueable deps ti=<TaskInstance: dag_data_quality.wait_for_transform scheduled__2026-02-28T03:00:00+00:00 [queued]>
[2026-03-01T03:00:00.860+0000] {taskinstance.py:2170} INFO - Starting attempt 1 of 1
[2026-03-01T03:00:00.872+0000] {taskinstance.py:2191} INFO - Executing <Task(ExternalTaskSensor): wait_for_transform> on 2026-02-28 03:00:00+00:00
[2026-03-01T03:00:00.876+0000] {standard_task_runner.py:60} INFO - Started process 1165 to run task
[2026-03-01T03:00:00.879+0000] {standard_task_runner.py:87} INFO - Running: ['***', 'tasks', 'run', 'dag_data_quality', 'wait_for_transform', 'scheduled__2026-02-28T03:00:00+00:00', '--job-id', '37', '--raw', '--subdir', 'DAGS_FOLDER/dag_data_quality.py', '--cfg-path', '/tmp/tmpfi7xm5mi']
[2026-03-01T03:00:00.881+0000] {standard_task_runner.py:88} INFO - Job 37: Subtask wait_for_transform
[2026-03-01T03:00:00.953+0000] {task_command.py:423} INFO - Running <TaskInstance: dag_data_quality.wait_for_transform scheduled__2026-02-28T03:00:00+00:00 [running]> on host c320bbf31b63
[2026-03-01T03:00:01.058+0000] {taskinstance.py:2480} INFO - Exporting env vars: AIRFLOW_CTX_DAG_OWNER='de_team' AIRFLOW_CTX_DAG_ID='dag_data_quality' AIRFLOW_CTX_TASK_ID='wait_for_transform' AIRFLOW_CTX_EXECUTION_DATE='2026-02-28T03:00:00+00:00' AIRFLOW_CTX_TRY_NUMBER='1' AIRFLOW_CTX_DAG_RUN_ID='scheduled__2026-02-28T03:00:00+00:00'
[2026-03-01T03:00:01.059+0000] {external_task.py:244} INFO - Poking for tasks ['dbt_test'] in dag dag_dbt_transform on 2026-02-28T03:00:00+00:00 ... 
[2026-03-01T03:01:01.078+0000] {external_task.py:244} INFO - Poking for tasks ['dbt_test'] in dag dag_dbt_transform on 2026-02-28T03:00:00+00:00 ... 
[2026-03-01T03:02:01.123+0000] {external_task.py:244} INFO - Poking for tasks ['dbt_test'] in dag dag_dbt_transform on 2026-02-28T03:00:00+00:00 ... 
[2026-03-01T03:03:01.158+0000] {external_task.py:244} INFO - Poking for tasks ['dbt_test'] in dag dag_dbt_transform on 2026-02-28T03:00:00+00:00 ... 
[2026-03-01T03:04:01.195+0000] {external_task.py:244} INFO - Poking for tasks ['dbt_test'] in dag dag_dbt_transform on 2026-02-28T03:00:00+00:00 ... 
[2026-03-01T03:05:01.229+0000] {external_task.py:244} INFO - Poking for tasks ['dbt_test'] in dag dag_dbt_transform on 2026-02-28T03:00:00+00:00 ... 
[2026-03-01T03:06:01.266+0000] {external_task.py:244} INFO - Poking for tasks ['dbt_test'] in dag dag_dbt_transform on 2026-02-28T03:00:00+00:00 ... 
[2026-03-01T03:07:01.304+0000] {external_task.py:244} INFO - Poking for tasks ['dbt_test'] in dag dag_dbt_transform on 2026-02-28T03:00:00+00:00 ... 
[2026-03-01T03:08:01.359+0000] {external_task.py:244} INFO - Poking for tasks ['dbt_test'] in dag dag_dbt_transform on 2026-02-28T03:00:00+00:00 ... 
[2026-03-01T03:09:01.399+0000] {external_task.py:244} INFO - Poking for tasks ['dbt_test'] in dag dag_dbt_transform on 2026-02-28T03:00:00+00:00 ... 
[2026-03-01T03:10:01.435+0000] {external_task.py:244} INFO - Poking for tasks ['dbt_test'] in dag dag_dbt_transform on 2026-02-28T03:00:00+00:00 ... 
[2026-03-01T03:11:01.467+0000] {external_task.py:244} INFO - Poking for tasks ['dbt_test'] in dag dag_dbt_transform on 2026-02-28T03:00:00+00:00 ... 
[2026-03-01T03:12:01.506+0000] {external_task.py:244} INFO - Poking for tasks ['dbt_test'] in dag dag_dbt_transform on 2026-02-28T03:00:00+00:00 ... 
[2026-03-01T03:13:01.560+0000] {external_task.py:244} INFO - Poking for tasks ['dbt_test'] in dag dag_dbt_transform on 2026-02-28T03:00:00+00:00 ... 
[2026-03-01T03:14:01.588+0000] {external_task.py:244} INFO - Poking for tasks ['dbt_test'] in dag dag_dbt_transform on 2026-02-28T03:00:00+00:00 ... 
[2026-03-01T03:15:01.623+0000] {external_task.py:244} INFO - Poking for tasks ['dbt_test'] in dag dag_dbt_transform on 2026-02-28T03:00:00+00:00 ... 
[2026-03-01T03:16:01.707+0000] {external_task.py:244} INFO - Poking for tasks ['dbt_test'] in dag dag_dbt_transform on 2026-02-28T03:00:00+00:00 ... 
[2026-03-01T03:17:01.779+0000] {external_task.py:244} INFO - Poking for tasks ['dbt_test'] in dag dag_dbt_transform on 2026-02-28T03:00:00+00:00 ... 
[2026-03-01T03:18:01.842+0000] {external_task.py:244} INFO - Poking for tasks ['dbt_test'] in dag dag_dbt_transform on 2026-02-28T03:00:00+00:00 ... 
[2026-03-01T03:19:01.889+0000] {external_task.py:244} INFO - Poking for tasks ['dbt_test'] in dag dag_dbt_transform on 2026-02-28T03:00:00+00:00 ... 
[2026-03-01T03:20:01.945+0000] {external_task.py:244} INFO - Poking for tasks ['dbt_test'] in dag dag_dbt_transform on 2026-02-28T03:00:00+00:00 ... 
[2026-03-01T03:21:02.030+0000] {external_task.py:244} INFO - Poking for tasks ['dbt_test'] in dag dag_dbt_transform on 2026-02-28T03:00:00+00:00 ... 
[2026-03-01T03:22:02.085+0000] {external_task.py:244} INFO - Poking for tasks ['dbt_test'] in dag dag_dbt_transform on 2026-02-28T03:00:00+00:00 ... 
[2026-03-01T03:23:02.146+0000] {external_task.py:244} INFO - Poking for tasks ['dbt_test'] in dag dag_dbt_transform on 2026-02-28T03:00:00+00:00 ... 
[2026-03-01T03:24:02.196+0000] {external_task.py:244} INFO - Poking for tasks ['dbt_test'] in dag dag_dbt_transform on 2026-02-28T03:00:00+00:00 ... 
[2026-03-01T03:25:02.243+0000] {external_task.py:244} INFO - Poking for tasks ['dbt_test'] in dag dag_dbt_transform on 2026-02-28T03:00:00+00:00 ... 
[2026-03-01T03:26:02.279+0000] {external_task.py:244} INFO - Poking for tasks ['dbt_test'] in dag dag_dbt_transform on 2026-02-28T03:00:00+00:00 ... 
[2026-03-01T03:27:02.314+0000] {external_task.py:244} INFO - Poking for tasks ['dbt_test'] in dag dag_dbt_transform on 2026-02-28T03:00:00+00:00 ... 
[2026-03-01T03:28:02.377+0000] {external_task.py:244} INFO - Poking for tasks ['dbt_test'] in dag dag_dbt_transform on 2026-02-28T03:00:00+00:00 ... 
[2026-03-01T03:29:02.429+0000] {external_task.py:244} INFO - Poking for tasks ['dbt_test'] in dag dag_dbt_transform on 2026-02-28T03:00:00+00:00 ... 
[2026-03-01T03:30:02.492+0000] {external_task.py:244} INFO - Poking for tasks ['dbt_test'] in dag dag_dbt_transform on 2026-02-28T03:00:00+00:00 ... 
[2026-03-01T03:31:02.544+0000] {external_task.py:244} INFO - Poking for tasks ['dbt_test'] in dag dag_dbt_transform on 2026-02-28T03:00:00+00:00 ... 
[2026-03-01T03:32:02.596+0000] {external_task.py:244} INFO - Poking for tasks ['dbt_test'] in dag dag_dbt_transform on 2026-02-28T03:00:00+00:00 ... 
[2026-03-01T03:33:02.689+0000] {external_task.py:244} INFO - Poking for tasks ['dbt_test'] in dag dag_dbt_transform on 2026-02-28T03:00:00+00:00 ... 
[2026-03-01T03:34:02.736+0000] {external_task.py:244} INFO - Poking for tasks ['dbt_test'] in dag dag_dbt_transform on 2026-02-28T03:00:00+00:00 ... 
[2026-03-01T03:35:02.796+0000] {external_task.py:244} INFO - Poking for tasks ['dbt_test'] in dag dag_dbt_transform on 2026-02-28T03:00:00+00:00 ... 
[2026-03-01T03:36:02.860+0000] {external_task.py:244} INFO - Poking for tasks ['dbt_test'] in dag dag_dbt_transform on 2026-02-28T03:00:00+00:00 ... 
[2026-03-01T03:37:02.931+0000] {external_task.py:244} INFO - Poking for tasks ['dbt_test'] in dag dag_dbt_transform on 2026-02-28T03:00:00+00:00 ... 
[2026-03-01T03:38:02.977+0000] {external_task.py:244} INFO - Poking for tasks ['dbt_test'] in dag dag_dbt_transform on 2026-02-28T03:00:00+00:00 ... 
[2026-03-01T03:39:03.027+0000] {external_task.py:244} INFO - Poking for tasks ['dbt_test'] in dag dag_dbt_transform on 2026-02-28T03:00:00+00:00 ... 
[2026-03-01T03:40:03.060+0000] {external_task.py:244} INFO - Poking for tasks ['dbt_test'] in dag dag_dbt_transform on 2026-02-28T03:00:00+00:00 ... 
[2026-03-01T03:41:03.121+0000] {external_task.py:244} INFO - Poking for tasks ['dbt_test'] in dag dag_dbt_transform on 2026-02-28T03:00:00+00:00 ... 
[2026-03-01T03:42:03.169+0000] {external_task.py:244} INFO - Poking for tasks ['dbt_test'] in dag dag_dbt_transform on 2026-02-28T03:00:00+00:00 ... 
[2026-03-01T03:43:03.238+0000] {external_task.py:244} INFO - Poking for tasks ['dbt_test'] in dag dag_dbt_transform on 2026-02-28T03:00:00+00:00 ... 
[2026-03-01T03:44:03.285+0000] {external_task.py:244} INFO - Poking for tasks ['dbt_test'] in dag dag_dbt_transform on 2026-02-28T03:00:00+00:00 ... 
[2026-03-01T03:45:03.326+0000] {external_task.py:244} INFO - Poking for tasks ['dbt_test'] in dag dag_dbt_transform on 2026-02-28T03:00:00+00:00 ... 
[2026-03-01T03:46:03.367+0000] {external_task.py:244} INFO - Poking for tasks ['dbt_test'] in dag dag_dbt_transform on 2026-02-28T03:00:00+00:00 ... 
[2026-03-01T03:47:03.411+0000] {external_task.py:244} INFO - Poking for tasks ['dbt_test'] in dag dag_dbt_transform on 2026-02-28T03:00:00+00:00 ... 
[2026-03-01T03:48:03.451+0000] {external_task.py:244} INFO - Poking for tasks ['dbt_test'] in dag dag_dbt_transform on 2026-02-28T03:00:00+00:00 ... 
[2026-03-01T03:49:03.493+0000] {external_task.py:244} INFO - Poking for tasks ['dbt_test'] in dag dag_dbt_transform on 2026-02-28T03:00:00+00:00 ... 
[2026-03-01T03:50:03.527+0000] {external_task.py:244} INFO - Poking for tasks ['dbt_test'] in dag dag_dbt_transform on 2026-02-28T03:00:00+00:00 ... 
[2026-03-01T03:51:03.568+0000] {external_task.py:244} INFO - Poking for tasks ['dbt_test'] in dag dag_dbt_transform on 2026-02-28T03:00:00+00:00 ... 
[2026-03-01T03:52:03.601+0000] {external_task.py:244} INFO - Poking for tasks ['dbt_test'] in dag dag_dbt_transform on 2026-02-28T03:00:00+00:00 ... 
[2026-03-01T03:53:03.635+0000] {external_task.py:244} INFO - Poking for tasks ['dbt_test'] in dag dag_dbt_transform on 2026-02-28T03:00:00+00:00 ... 
[2026-03-01T03:54:03.677+0000] {external_task.py:244} INFO - Poking for tasks ['dbt_test'] in dag dag_dbt_transform on 2026-02-28T03:00:00+00:00 ... 
[2026-03-01T03:55:03.717+0000] {external_task.py:244} INFO - Poking for tasks ['dbt_test'] in dag dag_dbt_transform on 2026-02-28T03:00:00+00:00 ... 
[2026-03-01T03:56:03.757+0000] {external_task.py:244} INFO - Poking for tasks ['dbt_test'] in dag dag_dbt_transform on 2026-02-28T03:00:00+00:00 ... 
[2026-03-01T03:57:03.795+0000] {external_task.py:244} INFO - Poking for tasks ['dbt_test'] in dag dag_dbt_transform on 2026-02-28T03:00:00+00:00 ... 
[2026-03-01T03:58:03.835+0000] {external_task.py:244} INFO - Poking for tasks ['dbt_test'] in dag dag_dbt_transform on 2026-02-28T03:00:00+00:00 ... 
[2026-03-01T03:59:03.874+0000] {external_task.py:244} INFO - Poking for tasks ['dbt_test'] in dag dag_dbt_transform on 2026-02-28T03:00:00+00:00 ... 
[2026-03-01T04:00:03.924+0000] {external_task.py:244} INFO - Poking for tasks ['dbt_test'] in dag dag_dbt_transform on 2026-02-28T03:00:00+00:00 ... 
[2026-03-01T04:00:03.957+0000] {taskinstance.py:2698} ERROR - Task failed with exception
Traceback (most recent call last):
  File "/home/airflow/.local/lib/python3.11/site-packages/airflow/models/taskinstance.py", line 433, in _execute_task
    result = execute_callable(context=context, **execute_callable_kwargs)
             ^^^^^^^^^^^^^^^^^^^^^^^^^^^^^^^^^^^^^^^^^^^^^^^^^^^^^^^^^^^^
  File "/home/airflow/.local/lib/python3.11/site-packages/airflow/sensors/external_task.py", line 334, in execute
    super().execute(context)
  File "/home/airflow/.local/lib/python3.11/site-packages/airflow/sensors/base.py", line 282, in execute
    raise AirflowSensorTimeout(message)
airflow.exceptions.AirflowSensorTimeout: Sensor has timed out; run duration of 3602.8904720100036 seconds exceeds the specified timeout of 3600.0.
[2026-03-01T04:00:03.973+0000] {taskinstance.py:1138} INFO - Immediate failure requested. Marking task as FAILED. dag_id=dag_data_quality, task_id=wait_for_transform, execution_date=20260228T030000, start_date=20260301T030000, end_date=20260301T040003
[2026-03-01T04:00:03.994+0000] {standard_task_runner.py:107} ERROR - Failed to execute job 37 for task wait_for_transform (Sensor has timed out; run duration of 3602.8904720100036 seconds exceeds the specified timeout of 3600.0.; 1165)
[2026-03-01T04:00:04.035+0000] {local_task_job_runner.py:234} INFO - Task exited with return code 1
[2026-03-01T04:00:04.097+0000] {taskinstance.py:3280} INFO - 0 downstream tasks scheduled from follow-on schedule check
