[2026-03-03T12:15:36.144+0000] {taskinstance.py:1956} INFO - Dependencies all met for dep_context=non-requeueable deps ti=<TaskInstance: dag_dbt_transform.dbt_run_staging manual__2026-03-03T12:14:52+00:00 [queued]>
[2026-03-03T12:15:36.151+0000] {taskinstance.py:1956} INFO - Dependencies all met for dep_context=requeueable deps ti=<TaskInstance: dag_dbt_transform.dbt_run_staging manual__2026-03-03T12:14:52+00:00 [queued]>
[2026-03-03T12:15:36.151+0000] {taskinstance.py:2170} INFO - Starting attempt 1 of 2
[2026-03-03T12:15:36.162+0000] {taskinstance.py:2191} INFO - Executing <Task(BashOperator): dbt_run_staging> on 2026-03-03 12:14:52+00:00
[2026-03-03T12:15:36.167+0000] {standard_task_runner.py:60} INFO - Started process 395 to run task
[2026-03-03T12:15:36.176+0000] {standard_task_runner.py:87} INFO - Running: ['***', 'tasks', 'run', 'dag_dbt_transform', 'dbt_run_staging', 'manual__2026-03-03T12:14:52+00:00', '--job-id', '142', '--raw', '--subdir', 'DAGS_FOLDER/dag_dbt_transform.py', '--cfg-path', '/tmp/tmpzoc4en3e']
[2026-03-03T12:15:36.181+0000] {standard_task_runner.py:88} INFO - Job 142: Subtask dbt_run_staging
[2026-03-03T12:15:36.308+0000] {task_command.py:423} INFO - Running <TaskInstance: dag_dbt_transform.dbt_run_staging manual__2026-03-03T12:14:52+00:00 [running]> on host c4473bd42d91
[2026-03-03T12:15:36.418+0000] {taskinstance.py:2480} INFO - Exporting env vars: AIRFLOW_CTX_DAG_OWNER='de_team' AIRFLOW_CTX_DAG_ID='dag_dbt_transform' AIRFLOW_CTX_TASK_ID='dbt_run_staging' AIRFLOW_CTX_EXECUTION_DATE='2026-03-03T12:14:52+00:00' AIRFLOW_CTX_TRY_NUMBER='1' AIRFLOW_CTX_DAG_RUN_ID='manual__2026-03-03T12:14:52+00:00'
[2026-03-03T12:15:36.422+0000] {subprocess.py:63} INFO - Tmp dir root location: /tmp
[2026-03-03T12:15:36.424+0000] {subprocess.py:75} INFO - Running command: ['/usr/bin/bash', '-c', 'cd /opt/***/dbt && dbt run --select staging --profiles-dir /opt/***/dbt --project-dir /opt/***/dbt']
[2026-03-03T12:15:36.433+0000] {subprocess.py:86} INFO - Output:
[2026-03-03T12:15:37.852+0000] {subprocess.py:93} INFO - [0m12:15:37  Running with dbt=1.11.6
[2026-03-03T12:15:38.075+0000] {subprocess.py:93} INFO - [0m12:15:38  Registered adapter: clickhouse=1.10.0
[2026-03-03T12:15:38.253+0000] {subprocess.py:93} INFO - [0m12:15:38  Unable to do partial parsing because env vars used in dbt_project.yml have changed
[2026-03-03T12:15:39.232+0000] {subprocess.py:93} INFO - [0m12:15:39  [[33mWARNING[0m][MissingArgumentsPropertyInGenericTestDeprecation]: Deprecated
[2026-03-03T12:15:39.233+0000] {subprocess.py:93} INFO - functionality
[2026-03-03T12:15:39.233+0000] {subprocess.py:93} INFO - Found top-level arguments to test `accepted_values` defined on 'stg_orders' in
[2026-03-03T12:15:39.233+0000] {subprocess.py:93} INFO - package 'ecommerce_dbt' (models/schema.yml). Arguments to generic tests should
[2026-03-03T12:15:39.234+0000] {subprocess.py:93} INFO - be nested under the `arguments` property.
[2026-03-03T12:15:39.630+0000] {subprocess.py:93} INFO - [0m12:15:39  Found 12 models, 32 data tests, 6 sources, 523 macros
[2026-03-03T12:15:39.632+0000] {subprocess.py:93} INFO - [0m12:15:39
[2026-03-03T12:15:39.632+0000] {subprocess.py:93} INFO - [0m12:15:39  Concurrency: 4 threads (target='dev')
[2026-03-03T12:15:39.633+0000] {subprocess.py:93} INFO - [0m12:15:39
[2026-03-03T12:15:40.166+0000] {subprocess.py:93} INFO - [0m12:15:40  1 of 4 START sql view model `staging_staging`.`stg_order_items` ................ [RUN]
[2026-03-03T12:15:40.167+0000] {subprocess.py:93} INFO - [0m12:15:40  2 of 4 START sql view model `staging_staging`.`stg_orders` ..................... [RUN]
[2026-03-03T12:15:40.168+0000] {subprocess.py:93} INFO - [0m12:15:40  3 of 4 START sql view model `staging_staging`.`stg_products` ................... [RUN]
[2026-03-03T12:15:40.169+0000] {subprocess.py:93} INFO - [0m12:15:40  4 of 4 START sql view model `staging_staging`.`stg_users` ...................... [RUN]
[2026-03-03T12:15:40.370+0000] {subprocess.py:93} INFO - [0m12:15:40  2 of 4 OK created sql view model `staging_staging`.`stg_orders` ................ [[32mOK[0m in 0.19s]
[2026-03-03T12:15:40.377+0000] {subprocess.py:93} INFO - [0m12:15:40  1 of 4 OK created sql view model `staging_staging`.`stg_order_items` ........... [[32mOK[0m in 0.20s]
[2026-03-03T12:15:40.405+0000] {subprocess.py:93} INFO - [0m12:15:40  3 of 4 OK created sql view model `staging_staging`.`stg_products` .............. [[32mOK[0m in 0.23s]
[2026-03-03T12:15:40.417+0000] {subprocess.py:93} INFO - [0m12:15:40  4 of 4 OK created sql view model `staging_staging`.`stg_users` ................. [[32mOK[0m in 0.24s]
[2026-03-03T12:15:40.425+0000] {subprocess.py:93} INFO - [0m12:15:40
[2026-03-03T12:15:40.425+0000] {subprocess.py:93} INFO - [0m12:15:40  Finished running 4 view models in 0 hours 0 minutes and 0.79 seconds (0.79s).
[2026-03-03T12:15:40.486+0000] {subprocess.py:93} INFO - [0m12:15:40
[2026-03-03T12:15:40.486+0000] {subprocess.py:93} INFO - [0m12:15:40  [32mCompleted successfully[0m
[2026-03-03T12:15:40.487+0000] {subprocess.py:93} INFO - [0m12:15:40
[2026-03-03T12:15:40.487+0000] {subprocess.py:93} INFO - [0m12:15:40  Done. PASS=4 WARN=0 ERROR=0 SKIP=0 NO-OP=0 TOTAL=4
[2026-03-03T12:15:40.488+0000] {subprocess.py:93} INFO - [0m12:15:40  [[33mWARNING[0m][DeprecationsSummary]: Deprecated functionality
[2026-03-03T12:15:40.488+0000] {subprocess.py:93} INFO - Summary of encountered deprecations:
[2026-03-03T12:15:40.488+0000] {subprocess.py:93} INFO - - MissingArgumentsPropertyInGenericTestDeprecation: 4 occurrences
[2026-03-03T12:15:40.489+0000] {subprocess.py:93} INFO - To see all deprecation instances instead of just the first occurrence of each,
[2026-03-03T12:15:40.489+0000] {subprocess.py:93} INFO - run command again with the `--show-all-deprecations` flag. You may also need to
[2026-03-03T12:15:40.489+0000] {subprocess.py:93} INFO - run with `--no-partial-parse` as some deprecations are only encountered during
[2026-03-03T12:15:40.489+0000] {subprocess.py:93} INFO - parsing.
[2026-03-03T12:15:42.203+0000] {subprocess.py:97} INFO - Command exited with return code 0
[2026-03-03T12:15:42.232+0000] {taskinstance.py:1138} INFO - Marking task as SUCCESS. dag_id=dag_dbt_transform, task_id=dbt_run_staging, execution_date=20260303T121452, start_date=20260303T121536, end_date=20260303T121542
[2026-03-03T12:15:42.257+0000] {local_task_job_runner.py:234} INFO - Task exited with return code 0
[2026-03-03T12:15:42.282+0000] {taskinstance.py:3280} INFO - 1 downstream tasks scheduled from follow-on schedule check
