[2026-03-03T13:13:59.793+0000] {taskinstance.py:1956} INFO - Dependencies all met for dep_context=non-requeueable deps ti=<TaskInstance: dag_dbt_transform.dbt_run_staging manual__2026-03-03T12:14:52+00:00 [queued]>
[2026-03-03T13:13:59.896+0000] {taskinstance.py:1956} INFO - Dependencies all met for dep_context=requeueable deps ti=<TaskInstance: dag_dbt_transform.dbt_run_staging manual__2026-03-03T12:14:52+00:00 [queued]>
[2026-03-03T13:13:59.903+0000] {taskinstance.py:2170} INFO - Starting attempt 2 of 3
[2026-03-03T13:14:00.197+0000] {taskinstance.py:2191} INFO - Executing <Task(BashOperator): dbt_run_staging> on 2026-03-03 12:14:52+00:00
[2026-03-03T13:14:00.217+0000] {standard_task_runner.py:60} INFO - Started process 1283 to run task
[2026-03-03T13:14:00.266+0000] {standard_task_runner.py:87} INFO - Running: ['***', 'tasks', 'run', 'dag_dbt_transform', 'dbt_run_staging', 'manual__2026-03-03T12:14:52+00:00', '--job-id', '231', '--raw', '--subdir', 'DAGS_FOLDER/dag_dbt_transform.py', '--cfg-path', '/tmp/tmpgcvazkv0']
[2026-03-03T13:14:00.277+0000] {standard_task_runner.py:88} INFO - Job 231: Subtask dbt_run_staging
[2026-03-03T13:14:00.672+0000] {task_command.py:423} INFO - Running <TaskInstance: dag_dbt_transform.dbt_run_staging manual__2026-03-03T12:14:52+00:00 [running]> on host 353218a5daef
[2026-03-03T13:14:01.334+0000] {taskinstance.py:2480} INFO - Exporting env vars: AIRFLOW_CTX_DAG_OWNER='de_team' AIRFLOW_CTX_DAG_ID='dag_dbt_transform' AIRFLOW_CTX_TASK_ID='dbt_run_staging' AIRFLOW_CTX_EXECUTION_DATE='2026-03-03T12:14:52+00:00' AIRFLOW_CTX_TRY_NUMBER='2' AIRFLOW_CTX_DAG_RUN_ID='manual__2026-03-03T12:14:52+00:00'
[2026-03-03T13:14:01.350+0000] {subprocess.py:63} INFO - Tmp dir root location: /tmp
[2026-03-03T13:14:01.361+0000] {subprocess.py:75} INFO - Running command: ['/usr/bin/bash', '-c', 'cd /opt/***/dbt && dbt run --select staging --profiles-dir /opt/***/dbt --project-dir /opt/***/dbt']
[2026-03-03T13:14:01.396+0000] {subprocess.py:86} INFO - Output:
[2026-03-03T13:14:14.320+0000] {subprocess.py:93} INFO - [0m13:14:14  Running with dbt=1.11.6
[2026-03-03T13:14:19.109+0000] {subprocess.py:93} INFO - [0m13:14:19  Registered adapter: clickhouse=1.10.0
[2026-03-03T13:14:26.387+0000] {subprocess.py:93} INFO - [0m13:14:26  Found 12 models, 32 data tests, 6 sources, 523 macros
[2026-03-03T13:14:26.431+0000] {subprocess.py:93} INFO - [0m13:14:26
[2026-03-03T13:14:26.443+0000] {subprocess.py:93} INFO - [0m13:14:26  Concurrency: 4 threads (target='dev')
[2026-03-03T13:14:26.459+0000] {subprocess.py:93} INFO - [0m13:14:26
[2026-03-03T13:14:36.181+0000] {subprocess.py:93} INFO - [0m13:14:36  2 of 4 START sql view model `staging_staging`.`stg_orders` ..................... [RUN]
[2026-03-03T13:14:36.202+0000] {subprocess.py:93} INFO - [0m13:14:36  1 of 4 START sql view model `staging_staging`.`stg_order_items` ................ [RUN]
[2026-03-03T13:14:36.215+0000] {subprocess.py:93} INFO - [0m13:14:36  3 of 4 START sql view model `staging_staging`.`stg_products` ................... [RUN]
[2026-03-03T13:14:36.227+0000] {subprocess.py:93} INFO - [0m13:14:36  4 of 4 START sql view model `staging_staging`.`stg_users` ...................... [RUN]
[2026-03-03T13:14:37.971+0000] {subprocess.py:93} INFO - [0m13:14:37  2 of 4 OK created sql view model `staging_staging`.`stg_orders` ................ [[32mOK[0m in 1.52s]
[2026-03-03T13:14:38.066+0000] {subprocess.py:93} INFO - [0m13:14:38  1 of 4 OK created sql view model `staging_staging`.`stg_order_items` ........... [[32mOK[0m in 1.57s]
[2026-03-03T13:14:38.296+0000] {subprocess.py:93} INFO - [0m13:14:38  4 of 4 OK created sql view model `staging_staging`.`stg_users` ................. [[32mOK[0m in 1.97s]
[2026-03-03T13:14:38.363+0000] {subprocess.py:93} INFO - [0m13:14:38  3 of 4 OK created sql view model `staging_staging`.`stg_products` .............. [[32mOK[0m in 2.09s]
[2026-03-03T13:14:38.490+0000] {subprocess.py:93} INFO - [0m13:14:38
[2026-03-03T13:14:38.493+0000] {subprocess.py:93} INFO - [0m13:14:38  Finished running 4 view models in 0 hours 0 minutes and 12.03 seconds (12.03s).
[2026-03-03T13:14:38.977+0000] {subprocess.py:93} INFO - [0m13:14:38
[2026-03-03T13:14:38.987+0000] {subprocess.py:93} INFO - [0m13:14:38  [32mCompleted successfully[0m
[2026-03-03T13:14:38.989+0000] {subprocess.py:93} INFO - [0m13:14:38
[2026-03-03T13:14:38.993+0000] {subprocess.py:93} INFO - [0m13:14:38  Done. PASS=4 WARN=0 ERROR=0 SKIP=0 NO-OP=0 TOTAL=4
[2026-03-03T13:14:56.107+0000] {subprocess.py:97} INFO - Command exited with return code 0
[2026-03-03T13:14:56.684+0000] {taskinstance.py:1138} INFO - Marking task as SUCCESS. dag_id=dag_dbt_transform, task_id=dbt_run_staging, execution_date=20260303T121452, start_date=20260303T131359, end_date=20260303T131456
[2026-03-03T13:14:56.985+0000] {local_task_job_runner.py:234} INFO - Task exited with return code 0
[2026-03-03T13:14:57.454+0000] {taskinstance.py:3280} INFO - 1 downstream tasks scheduled from follow-on schedule check
