[2026-03-03T13:11:15.961+0000] {taskinstance.py:1956} INFO - Dependencies all met for dep_context=non-requeueable deps ti=<TaskInstance: dag_ingest_daily.extract scheduled__2026-03-02T01:00:00+00:00 [queued]>
[2026-03-03T13:11:16.249+0000] {taskinstance.py:1956} INFO - Dependencies all met for dep_context=requeueable deps ti=<TaskInstance: dag_ingest_daily.extract scheduled__2026-03-02T01:00:00+00:00 [queued]>
[2026-03-03T13:11:16.271+0000] {taskinstance.py:2170} INFO - Starting attempt 2 of 4
[2026-03-03T13:11:16.381+0000] {taskinstance.py:2191} INFO - Executing <Task(PythonOperator): extract> on 2026-03-02 01:00:00+00:00
[2026-03-03T13:11:16.484+0000] {standard_task_runner.py:60} INFO - Started process 459 to run task
[2026-03-03T13:11:16.614+0000] {standard_task_runner.py:87} INFO - Running: ['***', 'tasks', 'run', 'dag_ingest_daily', 'extract', 'scheduled__2026-03-02T01:00:00+00:00', '--job-id', '160', '--raw', '--subdir', 'DAGS_FOLDER/dag_ingest_daily.py', '--cfg-path', '/tmp/tmpsu5wxkx_']
[2026-03-03T13:11:16.680+0000] {standard_task_runner.py:88} INFO - Job 160: Subtask extract
[2026-03-03T13:11:18.866+0000] {task_command.py:423} INFO - Running <TaskInstance: dag_ingest_daily.extract scheduled__2026-03-02T01:00:00+00:00 [running]> on host 353218a5daef
[2026-03-03T13:11:20.317+0000] {taskinstance.py:2480} INFO - Exporting env vars: AIRFLOW_CTX_DAG_OWNER='de_team' AIRFLOW_CTX_DAG_ID='dag_ingest_daily' AIRFLOW_CTX_TASK_ID='extract' AIRFLOW_CTX_EXECUTION_DATE='2026-03-02T01:00:00+00:00' AIRFLOW_CTX_TRY_NUMBER='2' AIRFLOW_CTX_DAG_RUN_ID='scheduled__2026-03-02T01:00:00+00:00'
[2026-03-03T13:11:32.372+0000] {extractor.py:40} INFO - Connected to ecommerce_oltp@postgres_oltp
[2026-03-03T13:11:32.394+0000] {extractor.py:135} INFO - === Daily extraction for 2026-03-02 ===
[2026-03-03T13:11:32.431+0000] {extractor.py:113} INFO - Extracting static table: users
[2026-03-03T13:11:32.437+0000] {extractor.py:66} INFO - Full extract: users
[2026-03-03T13:11:32.866+0000] {extractor.py:61} INFO -   Fetched 500 rows
[2026-03-03T13:11:33.010+0000] {extractor.py:113} INFO - Extracting static table: sellers
[2026-03-03T13:11:33.032+0000] {extractor.py:66} INFO - Full extract: sellers
[2026-03-03T13:11:33.094+0000] {extractor.py:61} INFO -   Fetched 50 rows
[2026-03-03T13:11:33.159+0000] {extractor.py:113} INFO - Extracting static table: products
[2026-03-03T13:11:33.162+0000] {extractor.py:66} INFO - Full extract: products
[2026-03-03T13:11:33.321+0000] {extractor.py:61} INFO -   Fetched 200 rows
[2026-03-03T13:11:33.349+0000] {extractor.py:113} INFO - Extracting static table: categories
[2026-03-03T13:11:33.359+0000] {extractor.py:66} INFO - Full extract: categories
[2026-03-03T13:11:33.387+0000] {extractor.py:61} INFO -   Fetched 10 rows
[2026-03-03T13:11:33.394+0000] {extractor.py:74} INFO - Incremental extract: orders since 2026-03-02
[2026-03-03T13:11:33.470+0000] {extractor.py:61} INFO -   Fetched 1 rows
[2026-03-03T13:11:33.530+0000] {extractor.py:94} INFO - Incremental extract: order_items since 2026-03-02
[2026-03-03T13:11:33.632+0000] {extractor.py:61} INFO -   Fetched 1 rows
[2026-03-03T13:11:33.687+0000] {extractor.py:141} INFO -   users: 500 rows extracted
[2026-03-03T13:11:33.732+0000] {extractor.py:141} INFO -   sellers: 50 rows extracted
[2026-03-03T13:11:33.738+0000] {extractor.py:141} INFO -   products: 200 rows extracted
[2026-03-03T13:11:33.748+0000] {extractor.py:141} INFO -   categories: 10 rows extracted
[2026-03-03T13:11:33.800+0000] {extractor.py:141} INFO -   orders: 1 rows extracted
[2026-03-03T13:11:33.806+0000] {extractor.py:141} INFO -   order_items: 1 rows extracted
[2026-03-03T13:11:33.831+0000] {extractor.py:46} INFO - Connection closed
[2026-03-03T13:11:37.077+0000] {logging_mixin.py:188} INFO - ✅ Extracted 762 total rows
[2026-03-03T13:11:37.087+0000] {python.py:201} INFO - Done. Returned value was: None
[2026-03-03T13:11:37.225+0000] {taskinstance.py:1138} INFO - Marking task as SUCCESS. dag_id=dag_ingest_daily, task_id=extract, execution_date=20260302T010000, start_date=20260303T131116, end_date=20260303T131137
[2026-03-03T13:11:38.345+0000] {local_task_job_runner.py:234} INFO - Task exited with return code 0
[2026-03-03T13:11:39.141+0000] {taskinstance.py:3280} INFO - 1 downstream tasks scheduled from follow-on schedule check
