[2026-03-03T13:16:02.376+0000] {taskinstance.py:1956} INFO - Dependencies all met for dep_context=non-requeueable deps ti=<TaskInstance: dag_data_quality.wait_for_transform manual__2026-03-03T12:14:52+00:00 [queued]>
[2026-03-03T13:16:02.487+0000] {taskinstance.py:1956} INFO - Dependencies all met for dep_context=requeueable deps ti=<TaskInstance: dag_data_quality.wait_for_transform manual__2026-03-03T12:14:52+00:00 [queued]>
[2026-03-03T13:16:02.509+0000] {taskinstance.py:2170} INFO - Starting attempt 2 of 2
[2026-03-03T13:16:02.744+0000] {taskinstance.py:2191} INFO - Executing <Task(ExternalTaskSensor): wait_for_transform> on 2026-03-03 12:14:52+00:00
[2026-03-03T13:16:02.861+0000] {standard_task_runner.py:60} INFO - Started process 1669 to run task
[2026-03-03T13:16:02.992+0000] {standard_task_runner.py:87} INFO - Running: ['***', 'tasks', 'run', 'dag_data_quality', 'wait_for_transform', 'manual__2026-03-03T12:14:52+00:00', '--job-id', '244', '--raw', '--subdir', 'DAGS_FOLDER/dag_data_quality.py', '--cfg-path', '/tmp/tmpkboh638v']
[2026-03-03T13:16:03.050+0000] {standard_task_runner.py:88} INFO - Job 244: Subtask wait_for_transform
[2026-03-03T13:16:03.876+0000] {task_command.py:423} INFO - Running <TaskInstance: dag_data_quality.wait_for_transform manual__2026-03-03T12:14:52+00:00 [running]> on host 353218a5daef
[2026-03-03T13:16:04.537+0000] {taskinstance.py:2480} INFO - Exporting env vars: AIRFLOW_CTX_DAG_OWNER='de_team' AIRFLOW_CTX_DAG_ID='dag_data_quality' AIRFLOW_CTX_TASK_ID='wait_for_transform' AIRFLOW_CTX_EXECUTION_DATE='2026-03-03T12:14:52+00:00' AIRFLOW_CTX_TRY_NUMBER='2' AIRFLOW_CTX_DAG_RUN_ID='manual__2026-03-03T12:14:52+00:00'
[2026-03-03T13:16:04.586+0000] {external_task.py:244} INFO - Poking for tasks ['dbt_test'] in dag dag_dbt_transform on 2026-03-03T12:14:52+00:00 ... 
[2026-03-03T13:17:04.666+0000] {external_task.py:244} INFO - Poking for tasks ['dbt_test'] in dag dag_dbt_transform on 2026-03-03T12:14:52+00:00 ... 
[2026-03-03T13:18:04.800+0000] {external_task.py:244} INFO - Poking for tasks ['dbt_test'] in dag dag_dbt_transform on 2026-03-03T12:14:52+00:00 ... 
[2026-03-03T13:19:04.868+0000] {external_task.py:244} INFO - Poking for tasks ['dbt_test'] in dag dag_dbt_transform on 2026-03-03T12:14:52+00:00 ... 
[2026-03-03T13:20:04.931+0000] {external_task.py:244} INFO - Poking for tasks ['dbt_test'] in dag dag_dbt_transform on 2026-03-03T12:14:52+00:00 ... 
[2026-03-03T13:21:05.069+0000] {external_task.py:244} INFO - Poking for tasks ['dbt_test'] in dag dag_dbt_transform on 2026-03-03T12:14:52+00:00 ... 
[2026-03-03T13:22:05.146+0000] {external_task.py:244} INFO - Poking for tasks ['dbt_test'] in dag dag_dbt_transform on 2026-03-03T12:14:52+00:00 ... 
[2026-03-03T13:23:05.193+0000] {external_task.py:244} INFO - Poking for tasks ['dbt_test'] in dag dag_dbt_transform on 2026-03-03T12:14:52+00:00 ... 
[2026-03-03T13:24:05.297+0000] {external_task.py:244} INFO - Poking for tasks ['dbt_test'] in dag dag_dbt_transform on 2026-03-03T12:14:52+00:00 ... 
[2026-03-03T13:25:05.357+0000] {external_task.py:244} INFO - Poking for tasks ['dbt_test'] in dag dag_dbt_transform on 2026-03-03T12:14:52+00:00 ... 
[2026-03-03T13:26:06.494+0000] {external_task.py:244} INFO - Poking for tasks ['dbt_test'] in dag dag_dbt_transform on 2026-03-03T12:14:52+00:00 ... 
[2026-03-03T13:27:06.950+0000] {external_task.py:244} INFO - Poking for tasks ['dbt_test'] in dag dag_dbt_transform on 2026-03-03T12:14:52+00:00 ... 
[2026-03-03T13:28:07.010+0000] {external_task.py:244} INFO - Poking for tasks ['dbt_test'] in dag dag_dbt_transform on 2026-03-03T12:14:52+00:00 ... 
[2026-03-03T13:29:07.100+0000] {external_task.py:244} INFO - Poking for tasks ['dbt_test'] in dag dag_dbt_transform on 2026-03-03T12:14:52+00:00 ... 
[2026-03-03T13:30:07.135+0000] {external_task.py:244} INFO - Poking for tasks ['dbt_test'] in dag dag_dbt_transform on 2026-03-03T12:14:52+00:00 ... 
[2026-03-03T13:31:07.172+0000] {external_task.py:244} INFO - Poking for tasks ['dbt_test'] in dag dag_dbt_transform on 2026-03-03T12:14:52+00:00 ... 
[2026-03-03T13:32:07.232+0000] {external_task.py:244} INFO - Poking for tasks ['dbt_test'] in dag dag_dbt_transform on 2026-03-03T12:14:52+00:00 ... 
[2026-03-03T13:33:07.300+0000] {external_task.py:244} INFO - Poking for tasks ['dbt_test'] in dag dag_dbt_transform on 2026-03-03T12:14:52+00:00 ... 
[2026-03-03T13:34:07.363+0000] {external_task.py:244} INFO - Poking for tasks ['dbt_test'] in dag dag_dbt_transform on 2026-03-03T12:14:52+00:00 ... 
[2026-03-03T13:35:07.426+0000] {external_task.py:244} INFO - Poking for tasks ['dbt_test'] in dag dag_dbt_transform on 2026-03-03T12:14:52+00:00 ... 
[2026-03-03T13:36:07.513+0000] {external_task.py:244} INFO - Poking for tasks ['dbt_test'] in dag dag_dbt_transform on 2026-03-03T12:14:52+00:00 ... 
[2026-03-03T13:37:07.568+0000] {external_task.py:244} INFO - Poking for tasks ['dbt_test'] in dag dag_dbt_transform on 2026-03-03T12:14:52+00:00 ... 
[2026-03-03T13:38:07.633+0000] {external_task.py:244} INFO - Poking for tasks ['dbt_test'] in dag dag_dbt_transform on 2026-03-03T12:14:52+00:00 ... 
[2026-03-03T13:39:07.691+0000] {external_task.py:244} INFO - Poking for tasks ['dbt_test'] in dag dag_dbt_transform on 2026-03-03T12:14:52+00:00 ... 
[2026-03-03T13:40:07.778+0000] {external_task.py:244} INFO - Poking for tasks ['dbt_test'] in dag dag_dbt_transform on 2026-03-03T12:14:52+00:00 ... 
[2026-03-03T13:41:07.867+0000] {external_task.py:244} INFO - Poking for tasks ['dbt_test'] in dag dag_dbt_transform on 2026-03-03T12:14:52+00:00 ... 
[2026-03-03T13:42:07.968+0000] {external_task.py:244} INFO - Poking for tasks ['dbt_test'] in dag dag_dbt_transform on 2026-03-03T12:14:52+00:00 ... 
[2026-03-03T13:43:08.074+0000] {external_task.py:244} INFO - Poking for tasks ['dbt_test'] in dag dag_dbt_transform on 2026-03-03T12:14:52+00:00 ... 
[2026-03-03T13:44:08.446+0000] {external_task.py:244} INFO - Poking for tasks ['dbt_test'] in dag dag_dbt_transform on 2026-03-03T12:14:52+00:00 ... 
[2026-03-03T13:45:08.684+0000] {external_task.py:244} INFO - Poking for tasks ['dbt_test'] in dag dag_dbt_transform on 2026-03-03T12:14:52+00:00 ... 
[2026-03-03T13:46:08.735+0000] {external_task.py:244} INFO - Poking for tasks ['dbt_test'] in dag dag_dbt_transform on 2026-03-03T12:14:52+00:00 ... 
[2026-03-03T13:47:08.873+0000] {external_task.py:244} INFO - Poking for tasks ['dbt_test'] in dag dag_dbt_transform on 2026-03-03T12:14:52+00:00 ... 
[2026-03-03T13:48:08.962+0000] {external_task.py:244} INFO - Poking for tasks ['dbt_test'] in dag dag_dbt_transform on 2026-03-03T12:14:52+00:00 ... 
[2026-03-03T13:49:09.099+0000] {external_task.py:244} INFO - Poking for tasks ['dbt_test'] in dag dag_dbt_transform on 2026-03-03T12:14:52+00:00 ... 
[2026-03-03T13:50:09.225+0000] {external_task.py:244} INFO - Poking for tasks ['dbt_test'] in dag dag_dbt_transform on 2026-03-03T12:14:52+00:00 ... 
[2026-03-03T13:51:09.343+0000] {external_task.py:244} INFO - Poking for tasks ['dbt_test'] in dag dag_dbt_transform on 2026-03-03T12:14:52+00:00 ... 
[2026-03-03T13:52:09.441+0000] {external_task.py:244} INFO - Poking for tasks ['dbt_test'] in dag dag_dbt_transform on 2026-03-03T12:14:52+00:00 ... 
[2026-03-03T13:53:09.517+0000] {external_task.py:244} INFO - Poking for tasks ['dbt_test'] in dag dag_dbt_transform on 2026-03-03T12:14:52+00:00 ... 
[2026-03-03T13:54:09.596+0000] {external_task.py:244} INFO - Poking for tasks ['dbt_test'] in dag dag_dbt_transform on 2026-03-03T12:14:52+00:00 ... 
[2026-03-03T13:55:09.761+0000] {external_task.py:244} INFO - Poking for tasks ['dbt_test'] in dag dag_dbt_transform on 2026-03-03T12:14:52+00:00 ... 
[2026-03-03T13:56:09.861+0000] {external_task.py:244} INFO - Poking for tasks ['dbt_test'] in dag dag_dbt_transform on 2026-03-03T12:14:52+00:00 ... 
[2026-03-03T13:57:09.962+0000] {external_task.py:244} INFO - Poking for tasks ['dbt_test'] in dag dag_dbt_transform on 2026-03-03T12:14:52+00:00 ... 
[2026-03-03T13:58:10.028+0000] {external_task.py:244} INFO - Poking for tasks ['dbt_test'] in dag dag_dbt_transform on 2026-03-03T12:14:52+00:00 ... 
[2026-03-03T13:59:10.118+0000] {external_task.py:244} INFO - Poking for tasks ['dbt_test'] in dag dag_dbt_transform on 2026-03-03T12:14:52+00:00 ... 
[2026-03-03T14:00:10.373+0000] {external_task.py:244} INFO - Poking for tasks ['dbt_test'] in dag dag_dbt_transform on 2026-03-03T12:14:52+00:00 ... 
[2026-03-03T14:01:10.465+0000] {external_task.py:244} INFO - Poking for tasks ['dbt_test'] in dag dag_dbt_transform on 2026-03-03T12:14:52+00:00 ... 
[2026-03-03T14:02:10.536+0000] {external_task.py:244} INFO - Poking for tasks ['dbt_test'] in dag dag_dbt_transform on 2026-03-03T12:14:52+00:00 ... 
[2026-03-03T14:03:10.602+0000] {external_task.py:244} INFO - Poking for tasks ['dbt_test'] in dag dag_dbt_transform on 2026-03-03T12:14:52+00:00 ... 
[2026-03-03T14:04:10.768+0000] {external_task.py:244} INFO - Poking for tasks ['dbt_test'] in dag dag_dbt_transform on 2026-03-03T12:14:52+00:00 ... 
[2026-03-03T14:05:10.864+0000] {external_task.py:244} INFO - Poking for tasks ['dbt_test'] in dag dag_dbt_transform on 2026-03-03T12:14:52+00:00 ... 
[2026-03-03T14:06:10.983+0000] {external_task.py:244} INFO - Poking for tasks ['dbt_test'] in dag dag_dbt_transform on 2026-03-03T12:14:52+00:00 ... 
[2026-03-03T14:07:11.082+0000] {external_task.py:244} INFO - Poking for tasks ['dbt_test'] in dag dag_dbt_transform on 2026-03-03T12:14:52+00:00 ... 
[2026-03-03T14:08:11.140+0000] {external_task.py:244} INFO - Poking for tasks ['dbt_test'] in dag dag_dbt_transform on 2026-03-03T12:14:52+00:00 ... 
[2026-03-03T14:09:11.208+0000] {external_task.py:244} INFO - Poking for tasks ['dbt_test'] in dag dag_dbt_transform on 2026-03-03T12:14:52+00:00 ... 
[2026-03-03T14:10:11.298+0000] {external_task.py:244} INFO - Poking for tasks ['dbt_test'] in dag dag_dbt_transform on 2026-03-03T12:14:52+00:00 ... 
[2026-03-03T14:11:11.406+0000] {external_task.py:244} INFO - Poking for tasks ['dbt_test'] in dag dag_dbt_transform on 2026-03-03T12:14:52+00:00 ... 
[2026-03-03T14:12:11.474+0000] {external_task.py:244} INFO - Poking for tasks ['dbt_test'] in dag dag_dbt_transform on 2026-03-03T12:14:52+00:00 ... 
[2026-03-03T14:13:11.611+0000] {external_task.py:244} INFO - Poking for tasks ['dbt_test'] in dag dag_dbt_transform on 2026-03-03T12:14:52+00:00 ... 
[2026-03-03T14:14:11.671+0000] {external_task.py:244} INFO - Poking for tasks ['dbt_test'] in dag dag_dbt_transform on 2026-03-03T12:14:52+00:00 ... 
[2026-03-03T14:15:11.757+0000] {external_task.py:244} INFO - Poking for tasks ['dbt_test'] in dag dag_dbt_transform on 2026-03-03T12:14:52+00:00 ... 
[2026-03-03T14:16:11.861+0000] {external_task.py:244} INFO - Poking for tasks ['dbt_test'] in dag dag_dbt_transform on 2026-03-03T12:14:52+00:00 ... 
[2026-03-03T14:16:11.938+0000] {taskinstance.py:2698} ERROR - Task failed with exception
Traceback (most recent call last):
  File "/home/airflow/.local/lib/python3.11/site-packages/airflow/models/taskinstance.py", line 433, in _execute_task
    result = execute_callable(context=context, **execute_callable_kwargs)
             ^^^^^^^^^^^^^^^^^^^^^^^^^^^^^^^^^^^^^^^^^^^^^^^^^^^^^^^^^^^^
  File "/home/airflow/.local/lib/python3.11/site-packages/airflow/sensors/external_task.py", line 334, in execute
    super().execute(context)
  File "/home/airflow/.local/lib/python3.11/site-packages/airflow/sensors/base.py", line 282, in execute
    raise AirflowSensorTimeout(message)
airflow.exceptions.AirflowSensorTimeout: Sensor has timed out; run duration of 3607.345273063009 seconds exceeds the specified timeout of 3600.0.
[2026-03-03T14:16:11.964+0000] {taskinstance.py:1138} INFO - Immediate failure requested. Marking task as FAILED. dag_id=dag_data_quality, task_id=wait_for_transform, execution_date=20260303T121452, start_date=20260303T131602, end_date=20260303T141611
[2026-03-03T14:16:12.007+0000] {standard_task_runner.py:107} ERROR - Failed to execute job 244 for task wait_for_transform (Sensor has timed out; run duration of 3607.345273063009 seconds exceeds the specified timeout of 3600.0.; 1669)
[2026-03-03T14:16:12.031+0000] {local_task_job_runner.py:234} INFO - Task exited with return code 1
[2026-03-03T14:16:12.148+0000] {taskinstance.py:3280} INFO - 0 downstream tasks scheduled from follow-on schedule check
