[2026-03-03T13:13:27.119+0000] {taskinstance.py:1956} INFO - Dependencies all met for dep_context=non-requeueable deps ti=<TaskInstance: dag_dbt_transform.dbt_debug manual__2026-03-03T11:06:56+00:00 [queued]>
[2026-03-03T13:13:27.195+0000] {taskinstance.py:1956} INFO - Dependencies all met for dep_context=requeueable deps ti=<TaskInstance: dag_dbt_transform.dbt_debug manual__2026-03-03T11:06:56+00:00 [queued]>
[2026-03-03T13:13:27.202+0000] {taskinstance.py:2170} INFO - Starting attempt 2 of 3
[2026-03-03T13:13:27.249+0000] {taskinstance.py:2191} INFO - Executing <Task(BashOperator): dbt_debug> on 2026-03-03 11:06:56+00:00
[2026-03-03T13:13:27.262+0000] {standard_task_runner.py:60} INFO - Started process 1154 to run task
[2026-03-03T13:13:27.272+0000] {standard_task_runner.py:87} INFO - Running: ['***', 'tasks', 'run', 'dag_dbt_transform', 'dbt_debug', 'manual__2026-03-03T11:06:56+00:00', '--job-id', '221', '--raw', '--subdir', 'DAGS_FOLDER/dag_dbt_transform.py', '--cfg-path', '/tmp/tmpv3bvukmq']
[2026-03-03T13:13:27.303+0000] {standard_task_runner.py:88} INFO - Job 221: Subtask dbt_debug
[2026-03-03T13:13:27.623+0000] {task_command.py:423} INFO - Running <TaskInstance: dag_dbt_transform.dbt_debug manual__2026-03-03T11:06:56+00:00 [running]> on host 353218a5daef
[2026-03-03T13:13:28.315+0000] {taskinstance.py:2480} INFO - Exporting env vars: AIRFLOW_CTX_DAG_OWNER='de_team' AIRFLOW_CTX_DAG_ID='dag_dbt_transform' AIRFLOW_CTX_TASK_ID='dbt_debug' AIRFLOW_CTX_EXECUTION_DATE='2026-03-03T11:06:56+00:00' AIRFLOW_CTX_TRY_NUMBER='2' AIRFLOW_CTX_DAG_RUN_ID='manual__2026-03-03T11:06:56+00:00'
[2026-03-03T13:13:28.321+0000] {subprocess.py:63} INFO - Tmp dir root location: /tmp
[2026-03-03T13:13:28.325+0000] {subprocess.py:75} INFO - Running command: ['/usr/bin/bash', '-c', 'cd /opt/***/dbt && dbt debug --profiles-dir /opt/***/dbt --project-dir /opt/***/dbt || true']
[2026-03-03T13:13:28.349+0000] {subprocess.py:86} INFO - Output:
[2026-03-03T13:13:41.551+0000] {subprocess.py:93} INFO - [0m13:13:41  Running with dbt=1.11.6
[2026-03-03T13:13:41.738+0000] {subprocess.py:93} INFO - [0m13:13:41  dbt version: 1.11.6
[2026-03-03T13:13:41.754+0000] {subprocess.py:93} INFO - [0m13:13:41  python version: 3.11.8
[2026-03-03T13:13:41.767+0000] {subprocess.py:93} INFO - [0m13:13:41  python path: /usr/local/bin/python
[2026-03-03T13:13:41.793+0000] {subprocess.py:93} INFO - [0m13:13:41  os info: Linux-6.10.14-linuxkit-aarch64-with-glibc2.36
[2026-03-03T13:13:42.648+0000] {subprocess.py:93} INFO - [0m13:13:42  Using profiles dir at /opt/***/dbt
[2026-03-03T13:13:42.651+0000] {subprocess.py:93} INFO - [0m13:13:42  Using profiles.yml file at /opt/***/dbt/profiles.yml
[2026-03-03T13:13:42.652+0000] {subprocess.py:93} INFO - [0m13:13:42  Using dbt_project.yml file at /opt/***/dbt/dbt_project.yml
[2026-03-03T13:13:42.658+0000] {subprocess.py:93} INFO - [0m13:13:42  adapter type: clickhouse
[2026-03-03T13:13:42.659+0000] {subprocess.py:93} INFO - [0m13:13:42  adapter version: 1.10.0
[2026-03-03T13:13:43.146+0000] {subprocess.py:93} INFO - [0m13:13:43  Configuration:
[2026-03-03T13:13:43.154+0000] {subprocess.py:93} INFO - [0m13:13:43    profiles.yml file [[32mOK found and valid[0m]
[2026-03-03T13:13:43.162+0000] {subprocess.py:93} INFO - [0m13:13:43    dbt_project.yml file [[32mOK found and valid[0m]
[2026-03-03T13:13:43.167+0000] {subprocess.py:93} INFO - [0m13:13:43  Required dependencies:
[2026-03-03T13:13:43.176+0000] {subprocess.py:93} INFO - [0m13:13:43   - git [[31mERROR[0m]
[2026-03-03T13:13:43.176+0000] {subprocess.py:93} INFO - 
[2026-03-03T13:13:43.178+0000] {subprocess.py:93} INFO - [0m13:13:43  Connection:
[2026-03-03T13:13:43.180+0000] {subprocess.py:93} INFO - [0m13:13:43    driver: None
[2026-03-03T13:13:43.181+0000] {subprocess.py:93} INFO - [0m13:13:43    host: clickhouse_olap
[2026-03-03T13:13:43.184+0000] {subprocess.py:93} INFO - [0m13:13:43    port: 8123
[2026-03-03T13:13:43.187+0000] {subprocess.py:93} INFO - [0m13:13:43    user: default
[2026-03-03T13:13:43.190+0000] {subprocess.py:93} INFO - [0m13:13:43    schema: staging
[2026-03-03T13:13:43.193+0000] {subprocess.py:93} INFO - [0m13:13:43    retries: 1
[2026-03-03T13:13:43.198+0000] {subprocess.py:93} INFO - [0m13:13:43    cluster: None
[2026-03-03T13:13:43.200+0000] {subprocess.py:93} INFO - [0m13:13:43    database_engine: None
[2026-03-03T13:13:43.202+0000] {subprocess.py:93} INFO - [0m13:13:43    cluster_mode: False
[2026-03-03T13:13:43.208+0000] {subprocess.py:93} INFO - [0m13:13:43    secure: False
[2026-03-03T13:13:43.214+0000] {subprocess.py:93} INFO - [0m13:13:43    verify: True
[2026-03-03T13:13:43.219+0000] {subprocess.py:93} INFO - [0m13:13:43    client_cert: None
[2026-03-03T13:13:43.243+0000] {subprocess.py:93} INFO - [0m13:13:43    client_cert_key: None
[2026-03-03T13:13:43.275+0000] {subprocess.py:93} INFO - [0m13:13:43    connect_timeout: 10
[2026-03-03T13:13:43.294+0000] {subprocess.py:93} INFO - [0m13:13:43    send_receive_timeout: 300
[2026-03-03T13:13:43.317+0000] {subprocess.py:93} INFO - [0m13:13:43    sync_request_timeout: 5
[2026-03-03T13:13:43.320+0000] {subprocess.py:93} INFO - [0m13:13:43    compress_block_size: 1048576
[2026-03-03T13:13:43.347+0000] {subprocess.py:93} INFO - [0m13:13:43    compression:
[2026-03-03T13:13:43.412+0000] {subprocess.py:93} INFO - [0m13:13:43    check_exchange: True
[2026-03-03T13:13:43.568+0000] {subprocess.py:93} INFO - [0m13:13:43    custom_settings: None
[2026-03-03T13:13:43.597+0000] {subprocess.py:93} INFO - [0m13:13:43    use_lw_deletes: False
[2026-03-03T13:13:43.609+0000] {subprocess.py:93} INFO - [0m13:13:43    allow_automatic_deduplication: False
[2026-03-03T13:13:43.614+0000] {subprocess.py:93} INFO - [0m13:13:43    tcp_keepalive: False
[2026-03-03T13:13:43.623+0000] {subprocess.py:93} INFO - [0m13:13:43  Registered adapter: clickhouse=1.10.0
[2026-03-03T13:13:46.875+0000] {subprocess.py:93} INFO - [0m13:13:46    Connection test: [[32mOK connection ok[0m]
[2026-03-03T13:13:47.082+0000] {subprocess.py:93} INFO - 
[2026-03-03T13:13:47.085+0000] {subprocess.py:93} INFO - [0m13:13:46  [31m1 check failed:[0m
[2026-03-03T13:13:47.090+0000] {subprocess.py:93} INFO - [0m13:13:46  Error from git --help: User does not have permissions for this command: "git"
[2026-03-03T13:13:47.092+0000] {subprocess.py:93} INFO - 
[2026-03-03T13:13:54.209+0000] {subprocess.py:97} INFO - Command exited with return code 0
[2026-03-03T13:13:54.690+0000] {taskinstance.py:1138} INFO - Marking task as SUCCESS. dag_id=dag_dbt_transform, task_id=dbt_debug, execution_date=20260303T110656, start_date=20260303T131327, end_date=20260303T131354
[2026-03-03T13:13:54.860+0000] {local_task_job_runner.py:234} INFO - Task exited with return code 0
[2026-03-03T13:13:55.376+0000] {taskinstance.py:3280} INFO - 1 downstream tasks scheduled from follow-on schedule check
