[2026-03-03T13:11:17.220+0000] {taskinstance.py:1956} INFO - Dependencies all met for dep_context=non-requeueable deps ti=<TaskInstance: dag_ingest_daily.extract manual__2026-03-03T11:06:56+00:00 [queued]>
[2026-03-03T13:11:17.448+0000] {taskinstance.py:1956} INFO - Dependencies all met for dep_context=requeueable deps ti=<TaskInstance: dag_ingest_daily.extract manual__2026-03-03T11:06:56+00:00 [queued]>
[2026-03-03T13:11:17.467+0000] {taskinstance.py:2170} INFO - Starting attempt 2 of 4
[2026-03-03T13:11:17.826+0000] {taskinstance.py:2191} INFO - Executing <Task(PythonOperator): extract> on 2026-03-03 11:06:56+00:00
[2026-03-03T13:11:17.914+0000] {standard_task_runner.py:60} INFO - Started process 471 to run task
[2026-03-03T13:11:17.943+0000] {standard_task_runner.py:87} INFO - Running: ['***', 'tasks', 'run', 'dag_ingest_daily', 'extract', 'manual__2026-03-03T11:06:56+00:00', '--job-id', '166', '--raw', '--subdir', 'DAGS_FOLDER/dag_ingest_daily.py', '--cfg-path', '/tmp/tmpf174mgvm']
[2026-03-03T13:11:18.049+0000] {standard_task_runner.py:88} INFO - Job 166: Subtask extract
[2026-03-03T13:11:19.974+0000] {task_command.py:423} INFO - Running <TaskInstance: dag_ingest_daily.extract manual__2026-03-03T11:06:56+00:00 [running]> on host 353218a5daef
[2026-03-03T13:11:22.746+0000] {taskinstance.py:2480} INFO - Exporting env vars: AIRFLOW_CTX_DAG_OWNER='de_team' AIRFLOW_CTX_DAG_ID='dag_ingest_daily' AIRFLOW_CTX_TASK_ID='extract' AIRFLOW_CTX_EXECUTION_DATE='2026-03-03T11:06:56+00:00' AIRFLOW_CTX_TRY_NUMBER='2' AIRFLOW_CTX_DAG_RUN_ID='manual__2026-03-03T11:06:56+00:00'
[2026-03-03T13:11:32.358+0000] {extractor.py:40} INFO - Connected to ecommerce_oltp@postgres_oltp
[2026-03-03T13:11:32.368+0000] {extractor.py:135} INFO - === Daily extraction for 2026-03-03 ===
[2026-03-03T13:11:32.373+0000] {extractor.py:113} INFO - Extracting static table: users
[2026-03-03T13:11:32.395+0000] {extractor.py:66} INFO - Full extract: users
[2026-03-03T13:11:32.552+0000] {extractor.py:61} INFO -   Fetched 500 rows
[2026-03-03T13:11:32.556+0000] {extractor.py:113} INFO - Extracting static table: sellers
[2026-03-03T13:11:32.563+0000] {extractor.py:66} INFO - Full extract: sellers
[2026-03-03T13:11:32.596+0000] {extractor.py:61} INFO -   Fetched 50 rows
[2026-03-03T13:11:32.602+0000] {extractor.py:113} INFO - Extracting static table: products
[2026-03-03T13:11:32.615+0000] {extractor.py:66} INFO - Full extract: products
[2026-03-03T13:11:32.695+0000] {extractor.py:61} INFO -   Fetched 200 rows
[2026-03-03T13:11:32.756+0000] {extractor.py:113} INFO - Extracting static table: categories
[2026-03-03T13:11:32.853+0000] {extractor.py:66} INFO - Full extract: categories
[2026-03-03T13:11:33.011+0000] {extractor.py:61} INFO -   Fetched 10 rows
[2026-03-03T13:11:33.042+0000] {extractor.py:74} INFO - Incremental extract: orders since 2026-03-03
[2026-03-03T13:11:33.232+0000] {extractor.py:61} INFO -   Fetched 0 rows
[2026-03-03T13:11:33.235+0000] {extractor.py:94} INFO - Incremental extract: order_items since 2026-03-03
[2026-03-03T13:11:33.272+0000] {extractor.py:61} INFO -   Fetched 0 rows
[2026-03-03T13:11:33.297+0000] {extractor.py:141} INFO -   users: 500 rows extracted
[2026-03-03T13:11:33.323+0000] {extractor.py:141} INFO -   sellers: 50 rows extracted
[2026-03-03T13:11:33.324+0000] {extractor.py:141} INFO -   products: 200 rows extracted
[2026-03-03T13:11:33.352+0000] {extractor.py:141} INFO -   categories: 10 rows extracted
[2026-03-03T13:11:33.401+0000] {extractor.py:141} INFO -   orders: 0 rows extracted
[2026-03-03T13:11:33.420+0000] {extractor.py:141} INFO -   order_items: 0 rows extracted
[2026-03-03T13:11:33.460+0000] {extractor.py:46} INFO - Connection closed
[2026-03-03T13:11:36.177+0000] {logging_mixin.py:188} INFO - ✅ Extracted 760 total rows
[2026-03-03T13:11:36.368+0000] {python.py:201} INFO - Done. Returned value was: None
[2026-03-03T13:11:36.621+0000] {taskinstance.py:1138} INFO - Marking task as SUCCESS. dag_id=dag_ingest_daily, task_id=extract, execution_date=20260303T110656, start_date=20260303T131117, end_date=20260303T131136
[2026-03-03T13:11:38.276+0000] {local_task_job_runner.py:234} INFO - Task exited with return code 0
[2026-03-03T13:11:38.697+0000] {taskinstance.py:3280} INFO - 1 downstream tasks scheduled from follow-on schedule check
