[2026-03-03T16:26:48.790+0000] {taskinstance.py:1956} INFO - Dependencies all met for dep_context=non-requeueable deps ti=<TaskInstance: dag_dbt_transform.dbt_run_reports manual__2026-03-02T16:25:46+00:00 [queued]>
[2026-03-03T16:26:48.799+0000] {taskinstance.py:1956} INFO - Dependencies all met for dep_context=requeueable deps ti=<TaskInstance: dag_dbt_transform.dbt_run_reports manual__2026-03-02T16:25:46+00:00 [queued]>
[2026-03-03T16:26:48.800+0000] {taskinstance.py:2170} INFO - Starting attempt 1 of 2
[2026-03-03T16:26:48.812+0000] {taskinstance.py:2191} INFO - Executing <Task(BashOperator): dbt_run_reports> on 2026-03-02 16:25:46+00:00
[2026-03-03T16:26:48.816+0000] {standard_task_runner.py:60} INFO - Started process 8513 to run task
[2026-03-03T16:26:48.821+0000] {standard_task_runner.py:87} INFO - Running: ['***', 'tasks', 'run', 'dag_dbt_transform', 'dbt_run_reports', 'manual__2026-03-02T16:25:46+00:00', '--job-id', '273', '--raw', '--subdir', 'DAGS_FOLDER/dag_dbt_transform.py', '--cfg-path', '/tmp/tmp23119ul7']
[2026-03-03T16:26:48.826+0000] {standard_task_runner.py:88} INFO - Job 273: Subtask dbt_run_reports
[2026-03-03T16:26:48.896+0000] {task_command.py:423} INFO - Running <TaskInstance: dag_dbt_transform.dbt_run_reports manual__2026-03-02T16:25:46+00:00 [running]> on host 353218a5daef
[2026-03-03T16:26:48.973+0000] {taskinstance.py:2480} INFO - Exporting env vars: AIRFLOW_CTX_DAG_OWNER='de_team' AIRFLOW_CTX_DAG_ID='dag_dbt_transform' AIRFLOW_CTX_TASK_ID='dbt_run_reports' AIRFLOW_CTX_EXECUTION_DATE='2026-03-02T16:25:46+00:00' AIRFLOW_CTX_TRY_NUMBER='1' AIRFLOW_CTX_DAG_RUN_ID='manual__2026-03-02T16:25:46+00:00'
[2026-03-03T16:26:48.975+0000] {subprocess.py:63} INFO - Tmp dir root location: /tmp
[2026-03-03T16:26:48.976+0000] {subprocess.py:75} INFO - Running command: ['/usr/bin/bash', '-c', 'cd /opt/***/dbt && dbt run --select reports --profiles-dir /opt/***/dbt --project-dir /opt/***/dbt']
[2026-03-03T16:26:48.989+0000] {subprocess.py:86} INFO - Output:
[2026-03-03T16:26:50.287+0000] {subprocess.py:93} INFO - [0m16:26:50  Running with dbt=1.11.6
[2026-03-03T16:26:50.485+0000] {subprocess.py:93} INFO - [0m16:26:50  Registered adapter: clickhouse=1.10.0
[2026-03-03T16:26:50.842+0000] {subprocess.py:93} INFO - [0m16:26:50  Found 12 models, 32 data tests, 6 sources, 523 macros
[2026-03-03T16:26:50.845+0000] {subprocess.py:93} INFO - [0m16:26:50
[2026-03-03T16:26:50.845+0000] {subprocess.py:93} INFO - [0m16:26:50  Concurrency: 4 threads (target='dev')
[2026-03-03T16:26:50.846+0000] {subprocess.py:93} INFO - [0m16:26:50
[2026-03-03T16:26:51.407+0000] {subprocess.py:93} INFO - [0m16:26:51  1 of 3 START sql table model `staging_analytics`.`rpt_daily_revenue` ........... [RUN]
[2026-03-03T16:26:51.408+0000] {subprocess.py:93} INFO - [0m16:26:51  2 of 3 START sql table model `staging_analytics`.`rpt_product_performance` ..... [RUN]
[2026-03-03T16:26:51.409+0000] {subprocess.py:93} INFO - [0m16:26:51  3 of 3 START sql table model `staging_analytics`.`rpt_seller_ranking` .......... [RUN]
[2026-03-03T16:26:51.627+0000] {subprocess.py:93} INFO - [0m16:26:51  1 of 3 OK created sql table model `staging_analytics`.`rpt_daily_revenue` ...... [[32mOK[0m in 0.22s]
[2026-03-03T16:26:51.629+0000] {subprocess.py:93} INFO - [0m16:26:51  2 of 3 OK created sql table model `staging_analytics`.`rpt_product_performance`  [[32mOK[0m in 0.22s]
[2026-03-03T16:26:51.644+0000] {subprocess.py:93} INFO - [0m16:26:51  3 of 3 OK created sql table model `staging_analytics`.`rpt_seller_ranking` ..... [[32mOK[0m in 0.23s]
[2026-03-03T16:26:51.648+0000] {subprocess.py:93} INFO - [0m16:26:51
[2026-03-03T16:26:51.649+0000] {subprocess.py:93} INFO - [0m16:26:51  Finished running 3 table models in 0 hours 0 minutes and 0.80 seconds (0.80s).
[2026-03-03T16:26:51.702+0000] {subprocess.py:93} INFO - [0m16:26:51
[2026-03-03T16:26:51.702+0000] {subprocess.py:93} INFO - [0m16:26:51  [32mCompleted successfully[0m
[2026-03-03T16:26:51.703+0000] {subprocess.py:93} INFO - [0m16:26:51
[2026-03-03T16:26:51.703+0000] {subprocess.py:93} INFO - [0m16:26:51  Done. PASS=3 WARN=0 ERROR=0 SKIP=0 NO-OP=0 TOTAL=3
[2026-03-03T16:26:53.141+0000] {subprocess.py:97} INFO - Command exited with return code 0
[2026-03-03T16:26:53.187+0000] {taskinstance.py:1138} INFO - Marking task as SUCCESS. dag_id=dag_dbt_transform, task_id=dbt_run_reports, execution_date=20260302T162546, start_date=20260303T162648, end_date=20260303T162653
[2026-03-03T16:26:53.235+0000] {local_task_job_runner.py:234} INFO - Task exited with return code 0
[2026-03-03T16:26:53.307+0000] {taskinstance.py:3280} INFO - 1 downstream tasks scheduled from follow-on schedule check
