[2026-03-03T13:11:15.423+0000] {taskinstance.py:1956} INFO - Dependencies all met for dep_context=non-requeueable deps ti=<TaskInstance: dag_ingest_daily.extract manual__2026-03-03T12:03:18.458037+00:00 [queued]>
[2026-03-03T13:11:15.631+0000] {taskinstance.py:1956} INFO - Dependencies all met for dep_context=requeueable deps ti=<TaskInstance: dag_ingest_daily.extract manual__2026-03-03T12:03:18.458037+00:00 [queued]>
[2026-03-03T13:11:15.655+0000] {taskinstance.py:2170} INFO - Starting attempt 2 of 4
[2026-03-03T13:11:16.033+0000] {taskinstance.py:2191} INFO - Executing <Task(PythonOperator): extract> on 2026-03-03 12:03:18.458037+00:00
[2026-03-03T13:11:16.142+0000] {standard_task_runner.py:60} INFO - Started process 455 to run task
[2026-03-03T13:11:16.245+0000] {standard_task_runner.py:87} INFO - Running: ['***', 'tasks', 'run', 'dag_ingest_daily', 'extract', 'manual__2026-03-03T12:03:18.458037+00:00', '--job-id', '157', '--raw', '--subdir', 'DAGS_FOLDER/dag_ingest_daily.py', '--cfg-path', '/tmp/tmp3ce3tz0z']
[2026-03-03T13:11:16.322+0000] {standard_task_runner.py:88} INFO - Job 157: Subtask extract
[2026-03-03T13:11:17.784+0000] {task_command.py:423} INFO - Running <TaskInstance: dag_ingest_daily.extract manual__2026-03-03T12:03:18.458037+00:00 [running]> on host 353218a5daef
[2026-03-03T13:11:20.516+0000] {taskinstance.py:2480} INFO - Exporting env vars: AIRFLOW_CTX_DAG_OWNER='de_team' AIRFLOW_CTX_DAG_ID='dag_ingest_daily' AIRFLOW_CTX_TASK_ID='extract' AIRFLOW_CTX_EXECUTION_DATE='2026-03-03T12:03:18.458037+00:00' AIRFLOW_CTX_TRY_NUMBER='2' AIRFLOW_CTX_DAG_RUN_ID='manual__2026-03-03T12:03:18.458037+00:00'
[2026-03-03T13:11:33.612+0000] {extractor.py:40} INFO - Connected to ecommerce_oltp@postgres_oltp
[2026-03-03T13:11:33.634+0000] {extractor.py:135} INFO - === Daily extraction for 2026-03-03 ===
[2026-03-03T13:11:33.637+0000] {extractor.py:113} INFO - Extracting static table: users
[2026-03-03T13:11:33.645+0000] {extractor.py:66} INFO - Full extract: users
[2026-03-03T13:11:33.816+0000] {extractor.py:61} INFO -   Fetched 500 rows
[2026-03-03T13:11:33.827+0000] {extractor.py:113} INFO - Extracting static table: sellers
[2026-03-03T13:11:33.835+0000] {extractor.py:66} INFO - Full extract: sellers
[2026-03-03T13:11:33.876+0000] {extractor.py:61} INFO -   Fetched 50 rows
[2026-03-03T13:11:33.900+0000] {extractor.py:113} INFO - Extracting static table: products
[2026-03-03T13:11:33.908+0000] {extractor.py:66} INFO - Full extract: products
[2026-03-03T13:11:33.999+0000] {extractor.py:61} INFO -   Fetched 200 rows
[2026-03-03T13:11:34.005+0000] {extractor.py:113} INFO - Extracting static table: categories
[2026-03-03T13:11:34.007+0000] {extractor.py:66} INFO - Full extract: categories
[2026-03-03T13:11:34.025+0000] {extractor.py:61} INFO -   Fetched 10 rows
[2026-03-03T13:11:34.041+0000] {extractor.py:74} INFO - Incremental extract: orders since 2026-03-03
[2026-03-03T13:11:34.486+0000] {extractor.py:61} INFO -   Fetched 0 rows
[2026-03-03T13:11:34.504+0000] {extractor.py:94} INFO - Incremental extract: order_items since 2026-03-03
[2026-03-03T13:11:34.957+0000] {extractor.py:61} INFO -   Fetched 0 rows
[2026-03-03T13:11:35.109+0000] {extractor.py:141} INFO -   users: 500 rows extracted
[2026-03-03T13:11:35.217+0000] {extractor.py:141} INFO -   sellers: 50 rows extracted
[2026-03-03T13:11:35.244+0000] {extractor.py:141} INFO -   products: 200 rows extracted
[2026-03-03T13:11:35.420+0000] {extractor.py:141} INFO -   categories: 10 rows extracted
[2026-03-03T13:11:35.435+0000] {extractor.py:141} INFO -   orders: 0 rows extracted
[2026-03-03T13:11:35.442+0000] {extractor.py:141} INFO -   order_items: 0 rows extracted
[2026-03-03T13:11:35.457+0000] {extractor.py:46} INFO - Connection closed
[2026-03-03T13:11:37.218+0000] {logging_mixin.py:188} INFO - ✅ Extracted 760 total rows
[2026-03-03T13:11:37.225+0000] {python.py:201} INFO - Done. Returned value was: None
[2026-03-03T13:11:37.327+0000] {taskinstance.py:1138} INFO - Marking task as SUCCESS. dag_id=dag_ingest_daily, task_id=extract, execution_date=20260303T120318, start_date=20260303T131115, end_date=20260303T131137
[2026-03-03T13:11:37.889+0000] {local_task_job_runner.py:234} INFO - Task exited with return code 0
[2026-03-03T13:11:38.494+0000] {taskinstance.py:3280} INFO - 1 downstream tasks scheduled from follow-on schedule check
