[2026-03-03T11:07:07.914+0000] {taskinstance.py:1956} INFO - Dependencies all met for dep_context=non-requeueable deps ti=<TaskInstance: dag_ingest_daily.load_to_staging manual__2026-03-03T11:06:56+00:00 [queued]>
[2026-03-03T11:07:07.920+0000] {taskinstance.py:1956} INFO - Dependencies all met for dep_context=requeueable deps ti=<TaskInstance: dag_ingest_daily.load_to_staging manual__2026-03-03T11:06:56+00:00 [queued]>
[2026-03-03T11:07:07.921+0000] {taskinstance.py:2170} INFO - Starting attempt 1 of 3
[2026-03-03T11:07:07.930+0000] {taskinstance.py:2191} INFO - Executing <Task(PythonOperator): load_to_staging> on 2026-03-03 11:06:56+00:00
[2026-03-03T11:07:07.933+0000] {standard_task_runner.py:60} INFO - Started process 8235 to run task
[2026-03-03T11:07:07.936+0000] {standard_task_runner.py:87} INFO - Running: ['***', 'tasks', 'run', 'dag_ingest_daily', 'load_to_staging', 'manual__2026-03-03T11:06:56+00:00', '--job-id', '76', '--raw', '--subdir', 'DAGS_FOLDER/dag_ingest_daily.py', '--cfg-path', '/tmp/tmp08u5islk']
[2026-03-03T11:07:07.939+0000] {standard_task_runner.py:88} INFO - Job 76: Subtask load_to_staging
[2026-03-03T11:07:07.986+0000] {task_command.py:423} INFO - Running <TaskInstance: dag_ingest_daily.load_to_staging manual__2026-03-03T11:06:56+00:00 [running]> on host eccf479b3cda
[2026-03-03T11:07:08.053+0000] {taskinstance.py:2480} INFO - Exporting env vars: AIRFLOW_CTX_DAG_OWNER='de_team' AIRFLOW_CTX_DAG_ID='dag_ingest_daily' AIRFLOW_CTX_TASK_ID='load_to_staging' AIRFLOW_CTX_EXECUTION_DATE='2026-03-03T11:06:56+00:00' AIRFLOW_CTX_TRY_NUMBER='1' AIRFLOW_CTX_DAG_RUN_ID='manual__2026-03-03T11:06:56+00:00'
[2026-03-03T11:07:08.452+0000] {loader.py:39} INFO - StagingLoader connected to staging@clickhouse_olap
[2026-03-03T11:07:08.453+0000] {loader.py:86} INFO - === Loading to staging (exec_date=2026-03-03) ===
[2026-03-03T11:07:08.466+0000] {loader.py:55} INFO -   Truncated staging.stg_users
[2026-03-03T11:07:08.500+0000] {loader.py:82} INFO -   ✅ Loaded 500 rows → staging.stg_users
[2026-03-03T11:07:08.507+0000] {loader.py:55} INFO -   Truncated staging.stg_sellers
[2026-03-03T11:07:08.523+0000] {loader.py:82} INFO -   ✅ Loaded 50 rows → staging.stg_sellers
[2026-03-03T11:07:08.532+0000] {loader.py:55} INFO -   Truncated staging.stg_products
[2026-03-03T11:07:08.546+0000] {loader.py:82} INFO -   ✅ Loaded 200 rows → staging.stg_products
[2026-03-03T11:07:08.555+0000] {loader.py:55} INFO -   Truncated staging.stg_categories
[2026-03-03T11:07:08.568+0000] {loader.py:82} INFO -   ✅ Loaded 10 rows → staging.stg_categories
[2026-03-03T11:07:08.569+0000] {loader.py:89} INFO - === Staging load complete ===
[2026-03-03T11:07:08.569+0000] {logging_mixin.py:188} INFO - ✅ Staging load complete
[2026-03-03T11:07:08.570+0000] {python.py:201} INFO - Done. Returned value was: None
[2026-03-03T11:07:08.583+0000] {taskinstance.py:1138} INFO - Marking task as SUCCESS. dag_id=dag_ingest_daily, task_id=load_to_staging, execution_date=20260303T110656, start_date=20260303T110707, end_date=20260303T110708
[2026-03-03T11:07:08.610+0000] {local_task_job_runner.py:234} INFO - Task exited with return code 0
[2026-03-03T11:07:08.633+0000] {taskinstance.py:3280} INFO - 0 downstream tasks scheduled from follow-on schedule check
