[2026-03-03T12:09:04.282+0000] {taskinstance.py:1956} INFO - Dependencies all met for dep_context=non-requeueable deps ti=<TaskInstance: dag_dbt_transform.dbt_run_staging manual__2026-03-03T12:08:21+00:00 [queued]>
[2026-03-03T12:09:04.290+0000] {taskinstance.py:1956} INFO - Dependencies all met for dep_context=requeueable deps ti=<TaskInstance: dag_dbt_transform.dbt_run_staging manual__2026-03-03T12:08:21+00:00 [queued]>
[2026-03-03T12:09:04.290+0000] {taskinstance.py:2170} INFO - Starting attempt 1 of 2
[2026-03-03T12:09:04.300+0000] {taskinstance.py:2191} INFO - Executing <Task(BashOperator): dbt_run_staging> on 2026-03-03 12:08:21+00:00
[2026-03-03T12:09:04.304+0000] {standard_task_runner.py:60} INFO - Started process 697 to run task
[2026-03-03T12:09:04.308+0000] {standard_task_runner.py:87} INFO - Running: ['***', 'tasks', 'run', 'dag_dbt_transform', 'dbt_run_staging', 'manual__2026-03-03T12:08:21+00:00', '--job-id', '123', '--raw', '--subdir', 'DAGS_FOLDER/dag_dbt_transform.py', '--cfg-path', '/tmp/tmp5xb0ps_w']
[2026-03-03T12:09:04.311+0000] {standard_task_runner.py:88} INFO - Job 123: Subtask dbt_run_staging
[2026-03-03T12:09:04.360+0000] {task_command.py:423} INFO - Running <TaskInstance: dag_dbt_transform.dbt_run_staging manual__2026-03-03T12:08:21+00:00 [running]> on host 858cd869c16e
[2026-03-03T12:09:04.467+0000] {taskinstance.py:2480} INFO - Exporting env vars: AIRFLOW_CTX_DAG_OWNER='de_team' AIRFLOW_CTX_DAG_ID='dag_dbt_transform' AIRFLOW_CTX_TASK_ID='dbt_run_staging' AIRFLOW_CTX_EXECUTION_DATE='2026-03-03T12:08:21+00:00' AIRFLOW_CTX_TRY_NUMBER='1' AIRFLOW_CTX_DAG_RUN_ID='manual__2026-03-03T12:08:21+00:00'
[2026-03-03T12:09:04.469+0000] {subprocess.py:63} INFO - Tmp dir root location: /tmp
[2026-03-03T12:09:04.469+0000] {subprocess.py:75} INFO - Running command: ['/usr/bin/bash', '-c', 'cd /opt/***/dbt && dbt run --select staging --profiles-dir /opt/***/dbt --project-dir /opt/***/dbt']
[2026-03-03T12:09:04.475+0000] {subprocess.py:86} INFO - Output:
[2026-03-03T12:09:05.890+0000] {subprocess.py:93} INFO - [0m12:09:05  Running with dbt=1.11.6
[2026-03-03T12:09:06.085+0000] {subprocess.py:93} INFO - [0m12:09:06  Registered adapter: clickhouse=1.10.0
[2026-03-03T12:09:06.224+0000] {subprocess.py:93} INFO - [0m12:09:06  Unable to do partial parsing because env vars used in dbt_project.yml have changed
[2026-03-03T12:09:06.224+0000] {subprocess.py:93} INFO - [0m12:09:06  Unable to do partial parsing because a project config has changed
[2026-03-03T12:09:07.270+0000] {subprocess.py:93} INFO - [0m12:09:07  [[33mWARNING[0m][MissingArgumentsPropertyInGenericTestDeprecation]: Deprecated
[2026-03-03T12:09:07.271+0000] {subprocess.py:93} INFO - functionality
[2026-03-03T12:09:07.271+0000] {subprocess.py:93} INFO - Found top-level arguments to test `accepted_values` defined on 'stg_orders' in
[2026-03-03T12:09:07.271+0000] {subprocess.py:93} INFO - package 'ecommerce_dbt' (models/schema.yml). Arguments to generic tests should
[2026-03-03T12:09:07.271+0000] {subprocess.py:93} INFO - be nested under the `arguments` property.
[2026-03-03T12:09:07.842+0000] {subprocess.py:93} INFO - [0m12:09:07  Found 12 models, 32 data tests, 6 sources, 523 macros
[2026-03-03T12:09:07.852+0000] {subprocess.py:93} INFO - [0m12:09:07
[2026-03-03T12:09:07.853+0000] {subprocess.py:93} INFO - [0m12:09:07  Concurrency: 4 threads (target='dev')
[2026-03-03T12:09:07.854+0000] {subprocess.py:93} INFO - [0m12:09:07
[2026-03-03T12:09:09.140+0000] {subprocess.py:93} INFO - [0m12:09:09  1 of 4 START sql view model `staging_staging`.`stg_order_items` ................ [RUN]
[2026-03-03T12:09:09.147+0000] {subprocess.py:93} INFO - [0m12:09:09  2 of 4 START sql view model `staging_staging`.`stg_orders` ..................... [RUN]
[2026-03-03T12:09:09.148+0000] {subprocess.py:93} INFO - [0m12:09:09  3 of 4 START sql view model `staging_staging`.`stg_products` ................... [RUN]
[2026-03-03T12:09:09.148+0000] {subprocess.py:93} INFO - [0m12:09:09  4 of 4 START sql view model `staging_staging`.`stg_users` ...................... [RUN]
[2026-03-03T12:09:09.352+0000] {subprocess.py:93} INFO - [0m12:09:09  1 of 4 OK created sql view model `staging_staging`.`stg_order_items` ........... [[32mOK[0m in 0.20s]
[2026-03-03T12:09:09.361+0000] {subprocess.py:93} INFO - [0m12:09:09  2 of 4 OK created sql view model `staging_staging`.`stg_orders` ................ [[32mOK[0m in 0.20s]
[2026-03-03T12:09:09.435+0000] {subprocess.py:93} INFO - [0m12:09:09  3 of 4 OK created sql view model `staging_staging`.`stg_products` .............. [[32mOK[0m in 0.28s]
[2026-03-03T12:09:09.442+0000] {subprocess.py:93} INFO - [0m12:09:09  4 of 4 OK created sql view model `staging_staging`.`stg_users` ................. [[32mOK[0m in 0.28s]
[2026-03-03T12:09:09.471+0000] {subprocess.py:93} INFO - [0m12:09:09
[2026-03-03T12:09:09.473+0000] {subprocess.py:93} INFO - [0m12:09:09  Finished running 4 view models in 0 hours 0 minutes and 1.61 seconds (1.61s).
[2026-03-03T12:09:09.645+0000] {subprocess.py:93} INFO - [0m12:09:09
[2026-03-03T12:09:09.645+0000] {subprocess.py:93} INFO - [0m12:09:09  [32mCompleted successfully[0m
[2026-03-03T12:09:09.646+0000] {subprocess.py:93} INFO - [0m12:09:09
[2026-03-03T12:09:09.647+0000] {subprocess.py:93} INFO - [0m12:09:09  Done. PASS=4 WARN=0 ERROR=0 SKIP=0 NO-OP=0 TOTAL=4
[2026-03-03T12:09:09.648+0000] {subprocess.py:93} INFO - [0m12:09:09  [[33mWARNING[0m][DeprecationsSummary]: Deprecated functionality
[2026-03-03T12:09:09.648+0000] {subprocess.py:93} INFO - Summary of encountered deprecations:
[2026-03-03T12:09:09.649+0000] {subprocess.py:93} INFO - - MissingArgumentsPropertyInGenericTestDeprecation: 4 occurrences
[2026-03-03T12:09:09.649+0000] {subprocess.py:93} INFO - To see all deprecation instances instead of just the first occurrence of each,
[2026-03-03T12:09:09.649+0000] {subprocess.py:93} INFO - run command again with the `--show-all-deprecations` flag. You may also need to
[2026-03-03T12:09:09.650+0000] {subprocess.py:93} INFO - run with `--no-partial-parse` as some deprecations are only encountered during
[2026-03-03T12:09:09.650+0000] {subprocess.py:93} INFO - parsing.
[2026-03-03T12:09:11.817+0000] {subprocess.py:97} INFO - Command exited with return code 0
[2026-03-03T12:09:11.966+0000] {taskinstance.py:1138} INFO - Marking task as SUCCESS. dag_id=dag_dbt_transform, task_id=dbt_run_staging, execution_date=20260303T120821, start_date=20260303T120904, end_date=20260303T120911
[2026-03-03T12:09:12.003+0000] {local_task_job_runner.py:234} INFO - Task exited with return code 0
[2026-03-03T12:09:12.042+0000] {taskinstance.py:3280} INFO - 1 downstream tasks scheduled from follow-on schedule check
