[2026-03-03T13:14:00.050+0000] {taskinstance.py:1956} INFO - Dependencies all met for dep_context=non-requeueable deps ti=<TaskInstance: dag_dbt_transform.dbt_run_staging manual__2026-03-03T12:08:21+00:00 [queued]>
[2026-03-03T13:14:00.179+0000] {taskinstance.py:1956} INFO - Dependencies all met for dep_context=requeueable deps ti=<TaskInstance: dag_dbt_transform.dbt_run_staging manual__2026-03-03T12:08:21+00:00 [queued]>
[2026-03-03T13:14:00.197+0000] {taskinstance.py:2170} INFO - Starting attempt 2 of 3
[2026-03-03T13:14:00.301+0000] {taskinstance.py:2191} INFO - Executing <Task(BashOperator): dbt_run_staging> on 2026-03-03 12:08:21+00:00
[2026-03-03T13:14:00.347+0000] {standard_task_runner.py:60} INFO - Started process 1284 to run task
[2026-03-03T13:14:00.411+0000] {standard_task_runner.py:87} INFO - Running: ['***', 'tasks', 'run', 'dag_dbt_transform', 'dbt_run_staging', 'manual__2026-03-03T12:08:21+00:00', '--job-id', '230', '--raw', '--subdir', 'DAGS_FOLDER/dag_dbt_transform.py', '--cfg-path', '/tmp/tmp3camp8sq']
[2026-03-03T13:14:00.427+0000] {standard_task_runner.py:88} INFO - Job 230: Subtask dbt_run_staging
[2026-03-03T13:14:00.964+0000] {task_command.py:423} INFO - Running <TaskInstance: dag_dbt_transform.dbt_run_staging manual__2026-03-03T12:08:21+00:00 [running]> on host 353218a5daef
[2026-03-03T13:14:01.626+0000] {taskinstance.py:2480} INFO - Exporting env vars: AIRFLOW_CTX_DAG_OWNER='de_team' AIRFLOW_CTX_DAG_ID='dag_dbt_transform' AIRFLOW_CTX_TASK_ID='dbt_run_staging' AIRFLOW_CTX_EXECUTION_DATE='2026-03-03T12:08:21+00:00' AIRFLOW_CTX_TRY_NUMBER='2' AIRFLOW_CTX_DAG_RUN_ID='manual__2026-03-03T12:08:21+00:00'
[2026-03-03T13:14:01.631+0000] {subprocess.py:63} INFO - Tmp dir root location: /tmp
[2026-03-03T13:14:01.648+0000] {subprocess.py:75} INFO - Running command: ['/usr/bin/bash', '-c', 'cd /opt/***/dbt && dbt run --select staging --profiles-dir /opt/***/dbt --project-dir /opt/***/dbt']
[2026-03-03T13:14:01.719+0000] {subprocess.py:86} INFO - Output:
[2026-03-03T13:14:15.154+0000] {subprocess.py:93} INFO - [0m13:14:15  Running with dbt=1.11.6
[2026-03-03T13:14:21.771+0000] {subprocess.py:93} INFO - [0m13:14:21  Registered adapter: clickhouse=1.10.0
[2026-03-03T13:14:26.358+0000] {subprocess.py:93} INFO - [0m13:14:26  Found 12 models, 32 data tests, 6 sources, 523 macros
[2026-03-03T13:14:26.377+0000] {subprocess.py:93} INFO - [0m13:14:26
[2026-03-03T13:14:26.395+0000] {subprocess.py:93} INFO - [0m13:14:26  Concurrency: 4 threads (target='dev')
[2026-03-03T13:14:26.427+0000] {subprocess.py:93} INFO - [0m13:14:26
[2026-03-03T13:14:35.885+0000] {subprocess.py:93} INFO - [0m13:14:35  1 of 4 START sql view model `staging_staging`.`stg_order_items` ................ [RUN]
[2026-03-03T13:14:36.019+0000] {subprocess.py:93} INFO - [0m13:14:35  2 of 4 START sql view model `staging_staging`.`stg_orders` ..................... [RUN]
[2026-03-03T13:14:36.054+0000] {subprocess.py:93} INFO - [0m13:14:36  3 of 4 START sql view model `staging_staging`.`stg_products` ................... [RUN]
[2026-03-03T13:14:36.070+0000] {subprocess.py:93} INFO - [0m13:14:36  4 of 4 START sql view model `staging_staging`.`stg_users` ...................... [RUN]
[2026-03-03T13:14:38.321+0000] {subprocess.py:93} INFO - [0m13:14:38  1 of 4 OK created sql view model `staging_staging`.`stg_order_items` ........... [[32mOK[0m in 2.25s]
[2026-03-03T13:14:38.334+0000] {subprocess.py:93} INFO - [0m13:14:38  2 of 4 OK created sql view model `staging_staging`.`stg_orders` ................ [[32mOK[0m in 2.21s]
[2026-03-03T13:14:38.452+0000] {subprocess.py:93} INFO - [0m13:14:38  3 of 4 OK created sql view model `staging_staging`.`stg_products` .............. [[32mOK[0m in 2.29s]
[2026-03-03T13:14:38.501+0000] {subprocess.py:93} INFO - [0m13:14:38  4 of 4 OK created sql view model `staging_staging`.`stg_users` ................. [[32mOK[0m in 2.30s]
[2026-03-03T13:14:38.548+0000] {subprocess.py:93} INFO - [0m13:14:38
[2026-03-03T13:14:38.551+0000] {subprocess.py:93} INFO - [0m13:14:38  Finished running 4 view models in 0 hours 0 minutes and 12.11 seconds (12.11s).
[2026-03-03T13:14:39.001+0000] {subprocess.py:93} INFO - [0m13:14:39
[2026-03-03T13:14:39.003+0000] {subprocess.py:93} INFO - [0m13:14:39  [32mCompleted successfully[0m
[2026-03-03T13:14:39.012+0000] {subprocess.py:93} INFO - [0m13:14:39
[2026-03-03T13:14:39.020+0000] {subprocess.py:93} INFO - [0m13:14:39  Done. PASS=4 WARN=0 ERROR=0 SKIP=0 NO-OP=0 TOTAL=4
[2026-03-03T13:14:53.412+0000] {subprocess.py:97} INFO - Command exited with return code 0
[2026-03-03T13:14:56.015+0000] {taskinstance.py:1138} INFO - Marking task as SUCCESS. dag_id=dag_dbt_transform, task_id=dbt_run_staging, execution_date=20260303T120821, start_date=20260303T131400, end_date=20260303T131455
[2026-03-03T13:14:56.283+0000] {local_task_job_runner.py:234} INFO - Task exited with return code 0
[2026-03-03T13:14:56.589+0000] {taskinstance.py:3280} INFO - 1 downstream tasks scheduled from follow-on schedule check
