[2026-02-27T14:04:58.490+0000] {taskinstance.py:1956} INFO - Dependencies all met for dep_context=non-requeueable deps ti=<TaskInstance: dag_ingest_daily.extract scheduled__2026-02-26T01:00:00+00:00 [queued]>
[2026-02-27T14:04:58.499+0000] {taskinstance.py:1956} INFO - Dependencies all met for dep_context=requeueable deps ti=<TaskInstance: dag_ingest_daily.extract scheduled__2026-02-26T01:00:00+00:00 [queued]>
[2026-02-27T14:04:58.499+0000] {taskinstance.py:2170} INFO - Starting attempt 1 of 3
[2026-02-27T14:04:58.515+0000] {taskinstance.py:2191} INFO - Executing <Task(PythonOperator): extract> on 2026-02-26 01:00:00+00:00
[2026-02-27T14:04:58.519+0000] {standard_task_runner.py:60} INFO - Started process 185 to run task
[2026-02-27T14:04:58.522+0000] {standard_task_runner.py:87} INFO - Running: ['***', 'tasks', 'run', 'dag_ingest_daily', 'extract', 'scheduled__2026-02-26T01:00:00+00:00', '--job-id', '3', '--raw', '--subdir', 'DAGS_FOLDER/dag_ingest_daily.py', '--cfg-path', '/tmp/tmpgxzm04w5']
[2026-02-27T14:04:58.525+0000] {standard_task_runner.py:88} INFO - Job 3: Subtask extract
[2026-02-27T14:04:58.582+0000] {task_command.py:423} INFO - Running <TaskInstance: dag_ingest_daily.extract scheduled__2026-02-26T01:00:00+00:00 [running]> on host 843b2c242b76
[2026-02-27T14:04:58.656+0000] {taskinstance.py:2480} INFO - Exporting env vars: AIRFLOW_CTX_DAG_OWNER='de_team' AIRFLOW_CTX_DAG_ID='dag_ingest_daily' AIRFLOW_CTX_TASK_ID='extract' AIRFLOW_CTX_EXECUTION_DATE='2026-02-26T01:00:00+00:00' AIRFLOW_CTX_TRY_NUMBER='1' AIRFLOW_CTX_DAG_RUN_ID='scheduled__2026-02-26T01:00:00+00:00'
[2026-02-27T14:04:59.617+0000] {extractor.py:40} INFO - Connected to ecommerce_oltp@postgres_oltp
[2026-02-27T14:04:59.618+0000] {extractor.py:135} INFO - === Daily extraction for 2026-02-26 ===
[2026-02-27T14:04:59.618+0000] {extractor.py:113} INFO - Extracting static table: users
[2026-02-27T14:04:59.618+0000] {extractor.py:66} INFO - Full extract: users
[2026-02-27T14:04:59.623+0000] {extractor.py:61} INFO -   Fetched 0 rows
[2026-02-27T14:04:59.623+0000] {extractor.py:113} INFO - Extracting static table: sellers
[2026-02-27T14:04:59.623+0000] {extractor.py:66} INFO - Full extract: sellers
[2026-02-27T14:04:59.624+0000] {extractor.py:61} INFO -   Fetched 0 rows
[2026-02-27T14:04:59.625+0000] {extractor.py:113} INFO - Extracting static table: products
[2026-02-27T14:04:59.625+0000] {extractor.py:66} INFO - Full extract: products
[2026-02-27T14:04:59.626+0000] {extractor.py:61} INFO -   Fetched 0 rows
[2026-02-27T14:04:59.626+0000] {extractor.py:113} INFO - Extracting static table: categories
[2026-02-27T14:04:59.626+0000] {extractor.py:66} INFO - Full extract: categories
[2026-02-27T14:04:59.627+0000] {extractor.py:61} INFO -   Fetched 0 rows
[2026-02-27T14:04:59.627+0000] {extractor.py:74} INFO - Incremental extract: orders since 2026-02-26
[2026-02-27T14:04:59.630+0000] {extractor.py:61} INFO -   Fetched 0 rows
[2026-02-27T14:04:59.630+0000] {extractor.py:94} INFO - Incremental extract: order_items since 2026-02-26
[2026-02-27T14:04:59.631+0000] {extractor.py:61} INFO -   Fetched 0 rows
[2026-02-27T14:04:59.631+0000] {extractor.py:141} INFO -   users: 0 rows extracted
[2026-02-27T14:04:59.631+0000] {extractor.py:141} INFO -   sellers: 0 rows extracted
[2026-02-27T14:04:59.632+0000] {extractor.py:141} INFO -   products: 0 rows extracted
[2026-02-27T14:04:59.632+0000] {extractor.py:141} INFO -   categories: 0 rows extracted
[2026-02-27T14:04:59.632+0000] {extractor.py:141} INFO -   orders: 0 rows extracted
[2026-02-27T14:04:59.632+0000] {extractor.py:141} INFO -   order_items: 0 rows extracted
[2026-02-27T14:04:59.632+0000] {extractor.py:46} INFO - Connection closed
[2026-02-27T14:04:59.648+0000] {logging_mixin.py:188} INFO - ✅ Extracted 0 total rows
[2026-02-27T14:04:59.648+0000] {python.py:201} INFO - Done. Returned value was: None
[2026-02-27T14:04:59.658+0000] {taskinstance.py:1138} INFO - Marking task as SUCCESS. dag_id=dag_ingest_daily, task_id=extract, execution_date=20260226T010000, start_date=20260227T140458, end_date=20260227T140459
[2026-02-27T14:04:59.688+0000] {local_task_job_runner.py:234} INFO - Task exited with return code 0
[2026-02-27T14:04:59.712+0000] {taskinstance.py:3280} INFO - 1 downstream tasks scheduled from follow-on schedule check
