[2026-02-27T14:15:47.290+0000] {taskinstance.py:1956} INFO - Dependencies all met for dep_context=non-requeueable deps ti=<TaskInstance: dag_ingest_daily.extract manual__2026-02-27T14:15:45.743211+00:00 [queued]>
[2026-02-27T14:15:47.299+0000] {taskinstance.py:1956} INFO - Dependencies all met for dep_context=requeueable deps ti=<TaskInstance: dag_ingest_daily.extract manual__2026-02-27T14:15:45.743211+00:00 [queued]>
[2026-02-27T14:15:47.299+0000] {taskinstance.py:2170} INFO - Starting attempt 1 of 3
[2026-02-27T14:15:47.313+0000] {taskinstance.py:2191} INFO - Executing <Task(PythonOperator): extract> on 2026-02-27 14:15:45.743211+00:00
[2026-02-27T14:15:47.319+0000] {standard_task_runner.py:60} INFO - Started process 495 to run task
[2026-02-27T14:15:47.326+0000] {standard_task_runner.py:87} INFO - Running: ['***', 'tasks', 'run', 'dag_ingest_daily', 'extract', 'manual__2026-02-27T14:15:45.743211+00:00', '--job-id', '7', '--raw', '--subdir', 'DAGS_FOLDER/dag_ingest_daily.py', '--cfg-path', '/tmp/tmp1hphngkx']
[2026-02-27T14:15:47.340+0000] {standard_task_runner.py:88} INFO - Job 7: Subtask extract
[2026-02-27T14:15:47.528+0000] {task_command.py:423} INFO - Running <TaskInstance: dag_ingest_daily.extract manual__2026-02-27T14:15:45.743211+00:00 [running]> on host 843b2c242b76
[2026-02-27T14:15:47.722+0000] {taskinstance.py:2480} INFO - Exporting env vars: AIRFLOW_CTX_DAG_OWNER='de_team' AIRFLOW_CTX_DAG_ID='dag_ingest_daily' AIRFLOW_CTX_TASK_ID='extract' AIRFLOW_CTX_EXECUTION_DATE='2026-02-27T14:15:45.743211+00:00' AIRFLOW_CTX_TRY_NUMBER='1' AIRFLOW_CTX_DAG_RUN_ID='manual__2026-02-27T14:15:45.743211+00:00'
[2026-02-27T14:15:48.824+0000] {extractor.py:40} INFO - Connected to ecommerce_oltp@postgres_oltp
[2026-02-27T14:15:48.825+0000] {extractor.py:135} INFO - === Daily extraction for 2026-02-27 ===
[2026-02-27T14:15:48.825+0000] {extractor.py:113} INFO - Extracting static table: users
[2026-02-27T14:15:48.825+0000] {extractor.py:66} INFO - Full extract: users
[2026-02-27T14:15:48.857+0000] {extractor.py:61} INFO -   Fetched 500 rows
[2026-02-27T14:15:48.858+0000] {extractor.py:113} INFO - Extracting static table: sellers
[2026-02-27T14:15:48.858+0000] {extractor.py:66} INFO - Full extract: sellers
[2026-02-27T14:15:48.860+0000] {extractor.py:61} INFO -   Fetched 50 rows
[2026-02-27T14:15:48.860+0000] {extractor.py:113} INFO - Extracting static table: products
[2026-02-27T14:15:48.860+0000] {extractor.py:66} INFO - Full extract: products
[2026-02-27T14:15:48.866+0000] {extractor.py:61} INFO -   Fetched 200 rows
[2026-02-27T14:15:48.866+0000] {extractor.py:113} INFO - Extracting static table: categories
[2026-02-27T14:15:48.867+0000] {extractor.py:66} INFO - Full extract: categories
[2026-02-27T14:15:48.867+0000] {extractor.py:61} INFO -   Fetched 10 rows
[2026-02-27T14:15:48.868+0000] {extractor.py:74} INFO - Incremental extract: orders since 2026-02-27
[2026-02-27T14:15:48.876+0000] {extractor.py:61} INFO -   Fetched 18 rows
[2026-02-27T14:15:48.876+0000] {extractor.py:94} INFO - Incremental extract: order_items since 2026-02-27
[2026-02-27T14:15:48.879+0000] {extractor.py:61} INFO -   Fetched 29 rows
[2026-02-27T14:15:48.879+0000] {extractor.py:141} INFO -   users: 500 rows extracted
[2026-02-27T14:15:48.880+0000] {extractor.py:141} INFO -   sellers: 50 rows extracted
[2026-02-27T14:15:48.880+0000] {extractor.py:141} INFO -   products: 200 rows extracted
[2026-02-27T14:15:48.880+0000] {extractor.py:141} INFO -   categories: 10 rows extracted
[2026-02-27T14:15:48.880+0000] {extractor.py:141} INFO -   orders: 18 rows extracted
[2026-02-27T14:15:48.880+0000] {extractor.py:141} INFO -   order_items: 29 rows extracted
[2026-02-27T14:15:48.880+0000] {extractor.py:46} INFO - Connection closed
[2026-02-27T14:15:49.108+0000] {logging_mixin.py:188} INFO - ✅ Extracted 807 total rows
[2026-02-27T14:15:49.111+0000] {python.py:201} INFO - Done. Returned value was: None
[2026-02-27T14:15:49.175+0000] {taskinstance.py:1138} INFO - Marking task as SUCCESS. dag_id=dag_ingest_daily, task_id=extract, execution_date=20260227T141545, start_date=20260227T141547, end_date=20260227T141549
[2026-02-27T14:15:49.215+0000] {local_task_job_runner.py:234} INFO - Task exited with return code 0
[2026-02-27T14:15:49.257+0000] {taskinstance.py:3280} INFO - 1 downstream tasks scheduled from follow-on schedule check
