[2026-03-03T13:16:02.357+0000] {taskinstance.py:1956} INFO - Dependencies all met for dep_context=non-requeueable deps ti=<TaskInstance: dag_data_quality.wait_for_transform manual__2026-03-03T12:08:21+00:00 [queued]>
[2026-03-03T13:16:02.452+0000] {taskinstance.py:1956} INFO - Dependencies all met for dep_context=requeueable deps ti=<TaskInstance: dag_data_quality.wait_for_transform manual__2026-03-03T12:08:21+00:00 [queued]>
[2026-03-03T13:16:02.457+0000] {taskinstance.py:2170} INFO - Starting attempt 2 of 2
[2026-03-03T13:16:02.614+0000] {taskinstance.py:2191} INFO - Executing <Task(ExternalTaskSensor): wait_for_transform> on 2026-03-03 12:08:21+00:00
[2026-03-03T13:16:02.786+0000] {standard_task_runner.py:60} INFO - Started process 1667 to run task
[2026-03-03T13:16:02.851+0000] {standard_task_runner.py:87} INFO - Running: ['***', 'tasks', 'run', 'dag_data_quality', 'wait_for_transform', 'manual__2026-03-03T12:08:21+00:00', '--job-id', '245', '--raw', '--subdir', 'DAGS_FOLDER/dag_data_quality.py', '--cfg-path', '/tmp/tmpli4suenb']
[2026-03-03T13:16:02.907+0000] {standard_task_runner.py:88} INFO - Job 245: Subtask wait_for_transform
[2026-03-03T13:16:03.670+0000] {task_command.py:423} INFO - Running <TaskInstance: dag_data_quality.wait_for_transform manual__2026-03-03T12:08:21+00:00 [running]> on host 353218a5daef
[2026-03-03T13:16:04.879+0000] {taskinstance.py:2480} INFO - Exporting env vars: AIRFLOW_CTX_DAG_OWNER='de_team' AIRFLOW_CTX_DAG_ID='dag_data_quality' AIRFLOW_CTX_TASK_ID='wait_for_transform' AIRFLOW_CTX_EXECUTION_DATE='2026-03-03T12:08:21+00:00' AIRFLOW_CTX_TRY_NUMBER='2' AIRFLOW_CTX_DAG_RUN_ID='manual__2026-03-03T12:08:21+00:00'
[2026-03-03T13:16:04.887+0000] {external_task.py:244} INFO - Poking for tasks ['dbt_test'] in dag dag_dbt_transform on 2026-03-03T12:08:21+00:00 ... 
[2026-03-03T13:17:05.387+0000] {external_task.py:244} INFO - Poking for tasks ['dbt_test'] in dag dag_dbt_transform on 2026-03-03T12:08:21+00:00 ... 
[2026-03-03T13:18:05.491+0000] {external_task.py:244} INFO - Poking for tasks ['dbt_test'] in dag dag_dbt_transform on 2026-03-03T12:08:21+00:00 ... 
[2026-03-03T13:19:05.581+0000] {external_task.py:244} INFO - Poking for tasks ['dbt_test'] in dag dag_dbt_transform on 2026-03-03T12:08:21+00:00 ... 
[2026-03-03T13:20:05.622+0000] {external_task.py:244} INFO - Poking for tasks ['dbt_test'] in dag dag_dbt_transform on 2026-03-03T12:08:21+00:00 ... 
[2026-03-03T13:21:05.743+0000] {external_task.py:244} INFO - Poking for tasks ['dbt_test'] in dag dag_dbt_transform on 2026-03-03T12:08:21+00:00 ... 
[2026-03-03T13:22:05.785+0000] {external_task.py:244} INFO - Poking for tasks ['dbt_test'] in dag dag_dbt_transform on 2026-03-03T12:08:21+00:00 ... 
[2026-03-03T13:23:05.909+0000] {external_task.py:244} INFO - Poking for tasks ['dbt_test'] in dag dag_dbt_transform on 2026-03-03T12:08:21+00:00 ... 
[2026-03-03T13:24:05.955+0000] {external_task.py:244} INFO - Poking for tasks ['dbt_test'] in dag dag_dbt_transform on 2026-03-03T12:08:21+00:00 ... 
[2026-03-03T13:25:06.009+0000] {external_task.py:244} INFO - Poking for tasks ['dbt_test'] in dag dag_dbt_transform on 2026-03-03T12:08:21+00:00 ... 
[2026-03-03T13:26:06.393+0000] {external_task.py:244} INFO - Poking for tasks ['dbt_test'] in dag dag_dbt_transform on 2026-03-03T12:08:21+00:00 ... 
[2026-03-03T13:27:07.053+0000] {external_task.py:244} INFO - Poking for tasks ['dbt_test'] in dag dag_dbt_transform on 2026-03-03T12:08:21+00:00 ... 
[2026-03-03T13:28:07.088+0000] {external_task.py:244} INFO - Poking for tasks ['dbt_test'] in dag dag_dbt_transform on 2026-03-03T12:08:21+00:00 ... 
[2026-03-03T13:29:07.170+0000] {external_task.py:244} INFO - Poking for tasks ['dbt_test'] in dag dag_dbt_transform on 2026-03-03T12:08:21+00:00 ... 
[2026-03-03T13:30:07.218+0000] {external_task.py:244} INFO - Poking for tasks ['dbt_test'] in dag dag_dbt_transform on 2026-03-03T12:08:21+00:00 ... 
[2026-03-03T13:31:07.267+0000] {external_task.py:244} INFO - Poking for tasks ['dbt_test'] in dag dag_dbt_transform on 2026-03-03T12:08:21+00:00 ... 
[2026-03-03T13:32:07.337+0000] {external_task.py:244} INFO - Poking for tasks ['dbt_test'] in dag dag_dbt_transform on 2026-03-03T12:08:21+00:00 ... 
[2026-03-03T13:33:07.402+0000] {external_task.py:244} INFO - Poking for tasks ['dbt_test'] in dag dag_dbt_transform on 2026-03-03T12:08:21+00:00 ... 
[2026-03-03T13:34:07.495+0000] {external_task.py:244} INFO - Poking for tasks ['dbt_test'] in dag dag_dbt_transform on 2026-03-03T12:08:21+00:00 ... 
[2026-03-03T13:35:07.557+0000] {external_task.py:244} INFO - Poking for tasks ['dbt_test'] in dag dag_dbt_transform on 2026-03-03T12:08:21+00:00 ... 
[2026-03-03T13:36:07.619+0000] {external_task.py:244} INFO - Poking for tasks ['dbt_test'] in dag dag_dbt_transform on 2026-03-03T12:08:21+00:00 ... 
[2026-03-03T13:37:07.686+0000] {external_task.py:244} INFO - Poking for tasks ['dbt_test'] in dag dag_dbt_transform on 2026-03-03T12:08:21+00:00 ... 
[2026-03-03T13:38:07.737+0000] {external_task.py:244} INFO - Poking for tasks ['dbt_test'] in dag dag_dbt_transform on 2026-03-03T12:08:21+00:00 ... 
[2026-03-03T13:39:07.781+0000] {external_task.py:244} INFO - Poking for tasks ['dbt_test'] in dag dag_dbt_transform on 2026-03-03T12:08:21+00:00 ... 
[2026-03-03T13:40:07.813+0000] {external_task.py:244} INFO - Poking for tasks ['dbt_test'] in dag dag_dbt_transform on 2026-03-03T12:08:21+00:00 ... 
[2026-03-03T13:41:07.911+0000] {external_task.py:244} INFO - Poking for tasks ['dbt_test'] in dag dag_dbt_transform on 2026-03-03T12:08:21+00:00 ... 
[2026-03-03T13:42:07.971+0000] {external_task.py:244} INFO - Poking for tasks ['dbt_test'] in dag dag_dbt_transform on 2026-03-03T12:08:21+00:00 ... 
[2026-03-03T13:43:08.077+0000] {external_task.py:244} INFO - Poking for tasks ['dbt_test'] in dag dag_dbt_transform on 2026-03-03T12:08:21+00:00 ... 
[2026-03-03T13:44:08.477+0000] {external_task.py:244} INFO - Poking for tasks ['dbt_test'] in dag dag_dbt_transform on 2026-03-03T12:08:21+00:00 ... 
[2026-03-03T13:45:08.695+0000] {external_task.py:244} INFO - Poking for tasks ['dbt_test'] in dag dag_dbt_transform on 2026-03-03T12:08:21+00:00 ... 
[2026-03-03T13:46:08.751+0000] {external_task.py:244} INFO - Poking for tasks ['dbt_test'] in dag dag_dbt_transform on 2026-03-03T12:08:21+00:00 ... 
[2026-03-03T13:47:08.880+0000] {external_task.py:244} INFO - Poking for tasks ['dbt_test'] in dag dag_dbt_transform on 2026-03-03T12:08:21+00:00 ... 
[2026-03-03T13:48:08.967+0000] {external_task.py:244} INFO - Poking for tasks ['dbt_test'] in dag dag_dbt_transform on 2026-03-03T12:08:21+00:00 ... 
[2026-03-03T13:49:09.110+0000] {external_task.py:244} INFO - Poking for tasks ['dbt_test'] in dag dag_dbt_transform on 2026-03-03T12:08:21+00:00 ... 
[2026-03-03T13:50:09.225+0000] {external_task.py:244} INFO - Poking for tasks ['dbt_test'] in dag dag_dbt_transform on 2026-03-03T12:08:21+00:00 ... 
[2026-03-03T13:51:09.332+0000] {external_task.py:244} INFO - Poking for tasks ['dbt_test'] in dag dag_dbt_transform on 2026-03-03T12:08:21+00:00 ... 
[2026-03-03T13:52:09.426+0000] {external_task.py:244} INFO - Poking for tasks ['dbt_test'] in dag dag_dbt_transform on 2026-03-03T12:08:21+00:00 ... 
[2026-03-03T13:53:09.503+0000] {external_task.py:244} INFO - Poking for tasks ['dbt_test'] in dag dag_dbt_transform on 2026-03-03T12:08:21+00:00 ... 
[2026-03-03T13:54:09.591+0000] {external_task.py:244} INFO - Poking for tasks ['dbt_test'] in dag dag_dbt_transform on 2026-03-03T12:08:21+00:00 ... 
[2026-03-03T13:55:09.744+0000] {external_task.py:244} INFO - Poking for tasks ['dbt_test'] in dag dag_dbt_transform on 2026-03-03T12:08:21+00:00 ... 
[2026-03-03T13:56:09.858+0000] {external_task.py:244} INFO - Poking for tasks ['dbt_test'] in dag dag_dbt_transform on 2026-03-03T12:08:21+00:00 ... 
[2026-03-03T13:57:09.955+0000] {external_task.py:244} INFO - Poking for tasks ['dbt_test'] in dag dag_dbt_transform on 2026-03-03T12:08:21+00:00 ... 
[2026-03-03T13:58:10.025+0000] {external_task.py:244} INFO - Poking for tasks ['dbt_test'] in dag dag_dbt_transform on 2026-03-03T12:08:21+00:00 ... 
[2026-03-03T13:59:10.109+0000] {external_task.py:244} INFO - Poking for tasks ['dbt_test'] in dag dag_dbt_transform on 2026-03-03T12:08:21+00:00 ... 
[2026-03-03T14:00:10.357+0000] {external_task.py:244} INFO - Poking for tasks ['dbt_test'] in dag dag_dbt_transform on 2026-03-03T12:08:21+00:00 ... 
[2026-03-03T14:01:10.464+0000] {external_task.py:244} INFO - Poking for tasks ['dbt_test'] in dag dag_dbt_transform on 2026-03-03T12:08:21+00:00 ... 
[2026-03-03T14:02:10.537+0000] {external_task.py:244} INFO - Poking for tasks ['dbt_test'] in dag dag_dbt_transform on 2026-03-03T12:08:21+00:00 ... 
[2026-03-03T14:03:10.598+0000] {external_task.py:244} INFO - Poking for tasks ['dbt_test'] in dag dag_dbt_transform on 2026-03-03T12:08:21+00:00 ... 
[2026-03-03T14:04:10.767+0000] {external_task.py:244} INFO - Poking for tasks ['dbt_test'] in dag dag_dbt_transform on 2026-03-03T12:08:21+00:00 ... 
[2026-03-03T14:05:10.863+0000] {external_task.py:244} INFO - Poking for tasks ['dbt_test'] in dag dag_dbt_transform on 2026-03-03T12:08:21+00:00 ... 
[2026-03-03T14:06:10.980+0000] {external_task.py:244} INFO - Poking for tasks ['dbt_test'] in dag dag_dbt_transform on 2026-03-03T12:08:21+00:00 ... 
[2026-03-03T14:07:11.080+0000] {external_task.py:244} INFO - Poking for tasks ['dbt_test'] in dag dag_dbt_transform on 2026-03-03T12:08:21+00:00 ... 
[2026-03-03T14:08:11.140+0000] {external_task.py:244} INFO - Poking for tasks ['dbt_test'] in dag dag_dbt_transform on 2026-03-03T12:08:21+00:00 ... 
[2026-03-03T14:09:11.208+0000] {external_task.py:244} INFO - Poking for tasks ['dbt_test'] in dag dag_dbt_transform on 2026-03-03T12:08:21+00:00 ... 
[2026-03-03T14:10:11.307+0000] {external_task.py:244} INFO - Poking for tasks ['dbt_test'] in dag dag_dbt_transform on 2026-03-03T12:08:21+00:00 ... 
[2026-03-03T14:11:11.416+0000] {external_task.py:244} INFO - Poking for tasks ['dbt_test'] in dag dag_dbt_transform on 2026-03-03T12:08:21+00:00 ... 
[2026-03-03T14:12:11.484+0000] {external_task.py:244} INFO - Poking for tasks ['dbt_test'] in dag dag_dbt_transform on 2026-03-03T12:08:21+00:00 ... 
[2026-03-03T14:13:11.664+0000] {external_task.py:244} INFO - Poking for tasks ['dbt_test'] in dag dag_dbt_transform on 2026-03-03T12:08:21+00:00 ... 
[2026-03-03T14:14:11.705+0000] {external_task.py:244} INFO - Poking for tasks ['dbt_test'] in dag dag_dbt_transform on 2026-03-03T12:08:21+00:00 ... 
[2026-03-03T14:15:11.766+0000] {external_task.py:244} INFO - Poking for tasks ['dbt_test'] in dag dag_dbt_transform on 2026-03-03T12:08:21+00:00 ... 
[2026-03-03T14:16:11.862+0000] {external_task.py:244} INFO - Poking for tasks ['dbt_test'] in dag dag_dbt_transform on 2026-03-03T12:08:21+00:00 ... 
[2026-03-03T14:16:11.934+0000] {taskinstance.py:2698} ERROR - Task failed with exception
Traceback (most recent call last):
  File "/home/airflow/.local/lib/python3.11/site-packages/airflow/models/taskinstance.py", line 433, in _execute_task
    result = execute_callable(context=context, **execute_callable_kwargs)
             ^^^^^^^^^^^^^^^^^^^^^^^^^^^^^^^^^^^^^^^^^^^^^^^^^^^^^^^^^^^^
  File "/home/airflow/.local/lib/python3.11/site-packages/airflow/sensors/external_task.py", line 334, in execute
    super().execute(context)
  File "/home/airflow/.local/lib/python3.11/site-packages/airflow/sensors/base.py", line 282, in execute
    raise AirflowSensorTimeout(message)
airflow.exceptions.AirflowSensorTimeout: Sensor has timed out; run duration of 3607.0407890200004 seconds exceeds the specified timeout of 3600.0.
[2026-03-03T14:16:11.963+0000] {taskinstance.py:1138} INFO - Immediate failure requested. Marking task as FAILED. dag_id=dag_data_quality, task_id=wait_for_transform, execution_date=20260303T120821, start_date=20260303T131602, end_date=20260303T141611
[2026-03-03T14:16:12.005+0000] {standard_task_runner.py:107} ERROR - Failed to execute job 245 for task wait_for_transform (Sensor has timed out; run duration of 3607.0407890200004 seconds exceeds the specified timeout of 3600.0.; 1667)
[2026-03-03T14:16:12.043+0000] {local_task_job_runner.py:234} INFO - Task exited with return code 1
[2026-03-03T14:16:12.165+0000] {taskinstance.py:3280} INFO - 0 downstream tasks scheduled from follow-on schedule check
