[2026-03-03T11:07:41.378+0000] {taskinstance.py:1956} INFO - Dependencies all met for dep_context=non-requeueable deps ti=<TaskInstance: dag_dbt_transform.dbt_run_staging manual__2026-03-03T11:06:56+00:00 [queued]>
[2026-03-03T11:07:41.389+0000] {taskinstance.py:1956} INFO - Dependencies all met for dep_context=requeueable deps ti=<TaskInstance: dag_dbt_transform.dbt_run_staging manual__2026-03-03T11:06:56+00:00 [queued]>
[2026-03-03T11:07:41.389+0000] {taskinstance.py:2170} INFO - Starting attempt 1 of 2
[2026-03-03T11:07:41.398+0000] {taskinstance.py:2191} INFO - Executing <Task(BashOperator): dbt_run_staging> on 2026-03-03 11:06:56+00:00
[2026-03-03T11:07:41.402+0000] {standard_task_runner.py:60} INFO - Started process 8314 to run task
[2026-03-03T11:07:41.405+0000] {standard_task_runner.py:87} INFO - Running: ['***', 'tasks', 'run', 'dag_dbt_transform', 'dbt_run_staging', 'manual__2026-03-03T11:06:56+00:00', '--job-id', '79', '--raw', '--subdir', 'DAGS_FOLDER/dag_dbt_transform.py', '--cfg-path', '/tmp/tmphaqni_ig']
[2026-03-03T11:07:41.407+0000] {standard_task_runner.py:88} INFO - Job 79: Subtask dbt_run_staging
[2026-03-03T11:07:41.458+0000] {task_command.py:423} INFO - Running <TaskInstance: dag_dbt_transform.dbt_run_staging manual__2026-03-03T11:06:56+00:00 [running]> on host eccf479b3cda
[2026-03-03T11:07:41.540+0000] {taskinstance.py:2480} INFO - Exporting env vars: AIRFLOW_CTX_DAG_OWNER='de_team' AIRFLOW_CTX_DAG_ID='dag_dbt_transform' AIRFLOW_CTX_TASK_ID='dbt_run_staging' AIRFLOW_CTX_EXECUTION_DATE='2026-03-03T11:06:56+00:00' AIRFLOW_CTX_TRY_NUMBER='1' AIRFLOW_CTX_DAG_RUN_ID='manual__2026-03-03T11:06:56+00:00'
[2026-03-03T11:07:41.541+0000] {subprocess.py:63} INFO - Tmp dir root location: /tmp
[2026-03-03T11:07:41.542+0000] {subprocess.py:75} INFO - Running command: ['/usr/bin/bash', '-c', 'cd /opt/***/dbt && dbt run --select staging --profiles-dir /opt/***/dbt --project-dir /opt/***/dbt']
[2026-03-03T11:07:41.548+0000] {subprocess.py:86} INFO - Output:
[2026-03-03T11:07:42.992+0000] {subprocess.py:93} INFO - [0m11:07:42  Running with dbt=1.11.6
[2026-03-03T11:07:43.504+0000] {subprocess.py:93} INFO - [0m11:07:43  Registered adapter: clickhouse=1.10.0
[2026-03-03T11:07:43.742+0000] {subprocess.py:93} INFO - [0m11:07:43  Unable to do partial parsing because of a version mismatch
[2026-03-03T11:07:44.817+0000] {subprocess.py:93} INFO - [0m11:07:44  [[33mWARNING[0m][MissingArgumentsPropertyInGenericTestDeprecation]: Deprecated
[2026-03-03T11:07:44.819+0000] {subprocess.py:93} INFO - functionality
[2026-03-03T11:07:44.819+0000] {subprocess.py:93} INFO - Found top-level arguments to test `accepted_values` defined on 'stg_orders' in
[2026-03-03T11:07:44.819+0000] {subprocess.py:93} INFO - package 'ecommerce_dbt' (models/schema.yml). Arguments to generic tests should
[2026-03-03T11:07:44.820+0000] {subprocess.py:93} INFO - be nested under the `arguments` property.
[2026-03-03T11:07:45.196+0000] {subprocess.py:93} INFO - [0m11:07:45  Found 12 models, 32 data tests, 6 sources, 523 macros
[2026-03-03T11:07:45.198+0000] {subprocess.py:93} INFO - [0m11:07:45
[2026-03-03T11:07:45.199+0000] {subprocess.py:93} INFO - [0m11:07:45  Concurrency: 4 threads (target='dev')
[2026-03-03T11:07:45.199+0000] {subprocess.py:93} INFO - [0m11:07:45
[2026-03-03T11:07:46.306+0000] {subprocess.py:93} INFO - [0m11:07:46  1 of 4 START sql view model `staging_staging`.`stg_order_items` ................ [RUN]
[2026-03-03T11:07:46.308+0000] {subprocess.py:93} INFO - [0m11:07:46  2 of 4 START sql view model `staging_staging`.`stg_orders` ..................... [RUN]
[2026-03-03T11:07:46.309+0000] {subprocess.py:93} INFO - [0m11:07:46  3 of 4 START sql view model `staging_staging`.`stg_products` ................... [RUN]
[2026-03-03T11:07:46.310+0000] {subprocess.py:93} INFO - [0m11:07:46  4 of 4 START sql view model `staging_staging`.`stg_users` ...................... [RUN]
[2026-03-03T11:07:46.551+0000] {subprocess.py:93} INFO - [0m11:07:46  1 of 4 OK created sql view model `staging_staging`.`stg_order_items` ........... [[32mOK[0m in 0.23s]
[2026-03-03T11:07:46.557+0000] {subprocess.py:93} INFO - [0m11:07:46  2 of 4 OK created sql view model `staging_staging`.`stg_orders` ................ [[32mOK[0m in 0.24s]
[2026-03-03T11:07:46.647+0000] {subprocess.py:93} INFO - [0m11:07:46  3 of 4 OK created sql view model `staging_staging`.`stg_products` .............. [[32mOK[0m in 0.32s]
[2026-03-03T11:07:46.670+0000] {subprocess.py:93} INFO - [0m11:07:46  4 of 4 OK created sql view model `staging_staging`.`stg_users` ................. [[32mOK[0m in 0.35s]
[2026-03-03T11:07:46.687+0000] {subprocess.py:93} INFO - [0m11:07:46
[2026-03-03T11:07:46.689+0000] {subprocess.py:93} INFO - [0m11:07:46  Finished running 4 view models in 0 hours 0 minutes and 1.49 seconds (1.49s).
[2026-03-03T11:07:46.786+0000] {subprocess.py:93} INFO - [0m11:07:46
[2026-03-03T11:07:46.786+0000] {subprocess.py:93} INFO - [0m11:07:46  [32mCompleted successfully[0m
[2026-03-03T11:07:46.787+0000] {subprocess.py:93} INFO - [0m11:07:46
[2026-03-03T11:07:46.788+0000] {subprocess.py:93} INFO - [0m11:07:46  Done. PASS=4 WARN=0 ERROR=0 SKIP=0 NO-OP=0 TOTAL=4
[2026-03-03T11:07:46.789+0000] {subprocess.py:93} INFO - [0m11:07:46  [[33mWARNING[0m][DeprecationsSummary]: Deprecated functionality
[2026-03-03T11:07:46.789+0000] {subprocess.py:93} INFO - Summary of encountered deprecations:
[2026-03-03T11:07:46.789+0000] {subprocess.py:93} INFO - - MissingArgumentsPropertyInGenericTestDeprecation: 4 occurrences
[2026-03-03T11:07:46.790+0000] {subprocess.py:93} INFO - To see all deprecation instances instead of just the first occurrence of each,
[2026-03-03T11:07:46.790+0000] {subprocess.py:93} INFO - run command again with the `--show-all-deprecations` flag. You may also need to
[2026-03-03T11:07:46.790+0000] {subprocess.py:93} INFO - run with `--no-partial-parse` as some deprecations are only encountered during
[2026-03-03T11:07:46.790+0000] {subprocess.py:93} INFO - parsing.
[2026-03-03T11:07:48.518+0000] {subprocess.py:97} INFO - Command exited with return code 0
[2026-03-03T11:07:48.570+0000] {taskinstance.py:1138} INFO - Marking task as SUCCESS. dag_id=dag_dbt_transform, task_id=dbt_run_staging, execution_date=20260303T110656, start_date=20260303T110741, end_date=20260303T110748
[2026-03-03T11:07:48.595+0000] {local_task_job_runner.py:234} INFO - Task exited with return code 0
[2026-03-03T11:07:48.641+0000] {taskinstance.py:3280} INFO - 1 downstream tasks scheduled from follow-on schedule check
