[2026-03-03T13:13:59.547+0000] {taskinstance.py:1956} INFO - Dependencies all met for dep_context=non-requeueable deps ti=<TaskInstance: dag_dbt_transform.dbt_run_staging manual__2026-03-03T11:06:56+00:00 [queued]>
[2026-03-03T13:13:59.646+0000] {taskinstance.py:1956} INFO - Dependencies all met for dep_context=requeueable deps ti=<TaskInstance: dag_dbt_transform.dbt_run_staging manual__2026-03-03T11:06:56+00:00 [queued]>
[2026-03-03T13:13:59.662+0000] {taskinstance.py:2170} INFO - Starting attempt 2 of 3
[2026-03-03T13:14:00.095+0000] {taskinstance.py:2191} INFO - Executing <Task(BashOperator): dbt_run_staging> on 2026-03-03 11:06:56+00:00
[2026-03-03T13:14:00.152+0000] {standard_task_runner.py:60} INFO - Started process 1282 to run task
[2026-03-03T13:14:00.211+0000] {standard_task_runner.py:87} INFO - Running: ['***', 'tasks', 'run', 'dag_dbt_transform', 'dbt_run_staging', 'manual__2026-03-03T11:06:56+00:00', '--job-id', '229', '--raw', '--subdir', 'DAGS_FOLDER/dag_dbt_transform.py', '--cfg-path', '/tmp/tmpdx93h1uf']
[2026-03-03T13:14:00.265+0000] {standard_task_runner.py:88} INFO - Job 229: Subtask dbt_run_staging
[2026-03-03T13:14:00.655+0000] {task_command.py:423} INFO - Running <TaskInstance: dag_dbt_transform.dbt_run_staging manual__2026-03-03T11:06:56+00:00 [running]> on host 353218a5daef
[2026-03-03T13:14:01.417+0000] {taskinstance.py:2480} INFO - Exporting env vars: AIRFLOW_CTX_DAG_OWNER='de_team' AIRFLOW_CTX_DAG_ID='dag_dbt_transform' AIRFLOW_CTX_TASK_ID='dbt_run_staging' AIRFLOW_CTX_EXECUTION_DATE='2026-03-03T11:06:56+00:00' AIRFLOW_CTX_TRY_NUMBER='2' AIRFLOW_CTX_DAG_RUN_ID='manual__2026-03-03T11:06:56+00:00'
[2026-03-03T13:14:01.433+0000] {subprocess.py:63} INFO - Tmp dir root location: /tmp
[2026-03-03T13:14:01.435+0000] {subprocess.py:75} INFO - Running command: ['/usr/bin/bash', '-c', 'cd /opt/***/dbt && dbt run --select staging --profiles-dir /opt/***/dbt --project-dir /opt/***/dbt']
[2026-03-03T13:14:01.482+0000] {subprocess.py:86} INFO - Output:
[2026-03-03T13:14:13.964+0000] {subprocess.py:93} INFO - [0m13:14:13  Running with dbt=1.11.6
[2026-03-03T13:14:18.403+0000] {subprocess.py:93} INFO - [0m13:14:18  Registered adapter: clickhouse=1.10.0
[2026-03-03T13:14:25.745+0000] {subprocess.py:93} INFO - [0m13:14:25  Found 12 models, 32 data tests, 6 sources, 523 macros
[2026-03-03T13:14:25.762+0000] {subprocess.py:93} INFO - [0m13:14:25
[2026-03-03T13:14:25.764+0000] {subprocess.py:93} INFO - [0m13:14:25  Concurrency: 4 threads (target='dev')
[2026-03-03T13:14:25.777+0000] {subprocess.py:93} INFO - [0m13:14:25
[2026-03-03T13:14:36.458+0000] {subprocess.py:93} INFO - [0m13:14:36  2 of 4 START sql view model `staging_staging`.`stg_orders` ..................... [RUN]
[2026-03-03T13:14:36.483+0000] {subprocess.py:93} INFO - [0m13:14:36  1 of 4 START sql view model `staging_staging`.`stg_order_items` ................ [RUN]
[2026-03-03T13:14:36.492+0000] {subprocess.py:93} INFO - [0m13:14:36  3 of 4 START sql view model `staging_staging`.`stg_products` ................... [RUN]
[2026-03-03T13:14:36.507+0000] {subprocess.py:93} INFO - [0m13:14:36  4 of 4 START sql view model `staging_staging`.`stg_users` ...................... [RUN]
[2026-03-03T13:14:38.535+0000] {subprocess.py:93} INFO - [0m13:14:38  1 of 4 OK created sql view model `staging_staging`.`stg_order_items` ........... [[32mOK[0m in 1.99s]
[2026-03-03T13:14:38.541+0000] {subprocess.py:93} INFO - [0m13:14:38  2 of 4 OK created sql view model `staging_staging`.`stg_orders` ................ [[32mOK[0m in 2.00s]
[2026-03-03T13:14:38.615+0000] {subprocess.py:93} INFO - [0m13:14:38  3 of 4 OK created sql view model `staging_staging`.`stg_products` .............. [[32mOK[0m in 2.09s]
[2026-03-03T13:14:38.627+0000] {subprocess.py:93} INFO - [0m13:14:38  4 of 4 OK created sql view model `staging_staging`.`stg_users` ................. [[32mOK[0m in 2.09s]
[2026-03-03T13:14:38.672+0000] {subprocess.py:93} INFO - [0m13:14:38
[2026-03-03T13:14:38.674+0000] {subprocess.py:93} INFO - [0m13:14:38  Finished running 4 view models in 0 hours 0 minutes and 12.89 seconds (12.89s).
[2026-03-03T13:14:39.094+0000] {subprocess.py:93} INFO - [0m13:14:39
[2026-03-03T13:14:39.098+0000] {subprocess.py:93} INFO - [0m13:14:39  [32mCompleted successfully[0m
[2026-03-03T13:14:39.101+0000] {subprocess.py:93} INFO - [0m13:14:39
[2026-03-03T13:14:39.104+0000] {subprocess.py:93} INFO - [0m13:14:39  Done. PASS=4 WARN=0 ERROR=0 SKIP=0 NO-OP=0 TOTAL=4
[2026-03-03T13:14:58.643+0000] {subprocess.py:97} INFO - Command exited with return code 0
[2026-03-03T13:14:59.267+0000] {taskinstance.py:1138} INFO - Marking task as SUCCESS. dag_id=dag_dbt_transform, task_id=dbt_run_staging, execution_date=20260303T110656, start_date=20260303T131359, end_date=20260303T131459
[2026-03-03T13:15:00.132+0000] {local_task_job_runner.py:234} INFO - Task exited with return code 0
[2026-03-03T13:15:01.857+0000] {taskinstance.py:3280} INFO - 0 downstream tasks scheduled from follow-on schedule check
