[2026-03-03T01:13:27.150+0000] {taskinstance.py:1956} INFO - Dependencies all met for dep_context=non-requeueable deps ti=<TaskInstance: dag_ingest_daily.load_to_staging scheduled__2026-03-02T01:00:00+00:00 [queued]>
[2026-03-03T01:13:27.163+0000] {taskinstance.py:1956} INFO - Dependencies all met for dep_context=requeueable deps ti=<TaskInstance: dag_ingest_daily.load_to_staging scheduled__2026-03-02T01:00:00+00:00 [queued]>
[2026-03-03T01:13:27.164+0000] {taskinstance.py:2170} INFO - Starting attempt 3 of 3
[2026-03-03T01:13:27.198+0000] {taskinstance.py:2191} INFO - Executing <Task(PythonOperator): load_to_staging> on 2026-03-02 01:00:00+00:00
[2026-03-03T01:13:27.209+0000] {standard_task_runner.py:60} INFO - Started process 8659 to run task
[2026-03-03T01:13:27.216+0000] {standard_task_runner.py:87} INFO - Running: ['***', 'tasks', 'run', 'dag_ingest_daily', 'load_to_staging', 'scheduled__2026-03-02T01:00:00+00:00', '--job-id', '49', '--raw', '--subdir', 'DAGS_FOLDER/dag_ingest_daily.py', '--cfg-path', '/tmp/tmp437t92y6']
[2026-03-03T01:13:27.221+0000] {standard_task_runner.py:88} INFO - Job 49: Subtask load_to_staging
[2026-03-03T01:13:27.321+0000] {task_command.py:423} INFO - Running <TaskInstance: dag_ingest_daily.load_to_staging scheduled__2026-03-02T01:00:00+00:00 [running]> on host c320bbf31b63
[2026-03-03T01:13:27.603+0000] {taskinstance.py:2480} INFO - Exporting env vars: AIRFLOW_CTX_DAG_OWNER='de_team' AIRFLOW_CTX_DAG_ID='dag_ingest_daily' AIRFLOW_CTX_TASK_ID='load_to_staging' AIRFLOW_CTX_EXECUTION_DATE='2026-03-02T01:00:00+00:00' AIRFLOW_CTX_TRY_NUMBER='3' AIRFLOW_CTX_DAG_RUN_ID='scheduled__2026-03-02T01:00:00+00:00'
[2026-03-03T01:13:28.130+0000] {taskinstance.py:2698} ERROR - Task failed with exception
Traceback (most recent call last):
  File "/home/airflow/.local/lib/python3.11/site-packages/airflow/models/taskinstance.py", line 433, in _execute_task
    result = execute_callable(context=context, **execute_callable_kwargs)
             ^^^^^^^^^^^^^^^^^^^^^^^^^^^^^^^^^^^^^^^^^^^^^^^^^^^^^^^^^^^^
  File "/home/airflow/.local/lib/python3.11/site-packages/airflow/operators/python.py", line 199, in execute
    return_value = self.execute_callable()
                   ^^^^^^^^^^^^^^^^^^^^^^^
  File "/home/airflow/.local/lib/python3.11/site-packages/airflow/operators/python.py", line 216, in execute_callable
    return self.python_callable(*self.op_args, **self.op_kwargs)
           ^^^^^^^^^^^^^^^^^^^^^^^^^^^^^^^^^^^^^^^^^^^^^^^^^^^^^
  File "/opt/airflow/dags/dag_ingest_daily.py", line 105, in load_to_staging
    from ingestion.loader import StagingLoader
  File "/opt/airflow/ingestion/loader.py", line 13, in <module>
    import clickhouse_connect
ModuleNotFoundError: No module named 'clickhouse_connect'
[2026-03-03T01:13:28.148+0000] {taskinstance.py:1138} INFO - Marking task as FAILED. dag_id=dag_ingest_daily, task_id=load_to_staging, execution_date=20260302T010000, start_date=20260303T011327, end_date=20260303T011328
[2026-03-03T01:13:28.177+0000] {standard_task_runner.py:107} ERROR - Failed to execute job 49 for task load_to_staging (No module named 'clickhouse_connect'; 8659)
[2026-03-03T01:13:28.220+0000] {local_task_job_runner.py:234} INFO - Task exited with return code 1
[2026-03-03T01:13:28.246+0000] {taskinstance.py:3280} INFO - 0 downstream tasks scheduled from follow-on schedule check
