[2026-03-03T13:12:14.492+0000] {taskinstance.py:1956} INFO - Dependencies all met for dep_context=non-requeueable deps ti=<TaskInstance: dag_ingest_daily.load_to_staging scheduled__2026-03-02T01:00:00+00:00 [queued]>
[2026-03-03T13:12:14.994+0000] {taskinstance.py:1956} INFO - Dependencies all met for dep_context=requeueable deps ti=<TaskInstance: dag_ingest_daily.load_to_staging scheduled__2026-03-02T01:00:00+00:00 [queued]>
[2026-03-03T13:12:14.995+0000] {taskinstance.py:2170} INFO - Starting attempt 4 of 6
[2026-03-03T13:12:16.106+0000] {taskinstance.py:2191} INFO - Executing <Task(PythonOperator): load_to_staging> on 2026-03-02 01:00:00+00:00
[2026-03-03T13:12:16.572+0000] {standard_task_runner.py:60} INFO - Started process 783 to run task
[2026-03-03T13:12:16.663+0000] {standard_task_runner.py:87} INFO - Running: ['***', 'tasks', 'run', 'dag_ingest_daily', 'load_to_staging', 'scheduled__2026-03-02T01:00:00+00:00', '--job-id', '188', '--raw', '--subdir', 'DAGS_FOLDER/dag_ingest_daily.py', '--cfg-path', '/tmp/tmp7xc_myvj']
[2026-03-03T13:12:16.724+0000] {standard_task_runner.py:88} INFO - Job 188: Subtask load_to_staging
[2026-03-03T13:12:18.688+0000] {task_command.py:423} INFO - Running <TaskInstance: dag_ingest_daily.load_to_staging scheduled__2026-03-02T01:00:00+00:00 [running]> on host 353218a5daef
[2026-03-03T13:12:23.144+0000] {taskinstance.py:2480} INFO - Exporting env vars: AIRFLOW_CTX_DAG_OWNER='de_team' AIRFLOW_CTX_DAG_ID='dag_ingest_daily' AIRFLOW_CTX_TASK_ID='load_to_staging' AIRFLOW_CTX_EXECUTION_DATE='2026-03-02T01:00:00+00:00' AIRFLOW_CTX_TRY_NUMBER='4' AIRFLOW_CTX_DAG_RUN_ID='scheduled__2026-03-02T01:00:00+00:00'
[2026-03-03T13:12:33.532+0000] {loader.py:39} INFO - StagingLoader connected to staging@clickhouse_olap
[2026-03-03T13:12:33.635+0000] {loader.py:86} INFO - === Loading to staging (exec_date=2026-03-02) ===
[2026-03-03T13:12:33.990+0000] {loader.py:55} INFO -   Truncated staging.stg_users
[2026-03-03T13:12:35.312+0000] {loader.py:82} INFO -   ✅ Loaded 500 rows → staging.stg_users
[2026-03-03T13:12:35.659+0000] {loader.py:55} INFO -   Truncated staging.stg_sellers
[2026-03-03T13:12:36.142+0000] {loader.py:82} INFO -   ✅ Loaded 50 rows → staging.stg_sellers
[2026-03-03T13:12:36.406+0000] {loader.py:55} INFO -   Truncated staging.stg_products
[2026-03-03T13:12:36.741+0000] {loader.py:82} INFO -   ✅ Loaded 200 rows → staging.stg_products
[2026-03-03T13:12:37.413+0000] {loader.py:55} INFO -   Truncated staging.stg_categories
[2026-03-03T13:12:38.655+0000] {loader.py:82} INFO -   ✅ Loaded 10 rows → staging.stg_categories
[2026-03-03T13:12:38.993+0000] {loader.py:82} INFO -   ✅ Loaded 1 rows → staging.stg_orders
[2026-03-03T13:12:39.525+0000] {loader.py:82} INFO -   ✅ Loaded 1 rows → staging.stg_order_items
[2026-03-03T13:12:39.550+0000] {loader.py:89} INFO - === Staging load complete ===
[2026-03-03T13:12:39.555+0000] {logging_mixin.py:188} INFO - ✅ Staging load complete
[2026-03-03T13:12:39.589+0000] {python.py:201} INFO - Done. Returned value was: None
[2026-03-03T13:12:40.392+0000] {taskinstance.py:1138} INFO - Marking task as SUCCESS. dag_id=dag_ingest_daily, task_id=load_to_staging, execution_date=20260302T010000, start_date=20260303T131214, end_date=20260303T131240
[2026-03-03T13:12:41.487+0000] {local_task_job_runner.py:234} INFO - Task exited with return code 0
[2026-03-03T13:12:41.950+0000] {taskinstance.py:3280} INFO - 0 downstream tasks scheduled from follow-on schedule check
