[2026-03-03T13:11:16.180+0000] {taskinstance.py:1956} INFO - Dependencies all met for dep_context=non-requeueable deps ti=<TaskInstance: dag_ingest_daily.extract scheduled__2026-02-27T01:00:00+00:00 [queued]>
[2026-03-03T13:11:16.345+0000] {taskinstance.py:1956} INFO - Dependencies all met for dep_context=requeueable deps ti=<TaskInstance: dag_ingest_daily.extract scheduled__2026-02-27T01:00:00+00:00 [queued]>
[2026-03-03T13:11:16.353+0000] {taskinstance.py:2170} INFO - Starting attempt 2 of 4
[2026-03-03T13:11:16.818+0000] {taskinstance.py:2191} INFO - Executing <Task(PythonOperator): extract> on 2026-02-27 01:00:00+00:00
[2026-03-03T13:11:16.904+0000] {standard_task_runner.py:60} INFO - Started process 462 to run task
[2026-03-03T13:11:17.059+0000] {standard_task_runner.py:87} INFO - Running: ['***', 'tasks', 'run', 'dag_ingest_daily', 'extract', 'scheduled__2026-02-27T01:00:00+00:00', '--job-id', '161', '--raw', '--subdir', 'DAGS_FOLDER/dag_ingest_daily.py', '--cfg-path', '/tmp/tmpafb5_ws4']
[2026-03-03T13:11:17.164+0000] {standard_task_runner.py:88} INFO - Job 161: Subtask extract
[2026-03-03T13:11:18.666+0000] {task_command.py:423} INFO - Running <TaskInstance: dag_ingest_daily.extract scheduled__2026-02-27T01:00:00+00:00 [running]> on host 353218a5daef
[2026-03-03T13:11:21.557+0000] {taskinstance.py:2480} INFO - Exporting env vars: AIRFLOW_CTX_DAG_OWNER='de_team' AIRFLOW_CTX_DAG_ID='dag_ingest_daily' AIRFLOW_CTX_TASK_ID='extract' AIRFLOW_CTX_EXECUTION_DATE='2026-02-27T01:00:00+00:00' AIRFLOW_CTX_TRY_NUMBER='2' AIRFLOW_CTX_DAG_RUN_ID='scheduled__2026-02-27T01:00:00+00:00'
[2026-03-03T13:11:33.629+0000] {extractor.py:40} INFO - Connected to ecommerce_oltp@postgres_oltp
[2026-03-03T13:11:33.778+0000] {extractor.py:135} INFO - === Daily extraction for 2026-02-27 ===
[2026-03-03T13:11:33.785+0000] {extractor.py:113} INFO - Extracting static table: users
[2026-03-03T13:11:33.792+0000] {extractor.py:66} INFO - Full extract: users
[2026-03-03T13:11:34.844+0000] {extractor.py:61} INFO -   Fetched 500 rows
[2026-03-03T13:11:34.962+0000] {extractor.py:113} INFO - Extracting static table: sellers
[2026-03-03T13:11:35.043+0000] {extractor.py:66} INFO - Full extract: sellers
[2026-03-03T13:11:35.484+0000] {extractor.py:61} INFO -   Fetched 50 rows
[2026-03-03T13:11:35.488+0000] {extractor.py:113} INFO - Extracting static table: products
[2026-03-03T13:11:35.492+0000] {extractor.py:66} INFO - Full extract: products
[2026-03-03T13:11:36.048+0000] {extractor.py:61} INFO -   Fetched 200 rows
[2026-03-03T13:11:36.086+0000] {extractor.py:113} INFO - Extracting static table: categories
[2026-03-03T13:11:36.268+0000] {extractor.py:66} INFO - Full extract: categories
[2026-03-03T13:11:36.368+0000] {extractor.py:61} INFO -   Fetched 10 rows
[2026-03-03T13:11:36.382+0000] {extractor.py:74} INFO - Incremental extract: orders since 2026-02-27
[2026-03-03T13:11:36.428+0000] {extractor.py:61} INFO -   Fetched 18 rows
[2026-03-03T13:11:36.451+0000] {extractor.py:94} INFO - Incremental extract: order_items since 2026-02-27
[2026-03-03T13:11:36.470+0000] {extractor.py:61} INFO -   Fetched 29 rows
[2026-03-03T13:11:36.476+0000] {extractor.py:141} INFO -   users: 500 rows extracted
[2026-03-03T13:11:36.492+0000] {extractor.py:141} INFO -   sellers: 50 rows extracted
[2026-03-03T13:11:36.497+0000] {extractor.py:141} INFO -   products: 200 rows extracted
[2026-03-03T13:11:36.501+0000] {extractor.py:141} INFO -   categories: 10 rows extracted
[2026-03-03T13:11:36.507+0000] {extractor.py:141} INFO -   orders: 18 rows extracted
[2026-03-03T13:11:36.509+0000] {extractor.py:141} INFO -   order_items: 29 rows extracted
[2026-03-03T13:11:36.518+0000] {extractor.py:46} INFO - Connection closed
[2026-03-03T13:11:37.444+0000] {logging_mixin.py:188} INFO - ✅ Extracted 807 total rows
[2026-03-03T13:11:37.507+0000] {python.py:201} INFO - Done. Returned value was: None
[2026-03-03T13:11:37.794+0000] {taskinstance.py:1138} INFO - Marking task as SUCCESS. dag_id=dag_ingest_daily, task_id=extract, execution_date=20260227T010000, start_date=20260303T131116, end_date=20260303T131137
[2026-03-03T13:11:38.183+0000] {local_task_job_runner.py:234} INFO - Task exited with return code 0
[2026-03-03T13:11:38.779+0000] {taskinstance.py:3280} INFO - 1 downstream tasks scheduled from follow-on schedule check
