[2026-02-28T01:51:57.719+0000] {taskinstance.py:1956} INFO - Dependencies all met for dep_context=non-requeueable deps ti=<TaskInstance: dag_ingest_daily.extract scheduled__2026-02-27T01:00:00+00:00 [queued]>
[2026-02-28T01:51:57.747+0000] {taskinstance.py:1956} INFO - Dependencies all met for dep_context=requeueable deps ti=<TaskInstance: dag_ingest_daily.extract scheduled__2026-02-27T01:00:00+00:00 [queued]>
[2026-02-28T01:51:57.750+0000] {taskinstance.py:2170} INFO - Starting attempt 1 of 3
[2026-02-28T01:51:57.818+0000] {taskinstance.py:2191} INFO - Executing <Task(PythonOperator): extract> on 2026-02-27 01:00:00+00:00
[2026-02-28T01:51:57.829+0000] {standard_task_runner.py:60} INFO - Started process 1376 to run task
[2026-02-28T01:51:57.836+0000] {standard_task_runner.py:87} INFO - Running: ['***', 'tasks', 'run', 'dag_ingest_daily', 'extract', 'scheduled__2026-02-27T01:00:00+00:00', '--job-id', '15', '--raw', '--subdir', 'DAGS_FOLDER/dag_ingest_daily.py', '--cfg-path', '/tmp/tmpd3lqmsnv']
[2026-02-28T01:51:57.840+0000] {standard_task_runner.py:88} INFO - Job 15: Subtask extract
[2026-02-28T01:51:57.920+0000] {task_command.py:423} INFO - Running <TaskInstance: dag_ingest_daily.extract scheduled__2026-02-27T01:00:00+00:00 [running]> on host c6881df011c4
[2026-02-28T01:51:58.070+0000] {taskinstance.py:2480} INFO - Exporting env vars: AIRFLOW_CTX_DAG_OWNER='de_team' AIRFLOW_CTX_DAG_ID='dag_ingest_daily' AIRFLOW_CTX_TASK_ID='extract' AIRFLOW_CTX_EXECUTION_DATE='2026-02-27T01:00:00+00:00' AIRFLOW_CTX_TRY_NUMBER='1' AIRFLOW_CTX_DAG_RUN_ID='scheduled__2026-02-27T01:00:00+00:00'
[2026-02-28T01:51:59.332+0000] {extractor.py:40} INFO - Connected to ecommerce_oltp@postgres_oltp
[2026-02-28T01:51:59.333+0000] {extractor.py:135} INFO - === Daily extraction for 2026-02-27 ===
[2026-02-28T01:51:59.333+0000] {extractor.py:113} INFO - Extracting static table: users
[2026-02-28T01:51:59.333+0000] {extractor.py:66} INFO - Full extract: users
[2026-02-28T01:51:59.370+0000] {extractor.py:61} INFO -   Fetched 500 rows
[2026-02-28T01:51:59.371+0000] {extractor.py:113} INFO - Extracting static table: sellers
[2026-02-28T01:51:59.371+0000] {extractor.py:66} INFO - Full extract: sellers
[2026-02-28T01:51:59.374+0000] {extractor.py:61} INFO -   Fetched 50 rows
[2026-02-28T01:51:59.374+0000] {extractor.py:113} INFO - Extracting static table: products
[2026-02-28T01:51:59.374+0000] {extractor.py:66} INFO - Full extract: products
[2026-02-28T01:51:59.384+0000] {extractor.py:61} INFO -   Fetched 200 rows
[2026-02-28T01:51:59.384+0000] {extractor.py:113} INFO - Extracting static table: categories
[2026-02-28T01:51:59.384+0000] {extractor.py:66} INFO - Full extract: categories
[2026-02-28T01:51:59.386+0000] {extractor.py:61} INFO -   Fetched 10 rows
[2026-02-28T01:51:59.386+0000] {extractor.py:74} INFO - Incremental extract: orders since 2026-02-27
[2026-02-28T01:51:59.400+0000] {extractor.py:61} INFO -   Fetched 18 rows
[2026-02-28T01:51:59.400+0000] {extractor.py:94} INFO - Incremental extract: order_items since 2026-02-27
[2026-02-28T01:51:59.414+0000] {extractor.py:61} INFO -   Fetched 29 rows
[2026-02-28T01:51:59.414+0000] {extractor.py:141} INFO -   users: 500 rows extracted
[2026-02-28T01:51:59.414+0000] {extractor.py:141} INFO -   sellers: 50 rows extracted
[2026-02-28T01:51:59.414+0000] {extractor.py:141} INFO -   products: 200 rows extracted
[2026-02-28T01:51:59.414+0000] {extractor.py:141} INFO -   categories: 10 rows extracted
[2026-02-28T01:51:59.414+0000] {extractor.py:141} INFO -   orders: 18 rows extracted
[2026-02-28T01:51:59.415+0000] {extractor.py:141} INFO -   order_items: 29 rows extracted
[2026-02-28T01:51:59.415+0000] {extractor.py:46} INFO - Connection closed
[2026-02-28T01:51:59.487+0000] {logging_mixin.py:188} INFO - ✅ Extracted 807 total rows
[2026-02-28T01:51:59.488+0000] {python.py:201} INFO - Done. Returned value was: None
[2026-02-28T01:51:59.499+0000] {taskinstance.py:1138} INFO - Marking task as SUCCESS. dag_id=dag_ingest_daily, task_id=extract, execution_date=20260227T010000, start_date=20260228T015157, end_date=20260228T015159
[2026-02-28T01:51:59.532+0000] {local_task_job_runner.py:234} INFO - Task exited with return code 0
[2026-02-28T01:51:59.559+0000] {taskinstance.py:3280} INFO - 1 downstream tasks scheduled from follow-on schedule check
