[2026-03-03T12:16:06.029+0000] {taskinstance.py:1956} INFO - Dependencies all met for dep_context=non-requeueable deps ti=<TaskInstance: dag_dbt_transform.dbt_generate_docs manual__2026-03-03T12:14:52+00:00 [queued]>
[2026-03-03T12:16:06.044+0000] {taskinstance.py:1956} INFO - Dependencies all met for dep_context=requeueable deps ti=<TaskInstance: dag_dbt_transform.dbt_generate_docs manual__2026-03-03T12:14:52+00:00 [queued]>
[2026-03-03T12:16:06.045+0000] {taskinstance.py:2170} INFO - Starting attempt 1 of 2
[2026-03-03T12:16:06.061+0000] {taskinstance.py:2191} INFO - Executing <Task(BashOperator): dbt_generate_docs> on 2026-03-03 12:14:52+00:00
[2026-03-03T12:16:06.066+0000] {standard_task_runner.py:60} INFO - Started process 525 to run task
[2026-03-03T12:16:06.074+0000] {standard_task_runner.py:87} INFO - Running: ['***', 'tasks', 'run', 'dag_dbt_transform', 'dbt_generate_docs', 'manual__2026-03-03T12:14:52+00:00', '--job-id', '146', '--raw', '--subdir', 'DAGS_FOLDER/dag_dbt_transform.py', '--cfg-path', '/tmp/tmp2y8qdr_u']
[2026-03-03T12:16:06.080+0000] {standard_task_runner.py:88} INFO - Job 146: Subtask dbt_generate_docs
[2026-03-03T12:16:06.299+0000] {task_command.py:423} INFO - Running <TaskInstance: dag_dbt_transform.dbt_generate_docs manual__2026-03-03T12:14:52+00:00 [running]> on host c4473bd42d91
[2026-03-03T12:16:06.412+0000] {taskinstance.py:2480} INFO - Exporting env vars: AIRFLOW_CTX_DAG_OWNER='de_team' AIRFLOW_CTX_DAG_ID='dag_dbt_transform' AIRFLOW_CTX_TASK_ID='dbt_generate_docs' AIRFLOW_CTX_EXECUTION_DATE='2026-03-03T12:14:52+00:00' AIRFLOW_CTX_TRY_NUMBER='1' AIRFLOW_CTX_DAG_RUN_ID='manual__2026-03-03T12:14:52+00:00'
[2026-03-03T12:16:06.413+0000] {subprocess.py:63} INFO - Tmp dir root location: /tmp
[2026-03-03T12:16:06.415+0000] {subprocess.py:75} INFO - Running command: ['/usr/bin/bash', '-c', 'cd /opt/***/dbt && dbt docs generate --profiles-dir /opt/***/dbt --project-dir /opt/***/dbt']
[2026-03-03T12:16:06.423+0000] {subprocess.py:86} INFO - Output:
[2026-03-03T12:16:07.841+0000] {subprocess.py:93} INFO - [0m12:16:07  Running with dbt=1.11.6
[2026-03-03T12:16:08.034+0000] {subprocess.py:93} INFO - [0m12:16:08  Registered adapter: clickhouse=1.10.0
[2026-03-03T12:16:08.337+0000] {subprocess.py:93} INFO - [0m12:16:08  Found 12 models, 32 data tests, 6 sources, 523 macros
[2026-03-03T12:16:08.345+0000] {subprocess.py:93} INFO - [0m12:16:08
[2026-03-03T12:16:08.347+0000] {subprocess.py:93} INFO - [0m12:16:08  Concurrency: 4 threads (target='dev')
[2026-03-03T12:16:08.348+0000] {subprocess.py:93} INFO - [0m12:16:08
[2026-03-03T12:16:09.645+0000] {subprocess.py:93} INFO - [0m12:16:09  Building catalog
[2026-03-03T12:16:09.884+0000] {subprocess.py:93} INFO - [0m12:16:09  Catalog written to /opt/***/dbt/target/catalog.json
[2026-03-03T12:16:11.461+0000] {subprocess.py:97} INFO - Command exited with return code 0
[2026-03-03T12:16:11.537+0000] {taskinstance.py:1138} INFO - Marking task as SUCCESS. dag_id=dag_dbt_transform, task_id=dbt_generate_docs, execution_date=20260303T121452, start_date=20260303T121606, end_date=20260303T121611
[2026-03-03T12:16:11.611+0000] {local_task_job_runner.py:234} INFO - Task exited with return code 0
[2026-03-03T12:16:11.673+0000] {taskinstance.py:3280} INFO - 0 downstream tasks scheduled from follow-on schedule check
