[2026-03-03T16:26:32.435+0000] {taskinstance.py:1956} INFO - Dependencies all met for dep_context=non-requeueable deps ti=<TaskInstance: dag_dbt_transform.dbt_debug manual__2026-03-02T16:25:46+00:00 [queued]>
[2026-03-03T16:26:32.442+0000] {taskinstance.py:1956} INFO - Dependencies all met for dep_context=requeueable deps ti=<TaskInstance: dag_dbt_transform.dbt_debug manual__2026-03-02T16:25:46+00:00 [queued]>
[2026-03-03T16:26:32.442+0000] {taskinstance.py:2170} INFO - Starting attempt 1 of 2
[2026-03-03T16:26:32.451+0000] {taskinstance.py:2191} INFO - Executing <Task(BashOperator): dbt_debug> on 2026-03-02 16:25:46+00:00
[2026-03-03T16:26:32.454+0000] {standard_task_runner.py:60} INFO - Started process 8421 to run task
[2026-03-03T16:26:32.457+0000] {standard_task_runner.py:87} INFO - Running: ['***', 'tasks', 'run', 'dag_dbt_transform', 'dbt_debug', 'manual__2026-03-02T16:25:46+00:00', '--job-id', '270', '--raw', '--subdir', 'DAGS_FOLDER/dag_dbt_transform.py', '--cfg-path', '/tmp/tmpi8h0jxda']
[2026-03-03T16:26:32.461+0000] {standard_task_runner.py:88} INFO - Job 270: Subtask dbt_debug
[2026-03-03T16:26:32.539+0000] {task_command.py:423} INFO - Running <TaskInstance: dag_dbt_transform.dbt_debug manual__2026-03-02T16:25:46+00:00 [running]> on host 353218a5daef
[2026-03-03T16:26:32.621+0000] {taskinstance.py:2480} INFO - Exporting env vars: AIRFLOW_CTX_DAG_OWNER='de_team' AIRFLOW_CTX_DAG_ID='dag_dbt_transform' AIRFLOW_CTX_TASK_ID='dbt_debug' AIRFLOW_CTX_EXECUTION_DATE='2026-03-02T16:25:46+00:00' AIRFLOW_CTX_TRY_NUMBER='1' AIRFLOW_CTX_DAG_RUN_ID='manual__2026-03-02T16:25:46+00:00'
[2026-03-03T16:26:32.623+0000] {subprocess.py:63} INFO - Tmp dir root location: /tmp
[2026-03-03T16:26:32.625+0000] {subprocess.py:75} INFO - Running command: ['/usr/bin/bash', '-c', 'cd /opt/***/dbt && dbt debug --profiles-dir /opt/***/dbt --project-dir /opt/***/dbt || true']
[2026-03-03T16:26:32.631+0000] {subprocess.py:86} INFO - Output:
[2026-03-03T16:26:34.554+0000] {subprocess.py:93} INFO - [0m16:26:34  Running with dbt=1.11.6
[2026-03-03T16:26:34.562+0000] {subprocess.py:93} INFO - [0m16:26:34  dbt version: 1.11.6
[2026-03-03T16:26:34.562+0000] {subprocess.py:93} INFO - [0m16:26:34  python version: 3.11.8
[2026-03-03T16:26:34.563+0000] {subprocess.py:93} INFO - [0m16:26:34  python path: /usr/local/bin/python
[2026-03-03T16:26:34.563+0000] {subprocess.py:93} INFO - [0m16:26:34  os info: Linux-6.10.14-linuxkit-aarch64-with-glibc2.36
[2026-03-03T16:26:34.614+0000] {subprocess.py:93} INFO - [0m16:26:34  Using profiles dir at /opt/***/dbt
[2026-03-03T16:26:34.615+0000] {subprocess.py:93} INFO - [0m16:26:34  Using profiles.yml file at /opt/***/dbt/profiles.yml
[2026-03-03T16:26:34.616+0000] {subprocess.py:93} INFO - [0m16:26:34  Using dbt_project.yml file at /opt/***/dbt/dbt_project.yml
[2026-03-03T16:26:34.616+0000] {subprocess.py:93} INFO - [0m16:26:34  adapter type: clickhouse
[2026-03-03T16:26:34.617+0000] {subprocess.py:93} INFO - [0m16:26:34  adapter version: 1.10.0
[2026-03-03T16:26:34.714+0000] {subprocess.py:93} INFO - [0m16:26:34  Configuration:
[2026-03-03T16:26:34.716+0000] {subprocess.py:93} INFO - [0m16:26:34    profiles.yml file [[32mOK found and valid[0m]
[2026-03-03T16:26:34.718+0000] {subprocess.py:93} INFO - [0m16:26:34    dbt_project.yml file [[32mOK found and valid[0m]
[2026-03-03T16:26:34.719+0000] {subprocess.py:93} INFO - [0m16:26:34  Required dependencies:
[2026-03-03T16:26:34.722+0000] {subprocess.py:93} INFO - [0m16:26:34   - git [[31mERROR[0m]
[2026-03-03T16:26:34.722+0000] {subprocess.py:93} INFO - 
[2026-03-03T16:26:34.723+0000] {subprocess.py:93} INFO - [0m16:26:34  Connection:
[2026-03-03T16:26:34.724+0000] {subprocess.py:93} INFO - [0m16:26:34    driver: None
[2026-03-03T16:26:34.725+0000] {subprocess.py:93} INFO - [0m16:26:34    host: clickhouse_olap
[2026-03-03T16:26:34.725+0000] {subprocess.py:93} INFO - [0m16:26:34    port: 8123
[2026-03-03T16:26:34.726+0000] {subprocess.py:93} INFO - [0m16:26:34    user: default
[2026-03-03T16:26:34.726+0000] {subprocess.py:93} INFO - [0m16:26:34    schema: staging
[2026-03-03T16:26:34.727+0000] {subprocess.py:93} INFO - [0m16:26:34    retries: 1
[2026-03-03T16:26:34.728+0000] {subprocess.py:93} INFO - [0m16:26:34    cluster: None
[2026-03-03T16:26:34.728+0000] {subprocess.py:93} INFO - [0m16:26:34    database_engine: None
[2026-03-03T16:26:34.729+0000] {subprocess.py:93} INFO - [0m16:26:34    cluster_mode: False
[2026-03-03T16:26:34.729+0000] {subprocess.py:93} INFO - [0m16:26:34    secure: False
[2026-03-03T16:26:34.731+0000] {subprocess.py:93} INFO - [0m16:26:34    verify: True
[2026-03-03T16:26:34.731+0000] {subprocess.py:93} INFO - [0m16:26:34    client_cert: None
[2026-03-03T16:26:34.732+0000] {subprocess.py:93} INFO - [0m16:26:34    client_cert_key: None
[2026-03-03T16:26:34.733+0000] {subprocess.py:93} INFO - [0m16:26:34    connect_timeout: 10
[2026-03-03T16:26:34.734+0000] {subprocess.py:93} INFO - [0m16:26:34    send_receive_timeout: 300
[2026-03-03T16:26:34.735+0000] {subprocess.py:93} INFO - [0m16:26:34    sync_request_timeout: 5
[2026-03-03T16:26:34.736+0000] {subprocess.py:93} INFO - [0m16:26:34    compress_block_size: 1048576
[2026-03-03T16:26:34.738+0000] {subprocess.py:93} INFO - [0m16:26:34    compression:
[2026-03-03T16:26:34.739+0000] {subprocess.py:93} INFO - [0m16:26:34    check_exchange: True
[2026-03-03T16:26:34.740+0000] {subprocess.py:93} INFO - [0m16:26:34    custom_settings: None
[2026-03-03T16:26:34.740+0000] {subprocess.py:93} INFO - [0m16:26:34    use_lw_deletes: False
[2026-03-03T16:26:34.741+0000] {subprocess.py:93} INFO - [0m16:26:34    allow_automatic_deduplication: False
[2026-03-03T16:26:34.741+0000] {subprocess.py:93} INFO - [0m16:26:34    tcp_keepalive: False
[2026-03-03T16:26:34.742+0000] {subprocess.py:93} INFO - [0m16:26:34  Registered adapter: clickhouse=1.10.0
[2026-03-03T16:26:35.303+0000] {subprocess.py:93} INFO - [0m16:26:35    Connection test: [[32mOK connection ok[0m]
[2026-03-03T16:26:35.304+0000] {subprocess.py:93} INFO - 
[2026-03-03T16:26:35.305+0000] {subprocess.py:93} INFO - [0m16:26:35  [31m1 check failed:[0m
[2026-03-03T16:26:35.307+0000] {subprocess.py:93} INFO - [0m16:26:35  Error from git --help: User does not have permissions for this command: "git"
[2026-03-03T16:26:35.307+0000] {subprocess.py:93} INFO - 
[2026-03-03T16:26:37.719+0000] {subprocess.py:97} INFO - Command exited with return code 0
[2026-03-03T16:26:37.747+0000] {taskinstance.py:1138} INFO - Marking task as SUCCESS. dag_id=dag_dbt_transform, task_id=dbt_debug, execution_date=20260302T162546, start_date=20260303T162632, end_date=20260303T162637
[2026-03-03T16:26:37.774+0000] {local_task_job_runner.py:234} INFO - Task exited with return code 0
[2026-03-03T16:26:37.798+0000] {taskinstance.py:3280} INFO - 1 downstream tasks scheduled from follow-on schedule check
