[2026-03-03T12:08:24.765+0000] {taskinstance.py:1956} INFO - Dependencies all met for dep_context=non-requeueable deps ti=<TaskInstance: dag_ingest_daily.load_to_staging manual__2026-03-03T12:03:18.458037+00:00 [queued]>
[2026-03-03T12:08:24.773+0000] {taskinstance.py:1956} INFO - Dependencies all met for dep_context=requeueable deps ti=<TaskInstance: dag_ingest_daily.load_to_staging manual__2026-03-03T12:03:18.458037+00:00 [queued]>
[2026-03-03T12:08:24.773+0000] {taskinstance.py:2170} INFO - Starting attempt 2 of 3
[2026-03-03T12:08:24.787+0000] {taskinstance.py:2191} INFO - Executing <Task(PythonOperator): load_to_staging> on 2026-03-03 12:03:18.458037+00:00
[2026-03-03T12:08:24.795+0000] {standard_task_runner.py:60} INFO - Started process 577 to run task
[2026-03-03T12:08:24.799+0000] {standard_task_runner.py:87} INFO - Running: ['***', 'tasks', 'run', 'dag_ingest_daily', 'load_to_staging', 'manual__2026-03-03T12:03:18.458037+00:00', '--job-id', '117', '--raw', '--subdir', 'DAGS_FOLDER/dag_ingest_daily.py', '--cfg-path', '/tmp/tmpf9n7uoa4']
[2026-03-03T12:08:24.803+0000] {standard_task_runner.py:88} INFO - Job 117: Subtask load_to_staging
[2026-03-03T12:08:24.885+0000] {task_command.py:423} INFO - Running <TaskInstance: dag_ingest_daily.load_to_staging manual__2026-03-03T12:03:18.458037+00:00 [running]> on host 858cd869c16e
[2026-03-03T12:08:25.039+0000] {taskinstance.py:2480} INFO - Exporting env vars: AIRFLOW_CTX_DAG_OWNER='de_team' AIRFLOW_CTX_DAG_ID='dag_ingest_daily' AIRFLOW_CTX_TASK_ID='load_to_staging' AIRFLOW_CTX_EXECUTION_DATE='2026-03-03T12:03:18.458037+00:00' AIRFLOW_CTX_TRY_NUMBER='2' AIRFLOW_CTX_DAG_RUN_ID='manual__2026-03-03T12:03:18.458037+00:00'
[2026-03-03T12:08:25.778+0000] {loader.py:39} INFO - StagingLoader connected to staging@clickhouse_olap
[2026-03-03T12:08:25.779+0000] {loader.py:86} INFO - === Loading to staging (exec_date=2026-03-03) ===
[2026-03-03T12:08:25.803+0000] {loader.py:55} INFO -   Truncated staging.stg_users
[2026-03-03T12:08:25.838+0000] {loader.py:82} INFO -   ✅ Loaded 500 rows → staging.stg_users
[2026-03-03T12:08:25.846+0000] {loader.py:55} INFO -   Truncated staging.stg_sellers
[2026-03-03T12:08:25.861+0000] {loader.py:82} INFO -   ✅ Loaded 50 rows → staging.stg_sellers
[2026-03-03T12:08:25.873+0000] {loader.py:55} INFO -   Truncated staging.stg_products
[2026-03-03T12:08:25.891+0000] {loader.py:82} INFO -   ✅ Loaded 200 rows → staging.stg_products
[2026-03-03T12:08:25.913+0000] {loader.py:55} INFO -   Truncated staging.stg_categories
[2026-03-03T12:08:25.928+0000] {loader.py:82} INFO -   ✅ Loaded 10 rows → staging.stg_categories
[2026-03-03T12:08:25.929+0000] {loader.py:89} INFO - === Staging load complete ===
[2026-03-03T12:08:25.930+0000] {logging_mixin.py:188} INFO - ✅ Staging load complete
[2026-03-03T12:08:25.931+0000] {python.py:201} INFO - Done. Returned value was: None
[2026-03-03T12:08:25.952+0000] {taskinstance.py:1138} INFO - Marking task as SUCCESS. dag_id=dag_ingest_daily, task_id=load_to_staging, execution_date=20260303T120318, start_date=20260303T120824, end_date=20260303T120825
[2026-03-03T12:08:26.009+0000] {local_task_job_runner.py:234} INFO - Task exited with return code 0
[2026-03-03T12:08:26.039+0000] {taskinstance.py:3280} INFO - 0 downstream tasks scheduled from follow-on schedule check
