[2026-02-28T01:52:01.284+0000] {taskinstance.py:1956} INFO - Dependencies all met for dep_context=non-requeueable deps ti=<TaskInstance: dag_ingest_daily.load_to_staging scheduled__2026-02-27T01:00:00+00:00 [queued]>
[2026-02-28T01:52:01.289+0000] {taskinstance.py:1956} INFO - Dependencies all met for dep_context=requeueable deps ti=<TaskInstance: dag_ingest_daily.load_to_staging scheduled__2026-02-27T01:00:00+00:00 [queued]>
[2026-02-28T01:52:01.289+0000] {taskinstance.py:2170} INFO - Starting attempt 1 of 3
[2026-02-28T01:52:01.297+0000] {taskinstance.py:2191} INFO - Executing <Task(PythonOperator): load_to_staging> on 2026-02-27 01:00:00+00:00
[2026-02-28T01:52:01.301+0000] {standard_task_runner.py:60} INFO - Started process 1394 to run task
[2026-02-28T01:52:01.304+0000] {standard_task_runner.py:87} INFO - Running: ['***', 'tasks', 'run', 'dag_ingest_daily', 'load_to_staging', 'scheduled__2026-02-27T01:00:00+00:00', '--job-id', '17', '--raw', '--subdir', 'DAGS_FOLDER/dag_ingest_daily.py', '--cfg-path', '/tmp/tmp4gpag9kx']
[2026-02-28T01:52:01.311+0000] {standard_task_runner.py:88} INFO - Job 17: Subtask load_to_staging
[2026-02-28T01:52:01.358+0000] {task_command.py:423} INFO - Running <TaskInstance: dag_ingest_daily.load_to_staging scheduled__2026-02-27T01:00:00+00:00 [running]> on host c6881df011c4
[2026-02-28T01:52:01.426+0000] {taskinstance.py:2480} INFO - Exporting env vars: AIRFLOW_CTX_DAG_OWNER='de_team' AIRFLOW_CTX_DAG_ID='dag_ingest_daily' AIRFLOW_CTX_TASK_ID='load_to_staging' AIRFLOW_CTX_EXECUTION_DATE='2026-02-27T01:00:00+00:00' AIRFLOW_CTX_TRY_NUMBER='1' AIRFLOW_CTX_DAG_RUN_ID='scheduled__2026-02-27T01:00:00+00:00'
[2026-02-28T01:52:01.685+0000] {loader.py:33} INFO - StagingLoader connected to ecommerce_olap@postgres_olap
[2026-02-28T01:52:01.686+0000] {loader.py:82} INFO - === Loading to staging (exec_date=2026-02-27) ===
[2026-02-28T01:52:01.707+0000] {loader.py:45} INFO -   Truncated staging.stg_users
[2026-02-28T01:52:01.772+0000] {loader.py:78} INFO -   ✅ Loaded 500 rows → staging.stg_users
[2026-02-28T01:52:01.774+0000] {loader.py:45} INFO -   Truncated staging.stg_sellers
[2026-02-28T01:52:01.780+0000] {loader.py:78} INFO -   ✅ Loaded 50 rows → staging.stg_sellers
[2026-02-28T01:52:01.781+0000] {loader.py:45} INFO -   Truncated staging.stg_products
[2026-02-28T01:52:01.800+0000] {loader.py:78} INFO -   ✅ Loaded 200 rows → staging.stg_products
[2026-02-28T01:52:01.802+0000] {loader.py:45} INFO -   Truncated staging.stg_categories
[2026-02-28T01:52:01.804+0000] {loader.py:78} INFO -   ✅ Loaded 10 rows → staging.stg_categories
[2026-02-28T01:52:01.808+0000] {loader.py:78} INFO -   ✅ Loaded 18 rows → staging.stg_orders
[2026-02-28T01:52:01.812+0000] {loader.py:78} INFO -   ✅ Loaded 29 rows → staging.stg_order_items
[2026-02-28T01:52:01.812+0000] {loader.py:85} INFO - === Staging load complete ===
[2026-02-28T01:52:01.812+0000] {logging_mixin.py:188} INFO - ✅ Staging load complete
[2026-02-28T01:52:01.813+0000] {python.py:201} INFO - Done. Returned value was: None
[2026-02-28T01:52:01.821+0000] {taskinstance.py:1138} INFO - Marking task as SUCCESS. dag_id=dag_ingest_daily, task_id=load_to_staging, execution_date=20260227T010000, start_date=20260228T015201, end_date=20260228T015201
[2026-02-28T01:52:01.839+0000] {local_task_job_runner.py:234} INFO - Task exited with return code 0
[2026-02-28T01:52:01.869+0000] {taskinstance.py:3280} INFO - 0 downstream tasks scheduled from follow-on schedule check
