[2026-03-03T13:12:17.672+0000] {taskinstance.py:1956} INFO - Dependencies all met for dep_context=non-requeueable deps ti=<TaskInstance: dag_ingest_daily.load_to_staging scheduled__2026-02-27T01:00:00+00:00 [queued]>
[2026-03-03T13:12:18.186+0000] {taskinstance.py:1956} INFO - Dependencies all met for dep_context=requeueable deps ti=<TaskInstance: dag_ingest_daily.load_to_staging scheduled__2026-02-27T01:00:00+00:00 [queued]>
[2026-03-03T13:12:18.226+0000] {taskinstance.py:2170} INFO - Starting attempt 2 of 4
[2026-03-03T13:12:18.798+0000] {taskinstance.py:2191} INFO - Executing <Task(PythonOperator): load_to_staging> on 2026-02-27 01:00:00+00:00
[2026-03-03T13:12:18.876+0000] {standard_task_runner.py:60} INFO - Started process 790 to run task
[2026-03-03T13:12:18.934+0000] {standard_task_runner.py:87} INFO - Running: ['***', 'tasks', 'run', 'dag_ingest_daily', 'load_to_staging', 'scheduled__2026-02-27T01:00:00+00:00', '--job-id', '198', '--raw', '--subdir', 'DAGS_FOLDER/dag_ingest_daily.py', '--cfg-path', '/tmp/tmpd0w3hp_d']
[2026-03-03T13:12:18.957+0000] {standard_task_runner.py:88} INFO - Job 198: Subtask load_to_staging
[2026-03-03T13:12:20.153+0000] {task_command.py:423} INFO - Running <TaskInstance: dag_ingest_daily.load_to_staging scheduled__2026-02-27T01:00:00+00:00 [running]> on host 353218a5daef
[2026-03-03T13:12:24.426+0000] {taskinstance.py:2480} INFO - Exporting env vars: AIRFLOW_CTX_DAG_OWNER='de_team' AIRFLOW_CTX_DAG_ID='dag_ingest_daily' AIRFLOW_CTX_TASK_ID='load_to_staging' AIRFLOW_CTX_EXECUTION_DATE='2026-02-27T01:00:00+00:00' AIRFLOW_CTX_TRY_NUMBER='2' AIRFLOW_CTX_DAG_RUN_ID='scheduled__2026-02-27T01:00:00+00:00'
[2026-03-03T13:12:32.793+0000] {loader.py:39} INFO - StagingLoader connected to staging@clickhouse_olap
[2026-03-03T13:12:32.858+0000] {loader.py:86} INFO - === Loading to staging (exec_date=2026-02-27) ===
[2026-03-03T13:12:33.075+0000] {loader.py:55} INFO -   Truncated staging.stg_users
[2026-03-03T13:12:33.684+0000] {loader.py:82} INFO -   ✅ Loaded 500 rows → staging.stg_users
[2026-03-03T13:12:33.769+0000] {loader.py:55} INFO -   Truncated staging.stg_sellers
[2026-03-03T13:12:34.149+0000] {loader.py:82} INFO -   ✅ Loaded 50 rows → staging.stg_sellers
[2026-03-03T13:12:34.284+0000] {loader.py:55} INFO -   Truncated staging.stg_products
[2026-03-03T13:12:35.599+0000] {loader.py:82} INFO -   ✅ Loaded 200 rows → staging.stg_products
[2026-03-03T13:12:36.018+0000] {loader.py:55} INFO -   Truncated staging.stg_categories
[2026-03-03T13:12:36.726+0000] {loader.py:82} INFO -   ✅ Loaded 10 rows → staging.stg_categories
[2026-03-03T13:12:37.477+0000] {loader.py:82} INFO -   ✅ Loaded 18 rows → staging.stg_orders
[2026-03-03T13:12:37.776+0000] {loader.py:82} INFO -   ✅ Loaded 29 rows → staging.stg_order_items
[2026-03-03T13:12:37.803+0000] {loader.py:89} INFO - === Staging load complete ===
[2026-03-03T13:12:37.811+0000] {logging_mixin.py:188} INFO - ✅ Staging load complete
[2026-03-03T13:12:37.853+0000] {python.py:201} INFO - Done. Returned value was: None
[2026-03-03T13:12:38.274+0000] {taskinstance.py:1138} INFO - Marking task as SUCCESS. dag_id=dag_ingest_daily, task_id=load_to_staging, execution_date=20260227T010000, start_date=20260303T131217, end_date=20260303T131238
[2026-03-03T13:12:39.687+0000] {local_task_job_runner.py:234} INFO - Task exited with return code 0
[2026-03-03T13:12:40.349+0000] {taskinstance.py:3280} INFO - 0 downstream tasks scheduled from follow-on schedule check
