[2026-03-03T13:12:13.614+0000] {taskinstance.py:1956} INFO - Dependencies all met for dep_context=non-requeueable deps ti=<TaskInstance: dag_ingest_daily.load_to_staging scheduled__2026-03-01T01:00:00+00:00 [queued]>
[2026-03-03T13:12:13.929+0000] {taskinstance.py:1956} INFO - Dependencies all met for dep_context=requeueable deps ti=<TaskInstance: dag_ingest_daily.load_to_staging scheduled__2026-03-01T01:00:00+00:00 [queued]>
[2026-03-03T13:12:13.998+0000] {taskinstance.py:2170} INFO - Starting attempt 4 of 6
[2026-03-03T13:12:14.441+0000] {taskinstance.py:2191} INFO - Executing <Task(PythonOperator): load_to_staging> on 2026-03-01 01:00:00+00:00
[2026-03-03T13:12:14.671+0000] {standard_task_runner.py:60} INFO - Started process 774 to run task
[2026-03-03T13:12:14.725+0000] {standard_task_runner.py:87} INFO - Running: ['***', 'tasks', 'run', 'dag_ingest_daily', 'load_to_staging', 'scheduled__2026-03-01T01:00:00+00:00', '--job-id', '185', '--raw', '--subdir', 'DAGS_FOLDER/dag_ingest_daily.py', '--cfg-path', '/tmp/tmplmb6su3o']
[2026-03-03T13:12:14.964+0000] {standard_task_runner.py:88} INFO - Job 185: Subtask load_to_staging
[2026-03-03T13:12:15.816+0000] {task_command.py:423} INFO - Running <TaskInstance: dag_ingest_daily.load_to_staging scheduled__2026-03-01T01:00:00+00:00 [running]> on host 353218a5daef
[2026-03-03T13:12:17.214+0000] {taskinstance.py:2480} INFO - Exporting env vars: AIRFLOW_CTX_DAG_OWNER='de_team' AIRFLOW_CTX_DAG_ID='dag_ingest_daily' AIRFLOW_CTX_TASK_ID='load_to_staging' AIRFLOW_CTX_EXECUTION_DATE='2026-03-01T01:00:00+00:00' AIRFLOW_CTX_TRY_NUMBER='4' AIRFLOW_CTX_DAG_RUN_ID='scheduled__2026-03-01T01:00:00+00:00'
[2026-03-03T13:12:30.225+0000] {loader.py:39} INFO - StagingLoader connected to staging@clickhouse_olap
[2026-03-03T13:12:30.291+0000] {loader.py:86} INFO - === Loading to staging (exec_date=2026-03-01) ===
[2026-03-03T13:12:30.722+0000] {loader.py:55} INFO -   Truncated staging.stg_users
[2026-03-03T13:12:31.270+0000] {loader.py:82} INFO -   ✅ Loaded 500 rows → staging.stg_users
[2026-03-03T13:12:31.288+0000] {loader.py:55} INFO -   Truncated staging.stg_sellers
[2026-03-03T13:12:31.404+0000] {loader.py:82} INFO -   ✅ Loaded 50 rows → staging.stg_sellers
[2026-03-03T13:12:31.450+0000] {loader.py:55} INFO -   Truncated staging.stg_products
[2026-03-03T13:12:31.543+0000] {loader.py:82} INFO -   ✅ Loaded 200 rows → staging.stg_products
[2026-03-03T13:12:31.759+0000] {loader.py:55} INFO -   Truncated staging.stg_categories
[2026-03-03T13:12:32.113+0000] {loader.py:82} INFO -   ✅ Loaded 10 rows → staging.stg_categories
[2026-03-03T13:12:32.932+0000] {loader.py:82} INFO -   ✅ Loaded 5 rows → staging.stg_orders
[2026-03-03T13:12:33.593+0000] {loader.py:82} INFO -   ✅ Loaded 11 rows → staging.stg_order_items
[2026-03-03T13:12:33.767+0000] {loader.py:89} INFO - === Staging load complete ===
[2026-03-03T13:12:33.822+0000] {logging_mixin.py:188} INFO - ✅ Staging load complete
[2026-03-03T13:12:33.827+0000] {python.py:201} INFO - Done. Returned value was: None
[2026-03-03T13:12:33.999+0000] {taskinstance.py:1138} INFO - Marking task as SUCCESS. dag_id=dag_ingest_daily, task_id=load_to_staging, execution_date=20260301T010000, start_date=20260303T131213, end_date=20260303T131233
[2026-03-03T13:12:38.188+0000] {local_task_job_runner.py:234} INFO - Task exited with return code 0
[2026-03-03T13:12:40.234+0000] {taskinstance.py:3280} INFO - 0 downstream tasks scheduled from follow-on schedule check
