[2026-03-03T15:30:45.928+0000] {taskinstance.py:1956} INFO - Dependencies all met for dep_context=non-requeueable deps ti=<TaskInstance: dag_ingest_daily.load_to_staging manual__2026-03-02T15:30:27+00:00 [queued]>
[2026-03-03T15:30:45.935+0000] {taskinstance.py:1956} INFO - Dependencies all met for dep_context=requeueable deps ti=<TaskInstance: dag_ingest_daily.load_to_staging manual__2026-03-02T15:30:27+00:00 [queued]>
[2026-03-03T15:30:45.936+0000] {taskinstance.py:2170} INFO - Starting attempt 1 of 3
[2026-03-03T15:30:45.946+0000] {taskinstance.py:2191} INFO - Executing <Task(PythonOperator): load_to_staging> on 2026-03-02 15:30:27+00:00
[2026-03-03T15:30:45.954+0000] {standard_task_runner.py:60} INFO - Started process 6252 to run task
[2026-03-03T15:30:45.958+0000] {standard_task_runner.py:87} INFO - Running: ['***', 'tasks', 'run', 'dag_ingest_daily', 'load_to_staging', 'manual__2026-03-02T15:30:27+00:00', '--job-id', '256', '--raw', '--subdir', 'DAGS_FOLDER/dag_ingest_daily.py', '--cfg-path', '/tmp/tmp7q0qz8up']
[2026-03-03T15:30:45.961+0000] {standard_task_runner.py:88} INFO - Job 256: Subtask load_to_staging
[2026-03-03T15:30:46.039+0000] {task_command.py:423} INFO - Running <TaskInstance: dag_ingest_daily.load_to_staging manual__2026-03-02T15:30:27+00:00 [running]> on host 353218a5daef
[2026-03-03T15:30:46.154+0000] {taskinstance.py:2480} INFO - Exporting env vars: AIRFLOW_CTX_DAG_OWNER='de_team' AIRFLOW_CTX_DAG_ID='dag_ingest_daily' AIRFLOW_CTX_TASK_ID='load_to_staging' AIRFLOW_CTX_EXECUTION_DATE='2026-03-02T15:30:27+00:00' AIRFLOW_CTX_TRY_NUMBER='1' AIRFLOW_CTX_DAG_RUN_ID='manual__2026-03-02T15:30:27+00:00'
[2026-03-03T15:30:46.666+0000] {loader.py:39} INFO - StagingLoader connected to staging@clickhouse_olap
[2026-03-03T15:30:46.667+0000] {loader.py:86} INFO - === Loading to staging (exec_date=2026-03-02) ===
[2026-03-03T15:30:46.694+0000] {loader.py:55} INFO -   Truncated staging.stg_users
[2026-03-03T15:30:46.725+0000] {loader.py:82} INFO -   ✅ Loaded 500 rows → staging.stg_users
[2026-03-03T15:30:46.743+0000] {loader.py:55} INFO -   Truncated staging.stg_sellers
[2026-03-03T15:30:46.762+0000] {loader.py:82} INFO -   ✅ Loaded 50 rows → staging.stg_sellers
[2026-03-03T15:30:46.770+0000] {loader.py:55} INFO -   Truncated staging.stg_products
[2026-03-03T15:30:46.782+0000] {loader.py:82} INFO -   ✅ Loaded 200 rows → staging.stg_products
[2026-03-03T15:30:46.788+0000] {loader.py:55} INFO -   Truncated staging.stg_categories
[2026-03-03T15:30:46.802+0000] {loader.py:82} INFO -   ✅ Loaded 10 rows → staging.stg_categories
[2026-03-03T15:30:47.465+0000] {loader.py:82} INFO -   ✅ Loaded 2,000 rows → staging.stg_orders
[2026-03-03T15:30:47.486+0000] {loader.py:82} INFO -   ✅ Loaded 3,344 rows → staging.stg_order_items
[2026-03-03T15:30:47.486+0000] {loader.py:89} INFO - === Staging load complete ===
[2026-03-03T15:30:47.487+0000] {logging_mixin.py:188} INFO - ✅ Staging load complete
[2026-03-03T15:30:47.488+0000] {python.py:201} INFO - Done. Returned value was: None
[2026-03-03T15:30:47.506+0000] {taskinstance.py:1138} INFO - Marking task as SUCCESS. dag_id=dag_ingest_daily, task_id=load_to_staging, execution_date=20260302T153027, start_date=20260303T153045, end_date=20260303T153047
[2026-03-03T15:30:47.584+0000] {local_task_job_runner.py:234} INFO - Task exited with return code 0
[2026-03-03T15:30:47.680+0000] {taskinstance.py:3280} INFO - 0 downstream tasks scheduled from follow-on schedule check
