[2026-03-03T03:50:20.598+0000] {taskinstance.py:1956} INFO - Dependencies all met for dep_context=non-requeueable deps ti=<TaskInstance: dag_ingest_daily.load_to_staging manual__2026-03-03T03:45:10+00:00 [queued]>
[2026-03-03T03:50:20.603+0000] {taskinstance.py:1956} INFO - Dependencies all met for dep_context=requeueable deps ti=<TaskInstance: dag_ingest_daily.load_to_staging manual__2026-03-03T03:45:10+00:00 [queued]>
[2026-03-03T03:50:20.604+0000] {taskinstance.py:2170} INFO - Starting attempt 2 of 3
[2026-03-03T03:50:20.614+0000] {taskinstance.py:2191} INFO - Executing <Task(PythonOperator): load_to_staging> on 2026-03-03 03:45:10+00:00
[2026-03-03T03:50:20.618+0000] {standard_task_runner.py:60} INFO - Started process 12627 to run task
[2026-03-03T03:50:20.623+0000] {standard_task_runner.py:87} INFO - Running: ['***', 'tasks', 'run', 'dag_ingest_daily', 'load_to_staging', 'manual__2026-03-03T03:45:10+00:00', '--job-id', '60', '--raw', '--subdir', 'DAGS_FOLDER/dag_ingest_daily.py', '--cfg-path', '/tmp/tmpdgxm80l4']
[2026-03-03T03:50:20.625+0000] {standard_task_runner.py:88} INFO - Job 60: Subtask load_to_staging
[2026-03-03T03:50:20.683+0000] {task_command.py:423} INFO - Running <TaskInstance: dag_ingest_daily.load_to_staging manual__2026-03-03T03:45:10+00:00 [running]> on host c320bbf31b63
[2026-03-03T03:50:20.773+0000] {taskinstance.py:2480} INFO - Exporting env vars: AIRFLOW_CTX_DAG_OWNER='de_team' AIRFLOW_CTX_DAG_ID='dag_ingest_daily' AIRFLOW_CTX_TASK_ID='load_to_staging' AIRFLOW_CTX_EXECUTION_DATE='2026-03-03T03:45:10+00:00' AIRFLOW_CTX_TRY_NUMBER='2' AIRFLOW_CTX_DAG_RUN_ID='manual__2026-03-03T03:45:10+00:00'
[2026-03-03T03:50:21.275+0000] {taskinstance.py:2698} ERROR - Task failed with exception
Traceback (most recent call last):
  File "/home/airflow/.local/lib/python3.11/site-packages/airflow/models/taskinstance.py", line 433, in _execute_task
    result = execute_callable(context=context, **execute_callable_kwargs)
             ^^^^^^^^^^^^^^^^^^^^^^^^^^^^^^^^^^^^^^^^^^^^^^^^^^^^^^^^^^^^
  File "/home/airflow/.local/lib/python3.11/site-packages/airflow/operators/python.py", line 199, in execute
    return_value = self.execute_callable()
                   ^^^^^^^^^^^^^^^^^^^^^^^
  File "/home/airflow/.local/lib/python3.11/site-packages/airflow/operators/python.py", line 216, in execute_callable
    return self.python_callable(*self.op_args, **self.op_kwargs)
           ^^^^^^^^^^^^^^^^^^^^^^^^^^^^^^^^^^^^^^^^^^^^^^^^^^^^^
  File "/opt/airflow/dags/dag_ingest_daily.py", line 111, in load_to_staging
    loader = StagingLoader(
             ^^^^^^^^^^^^^^
  File "/opt/airflow/ingestion/loader.py", line 32, in __init__
    self.client = clickhouse_connect.get_client(
                  ^^^^^^^^^^^^^^^^^^^^^^^^^^^^^^
  File "/home/airflow/.local/lib/python3.11/site-packages/clickhouse_connect/driver/__init__.py", line 132, in create_client
    return HttpClient(interface, host, port, username, password, database, access_token,
           ^^^^^^^^^^^^^^^^^^^^^^^^^^^^^^^^^^^^^^^^^^^^^^^^^^^^^^^^^^^^^^^^^^^^^^^^^^^^^
  File "/home/airflow/.local/lib/python3.11/site-packages/clickhouse_connect/driver/httpclient.py", line 182, in __init__
    super().__init__(database=database,
  File "/home/airflow/.local/lib/python3.11/site-packages/clickhouse_connect/driver/client.py", line 130, in __init__
    self._init_common_settings(apply_server_timezone)
  File "/home/airflow/.local/lib/python3.11/site-packages/clickhouse_connect/driver/client.py", line 135, in _init_common_settings
    tuple(self.command('SELECT version(), timezone()', use_database=False))
          ^^^^^^^^^^^^^^^^^^^^^^^^^^^^^^^^^^^^^^^^^^^^^^^^^^^^^^^^^^^^^^^^
  File "/home/airflow/.local/lib/python3.11/site-packages/clickhouse_connect/driver/httpclient.py", line 428, in command
    response = self._raw_request(payload, params, headers, method, fields=fields, server_wait=False)
               ^^^^^^^^^^^^^^^^^^^^^^^^^^^^^^^^^^^^^^^^^^^^^^^^^^^^^^^^^^^^^^^^^^^^^^^^^^^^^^^^^^^^^
  File "/home/airflow/.local/lib/python3.11/site-packages/clickhouse_connect/driver/httpclient.py", line 567, in _raw_request
    self._error_handler(response)
  File "/home/airflow/.local/lib/python3.11/site-packages/clickhouse_connect/driver/httpclient.py", line 484, in _error_handler
    raise OperationalError(err_str) if retried else DatabaseError(err_str) from None
clickhouse_connect.driver.exceptions.DatabaseError: Received ClickHouse exception, code: 194, server response: Code: 194. DB::Exception: default: Authentication failed: password is incorrect, or there is no user with such name

If you use ClickHouse Cloud, the password can be reset at https://clickhouse.cloud/
on the settings page for the corresponding service.

If you have installed ClickHouse and forgot password you can reset it in the configuration file.
The password for default user is typically located at /etc/clickhouse-server/users.d/default-password.xml
and deleting this file will reset the password.
See also /etc/clickhouse-server/users.xml on the server where ClickHouse is installed.

. (REQUIRED_PASSWORD) (for url http://clickhouse_olap:8123)
[2026-03-03T03:50:21.294+0000] {taskinstance.py:1138} INFO - Marking task as UP_FOR_RETRY. dag_id=dag_ingest_daily, task_id=load_to_staging, execution_date=20260303T034510, start_date=20260303T035020, end_date=20260303T035021
[2026-03-03T03:50:21.308+0000] {standard_task_runner.py:107} ERROR - Failed to execute job 60 for task load_to_staging (Received ClickHouse exception, code: 194, server response: Code: 194. DB::Exception: default: Authentication failed: password is incorrect, or there is no user with such name

If you use ClickHouse Cloud, the password can be reset at https://clickhouse.cloud/
on the settings page for the corresponding service.

If you have installed ClickHouse and forgot password you can reset it in the configuration file.
The password for default user is typically located at /etc/clickhouse-server/users.d/default-password.xml
and deleting this file will reset the password.
See also /etc/clickhouse-server/users.xml on the server where ClickHouse is installed.

. (REQUIRED_PASSWORD) (for url http://clickhouse_olap:8123); 12627)
[2026-03-03T03:50:21.341+0000] {local_task_job_runner.py:234} INFO - Task exited with return code 1
[2026-03-03T03:50:21.363+0000] {taskinstance.py:3280} INFO - 0 downstream tasks scheduled from follow-on schedule check
