[2026-03-03T13:11:15.302+0000] {taskinstance.py:1956} INFO - Dependencies all met for dep_context=non-requeueable deps ti=<TaskInstance: dag_ingest_daily.extract manual__2026-03-01T02:39:44+00:00 [queued]>
[2026-03-03T13:11:15.368+0000] {taskinstance.py:1956} INFO - Dependencies all met for dep_context=requeueable deps ti=<TaskInstance: dag_ingest_daily.extract manual__2026-03-01T02:39:44+00:00 [queued]>
[2026-03-03T13:11:15.373+0000] {taskinstance.py:2170} INFO - Starting attempt 2 of 4
[2026-03-03T13:11:15.522+0000] {taskinstance.py:2191} INFO - Executing <Task(PythonOperator): extract> on 2026-03-01 02:39:44+00:00
[2026-03-03T13:11:15.555+0000] {standard_task_runner.py:60} INFO - Started process 450 to run task
[2026-03-03T13:11:15.585+0000] {standard_task_runner.py:87} INFO - Running: ['***', 'tasks', 'run', 'dag_ingest_daily', 'extract', 'manual__2026-03-01T02:39:44+00:00', '--job-id', '155', '--raw', '--subdir', 'DAGS_FOLDER/dag_ingest_daily.py', '--cfg-path', '/tmp/tmp3aosqwab']
[2026-03-03T13:11:15.653+0000] {standard_task_runner.py:88} INFO - Job 155: Subtask extract
[2026-03-03T13:11:16.759+0000] {task_command.py:423} INFO - Running <TaskInstance: dag_ingest_daily.extract manual__2026-03-01T02:39:44+00:00 [running]> on host 353218a5daef
[2026-03-03T13:11:18.724+0000] {taskinstance.py:2480} INFO - Exporting env vars: AIRFLOW_CTX_DAG_OWNER='de_team' AIRFLOW_CTX_DAG_ID='dag_ingest_daily' AIRFLOW_CTX_TASK_ID='extract' AIRFLOW_CTX_EXECUTION_DATE='2026-03-01T02:39:44+00:00' AIRFLOW_CTX_TRY_NUMBER='2' AIRFLOW_CTX_DAG_RUN_ID='manual__2026-03-01T02:39:44+00:00'
[2026-03-03T13:11:33.596+0000] {extractor.py:40} INFO - Connected to ecommerce_oltp@postgres_oltp
[2026-03-03T13:11:33.633+0000] {extractor.py:135} INFO - === Daily extraction for 2026-03-01 ===
[2026-03-03T13:11:33.638+0000] {extractor.py:113} INFO - Extracting static table: users
[2026-03-03T13:11:33.647+0000] {extractor.py:66} INFO - Full extract: users
[2026-03-03T13:11:33.869+0000] {extractor.py:61} INFO -   Fetched 500 rows
[2026-03-03T13:11:33.872+0000] {extractor.py:113} INFO - Extracting static table: sellers
[2026-03-03T13:11:33.874+0000] {extractor.py:66} INFO - Full extract: sellers
[2026-03-03T13:11:33.943+0000] {extractor.py:61} INFO -   Fetched 50 rows
[2026-03-03T13:11:33.959+0000] {extractor.py:113} INFO - Extracting static table: products
[2026-03-03T13:11:33.963+0000] {extractor.py:66} INFO - Full extract: products
[2026-03-03T13:11:34.172+0000] {extractor.py:61} INFO -   Fetched 200 rows
[2026-03-03T13:11:34.226+0000] {extractor.py:113} INFO - Extracting static table: categories
[2026-03-03T13:11:34.244+0000] {extractor.py:66} INFO - Full extract: categories
[2026-03-03T13:11:34.286+0000] {extractor.py:61} INFO -   Fetched 10 rows
[2026-03-03T13:11:34.300+0000] {extractor.py:74} INFO - Incremental extract: orders since 2026-03-01
[2026-03-03T13:11:34.389+0000] {extractor.py:61} INFO -   Fetched 5 rows
[2026-03-03T13:11:34.442+0000] {extractor.py:94} INFO - Incremental extract: order_items since 2026-03-01
[2026-03-03T13:11:34.488+0000] {extractor.py:61} INFO -   Fetched 11 rows
[2026-03-03T13:11:34.513+0000] {extractor.py:141} INFO -   users: 500 rows extracted
[2026-03-03T13:11:34.520+0000] {extractor.py:141} INFO -   sellers: 50 rows extracted
[2026-03-03T13:11:34.561+0000] {extractor.py:141} INFO -   products: 200 rows extracted
[2026-03-03T13:11:34.689+0000] {extractor.py:141} INFO -   categories: 10 rows extracted
[2026-03-03T13:11:34.728+0000] {extractor.py:141} INFO -   orders: 5 rows extracted
[2026-03-03T13:11:34.967+0000] {extractor.py:141} INFO -   order_items: 11 rows extracted
[2026-03-03T13:11:35.012+0000] {extractor.py:46} INFO - Connection closed
[2026-03-03T13:11:36.294+0000] {logging_mixin.py:188} INFO - ✅ Extracted 776 total rows
[2026-03-03T13:11:36.361+0000] {python.py:201} INFO - Done. Returned value was: None
[2026-03-03T13:11:36.553+0000] {taskinstance.py:1138} INFO - Marking task as SUCCESS. dag_id=dag_ingest_daily, task_id=extract, execution_date=20260301T023944, start_date=20260303T131115, end_date=20260303T131136
[2026-03-03T13:11:38.226+0000] {local_task_job_runner.py:234} INFO - Task exited with return code 0
[2026-03-03T13:11:38.789+0000] {taskinstance.py:3280} INFO - 1 downstream tasks scheduled from follow-on schedule check
