[2026-03-03T15:31:55.537+0000] {taskinstance.py:1956} INFO - Dependencies all met for dep_context=non-requeueable deps ti=<TaskInstance: dag_dbt_transform.dbt_run_reports manual__2026-03-02T15:30:27+00:00 [queued]>
[2026-03-03T15:31:55.567+0000] {taskinstance.py:1956} INFO - Dependencies all met for dep_context=requeueable deps ti=<TaskInstance: dag_dbt_transform.dbt_run_reports manual__2026-03-02T15:30:27+00:00 [queued]>
[2026-03-03T15:31:55.568+0000] {taskinstance.py:2170} INFO - Starting attempt 1 of 2
[2026-03-03T15:31:55.600+0000] {taskinstance.py:2191} INFO - Executing <Task(BashOperator): dbt_run_reports> on 2026-03-02 15:30:27+00:00
[2026-03-03T15:31:55.615+0000] {standard_task_runner.py:60} INFO - Started process 6463 to run task
[2026-03-03T15:31:55.622+0000] {standard_task_runner.py:87} INFO - Running: ['***', 'tasks', 'run', 'dag_dbt_transform', 'dbt_run_reports', 'manual__2026-03-02T15:30:27+00:00', '--job-id', '263', '--raw', '--subdir', 'DAGS_FOLDER/dag_dbt_transform.py', '--cfg-path', '/tmp/tmpa05wxha1']
[2026-03-03T15:31:55.630+0000] {standard_task_runner.py:88} INFO - Job 263: Subtask dbt_run_reports
[2026-03-03T15:31:55.755+0000] {task_command.py:423} INFO - Running <TaskInstance: dag_dbt_transform.dbt_run_reports manual__2026-03-02T15:30:27+00:00 [running]> on host 353218a5daef
[2026-03-03T15:31:56.002+0000] {taskinstance.py:2480} INFO - Exporting env vars: AIRFLOW_CTX_DAG_OWNER='de_team' AIRFLOW_CTX_DAG_ID='dag_dbt_transform' AIRFLOW_CTX_TASK_ID='dbt_run_reports' AIRFLOW_CTX_EXECUTION_DATE='2026-03-02T15:30:27+00:00' AIRFLOW_CTX_TRY_NUMBER='1' AIRFLOW_CTX_DAG_RUN_ID='manual__2026-03-02T15:30:27+00:00'
[2026-03-03T15:31:56.008+0000] {subprocess.py:63} INFO - Tmp dir root location: /tmp
[2026-03-03T15:31:56.012+0000] {subprocess.py:75} INFO - Running command: ['/usr/bin/bash', '-c', 'cd /opt/***/dbt && dbt run --select reports --profiles-dir /opt/***/dbt --project-dir /opt/***/dbt']
[2026-03-03T15:31:56.048+0000] {subprocess.py:86} INFO - Output:
[2026-03-03T15:31:59.632+0000] {subprocess.py:93} INFO - [0m15:31:59  Running with dbt=1.11.6
[2026-03-03T15:31:59.862+0000] {subprocess.py:93} INFO - [0m15:31:59  Registered adapter: clickhouse=1.10.0
[2026-03-03T15:32:00.337+0000] {subprocess.py:93} INFO - [0m15:32:00  Found 12 models, 32 data tests, 6 sources, 523 macros
[2026-03-03T15:32:00.348+0000] {subprocess.py:93} INFO - [0m15:32:00
[2026-03-03T15:32:00.350+0000] {subprocess.py:93} INFO - [0m15:32:00  Concurrency: 4 threads (target='dev')
[2026-03-03T15:32:00.351+0000] {subprocess.py:93} INFO - [0m15:32:00
[2026-03-03T15:32:01.662+0000] {subprocess.py:93} INFO - [0m15:32:01  1 of 3 START sql table model `staging_analytics`.`rpt_daily_revenue` ........... [RUN]
[2026-03-03T15:32:01.665+0000] {subprocess.py:93} INFO - [0m15:32:01  2 of 3 START sql table model `staging_analytics`.`rpt_product_performance` ..... [RUN]
[2026-03-03T15:32:01.666+0000] {subprocess.py:93} INFO - [0m15:32:01  3 of 3 START sql table model `staging_analytics`.`rpt_seller_ranking` .......... [RUN]
[2026-03-03T15:32:02.197+0000] {subprocess.py:93} INFO - [0m15:32:02  2 of 3 OK created sql table model `staging_analytics`.`rpt_product_performance`  [[32mOK[0m in 0.52s]
[2026-03-03T15:32:02.200+0000] {subprocess.py:93} INFO - [0m15:32:02  1 of 3 OK created sql table model `staging_analytics`.`rpt_daily_revenue` ...... [[32mOK[0m in 0.53s]
[2026-03-03T15:32:02.226+0000] {subprocess.py:93} INFO - [0m15:32:02  3 of 3 OK created sql table model `staging_analytics`.`rpt_seller_ranking` ..... [[32mOK[0m in 0.56s]
[2026-03-03T15:32:02.236+0000] {subprocess.py:93} INFO - [0m15:32:02
[2026-03-03T15:32:02.238+0000] {subprocess.py:93} INFO - [0m15:32:02  Finished running 3 table models in 0 hours 0 minutes and 1.88 seconds (1.88s).
[2026-03-03T15:32:02.327+0000] {subprocess.py:93} INFO - [0m15:32:02
[2026-03-03T15:32:02.328+0000] {subprocess.py:93} INFO - [0m15:32:02  [32mCompleted successfully[0m
[2026-03-03T15:32:02.329+0000] {subprocess.py:93} INFO - [0m15:32:02
[2026-03-03T15:32:02.331+0000] {subprocess.py:93} INFO - [0m15:32:02  Done. PASS=3 WARN=0 ERROR=0 SKIP=0 NO-OP=0 TOTAL=3
[2026-03-03T15:32:05.282+0000] {subprocess.py:97} INFO - Command exited with return code 0
[2026-03-03T15:32:05.469+0000] {taskinstance.py:1138} INFO - Marking task as SUCCESS. dag_id=dag_dbt_transform, task_id=dbt_run_reports, execution_date=20260302T153027, start_date=20260303T153155, end_date=20260303T153205
[2026-03-03T15:32:05.569+0000] {local_task_job_runner.py:234} INFO - Task exited with return code 0
[2026-03-03T15:32:05.648+0000] {taskinstance.py:3280} INFO - 1 downstream tasks scheduled from follow-on schedule check
