[2026-03-03T11:55:16.522+0000] {taskinstance.py:1956} INFO - Dependencies all met for dep_context=non-requeueable deps ti=<TaskInstance: dag_dbt_transform.dbt_run_reports manual__2026-03-03T11:54:10+00:00 [queued]>
[2026-03-03T11:55:16.540+0000] {taskinstance.py:1956} INFO - Dependencies all met for dep_context=requeueable deps ti=<TaskInstance: dag_dbt_transform.dbt_run_reports manual__2026-03-03T11:54:10+00:00 [queued]>
[2026-03-03T11:55:16.541+0000] {taskinstance.py:2170} INFO - Starting attempt 1 of 2
[2026-03-03T11:55:16.572+0000] {taskinstance.py:2191} INFO - Executing <Task(BashOperator): dbt_run_reports> on 2026-03-03 11:54:10+00:00
[2026-03-03T11:55:16.578+0000] {standard_task_runner.py:60} INFO - Started process 10432 to run task
[2026-03-03T11:55:16.596+0000] {standard_task_runner.py:87} INFO - Running: ['***', 'tasks', 'run', 'dag_dbt_transform', 'dbt_run_reports', 'manual__2026-03-03T11:54:10+00:00', '--job-id', '99', '--raw', '--subdir', 'DAGS_FOLDER/dag_dbt_transform.py', '--cfg-path', '/tmp/tmp36hwxxn0']
[2026-03-03T11:55:16.602+0000] {standard_task_runner.py:88} INFO - Job 99: Subtask dbt_run_reports
[2026-03-03T11:55:16.761+0000] {task_command.py:423} INFO - Running <TaskInstance: dag_dbt_transform.dbt_run_reports manual__2026-03-03T11:54:10+00:00 [running]> on host eccf479b3cda
[2026-03-03T11:55:16.976+0000] {taskinstance.py:2480} INFO - Exporting env vars: AIRFLOW_CTX_DAG_OWNER='de_team' AIRFLOW_CTX_DAG_ID='dag_dbt_transform' AIRFLOW_CTX_TASK_ID='dbt_run_reports' AIRFLOW_CTX_EXECUTION_DATE='2026-03-03T11:54:10+00:00' AIRFLOW_CTX_TRY_NUMBER='1' AIRFLOW_CTX_DAG_RUN_ID='manual__2026-03-03T11:54:10+00:00'
[2026-03-03T11:55:16.979+0000] {subprocess.py:63} INFO - Tmp dir root location: /tmp
[2026-03-03T11:55:16.982+0000] {subprocess.py:75} INFO - Running command: ['/usr/bin/bash', '-c', 'cd /opt/***/dbt && dbt run --select reports --profiles-dir /opt/***/dbt --project-dir /opt/***/dbt']
[2026-03-03T11:55:17.009+0000] {subprocess.py:86} INFO - Output:
[2026-03-03T11:55:19.883+0000] {subprocess.py:93} INFO - [0m11:55:19  Running with dbt=1.11.6
[2026-03-03T11:55:20.272+0000] {subprocess.py:93} INFO - [0m11:55:20  Registered adapter: clickhouse=1.10.0
[2026-03-03T11:55:21.212+0000] {subprocess.py:93} INFO - [0m11:55:21  Found 12 models, 32 data tests, 6 sources, 523 macros
[2026-03-03T11:55:21.222+0000] {subprocess.py:93} INFO - [0m11:55:21
[2026-03-03T11:55:21.231+0000] {subprocess.py:93} INFO - [0m11:55:21  Concurrency: 4 threads (target='dev')
[2026-03-03T11:55:21.233+0000] {subprocess.py:93} INFO - [0m11:55:21
[2026-03-03T11:55:22.132+0000] {subprocess.py:93} INFO - [0m11:55:22  1 of 3 START sql table model `staging_analytics`.`rpt_daily_revenue` ........... [RUN]
[2026-03-03T11:55:22.135+0000] {subprocess.py:93} INFO - [0m11:55:22  2 of 3 START sql table model `staging_analytics`.`rpt_product_performance` ..... [RUN]
[2026-03-03T11:55:22.137+0000] {subprocess.py:93} INFO - [0m11:55:22  3 of 3 START sql table model `staging_analytics`.`rpt_seller_ranking` .......... [RUN]
[2026-03-03T11:55:22.555+0000] {subprocess.py:93} INFO - [0m11:55:22  1 of 3 OK created sql table model `staging_analytics`.`rpt_daily_revenue` ...... [[32mOK[0m in 0.41s]
[2026-03-03T11:55:22.556+0000] {subprocess.py:93} INFO - [0m11:55:22  2 of 3 OK created sql table model `staging_analytics`.`rpt_product_performance`  [[32mOK[0m in 0.41s]
[2026-03-03T11:55:22.582+0000] {subprocess.py:93} INFO - [0m11:55:22  3 of 3 OK created sql table model `staging_analytics`.`rpt_seller_ranking` ..... [[32mOK[0m in 0.44s]
[2026-03-03T11:55:22.591+0000] {subprocess.py:93} INFO - [0m11:55:22
[2026-03-03T11:55:22.591+0000] {subprocess.py:93} INFO - [0m11:55:22  Finished running 3 table models in 0 hours 0 minutes and 1.36 seconds (1.36s).
[2026-03-03T11:55:22.750+0000] {subprocess.py:93} INFO - [0m11:55:22
[2026-03-03T11:55:22.752+0000] {subprocess.py:93} INFO - [0m11:55:22  [32mCompleted successfully[0m
[2026-03-03T11:55:22.755+0000] {subprocess.py:93} INFO - [0m11:55:22
[2026-03-03T11:55:22.757+0000] {subprocess.py:93} INFO - [0m11:55:22  Done. PASS=3 WARN=0 ERROR=0 SKIP=0 NO-OP=0 TOTAL=3
[2026-03-03T11:55:24.632+0000] {subprocess.py:97} INFO - Command exited with return code 0
[2026-03-03T11:55:24.701+0000] {taskinstance.py:1138} INFO - Marking task as SUCCESS. dag_id=dag_dbt_transform, task_id=dbt_run_reports, execution_date=20260303T115410, start_date=20260303T115516, end_date=20260303T115524
[2026-03-03T11:55:24.746+0000] {local_task_job_runner.py:234} INFO - Task exited with return code 0
[2026-03-03T11:55:24.790+0000] {taskinstance.py:3280} INFO - 1 downstream tasks scheduled from follow-on schedule check
