[2026-03-03T14:40:27.128+0000] {taskinstance.py:1956} INFO - Dependencies all met for dep_context=non-requeueable deps ti=<TaskInstance: dag_dbt_transform.dbt_run_reports manual__2026-03-03T11:54:10+00:00 [queued]>
[2026-03-03T14:40:27.147+0000] {taskinstance.py:1956} INFO - Dependencies all met for dep_context=requeueable deps ti=<TaskInstance: dag_dbt_transform.dbt_run_reports manual__2026-03-03T11:54:10+00:00 [queued]>
[2026-03-03T14:40:27.151+0000] {taskinstance.py:2170} INFO - Starting attempt 2 of 3
[2026-03-03T14:40:27.186+0000] {taskinstance.py:2191} INFO - Executing <Task(BashOperator): dbt_run_reports> on 2026-03-03 11:54:10+00:00
[2026-03-03T14:40:27.195+0000] {standard_task_runner.py:60} INFO - Started process 4385 to run task
[2026-03-03T14:40:27.210+0000] {standard_task_runner.py:87} INFO - Running: ['***', 'tasks', 'run', 'dag_dbt_transform', 'dbt_run_reports', 'manual__2026-03-03T11:54:10+00:00', '--job-id', '252', '--raw', '--subdir', 'DAGS_FOLDER/dag_dbt_transform.py', '--cfg-path', '/tmp/tmpq_1006ud']
[2026-03-03T14:40:27.255+0000] {standard_task_runner.py:88} INFO - Job 252: Subtask dbt_run_reports
[2026-03-03T14:40:27.398+0000] {task_command.py:423} INFO - Running <TaskInstance: dag_dbt_transform.dbt_run_reports manual__2026-03-03T11:54:10+00:00 [running]> on host 353218a5daef
[2026-03-03T14:40:27.625+0000] {taskinstance.py:2480} INFO - Exporting env vars: AIRFLOW_CTX_DAG_OWNER='de_team' AIRFLOW_CTX_DAG_ID='dag_dbt_transform' AIRFLOW_CTX_TASK_ID='dbt_run_reports' AIRFLOW_CTX_EXECUTION_DATE='2026-03-03T11:54:10+00:00' AIRFLOW_CTX_TRY_NUMBER='2' AIRFLOW_CTX_DAG_RUN_ID='manual__2026-03-03T11:54:10+00:00'
[2026-03-03T14:40:27.628+0000] {subprocess.py:63} INFO - Tmp dir root location: /tmp
[2026-03-03T14:40:27.630+0000] {subprocess.py:75} INFO - Running command: ['/usr/bin/bash', '-c', 'cd /opt/***/dbt && dbt run --select reports --profiles-dir /opt/***/dbt --project-dir /opt/***/dbt']
[2026-03-03T14:40:27.650+0000] {subprocess.py:86} INFO - Output:
[2026-03-03T14:40:32.389+0000] {subprocess.py:93} INFO - [0m14:40:32  Running with dbt=1.11.6
[2026-03-03T14:40:33.036+0000] {subprocess.py:93} INFO - [0m14:40:33  Registered adapter: clickhouse=1.10.0
[2026-03-03T14:40:35.226+0000] {subprocess.py:93} INFO - [0m14:40:35  Found 12 models, 32 data tests, 6 sources, 523 macros
[2026-03-03T14:40:35.253+0000] {subprocess.py:93} INFO - [0m14:40:35
[2026-03-03T14:40:35.256+0000] {subprocess.py:93} INFO - [0m14:40:35  Concurrency: 4 threads (target='dev')
[2026-03-03T14:40:35.265+0000] {subprocess.py:93} INFO - [0m14:40:35
[2026-03-03T14:40:39.920+0000] {subprocess.py:93} INFO - [0m14:40:39  3 of 3 START sql table model `staging_analytics`.`rpt_seller_ranking` .......... [RUN]
[2026-03-03T14:40:39.950+0000] {subprocess.py:93} INFO - [0m14:40:39  2 of 3 START sql table model `staging_analytics`.`rpt_product_performance` ..... [RUN]
[2026-03-03T14:40:39.956+0000] {subprocess.py:93} INFO - [0m14:40:39  1 of 3 START sql table model `staging_analytics`.`rpt_daily_revenue` ........... [RUN]
[2026-03-03T14:40:41.280+0000] {subprocess.py:93} INFO - [0m14:40:41  2 of 3 ERROR creating sql table model `staging_analytics`.`rpt_product_performance`  [[31mERROR[0m in 1.33s]
[2026-03-03T14:40:41.289+0000] {subprocess.py:93} INFO - [0m14:40:41  1 of 3 ERROR creating sql table model `staging_analytics`.`rpt_daily_revenue` .. [[31mERROR[0m in 1.26s]
[2026-03-03T14:40:41.642+0000] {subprocess.py:93} INFO - [0m14:40:41  3 of 3 ERROR creating sql table model `staging_analytics`.`rpt_seller_ranking` . [[31mERROR[0m in 1.66s]
[2026-03-03T14:40:41.847+0000] {subprocess.py:93} INFO - [0m14:40:41
[2026-03-03T14:40:41.862+0000] {subprocess.py:93} INFO - [0m14:40:41  Finished running 3 table models in 0 hours 0 minutes and 6.56 seconds (6.56s).
[2026-03-03T14:40:42.581+0000] {subprocess.py:93} INFO - [0m14:40:42
[2026-03-03T14:40:42.583+0000] {subprocess.py:93} INFO - [0m14:40:42  [31mCompleted with 3 errors, 0 partial successes, and 0 warnings:[0m
[2026-03-03T14:40:42.584+0000] {subprocess.py:93} INFO - [0m14:40:42
[2026-03-03T14:40:42.590+0000] {subprocess.py:93} INFO - [0m14:40:42  [31mFailure in model rpt_daily_revenue (models/reports/rpt_daily_revenue.sql)[0m
[2026-03-03T14:40:42.596+0000] {subprocess.py:93} INFO - [0m14:40:42    Database Error in model rpt_daily_revenue (models/reports/rpt_daily_revenue.sql)
[2026-03-03T14:40:42.597+0000] {subprocess.py:93} INFO -   Received ClickHouse exception, code: 57, server response: Code: 57. DB::Exception: Table staging_analytics.rpt_daily_revenue__dbt_backup already exists. (TABLE_ALREADY_EXISTS) (for url http://clickhouse_olap:8123)
[2026-03-03T14:40:42.598+0000] {subprocess.py:93} INFO - [0m14:40:42
[2026-03-03T14:40:42.603+0000] {subprocess.py:93} INFO - [0m14:40:42    compiled code at target/compiled/ecommerce_dbt/models/reports/rpt_daily_revenue.sql
[2026-03-03T14:40:42.604+0000] {subprocess.py:93} INFO - [0m14:40:42
[2026-03-03T14:40:42.606+0000] {subprocess.py:93} INFO - [0m14:40:42  [31mFailure in model rpt_product_performance (models/reports/rpt_product_performance.sql)[0m
[2026-03-03T14:40:42.607+0000] {subprocess.py:93} INFO - [0m14:40:42    Database Error in model rpt_product_performance (models/reports/rpt_product_performance.sql)
[2026-03-03T14:40:42.608+0000] {subprocess.py:93} INFO -   Received ClickHouse exception, code: 57, server response: Code: 57. DB::Exception: Table staging_analytics.rpt_product_performance__dbt_backup already exists. (TABLE_ALREADY_EXISTS) (for url http://clickhouse_olap:8123)
[2026-03-03T14:40:42.609+0000] {subprocess.py:93} INFO - [0m14:40:42
[2026-03-03T14:40:42.610+0000] {subprocess.py:93} INFO - [0m14:40:42    compiled code at target/compiled/ecommerce_dbt/models/reports/rpt_product_performance.sql
[2026-03-03T14:40:42.611+0000] {subprocess.py:93} INFO - [0m14:40:42
[2026-03-03T14:40:42.612+0000] {subprocess.py:93} INFO - [0m14:40:42  [31mFailure in model rpt_seller_ranking (models/reports/rpt_seller_ranking.sql)[0m
[2026-03-03T14:40:42.613+0000] {subprocess.py:93} INFO - [0m14:40:42    Database Error in model rpt_seller_ranking (models/reports/rpt_seller_ranking.sql)
[2026-03-03T14:40:42.614+0000] {subprocess.py:93} INFO -   Received ClickHouse exception, code: 57, server response: Code: 57. DB::Exception: Table staging_analytics.rpt_seller_ranking__dbt_backup already exists. (TABLE_ALREADY_EXISTS) (for url http://clickhouse_olap:8123)
[2026-03-03T14:40:42.615+0000] {subprocess.py:93} INFO - [0m14:40:42
[2026-03-03T14:40:42.616+0000] {subprocess.py:93} INFO - [0m14:40:42    compiled code at target/compiled/ecommerce_dbt/models/reports/rpt_seller_ranking.sql
[2026-03-03T14:40:42.617+0000] {subprocess.py:93} INFO - [0m14:40:42
[2026-03-03T14:40:42.618+0000] {subprocess.py:93} INFO - [0m14:40:42  Done. PASS=0 WARN=0 ERROR=3 SKIP=0 NO-OP=0 TOTAL=3
[2026-03-03T14:40:46.796+0000] {subprocess.py:97} INFO - Command exited with return code 1
[2026-03-03T14:40:46.961+0000] {taskinstance.py:2698} ERROR - Task failed with exception
Traceback (most recent call last):
  File "/home/airflow/.local/lib/python3.11/site-packages/airflow/models/taskinstance.py", line 433, in _execute_task
    result = execute_callable(context=context, **execute_callable_kwargs)
             ^^^^^^^^^^^^^^^^^^^^^^^^^^^^^^^^^^^^^^^^^^^^^^^^^^^^^^^^^^^^
  File "/home/airflow/.local/lib/python3.11/site-packages/airflow/operators/bash.py", line 212, in execute
    raise AirflowException(
airflow.exceptions.AirflowException: Bash command failed. The command returned a non-zero exit code 1.
[2026-03-03T14:40:46.995+0000] {taskinstance.py:1138} INFO - Marking task as UP_FOR_RETRY. dag_id=dag_dbt_transform, task_id=dbt_run_reports, execution_date=20260303T115410, start_date=20260303T144027, end_date=20260303T144046
[2026-03-03T14:40:47.065+0000] {standard_task_runner.py:107} ERROR - Failed to execute job 252 for task dbt_run_reports (Bash command failed. The command returned a non-zero exit code 1.; 4385)
[2026-03-03T14:40:47.096+0000] {local_task_job_runner.py:234} INFO - Task exited with return code 1
[2026-03-03T14:40:47.214+0000] {taskinstance.py:3280} INFO - 0 downstream tasks scheduled from follow-on schedule check
