[2026-03-03T12:14:28.276+0000] {taskinstance.py:1956} INFO - Dependencies all met for dep_context=non-requeueable deps ti=<TaskInstance: dag_dbt_transform.wait_for_ingestion manual__2026-03-03T11:53:21+00:00 [queued]>
[2026-03-03T12:14:28.300+0000] {taskinstance.py:1956} INFO - Dependencies all met for dep_context=requeueable deps ti=<TaskInstance: dag_dbt_transform.wait_for_ingestion manual__2026-03-03T11:53:21+00:00 [queued]>
[2026-03-03T12:14:28.302+0000] {taskinstance.py:2170} INFO - Starting attempt 3 of 2
[2026-03-03T12:14:28.390+0000] {taskinstance.py:2191} INFO - Executing <Task(ExternalTaskSensor): wait_for_ingestion> on 2026-03-03 11:53:21+00:00
[2026-03-03T12:14:28.407+0000] {standard_task_runner.py:60} INFO - Started process 237 to run task
[2026-03-03T12:14:28.413+0000] {standard_task_runner.py:87} INFO - Running: ['***', 'tasks', 'run', 'dag_dbt_transform', 'wait_for_ingestion', 'manual__2026-03-03T11:53:21+00:00', '--job-id', '134', '--raw', '--subdir', 'DAGS_FOLDER/dag_dbt_transform.py', '--cfg-path', '/tmp/tmp79ax5_hq']
[2026-03-03T12:14:28.422+0000] {standard_task_runner.py:88} INFO - Job 134: Subtask wait_for_ingestion
[2026-03-03T12:14:28.618+0000] {task_command.py:423} INFO - Running <TaskInstance: dag_dbt_transform.wait_for_ingestion manual__2026-03-03T11:53:21+00:00 [running]> on host c4473bd42d91
[2026-03-03T12:14:29.013+0000] {taskinstance.py:2480} INFO - Exporting env vars: AIRFLOW_CTX_DAG_OWNER='de_team' AIRFLOW_CTX_DAG_ID='dag_dbt_transform' AIRFLOW_CTX_TASK_ID='wait_for_ingestion' AIRFLOW_CTX_EXECUTION_DATE='2026-03-03T11:53:21+00:00' AIRFLOW_CTX_TRY_NUMBER='3' AIRFLOW_CTX_DAG_RUN_ID='manual__2026-03-03T11:53:21+00:00'
[2026-03-03T12:14:29.027+0000] {external_task.py:244} INFO - Poking for tasks ['load_to_staging'] in dag dag_ingest_daily on 2026-03-03T11:53:21+00:00 ... 
[2026-03-03T12:15:29.057+0000] {external_task.py:244} INFO - Poking for tasks ['load_to_staging'] in dag dag_ingest_daily on 2026-03-03T11:53:21+00:00 ... 
[2026-03-03T12:16:29.099+0000] {external_task.py:244} INFO - Poking for tasks ['load_to_staging'] in dag dag_ingest_daily on 2026-03-03T11:53:21+00:00 ... 
[2026-03-03T12:17:29.165+0000] {external_task.py:244} INFO - Poking for tasks ['load_to_staging'] in dag dag_ingest_daily on 2026-03-03T11:53:21+00:00 ... 
[2026-03-03T12:18:29.193+0000] {external_task.py:244} INFO - Poking for tasks ['load_to_staging'] in dag dag_ingest_daily on 2026-03-03T11:53:21+00:00 ... 
[2026-03-03T12:19:29.221+0000] {external_task.py:244} INFO - Poking for tasks ['load_to_staging'] in dag dag_ingest_daily on 2026-03-03T11:53:21+00:00 ... 
[2026-03-03T12:20:29.280+0000] {external_task.py:244} INFO - Poking for tasks ['load_to_staging'] in dag dag_ingest_daily on 2026-03-03T11:53:21+00:00 ... 
[2026-03-03T12:21:29.364+0000] {external_task.py:244} INFO - Poking for tasks ['load_to_staging'] in dag dag_ingest_daily on 2026-03-03T11:53:21+00:00 ... 
[2026-03-03T12:22:29.462+0000] {external_task.py:244} INFO - Poking for tasks ['load_to_staging'] in dag dag_ingest_daily on 2026-03-03T11:53:21+00:00 ... 
[2026-03-03T12:23:29.576+0000] {external_task.py:244} INFO - Poking for tasks ['load_to_staging'] in dag dag_ingest_daily on 2026-03-03T11:53:21+00:00 ... 
[2026-03-03T12:24:29.633+0000] {external_task.py:244} INFO - Poking for tasks ['load_to_staging'] in dag dag_ingest_daily on 2026-03-03T11:53:21+00:00 ... 
[2026-03-03T12:25:29.683+0000] {external_task.py:244} INFO - Poking for tasks ['load_to_staging'] in dag dag_ingest_daily on 2026-03-03T11:53:21+00:00 ... 
[2026-03-03T12:26:29.950+0000] {external_task.py:244} INFO - Poking for tasks ['load_to_staging'] in dag dag_ingest_daily on 2026-03-03T11:53:21+00:00 ... 
[2026-03-03T12:27:29.985+0000] {external_task.py:244} INFO - Poking for tasks ['load_to_staging'] in dag dag_ingest_daily on 2026-03-03T11:53:21+00:00 ... 
[2026-03-03T12:28:30.026+0000] {external_task.py:244} INFO - Poking for tasks ['load_to_staging'] in dag dag_ingest_daily on 2026-03-03T11:53:21+00:00 ... 
[2026-03-03T12:29:30.080+0000] {external_task.py:244} INFO - Poking for tasks ['load_to_staging'] in dag dag_ingest_daily on 2026-03-03T11:53:21+00:00 ... 
[2026-03-03T12:30:30.116+0000] {external_task.py:244} INFO - Poking for tasks ['load_to_staging'] in dag dag_ingest_daily on 2026-03-03T11:53:21+00:00 ... 
[2026-03-03T12:31:30.195+0000] {external_task.py:244} INFO - Poking for tasks ['load_to_staging'] in dag dag_ingest_daily on 2026-03-03T11:53:21+00:00 ... 
[2026-03-03T12:32:30.275+0000] {external_task.py:244} INFO - Poking for tasks ['load_to_staging'] in dag dag_ingest_daily on 2026-03-03T11:53:21+00:00 ... 
[2026-03-03T12:33:30.351+0000] {external_task.py:244} INFO - Poking for tasks ['load_to_staging'] in dag dag_ingest_daily on 2026-03-03T11:53:21+00:00 ... 
[2026-03-03T12:34:30.415+0000] {external_task.py:244} INFO - Poking for tasks ['load_to_staging'] in dag dag_ingest_daily on 2026-03-03T11:53:21+00:00 ... 
[2026-03-03T12:35:30.489+0000] {external_task.py:244} INFO - Poking for tasks ['load_to_staging'] in dag dag_ingest_daily on 2026-03-03T11:53:21+00:00 ... 
[2026-03-03T12:36:30.522+0000] {external_task.py:244} INFO - Poking for tasks ['load_to_staging'] in dag dag_ingest_daily on 2026-03-03T11:53:21+00:00 ... 
[2026-03-03T12:37:30.579+0000] {external_task.py:244} INFO - Poking for tasks ['load_to_staging'] in dag dag_ingest_daily on 2026-03-03T11:53:21+00:00 ... 
[2026-03-03T12:38:30.614+0000] {external_task.py:244} INFO - Poking for tasks ['load_to_staging'] in dag dag_ingest_daily on 2026-03-03T11:53:21+00:00 ... 
[2026-03-03T12:39:30.653+0000] {external_task.py:244} INFO - Poking for tasks ['load_to_staging'] in dag dag_ingest_daily on 2026-03-03T11:53:21+00:00 ... 
[2026-03-03T12:40:30.708+0000] {external_task.py:244} INFO - Poking for tasks ['load_to_staging'] in dag dag_ingest_daily on 2026-03-03T11:53:21+00:00 ... 
[2026-03-03T12:41:30.787+0000] {external_task.py:244} INFO - Poking for tasks ['load_to_staging'] in dag dag_ingest_daily on 2026-03-03T11:53:21+00:00 ... 
[2026-03-03T12:42:30.830+0000] {external_task.py:244} INFO - Poking for tasks ['load_to_staging'] in dag dag_ingest_daily on 2026-03-03T11:53:21+00:00 ... 
[2026-03-03T12:43:30.902+0000] {external_task.py:244} INFO - Poking for tasks ['load_to_staging'] in dag dag_ingest_daily on 2026-03-03T11:53:21+00:00 ... 
[2026-03-03T12:44:30.970+0000] {external_task.py:244} INFO - Poking for tasks ['load_to_staging'] in dag dag_ingest_daily on 2026-03-03T11:53:21+00:00 ... 
[2026-03-03T12:45:31.016+0000] {external_task.py:244} INFO - Poking for tasks ['load_to_staging'] in dag dag_ingest_daily on 2026-03-03T11:53:21+00:00 ... 
[2026-03-03T12:46:31.049+0000] {external_task.py:244} INFO - Poking for tasks ['load_to_staging'] in dag dag_ingest_daily on 2026-03-03T11:53:21+00:00 ... 
[2026-03-03T12:47:31.098+0000] {external_task.py:244} INFO - Poking for tasks ['load_to_staging'] in dag dag_ingest_daily on 2026-03-03T11:53:21+00:00 ... 
[2026-03-03T12:48:31.138+0000] {external_task.py:244} INFO - Poking for tasks ['load_to_staging'] in dag dag_ingest_daily on 2026-03-03T11:53:21+00:00 ... 
[2026-03-03T12:49:31.186+0000] {external_task.py:244} INFO - Poking for tasks ['load_to_staging'] in dag dag_ingest_daily on 2026-03-03T11:53:21+00:00 ... 
[2026-03-03T12:50:31.229+0000] {external_task.py:244} INFO - Poking for tasks ['load_to_staging'] in dag dag_ingest_daily on 2026-03-03T11:53:21+00:00 ... 
[2026-03-03T12:51:31.296+0000] {external_task.py:244} INFO - Poking for tasks ['load_to_staging'] in dag dag_ingest_daily on 2026-03-03T11:53:21+00:00 ... 
[2026-03-03T12:52:31.377+0000] {external_task.py:244} INFO - Poking for tasks ['load_to_staging'] in dag dag_ingest_daily on 2026-03-03T11:53:21+00:00 ... 
[2026-03-03T12:53:31.422+0000] {external_task.py:244} INFO - Poking for tasks ['load_to_staging'] in dag dag_ingest_daily on 2026-03-03T11:53:21+00:00 ... 
[2026-03-03T12:54:31.468+0000] {external_task.py:244} INFO - Poking for tasks ['load_to_staging'] in dag dag_ingest_daily on 2026-03-03T11:53:21+00:00 ... 
[2026-03-03T12:55:31.566+0000] {external_task.py:244} INFO - Poking for tasks ['load_to_staging'] in dag dag_ingest_daily on 2026-03-03T11:53:21+00:00 ... 
[2026-03-03T12:56:31.622+0000] {external_task.py:244} INFO - Poking for tasks ['load_to_staging'] in dag dag_ingest_daily on 2026-03-03T11:53:21+00:00 ... 
[2026-03-03T12:57:31.683+0000] {external_task.py:244} INFO - Poking for tasks ['load_to_staging'] in dag dag_ingest_daily on 2026-03-03T11:53:21+00:00 ... 
[2026-03-03T12:58:31.723+0000] {external_task.py:244} INFO - Poking for tasks ['load_to_staging'] in dag dag_ingest_daily on 2026-03-03T11:53:21+00:00 ... 
[2026-03-03T12:59:31.770+0000] {external_task.py:244} INFO - Poking for tasks ['load_to_staging'] in dag dag_ingest_daily on 2026-03-03T11:53:21+00:00 ... 
[2026-03-03T13:00:31.794+0000] {external_task.py:244} INFO - Poking for tasks ['load_to_staging'] in dag dag_ingest_daily on 2026-03-03T11:53:21+00:00 ... 
[2026-03-03T13:01:31.824+0000] {external_task.py:244} INFO - Poking for tasks ['load_to_staging'] in dag dag_ingest_daily on 2026-03-03T11:53:21+00:00 ... 
[2026-03-03T13:02:31.846+0000] {external_task.py:244} INFO - Poking for tasks ['load_to_staging'] in dag dag_ingest_daily on 2026-03-03T11:53:21+00:00 ... 
[2026-03-03T13:03:31.890+0000] {external_task.py:244} INFO - Poking for tasks ['load_to_staging'] in dag dag_ingest_daily on 2026-03-03T11:53:21+00:00 ... 
[2026-03-03T13:04:07.941+0000] {local_task_job_runner.py:302} WARNING - State of this instance has been externally set to restarting. Terminating instance.
[2026-03-03T13:04:07.962+0000] {process_utils.py:131} INFO - Sending 15 to group 237. PIDs of all processes in the group: [237]
[2026-03-03T13:04:07.963+0000] {process_utils.py:86} INFO - Sending the signal 15 to group 237
[2026-03-03T13:04:07.968+0000] {taskinstance.py:2450} ERROR - Received SIGTERM. Terminating subprocesses.
[2026-03-03T13:04:08.033+0000] {taskinstance.py:2698} ERROR - Task failed with exception
Traceback (most recent call last):
  File "/home/airflow/.local/lib/python3.11/site-packages/airflow/models/taskinstance.py", line 433, in _execute_task
    result = execute_callable(context=context, **execute_callable_kwargs)
             ^^^^^^^^^^^^^^^^^^^^^^^^^^^^^^^^^^^^^^^^^^^^^^^^^^^^^^^^^^^^
  File "/home/airflow/.local/lib/python3.11/site-packages/airflow/sensors/external_task.py", line 334, in execute
    super().execute(context)
  File "/home/airflow/.local/lib/python3.11/site-packages/airflow/sensors/base.py", line 293, in execute
    time.sleep(self._get_next_poke_interval(started_at, run_duration, try_number))
  File "/home/airflow/.local/lib/python3.11/site-packages/airflow/models/taskinstance.py", line 2452, in signal_handler
    raise AirflowException("Task received SIGTERM signal")
airflow.exceptions.AirflowException: Task received SIGTERM signal
[2026-03-03T13:04:08.052+0000] {taskinstance.py:1138} INFO - Marking task as UP_FOR_RETRY. dag_id=dag_dbt_transform, task_id=wait_for_ingestion, execution_date=20260303T115321, start_date=20260303T121428, end_date=20260303T130408
[2026-03-03T13:04:08.088+0000] {standard_task_runner.py:107} ERROR - Failed to execute job 134 for task wait_for_ingestion (Task received SIGTERM signal; 237)
[2026-03-03T13:04:08.146+0000] {process_utils.py:79} INFO - Process psutil.Process(pid=237, status='terminated', exitcode=1, started='12:14:28') (237) terminated with exit code 1
