[2026-03-03T11:53:26.812+0000] {taskinstance.py:1956} INFO - Dependencies all met for dep_context=non-requeueable deps ti=<TaskInstance: dag_dbt_transform.wait_for_ingestion manual__2026-03-03T11:53:21+00:00 [queued]>
[2026-03-03T11:53:26.818+0000] {taskinstance.py:1956} INFO - Dependencies all met for dep_context=requeueable deps ti=<TaskInstance: dag_dbt_transform.wait_for_ingestion manual__2026-03-03T11:53:21+00:00 [queued]>
[2026-03-03T11:53:26.819+0000] {taskinstance.py:2170} INFO - Starting attempt 1 of 2
[2026-03-03T11:53:26.828+0000] {taskinstance.py:2191} INFO - Executing <Task(ExternalTaskSensor): wait_for_ingestion> on 2026-03-03 11:53:21+00:00
[2026-03-03T11:53:26.831+0000] {standard_task_runner.py:60} INFO - Started process 10180 to run task
[2026-03-03T11:53:26.834+0000] {standard_task_runner.py:87} INFO - Running: ['***', 'tasks', 'run', 'dag_dbt_transform', 'wait_for_ingestion', 'manual__2026-03-03T11:53:21+00:00', '--job-id', '91', '--raw', '--subdir', 'DAGS_FOLDER/dag_dbt_transform.py', '--cfg-path', '/tmp/tmphuh0eskl']
[2026-03-03T11:53:26.837+0000] {standard_task_runner.py:88} INFO - Job 91: Subtask wait_for_ingestion
[2026-03-03T11:53:26.882+0000] {task_command.py:423} INFO - Running <TaskInstance: dag_dbt_transform.wait_for_ingestion manual__2026-03-03T11:53:21+00:00 [running]> on host eccf479b3cda
[2026-03-03T11:53:26.966+0000] {taskinstance.py:2480} INFO - Exporting env vars: AIRFLOW_CTX_DAG_OWNER='de_team' AIRFLOW_CTX_DAG_ID='dag_dbt_transform' AIRFLOW_CTX_TASK_ID='wait_for_ingestion' AIRFLOW_CTX_EXECUTION_DATE='2026-03-03T11:53:21+00:00' AIRFLOW_CTX_TRY_NUMBER='1' AIRFLOW_CTX_DAG_RUN_ID='manual__2026-03-03T11:53:21+00:00'
[2026-03-03T11:53:26.967+0000] {external_task.py:244} INFO - Poking for tasks ['load_to_staging'] in dag dag_ingest_daily on 2026-03-03T11:53:21+00:00 ... 
[2026-03-03T11:54:27.012+0000] {external_task.py:244} INFO - Poking for tasks ['load_to_staging'] in dag dag_ingest_daily on 2026-03-03T11:53:21+00:00 ... 
[2026-03-03T11:55:27.088+0000] {external_task.py:244} INFO - Poking for tasks ['load_to_staging'] in dag dag_ingest_daily on 2026-03-03T11:53:21+00:00 ... 
[2026-03-03T11:56:27.155+0000] {external_task.py:244} INFO - Poking for tasks ['load_to_staging'] in dag dag_ingest_daily on 2026-03-03T11:53:21+00:00 ... 
[2026-03-03T11:57:27.200+0000] {external_task.py:244} INFO - Poking for tasks ['load_to_staging'] in dag dag_ingest_daily on 2026-03-03T11:53:21+00:00 ... 
[2026-03-03T11:58:27.252+0000] {external_task.py:244} INFO - Poking for tasks ['load_to_staging'] in dag dag_ingest_daily on 2026-03-03T11:53:21+00:00 ... 
[2026-03-03T11:59:27.290+0000] {external_task.py:244} INFO - Poking for tasks ['load_to_staging'] in dag dag_ingest_daily on 2026-03-03T11:53:21+00:00 ... 
[2026-03-03T12:00:00.781+0000] {local_task_job_runner.py:121} ERROR - Received SIGTERM. Terminating subprocesses
[2026-03-03T12:00:01.112+0000] {process_utils.py:131} INFO - Sending 15 to group 10180. PIDs of all processes in the group: [10180]
[2026-03-03T12:00:01.193+0000] {process_utils.py:86} INFO - Sending the signal 15 to group 10180
[2026-03-03T12:00:01.219+0000] {taskinstance.py:2450} ERROR - Received SIGTERM. Terminating subprocesses.
[2026-03-03T12:00:01.484+0000] {taskinstance.py:2698} ERROR - Task failed with exception
Traceback (most recent call last):
  File "/home/airflow/.local/lib/python3.11/site-packages/airflow/models/taskinstance.py", line 433, in _execute_task
    result = execute_callable(context=context, **execute_callable_kwargs)
             ^^^^^^^^^^^^^^^^^^^^^^^^^^^^^^^^^^^^^^^^^^^^^^^^^^^^^^^^^^^^
  File "/home/airflow/.local/lib/python3.11/site-packages/airflow/sensors/external_task.py", line 334, in execute
    super().execute(context)
  File "/home/airflow/.local/lib/python3.11/site-packages/airflow/sensors/base.py", line 293, in execute
    time.sleep(self._get_next_poke_interval(started_at, run_duration, try_number))
  File "/home/airflow/.local/lib/python3.11/site-packages/airflow/models/taskinstance.py", line 2452, in signal_handler
    raise AirflowException("Task received SIGTERM signal")
airflow.exceptions.AirflowException: Task received SIGTERM signal
[2026-03-03T12:00:01.527+0000] {taskinstance.py:1138} INFO - Marking task as UP_FOR_RETRY. dag_id=dag_dbt_transform, task_id=wait_for_ingestion, execution_date=20260303T115321, start_date=20260303T115326, end_date=20260303T120001
[2026-03-03T12:00:01.674+0000] {standard_task_runner.py:107} ERROR - Failed to execute job 91 for task wait_for_ingestion (Task received SIGTERM signal; 10180)
[2026-03-03T12:00:01.729+0000] {process_utils.py:79} INFO - Process psutil.Process(pid=10180, status='terminated', exitcode=1, started='11:53:26') (10180) terminated with exit code 1
[2026-03-03T12:00:01.735+0000] {local_task_job_runner.py:234} INFO - Task exited with return code 143
