[2026-03-03T12:05:02.991+0000] {taskinstance.py:1956} INFO - Dependencies all met for dep_context=non-requeueable deps ti=<TaskInstance: dag_dbt_transform.wait_for_ingestion manual__2026-03-03T11:53:21+00:00 [queued]>
[2026-03-03T12:05:03.000+0000] {taskinstance.py:1956} INFO - Dependencies all met for dep_context=requeueable deps ti=<TaskInstance: dag_dbt_transform.wait_for_ingestion manual__2026-03-03T11:53:21+00:00 [queued]>
[2026-03-03T12:05:03.005+0000] {taskinstance.py:2170} INFO - Starting attempt 2 of 2
[2026-03-03T12:05:03.029+0000] {taskinstance.py:2191} INFO - Executing <Task(ExternalTaskSensor): wait_for_ingestion> on 2026-03-03 11:53:21+00:00
[2026-03-03T12:05:03.040+0000] {standard_task_runner.py:60} INFO - Started process 355 to run task
[2026-03-03T12:05:03.047+0000] {standard_task_runner.py:87} INFO - Running: ['***', 'tasks', 'run', 'dag_dbt_transform', 'wait_for_ingestion', 'manual__2026-03-03T11:53:21+00:00', '--job-id', '112', '--raw', '--subdir', 'DAGS_FOLDER/dag_dbt_transform.py', '--cfg-path', '/tmp/tmp2gwlbljp']
[2026-03-03T12:05:03.052+0000] {standard_task_runner.py:88} INFO - Job 112: Subtask wait_for_ingestion
[2026-03-03T12:05:03.164+0000] {task_command.py:423} INFO - Running <TaskInstance: dag_dbt_transform.wait_for_ingestion manual__2026-03-03T11:53:21+00:00 [running]> on host 858cd869c16e
[2026-03-03T12:05:03.424+0000] {taskinstance.py:2480} INFO - Exporting env vars: AIRFLOW_CTX_DAG_OWNER='de_team' AIRFLOW_CTX_DAG_ID='dag_dbt_transform' AIRFLOW_CTX_TASK_ID='wait_for_ingestion' AIRFLOW_CTX_EXECUTION_DATE='2026-03-03T11:53:21+00:00' AIRFLOW_CTX_TRY_NUMBER='2' AIRFLOW_CTX_DAG_RUN_ID='manual__2026-03-03T11:53:21+00:00'
[2026-03-03T12:05:03.432+0000] {external_task.py:244} INFO - Poking for tasks ['load_to_staging'] in dag dag_ingest_daily on 2026-03-03T11:53:21+00:00 ... 
[2026-03-03T12:06:03.461+0000] {external_task.py:244} INFO - Poking for tasks ['load_to_staging'] in dag dag_ingest_daily on 2026-03-03T11:53:21+00:00 ... 
[2026-03-03T12:07:03.517+0000] {external_task.py:244} INFO - Poking for tasks ['load_to_staging'] in dag dag_ingest_daily on 2026-03-03T11:53:21+00:00 ... 
[2026-03-03T12:08:03.592+0000] {external_task.py:244} INFO - Poking for tasks ['load_to_staging'] in dag dag_ingest_daily on 2026-03-03T11:53:21+00:00 ... 
[2026-03-03T12:09:03.735+0000] {external_task.py:244} INFO - Poking for tasks ['load_to_staging'] in dag dag_ingest_daily on 2026-03-03T11:53:21+00:00 ... 
[2026-03-03T12:10:03.789+0000] {external_task.py:244} INFO - Poking for tasks ['load_to_staging'] in dag dag_ingest_daily on 2026-03-03T11:53:21+00:00 ... 
[2026-03-03T12:11:03.894+0000] {external_task.py:244} INFO - Poking for tasks ['load_to_staging'] in dag dag_ingest_daily on 2026-03-03T11:53:21+00:00 ... 
[2026-03-03T12:12:03.968+0000] {external_task.py:244} INFO - Poking for tasks ['load_to_staging'] in dag dag_ingest_daily on 2026-03-03T11:53:21+00:00 ... 
[2026-03-03T12:13:04.040+0000] {external_task.py:244} INFO - Poking for tasks ['load_to_staging'] in dag dag_ingest_daily on 2026-03-03T11:53:21+00:00 ... 
[2026-03-03T12:13:50.564+0000] {local_task_job_runner.py:121} ERROR - Received SIGTERM. Terminating subprocesses
[2026-03-03T12:13:50.945+0000] {process_utils.py:131} INFO - Sending 15 to group 355. PIDs of all processes in the group: [355]
[2026-03-03T12:13:51.100+0000] {process_utils.py:86} INFO - Sending the signal 15 to group 355
[2026-03-03T12:13:51.120+0000] {taskinstance.py:2450} ERROR - Received SIGTERM. Terminating subprocesses.
