[2026-03-03T16:26:03.570+0000] {taskinstance.py:1956} INFO - Dependencies all met for dep_context=non-requeueable deps ti=<TaskInstance: dag_ingest_daily.load_to_staging manual__2026-03-02T16:25:46+00:00 [queued]>
[2026-03-03T16:26:03.577+0000] {taskinstance.py:1956} INFO - Dependencies all met for dep_context=requeueable deps ti=<TaskInstance: dag_ingest_daily.load_to_staging manual__2026-03-02T16:25:46+00:00 [queued]>
[2026-03-03T16:26:03.577+0000] {taskinstance.py:2170} INFO - Starting attempt 1 of 3
[2026-03-03T16:26:03.586+0000] {taskinstance.py:2191} INFO - Executing <Task(PythonOperator): load_to_staging> on 2026-03-02 16:25:46+00:00
[2026-03-03T16:26:03.590+0000] {standard_task_runner.py:60} INFO - Started process 8363 to run task
[2026-03-03T16:26:03.594+0000] {standard_task_runner.py:87} INFO - Running: ['***', 'tasks', 'run', 'dag_ingest_daily', 'load_to_staging', 'manual__2026-03-02T16:25:46+00:00', '--job-id', '268', '--raw', '--subdir', 'DAGS_FOLDER/dag_ingest_daily.py', '--cfg-path', '/tmp/tmp_spo3bfy']
[2026-03-03T16:26:03.596+0000] {standard_task_runner.py:88} INFO - Job 268: Subtask load_to_staging
[2026-03-03T16:26:03.647+0000] {task_command.py:423} INFO - Running <TaskInstance: dag_ingest_daily.load_to_staging manual__2026-03-02T16:25:46+00:00 [running]> on host 353218a5daef
[2026-03-03T16:26:03.715+0000] {taskinstance.py:2480} INFO - Exporting env vars: AIRFLOW_CTX_DAG_OWNER='de_team' AIRFLOW_CTX_DAG_ID='dag_ingest_daily' AIRFLOW_CTX_TASK_ID='load_to_staging' AIRFLOW_CTX_EXECUTION_DATE='2026-03-02T16:25:46+00:00' AIRFLOW_CTX_TRY_NUMBER='1' AIRFLOW_CTX_DAG_RUN_ID='manual__2026-03-02T16:25:46+00:00'
[2026-03-03T16:26:04.019+0000] {loader.py:39} INFO - StagingLoader connected to staging@clickhouse_olap
[2026-03-03T16:26:04.019+0000] {loader.py:86} INFO - === Loading to staging (exec_date=2026-03-02) ===
[2026-03-03T16:26:04.028+0000] {loader.py:55} INFO -   Truncated staging.stg_users
[2026-03-03T16:26:04.049+0000] {loader.py:82} INFO -   ✅ Loaded 500 rows → staging.stg_users
[2026-03-03T16:26:04.066+0000] {loader.py:55} INFO -   Truncated staging.stg_sellers
[2026-03-03T16:26:04.079+0000] {loader.py:82} INFO -   ✅ Loaded 50 rows → staging.stg_sellers
[2026-03-03T16:26:04.088+0000] {loader.py:55} INFO -   Truncated staging.stg_products
[2026-03-03T16:26:04.110+0000] {loader.py:82} INFO -   ✅ Loaded 200 rows → staging.stg_products
[2026-03-03T16:26:04.121+0000] {loader.py:55} INFO -   Truncated staging.stg_categories
[2026-03-03T16:26:04.152+0000] {loader.py:82} INFO -   ✅ Loaded 10 rows → staging.stg_categories
[2026-03-03T16:26:04.688+0000] {loader.py:82} INFO -   ✅ Loaded 2,000 rows → staging.stg_orders
[2026-03-03T16:26:04.726+0000] {loader.py:82} INFO -   ✅ Loaded 3,344 rows → staging.stg_order_items
[2026-03-03T16:26:04.726+0000] {loader.py:89} INFO - === Staging load complete ===
[2026-03-03T16:26:04.727+0000] {logging_mixin.py:188} INFO - ✅ Staging load complete
[2026-03-03T16:26:04.727+0000] {python.py:201} INFO - Done. Returned value was: None
[2026-03-03T16:26:04.741+0000] {taskinstance.py:1138} INFO - Marking task as SUCCESS. dag_id=dag_ingest_daily, task_id=load_to_staging, execution_date=20260302T162546, start_date=20260303T162603, end_date=20260303T162604
[2026-03-03T16:26:04.764+0000] {local_task_job_runner.py:234} INFO - Task exited with return code 0
[2026-03-03T16:26:04.800+0000] {taskinstance.py:3280} INFO - 0 downstream tasks scheduled from follow-on schedule check
