[2026-03-03T13:13:27.121+0000] {taskinstance.py:1956} INFO - Dependencies all met for dep_context=non-requeueable deps ti=<TaskInstance: dag_dbt_transform.dbt_debug manual__2026-03-03T05:01:01+00:00 [queued]>
[2026-03-03T13:13:27.179+0000] {taskinstance.py:1956} INFO - Dependencies all met for dep_context=requeueable deps ti=<TaskInstance: dag_dbt_transform.dbt_debug manual__2026-03-03T05:01:01+00:00 [queued]>
[2026-03-03T13:13:27.187+0000] {taskinstance.py:2170} INFO - Starting attempt 3 of 4
[2026-03-03T13:13:27.249+0000] {taskinstance.py:2191} INFO - Executing <Task(BashOperator): dbt_debug> on 2026-03-03 05:01:01+00:00
[2026-03-03T13:13:27.261+0000] {standard_task_runner.py:60} INFO - Started process 1153 to run task
[2026-03-03T13:13:27.269+0000] {standard_task_runner.py:87} INFO - Running: ['***', 'tasks', 'run', 'dag_dbt_transform', 'dbt_debug', 'manual__2026-03-03T05:01:01+00:00', '--job-id', '223', '--raw', '--subdir', 'DAGS_FOLDER/dag_dbt_transform.py', '--cfg-path', '/tmp/tmpqun9pjne']
[2026-03-03T13:13:27.301+0000] {standard_task_runner.py:88} INFO - Job 223: Subtask dbt_debug
[2026-03-03T13:13:27.654+0000] {task_command.py:423} INFO - Running <TaskInstance: dag_dbt_transform.dbt_debug manual__2026-03-03T05:01:01+00:00 [running]> on host 353218a5daef
[2026-03-03T13:13:28.218+0000] {taskinstance.py:2480} INFO - Exporting env vars: AIRFLOW_CTX_DAG_OWNER='de_team' AIRFLOW_CTX_DAG_ID='dag_dbt_transform' AIRFLOW_CTX_TASK_ID='dbt_debug' AIRFLOW_CTX_EXECUTION_DATE='2026-03-03T05:01:01+00:00' AIRFLOW_CTX_TRY_NUMBER='3' AIRFLOW_CTX_DAG_RUN_ID='manual__2026-03-03T05:01:01+00:00'
[2026-03-03T13:13:28.243+0000] {subprocess.py:63} INFO - Tmp dir root location: /tmp
[2026-03-03T13:13:28.252+0000] {subprocess.py:75} INFO - Running command: ['/usr/bin/bash', '-c', 'cd /opt/***/dbt && dbt debug --profiles-dir /opt/***/dbt --project-dir /opt/***/dbt || true']
[2026-03-03T13:13:28.312+0000] {subprocess.py:86} INFO - Output:
[2026-03-03T13:13:41.543+0000] {subprocess.py:93} INFO - [0m13:13:41  Running with dbt=1.11.6
[2026-03-03T13:13:41.600+0000] {subprocess.py:93} INFO - [0m13:13:41  dbt version: 1.11.6
[2026-03-03T13:13:41.605+0000] {subprocess.py:93} INFO - [0m13:13:41  python version: 3.11.8
[2026-03-03T13:13:41.623+0000] {subprocess.py:93} INFO - [0m13:13:41  python path: /usr/local/bin/python
[2026-03-03T13:13:41.628+0000] {subprocess.py:93} INFO - [0m13:13:41  os info: Linux-6.10.14-linuxkit-aarch64-with-glibc2.36
[2026-03-03T13:13:42.276+0000] {subprocess.py:93} INFO - [0m13:13:42  Using profiles dir at /opt/***/dbt
[2026-03-03T13:13:42.317+0000] {subprocess.py:93} INFO - [0m13:13:42  Using profiles.yml file at /opt/***/dbt/profiles.yml
[2026-03-03T13:13:42.326+0000] {subprocess.py:93} INFO - [0m13:13:42  Using dbt_project.yml file at /opt/***/dbt/dbt_project.yml
[2026-03-03T13:13:42.332+0000] {subprocess.py:93} INFO - [0m13:13:42  adapter type: clickhouse
[2026-03-03T13:13:42.334+0000] {subprocess.py:93} INFO - [0m13:13:42  adapter version: 1.10.0
[2026-03-03T13:13:43.051+0000] {subprocess.py:93} INFO - [0m13:13:43  Configuration:
[2026-03-03T13:13:43.092+0000] {subprocess.py:93} INFO - [0m13:13:43    profiles.yml file [[32mOK found and valid[0m]
[2026-03-03T13:13:43.131+0000] {subprocess.py:93} INFO - [0m13:13:43    dbt_project.yml file [[32mOK found and valid[0m]
[2026-03-03T13:13:43.135+0000] {subprocess.py:93} INFO - [0m13:13:43  Required dependencies:
[2026-03-03T13:13:43.152+0000] {subprocess.py:93} INFO - [0m13:13:43   - git [[31mERROR[0m]
[2026-03-03T13:13:43.158+0000] {subprocess.py:93} INFO - 
[2026-03-03T13:13:43.158+0000] {subprocess.py:93} INFO - [0m13:13:43  Connection:
[2026-03-03T13:13:43.163+0000] {subprocess.py:93} INFO - [0m13:13:43    driver: None
[2026-03-03T13:13:43.165+0000] {subprocess.py:93} INFO - [0m13:13:43    host: clickhouse_olap
[2026-03-03T13:13:43.168+0000] {subprocess.py:93} INFO - [0m13:13:43    port: 8123
[2026-03-03T13:13:43.171+0000] {subprocess.py:93} INFO - [0m13:13:43    user: default
[2026-03-03T13:13:43.174+0000] {subprocess.py:93} INFO - [0m13:13:43    schema: staging
[2026-03-03T13:13:43.180+0000] {subprocess.py:93} INFO - [0m13:13:43    retries: 1
[2026-03-03T13:13:43.181+0000] {subprocess.py:93} INFO - [0m13:13:43    cluster: None
[2026-03-03T13:13:43.183+0000] {subprocess.py:93} INFO - [0m13:13:43    database_engine: None
[2026-03-03T13:13:43.185+0000] {subprocess.py:93} INFO - [0m13:13:43    cluster_mode: False
[2026-03-03T13:13:43.188+0000] {subprocess.py:93} INFO - [0m13:13:43    secure: False
[2026-03-03T13:13:43.194+0000] {subprocess.py:93} INFO - [0m13:13:43    verify: True
[2026-03-03T13:13:43.196+0000] {subprocess.py:93} INFO - [0m13:13:43    client_cert: None
[2026-03-03T13:13:43.201+0000] {subprocess.py:93} INFO - [0m13:13:43    client_cert_key: None
[2026-03-03T13:13:43.202+0000] {subprocess.py:93} INFO - [0m13:13:43    connect_timeout: 10
[2026-03-03T13:13:43.206+0000] {subprocess.py:93} INFO - [0m13:13:43    send_receive_timeout: 300
[2026-03-03T13:13:43.209+0000] {subprocess.py:93} INFO - [0m13:13:43    sync_request_timeout: 5
[2026-03-03T13:13:43.276+0000] {subprocess.py:93} INFO - [0m13:13:43    compress_block_size: 1048576
[2026-03-03T13:13:43.285+0000] {subprocess.py:93} INFO - [0m13:13:43    compression:
[2026-03-03T13:13:43.289+0000] {subprocess.py:93} INFO - [0m13:13:43    check_exchange: True
[2026-03-03T13:13:43.293+0000] {subprocess.py:93} INFO - [0m13:13:43    custom_settings: None
[2026-03-03T13:13:43.300+0000] {subprocess.py:93} INFO - [0m13:13:43    use_lw_deletes: False
[2026-03-03T13:13:43.314+0000] {subprocess.py:93} INFO - [0m13:13:43    allow_automatic_deduplication: False
[2026-03-03T13:13:43.342+0000] {subprocess.py:93} INFO - [0m13:13:43    tcp_keepalive: False
[2026-03-03T13:13:43.350+0000] {subprocess.py:93} INFO - [0m13:13:43  Registered adapter: clickhouse=1.10.0
[2026-03-03T13:13:47.016+0000] {subprocess.py:93} INFO - [0m13:13:47    Connection test: [[32mOK connection ok[0m]
[2026-03-03T13:13:47.064+0000] {subprocess.py:93} INFO - 
[2026-03-03T13:13:47.090+0000] {subprocess.py:93} INFO - [0m13:13:47  [31m1 check failed:[0m
[2026-03-03T13:13:47.133+0000] {subprocess.py:93} INFO - [0m13:13:47  Error from git --help: User does not have permissions for this command: "git"
[2026-03-03T13:13:47.159+0000] {subprocess.py:93} INFO - 
[2026-03-03T13:13:54.462+0000] {subprocess.py:97} INFO - Command exited with return code 0
[2026-03-03T13:13:54.866+0000] {taskinstance.py:1138} INFO - Marking task as SUCCESS. dag_id=dag_dbt_transform, task_id=dbt_debug, execution_date=20260303T050101, start_date=20260303T131327, end_date=20260303T131354
[2026-03-03T13:13:55.012+0000] {local_task_job_runner.py:234} INFO - Task exited with return code 0
[2026-03-03T13:13:55.740+0000] {taskinstance.py:3280} INFO - 1 downstream tasks scheduled from follow-on schedule check
