[2026-03-03T13:11:14.777+0000] {taskinstance.py:1956} INFO - Dependencies all met for dep_context=non-requeueable deps ti=<TaskInstance: dag_ingest_daily.extract scheduled__2026-02-28T01:00:00+00:00 [queued]>
[2026-03-03T13:11:14.881+0000] {taskinstance.py:1956} INFO - Dependencies all met for dep_context=requeueable deps ti=<TaskInstance: dag_ingest_daily.extract scheduled__2026-02-28T01:00:00+00:00 [queued]>
[2026-03-03T13:11:14.891+0000] {taskinstance.py:2170} INFO - Starting attempt 2 of 4
[2026-03-03T13:11:15.575+0000] {taskinstance.py:2191} INFO - Executing <Task(PythonOperator): extract> on 2026-02-28 01:00:00+00:00
[2026-03-03T13:11:15.626+0000] {standard_task_runner.py:60} INFO - Started process 451 to run task
[2026-03-03T13:11:15.659+0000] {standard_task_runner.py:87} INFO - Running: ['***', 'tasks', 'run', 'dag_ingest_daily', 'extract', 'scheduled__2026-02-28T01:00:00+00:00', '--job-id', '151', '--raw', '--subdir', 'DAGS_FOLDER/dag_ingest_daily.py', '--cfg-path', '/tmp/tmpewk1mhl2']
[2026-03-03T13:11:15.704+0000] {standard_task_runner.py:88} INFO - Job 151: Subtask extract
[2026-03-03T13:11:17.223+0000] {task_command.py:423} INFO - Running <TaskInstance: dag_ingest_daily.extract scheduled__2026-02-28T01:00:00+00:00 [running]> on host 353218a5daef
[2026-03-03T13:11:19.669+0000] {taskinstance.py:2480} INFO - Exporting env vars: AIRFLOW_CTX_DAG_OWNER='de_team' AIRFLOW_CTX_DAG_ID='dag_ingest_daily' AIRFLOW_CTX_TASK_ID='extract' AIRFLOW_CTX_EXECUTION_DATE='2026-02-28T01:00:00+00:00' AIRFLOW_CTX_TRY_NUMBER='2' AIRFLOW_CTX_DAG_RUN_ID='scheduled__2026-02-28T01:00:00+00:00'
[2026-03-03T13:11:33.013+0000] {extractor.py:40} INFO - Connected to ecommerce_oltp@postgres_oltp
[2026-03-03T13:11:33.060+0000] {extractor.py:135} INFO - === Daily extraction for 2026-02-28 ===
[2026-03-03T13:11:33.068+0000] {extractor.py:113} INFO - Extracting static table: users
[2026-03-03T13:11:33.070+0000] {extractor.py:66} INFO - Full extract: users
[2026-03-03T13:11:33.218+0000] {extractor.py:61} INFO -   Fetched 500 rows
[2026-03-03T13:11:33.226+0000] {extractor.py:113} INFO - Extracting static table: sellers
[2026-03-03T13:11:33.229+0000] {extractor.py:66} INFO - Full extract: sellers
[2026-03-03T13:11:33.289+0000] {extractor.py:61} INFO -   Fetched 50 rows
[2026-03-03T13:11:33.300+0000] {extractor.py:113} INFO - Extracting static table: products
[2026-03-03T13:11:33.344+0000] {extractor.py:66} INFO - Full extract: products
[2026-03-03T13:11:33.484+0000] {extractor.py:61} INFO -   Fetched 200 rows
[2026-03-03T13:11:33.518+0000] {extractor.py:113} INFO - Extracting static table: categories
[2026-03-03T13:11:33.531+0000] {extractor.py:66} INFO - Full extract: categories
[2026-03-03T13:11:33.610+0000] {extractor.py:61} INFO -   Fetched 10 rows
[2026-03-03T13:11:33.654+0000] {extractor.py:74} INFO - Incremental extract: orders since 2026-02-28
[2026-03-03T13:11:33.825+0000] {extractor.py:61} INFO -   Fetched 9 rows
[2026-03-03T13:11:33.853+0000] {extractor.py:94} INFO - Incremental extract: order_items since 2026-02-28
[2026-03-03T13:11:33.990+0000] {extractor.py:61} INFO -   Fetched 14 rows
[2026-03-03T13:11:34.004+0000] {extractor.py:141} INFO -   users: 500 rows extracted
[2026-03-03T13:11:34.009+0000] {extractor.py:141} INFO -   sellers: 50 rows extracted
[2026-03-03T13:11:34.018+0000] {extractor.py:141} INFO -   products: 200 rows extracted
[2026-03-03T13:11:34.032+0000] {extractor.py:141} INFO -   categories: 10 rows extracted
[2026-03-03T13:11:34.042+0000] {extractor.py:141} INFO -   orders: 9 rows extracted
[2026-03-03T13:11:34.052+0000] {extractor.py:141} INFO -   order_items: 14 rows extracted
[2026-03-03T13:11:34.097+0000] {extractor.py:46} INFO - Connection closed
[2026-03-03T13:11:36.699+0000] {logging_mixin.py:188} INFO - ✅ Extracted 783 total rows
[2026-03-03T13:11:36.783+0000] {python.py:201} INFO - Done. Returned value was: None
[2026-03-03T13:11:36.959+0000] {taskinstance.py:1138} INFO - Marking task as SUCCESS. dag_id=dag_ingest_daily, task_id=extract, execution_date=20260228T010000, start_date=20260303T131114, end_date=20260303T131136
[2026-03-03T13:11:38.176+0000] {local_task_job_runner.py:234} INFO - Task exited with return code 0
[2026-03-03T13:11:39.126+0000] {taskinstance.py:3280} INFO - 1 downstream tasks scheduled from follow-on schedule check
