[2026-03-01T01:09:21.229+0000] {taskinstance.py:1956} INFO - Dependencies all met for dep_context=non-requeueable deps ti=<TaskInstance: dag_ingest_daily.extract scheduled__2026-02-28T01:00:00+00:00 [queued]>
[2026-03-01T01:09:21.240+0000] {taskinstance.py:1956} INFO - Dependencies all met for dep_context=requeueable deps ti=<TaskInstance: dag_ingest_daily.extract scheduled__2026-02-28T01:00:00+00:00 [queued]>
[2026-03-01T01:09:21.241+0000] {taskinstance.py:2170} INFO - Starting attempt 1 of 3
[2026-03-01T01:09:21.255+0000] {taskinstance.py:2191} INFO - Executing <Task(PythonOperator): extract> on 2026-02-28 01:00:00+00:00
[2026-03-01T01:09:21.261+0000] {standard_task_runner.py:60} INFO - Started process 7042 to run task
[2026-03-01T01:09:21.269+0000] {standard_task_runner.py:87} INFO - Running: ['***', 'tasks', 'run', 'dag_ingest_daily', 'extract', 'scheduled__2026-02-28T01:00:00+00:00', '--job-id', '24', '--raw', '--subdir', 'DAGS_FOLDER/dag_ingest_daily.py', '--cfg-path', '/tmp/tmplfditf21']
[2026-03-01T01:09:21.275+0000] {standard_task_runner.py:88} INFO - Job 24: Subtask extract
[2026-03-01T01:09:21.421+0000] {task_command.py:423} INFO - Running <TaskInstance: dag_ingest_daily.extract scheduled__2026-02-28T01:00:00+00:00 [running]> on host bf83715ed995
[2026-03-01T01:09:21.952+0000] {taskinstance.py:2480} INFO - Exporting env vars: AIRFLOW_CTX_DAG_OWNER='de_team' AIRFLOW_CTX_DAG_ID='dag_ingest_daily' AIRFLOW_CTX_TASK_ID='extract' AIRFLOW_CTX_EXECUTION_DATE='2026-02-28T01:00:00+00:00' AIRFLOW_CTX_TRY_NUMBER='1' AIRFLOW_CTX_DAG_RUN_ID='scheduled__2026-02-28T01:00:00+00:00'
[2026-03-01T01:09:23.844+0000] {extractor.py:40} INFO - Connected to ecommerce_oltp@postgres_oltp
[2026-03-01T01:09:23.845+0000] {extractor.py:135} INFO - === Daily extraction for 2026-02-28 ===
[2026-03-01T01:09:23.845+0000] {extractor.py:113} INFO - Extracting static table: users
[2026-03-01T01:09:23.845+0000] {extractor.py:66} INFO - Full extract: users
[2026-03-01T01:09:23.863+0000] {extractor.py:61} INFO -   Fetched 500 rows
[2026-03-01T01:09:23.863+0000] {extractor.py:113} INFO - Extracting static table: sellers
[2026-03-01T01:09:23.863+0000] {extractor.py:66} INFO - Full extract: sellers
[2026-03-01T01:09:23.865+0000] {extractor.py:61} INFO -   Fetched 50 rows
[2026-03-01T01:09:23.865+0000] {extractor.py:113} INFO - Extracting static table: products
[2026-03-01T01:09:23.865+0000] {extractor.py:66} INFO - Full extract: products
[2026-03-01T01:09:23.871+0000] {extractor.py:61} INFO -   Fetched 200 rows
[2026-03-01T01:09:23.871+0000] {extractor.py:113} INFO - Extracting static table: categories
[2026-03-01T01:09:23.871+0000] {extractor.py:66} INFO - Full extract: categories
[2026-03-01T01:09:23.872+0000] {extractor.py:61} INFO -   Fetched 10 rows
[2026-03-01T01:09:23.872+0000] {extractor.py:74} INFO - Incremental extract: orders since 2026-02-28
[2026-03-01T01:09:23.881+0000] {extractor.py:61} INFO -   Fetched 9 rows
[2026-03-01T01:09:23.881+0000] {extractor.py:94} INFO - Incremental extract: order_items since 2026-02-28
[2026-03-01T01:09:23.885+0000] {extractor.py:61} INFO -   Fetched 14 rows
[2026-03-01T01:09:23.885+0000] {extractor.py:141} INFO -   users: 500 rows extracted
[2026-03-01T01:09:23.885+0000] {extractor.py:141} INFO -   sellers: 50 rows extracted
[2026-03-01T01:09:23.886+0000] {extractor.py:141} INFO -   products: 200 rows extracted
[2026-03-01T01:09:23.886+0000] {extractor.py:141} INFO -   categories: 10 rows extracted
[2026-03-01T01:09:23.886+0000] {extractor.py:141} INFO -   orders: 9 rows extracted
[2026-03-01T01:09:23.886+0000] {extractor.py:141} INFO -   order_items: 14 rows extracted
[2026-03-01T01:09:23.886+0000] {extractor.py:46} INFO - Connection closed
[2026-03-01T01:09:24.046+0000] {logging_mixin.py:188} INFO - ✅ Extracted 783 total rows
[2026-03-01T01:09:24.047+0000] {python.py:201} INFO - Done. Returned value was: None
[2026-03-01T01:09:24.060+0000] {taskinstance.py:1138} INFO - Marking task as SUCCESS. dag_id=dag_ingest_daily, task_id=extract, execution_date=20260228T010000, start_date=20260301T010921, end_date=20260301T010924
[2026-03-01T01:09:24.129+0000] {local_task_job_runner.py:234} INFO - Task exited with return code 0
[2026-03-01T01:09:24.164+0000] {taskinstance.py:3280} INFO - 1 downstream tasks scheduled from follow-on schedule check
