[2026-03-03T13:12:14.398+0000] {taskinstance.py:1956} INFO - Dependencies all met for dep_context=non-requeueable deps ti=<TaskInstance: dag_ingest_daily.load_to_staging manual__2026-02-27T14:15:45.743211+00:00 [queued]>
[2026-03-03T13:12:14.594+0000] {taskinstance.py:1956} INFO - Dependencies all met for dep_context=requeueable deps ti=<TaskInstance: dag_ingest_daily.load_to_staging manual__2026-02-27T14:15:45.743211+00:00 [queued]>
[2026-03-03T13:12:14.637+0000] {taskinstance.py:2170} INFO - Starting attempt 2 of 4
[2026-03-03T13:12:16.149+0000] {taskinstance.py:2191} INFO - Executing <Task(PythonOperator): load_to_staging> on 2026-02-27 14:15:45.743211+00:00
[2026-03-03T13:12:16.340+0000] {standard_task_runner.py:60} INFO - Started process 777 to run task
[2026-03-03T13:12:16.542+0000] {standard_task_runner.py:87} INFO - Running: ['***', 'tasks', 'run', 'dag_ingest_daily', 'load_to_staging', 'manual__2026-02-27T14:15:45.743211+00:00', '--job-id', '186', '--raw', '--subdir', 'DAGS_FOLDER/dag_ingest_daily.py', '--cfg-path', '/tmp/tmppkfqa2ek']
[2026-03-03T13:12:16.642+0000] {standard_task_runner.py:88} INFO - Job 186: Subtask load_to_staging
[2026-03-03T13:12:19.322+0000] {task_command.py:423} INFO - Running <TaskInstance: dag_ingest_daily.load_to_staging manual__2026-02-27T14:15:45.743211+00:00 [running]> on host 353218a5daef
[2026-03-03T13:12:24.390+0000] {taskinstance.py:2480} INFO - Exporting env vars: AIRFLOW_CTX_DAG_OWNER='de_team' AIRFLOW_CTX_DAG_ID='dag_ingest_daily' AIRFLOW_CTX_TASK_ID='load_to_staging' AIRFLOW_CTX_EXECUTION_DATE='2026-02-27T14:15:45.743211+00:00' AIRFLOW_CTX_TRY_NUMBER='2' AIRFLOW_CTX_DAG_RUN_ID='manual__2026-02-27T14:15:45.743211+00:00'
[2026-03-03T13:12:34.224+0000] {loader.py:39} INFO - StagingLoader connected to staging@clickhouse_olap
[2026-03-03T13:12:34.273+0000] {loader.py:86} INFO - === Loading to staging (exec_date=2026-02-27) ===
[2026-03-03T13:12:35.171+0000] {loader.py:55} INFO -   Truncated staging.stg_users
[2026-03-03T13:12:36.177+0000] {loader.py:82} INFO -   ✅ Loaded 500 rows → staging.stg_users
[2026-03-03T13:12:36.557+0000] {loader.py:55} INFO -   Truncated staging.stg_sellers
[2026-03-03T13:12:36.987+0000] {loader.py:82} INFO -   ✅ Loaded 50 rows → staging.stg_sellers
[2026-03-03T13:12:37.392+0000] {loader.py:55} INFO -   Truncated staging.stg_products
[2026-03-03T13:12:38.469+0000] {loader.py:82} INFO -   ✅ Loaded 200 rows → staging.stg_products
[2026-03-03T13:12:38.499+0000] {loader.py:55} INFO -   Truncated staging.stg_categories
[2026-03-03T13:12:38.879+0000] {loader.py:82} INFO -   ✅ Loaded 10 rows → staging.stg_categories
[2026-03-03T13:12:39.343+0000] {loader.py:82} INFO -   ✅ Loaded 18 rows → staging.stg_orders
[2026-03-03T13:12:40.142+0000] {loader.py:82} INFO -   ✅ Loaded 29 rows → staging.stg_order_items
[2026-03-03T13:12:40.166+0000] {loader.py:89} INFO - === Staging load complete ===
[2026-03-03T13:12:40.185+0000] {logging_mixin.py:188} INFO - ✅ Staging load complete
[2026-03-03T13:12:40.200+0000] {python.py:201} INFO - Done. Returned value was: None
[2026-03-03T13:12:40.598+0000] {taskinstance.py:1138} INFO - Marking task as SUCCESS. dag_id=dag_ingest_daily, task_id=load_to_staging, execution_date=20260227T141545, start_date=20260303T131214, end_date=20260303T131240
[2026-03-03T13:12:41.366+0000] {local_task_job_runner.py:234} INFO - Task exited with return code 0
[2026-03-03T13:12:41.948+0000] {taskinstance.py:3280} INFO - 0 downstream tasks scheduled from follow-on schedule check
