[2026-03-03T13:15:02.862+0000] {taskinstance.py:1956} INFO - Dependencies all met for dep_context=non-requeueable deps ti=<TaskInstance: dag_dbt_transform.dbt_run_marts manual__2026-03-03T11:34:59+00:00 [queued]>
[2026-03-03T13:15:03.018+0000] {taskinstance.py:1956} INFO - Dependencies all met for dep_context=requeueable deps ti=<TaskInstance: dag_dbt_transform.dbt_run_marts manual__2026-03-03T11:34:59+00:00 [queued]>
[2026-03-03T13:15:03.022+0000] {taskinstance.py:2170} INFO - Starting attempt 2 of 3
[2026-03-03T13:15:04.165+0000] {taskinstance.py:2191} INFO - Executing <Task(BashOperator): dbt_run_marts> on 2026-03-03 11:34:59+00:00
[2026-03-03T13:15:04.227+0000] {standard_task_runner.py:60} INFO - Started process 1470 to run task
[2026-03-03T13:15:04.297+0000] {standard_task_runner.py:87} INFO - Running: ['***', 'tasks', 'run', 'dag_dbt_transform', 'dbt_run_marts', 'manual__2026-03-03T11:34:59+00:00', '--job-id', '235', '--raw', '--subdir', 'DAGS_FOLDER/dag_dbt_transform.py', '--cfg-path', '/tmp/tmpjqtvvtxy']
[2026-03-03T13:15:04.366+0000] {standard_task_runner.py:88} INFO - Job 235: Subtask dbt_run_marts
[2026-03-03T13:15:04.815+0000] {task_command.py:423} INFO - Running <TaskInstance: dag_dbt_transform.dbt_run_marts manual__2026-03-03T11:34:59+00:00 [running]> on host 353218a5daef
[2026-03-03T13:15:05.337+0000] {taskinstance.py:2480} INFO - Exporting env vars: AIRFLOW_CTX_DAG_OWNER='de_team' AIRFLOW_CTX_DAG_ID='dag_dbt_transform' AIRFLOW_CTX_TASK_ID='dbt_run_marts' AIRFLOW_CTX_EXECUTION_DATE='2026-03-03T11:34:59+00:00' AIRFLOW_CTX_TRY_NUMBER='2' AIRFLOW_CTX_DAG_RUN_ID='manual__2026-03-03T11:34:59+00:00'
[2026-03-03T13:15:05.350+0000] {subprocess.py:63} INFO - Tmp dir root location: /tmp
[2026-03-03T13:15:05.395+0000] {subprocess.py:75} INFO - Running command: ['/usr/bin/bash', '-c', 'cd /opt/***/dbt && dbt run --select marts --profiles-dir /opt/***/dbt --project-dir /opt/***/dbt']
[2026-03-03T13:15:05.471+0000] {subprocess.py:86} INFO - Output:
[2026-03-03T13:15:25.810+0000] {subprocess.py:93} INFO - [0m13:15:25  Running with dbt=1.11.6
[2026-03-03T13:15:27.960+0000] {subprocess.py:93} INFO - [0m13:15:27  Registered adapter: clickhouse=1.10.0
[2026-03-03T13:15:31.166+0000] {subprocess.py:93} INFO - [0m13:15:31  Found 12 models, 32 data tests, 6 sources, 523 macros
[2026-03-03T13:15:31.233+0000] {subprocess.py:93} INFO - [0m13:15:31
[2026-03-03T13:15:31.256+0000] {subprocess.py:93} INFO - [0m13:15:31  Concurrency: 4 threads (target='dev')
[2026-03-03T13:15:31.258+0000] {subprocess.py:93} INFO - [0m13:15:31
[2026-03-03T13:15:41.132+0000] {subprocess.py:93} INFO - [0m13:15:41  1 of 5 START sql table model `staging_analytics`.`dim_date` .................... [RUN]
[2026-03-03T13:15:41.154+0000] {subprocess.py:93} INFO - [0m13:15:41  2 of 5 START sql table model `staging_analytics`.`dim_products` ................ [RUN]
[2026-03-03T13:15:41.167+0000] {subprocess.py:93} INFO - [0m13:15:41  4 of 5 START sql table model `staging_analytics`.`dim_users` ................... [RUN]
[2026-03-03T13:15:41.203+0000] {subprocess.py:93} INFO - [0m13:15:41  3 of 5 START sql table model `staging_analytics`.`dim_sellers` ................. [RUN]
[2026-03-03T13:15:44.343+0000] {subprocess.py:93} INFO - [0m13:15:44  2 of 5 ERROR creating sql table model `staging_analytics`.`dim_products` ....... [[31mERROR[0m in 3.10s]
[2026-03-03T13:15:44.381+0000] {subprocess.py:93} INFO - [0m13:15:44  1 of 5 ERROR creating sql table model `staging_analytics`.`dim_date` ........... [[31mERROR[0m in 3.04s]
[2026-03-03T13:15:44.489+0000] {subprocess.py:93} INFO - [0m13:15:44  5 of 5 SKIP relation staging_analytics.fact_orders ............................. [[33mSKIP[0m]
[2026-03-03T13:15:44.577+0000] {subprocess.py:93} INFO - [0m13:15:44  3 of 5 ERROR creating sql table model `staging_analytics`.`dim_sellers` ........ [[31mERROR[0m in 3.21s]
[2026-03-03T13:15:44.612+0000] {subprocess.py:93} INFO - [0m13:15:44  4 of 5 ERROR creating sql table model `staging_analytics`.`dim_users` .......... [[31mERROR[0m in 3.44s]
[2026-03-03T13:15:44.677+0000] {subprocess.py:93} INFO - [0m13:15:44
[2026-03-03T13:15:44.679+0000] {subprocess.py:93} INFO - [0m13:15:44  Finished running 5 table models in 0 hours 0 minutes and 13.41 seconds (13.41s).
[2026-03-03T13:15:45.428+0000] {subprocess.py:93} INFO - [0m13:15:45
[2026-03-03T13:15:45.437+0000] {subprocess.py:93} INFO - [0m13:15:45  [31mCompleted with 4 errors, 0 partial successes, and 0 warnings:[0m
[2026-03-03T13:15:45.443+0000] {subprocess.py:93} INFO - [0m13:15:45
[2026-03-03T13:15:45.449+0000] {subprocess.py:93} INFO - [0m13:15:45  [31mFailure in model dim_date (models/marts/dim_date.sql)[0m
[2026-03-03T13:15:45.452+0000] {subprocess.py:93} INFO - [0m13:15:45    Database Error in model dim_date (models/marts/dim_date.sql)
[2026-03-03T13:15:45.459+0000] {subprocess.py:93} INFO -   Received ClickHouse exception, code: 57, server response: Code: 57. DB::Exception: Table staging_analytics.dim_date__dbt_backup already exists. (TABLE_ALREADY_EXISTS) (for url http://clickhouse_olap:8123)
[2026-03-03T13:15:45.467+0000] {subprocess.py:93} INFO - [0m13:15:45
[2026-03-03T13:15:45.474+0000] {subprocess.py:93} INFO - [0m13:15:45    compiled code at target/compiled/ecommerce_dbt/models/marts/dim_date.sql
[2026-03-03T13:15:45.493+0000] {subprocess.py:93} INFO - [0m13:15:45
[2026-03-03T13:15:45.506+0000] {subprocess.py:93} INFO - [0m13:15:45  [31mFailure in model dim_products (models/marts/dim_products.sql)[0m
[2026-03-03T13:15:45.510+0000] {subprocess.py:93} INFO - [0m13:15:45    Database Error in model dim_products (models/marts/dim_products.sql)
[2026-03-03T13:15:45.525+0000] {subprocess.py:93} INFO -   Received ClickHouse exception, code: 57, server response: Code: 57. DB::Exception: Table staging_analytics.dim_products__dbt_backup already exists. (TABLE_ALREADY_EXISTS) (for url http://clickhouse_olap:8123)
[2026-03-03T13:15:45.531+0000] {subprocess.py:93} INFO - [0m13:15:45
[2026-03-03T13:15:45.538+0000] {subprocess.py:93} INFO - [0m13:15:45    compiled code at target/compiled/ecommerce_dbt/models/marts/dim_products.sql
[2026-03-03T13:15:45.544+0000] {subprocess.py:93} INFO - [0m13:15:45
[2026-03-03T13:15:45.556+0000] {subprocess.py:93} INFO - [0m13:15:45  [31mFailure in model dim_sellers (models/marts/dim_sellers.sql)[0m
[2026-03-03T13:15:45.564+0000] {subprocess.py:93} INFO - [0m13:15:45    Database Error in model dim_sellers (models/marts/dim_sellers.sql)
[2026-03-03T13:15:45.566+0000] {subprocess.py:93} INFO -   Received ClickHouse exception, code: 57, server response: Code: 57. DB::Exception: Table staging_analytics.dim_sellers__dbt_backup already exists. (TABLE_ALREADY_EXISTS) (for url http://clickhouse_olap:8123)
[2026-03-03T13:15:45.573+0000] {subprocess.py:93} INFO - [0m13:15:45
[2026-03-03T13:15:45.606+0000] {subprocess.py:93} INFO - [0m13:15:45    compiled code at target/compiled/ecommerce_dbt/models/marts/dim_sellers.sql
[2026-03-03T13:15:45.613+0000] {subprocess.py:93} INFO - [0m13:15:45
[2026-03-03T13:15:45.619+0000] {subprocess.py:93} INFO - [0m13:15:45  [31mFailure in model dim_users (models/marts/dim_users.sql)[0m
[2026-03-03T13:15:45.623+0000] {subprocess.py:93} INFO - [0m13:15:45    Database Error in model dim_users (models/marts/dim_users.sql)
[2026-03-03T13:15:45.625+0000] {subprocess.py:93} INFO -   Received ClickHouse exception, code: 57, server response: Code: 57. DB::Exception: Table staging_analytics.dim_users__dbt_backup already exists. (TABLE_ALREADY_EXISTS) (for url http://clickhouse_olap:8123)
[2026-03-03T13:15:45.627+0000] {subprocess.py:93} INFO - [0m13:15:45
[2026-03-03T13:15:45.634+0000] {subprocess.py:93} INFO - [0m13:15:45    compiled code at target/compiled/ecommerce_dbt/models/marts/dim_users.sql
[2026-03-03T13:15:45.642+0000] {subprocess.py:93} INFO - [0m13:15:45
[2026-03-03T13:15:45.654+0000] {subprocess.py:93} INFO - [0m13:15:45  Done. PASS=0 WARN=0 ERROR=4 SKIP=1 NO-OP=0 TOTAL=5
[2026-03-03T13:15:51.634+0000] {subprocess.py:97} INFO - Command exited with return code 1
[2026-03-03T13:15:51.917+0000] {taskinstance.py:2698} ERROR - Task failed with exception
Traceback (most recent call last):
  File "/home/airflow/.local/lib/python3.11/site-packages/airflow/models/taskinstance.py", line 433, in _execute_task
    result = execute_callable(context=context, **execute_callable_kwargs)
             ^^^^^^^^^^^^^^^^^^^^^^^^^^^^^^^^^^^^^^^^^^^^^^^^^^^^^^^^^^^^
  File "/home/airflow/.local/lib/python3.11/site-packages/airflow/operators/bash.py", line 212, in execute
    raise AirflowException(
airflow.exceptions.AirflowException: Bash command failed. The command returned a non-zero exit code 1.
[2026-03-03T13:15:51.975+0000] {taskinstance.py:1138} INFO - Marking task as UP_FOR_RETRY. dag_id=dag_dbt_transform, task_id=dbt_run_marts, execution_date=20260303T113459, start_date=20260303T131502, end_date=20260303T131551
[2026-03-03T13:15:52.125+0000] {standard_task_runner.py:107} ERROR - Failed to execute job 235 for task dbt_run_marts (Bash command failed. The command returned a non-zero exit code 1.; 1470)
[2026-03-03T13:15:52.214+0000] {local_task_job_runner.py:234} INFO - Task exited with return code 1
[2026-03-03T13:15:52.825+0000] {taskinstance.py:3280} INFO - 0 downstream tasks scheduled from follow-on schedule check
