[2026-03-03T13:13:18.755+0000] {taskinstance.py:1956} INFO - Dependencies all met for dep_context=non-requeueable deps ti=<TaskInstance: dag_dbt_transform.wait_for_ingestion scheduled__2026-02-28T02:00:00+00:00 [queued]>
[2026-03-03T13:13:18.846+0000] {taskinstance.py:1956} INFO - Dependencies all met for dep_context=requeueable deps ti=<TaskInstance: dag_dbt_transform.wait_for_ingestion scheduled__2026-02-28T02:00:00+00:00 [queued]>
[2026-03-03T13:13:18.882+0000] {taskinstance.py:2170} INFO - Starting attempt 3 of 4
[2026-03-03T13:13:19.077+0000] {taskinstance.py:2191} INFO - Executing <Task(ExternalTaskSensor): wait_for_ingestion> on 2026-02-28 02:00:00+00:00
[2026-03-03T13:13:19.118+0000] {standard_task_runner.py:60} INFO - Started process 1144 to run task
[2026-03-03T13:13:19.195+0000] {standard_task_runner.py:87} INFO - Running: ['***', 'tasks', 'run', 'dag_dbt_transform', 'wait_for_ingestion', 'scheduled__2026-02-28T02:00:00+00:00', '--job-id', '217', '--raw', '--subdir', 'DAGS_FOLDER/dag_dbt_transform.py', '--cfg-path', '/tmp/tmpbjyw6hn0']
[2026-03-03T13:13:19.342+0000] {standard_task_runner.py:88} INFO - Job 217: Subtask wait_for_ingestion
[2026-03-03T13:13:21.975+0000] {task_command.py:423} INFO - Running <TaskInstance: dag_dbt_transform.wait_for_ingestion scheduled__2026-02-28T02:00:00+00:00 [running]> on host 353218a5daef
[2026-03-03T13:13:23.238+0000] {taskinstance.py:2480} INFO - Exporting env vars: AIRFLOW_CTX_DAG_OWNER='de_team' AIRFLOW_CTX_DAG_ID='dag_dbt_transform' AIRFLOW_CTX_TASK_ID='wait_for_ingestion' AIRFLOW_CTX_EXECUTION_DATE='2026-02-28T02:00:00+00:00' AIRFLOW_CTX_TRY_NUMBER='3' AIRFLOW_CTX_DAG_RUN_ID='scheduled__2026-02-28T02:00:00+00:00'
[2026-03-03T13:13:23.252+0000] {external_task.py:244} INFO - Poking for tasks ['load_to_staging'] in dag dag_ingest_daily on 2026-02-28T02:00:00+00:00 ... 
[2026-03-03T13:14:23.334+0000] {external_task.py:244} INFO - Poking for tasks ['load_to_staging'] in dag dag_ingest_daily on 2026-02-28T02:00:00+00:00 ... 
[2026-03-03T13:15:23.514+0000] {external_task.py:244} INFO - Poking for tasks ['load_to_staging'] in dag dag_ingest_daily on 2026-02-28T02:00:00+00:00 ... 
[2026-03-03T13:16:23.777+0000] {external_task.py:244} INFO - Poking for tasks ['load_to_staging'] in dag dag_ingest_daily on 2026-02-28T02:00:00+00:00 ... 
[2026-03-03T13:17:23.886+0000] {external_task.py:244} INFO - Poking for tasks ['load_to_staging'] in dag dag_ingest_daily on 2026-02-28T02:00:00+00:00 ... 
[2026-03-03T13:18:23.936+0000] {external_task.py:244} INFO - Poking for tasks ['load_to_staging'] in dag dag_ingest_daily on 2026-02-28T02:00:00+00:00 ... 
[2026-03-03T13:19:23.965+0000] {external_task.py:244} INFO - Poking for tasks ['load_to_staging'] in dag dag_ingest_daily on 2026-02-28T02:00:00+00:00 ... 
[2026-03-03T13:20:23.992+0000] {external_task.py:244} INFO - Poking for tasks ['load_to_staging'] in dag dag_ingest_daily on 2026-02-28T02:00:00+00:00 ... 
[2026-03-03T13:21:24.029+0000] {external_task.py:244} INFO - Poking for tasks ['load_to_staging'] in dag dag_ingest_daily on 2026-02-28T02:00:00+00:00 ... 
[2026-03-03T13:22:24.069+0000] {external_task.py:244} INFO - Poking for tasks ['load_to_staging'] in dag dag_ingest_daily on 2026-02-28T02:00:00+00:00 ... 
[2026-03-03T13:23:24.129+0000] {external_task.py:244} INFO - Poking for tasks ['load_to_staging'] in dag dag_ingest_daily on 2026-02-28T02:00:00+00:00 ... 
[2026-03-03T13:24:24.169+0000] {external_task.py:244} INFO - Poking for tasks ['load_to_staging'] in dag dag_ingest_daily on 2026-02-28T02:00:00+00:00 ... 
[2026-03-03T13:25:24.210+0000] {external_task.py:244} INFO - Poking for tasks ['load_to_staging'] in dag dag_ingest_daily on 2026-02-28T02:00:00+00:00 ... 
[2026-03-03T13:26:24.251+0000] {external_task.py:244} INFO - Poking for tasks ['load_to_staging'] in dag dag_ingest_daily on 2026-02-28T02:00:00+00:00 ... 
[2026-03-03T13:27:24.321+0000] {external_task.py:244} INFO - Poking for tasks ['load_to_staging'] in dag dag_ingest_daily on 2026-02-28T02:00:00+00:00 ... 
[2026-03-03T13:28:24.356+0000] {external_task.py:244} INFO - Poking for tasks ['load_to_staging'] in dag dag_ingest_daily on 2026-02-28T02:00:00+00:00 ... 
[2026-03-03T13:29:24.387+0000] {external_task.py:244} INFO - Poking for tasks ['load_to_staging'] in dag dag_ingest_daily on 2026-02-28T02:00:00+00:00 ... 
[2026-03-03T13:30:24.422+0000] {external_task.py:244} INFO - Poking for tasks ['load_to_staging'] in dag dag_ingest_daily on 2026-02-28T02:00:00+00:00 ... 
[2026-03-03T13:31:24.456+0000] {external_task.py:244} INFO - Poking for tasks ['load_to_staging'] in dag dag_ingest_daily on 2026-02-28T02:00:00+00:00 ... 
[2026-03-03T13:32:24.493+0000] {external_task.py:244} INFO - Poking for tasks ['load_to_staging'] in dag dag_ingest_daily on 2026-02-28T02:00:00+00:00 ... 
[2026-03-03T13:33:24.552+0000] {external_task.py:244} INFO - Poking for tasks ['load_to_staging'] in dag dag_ingest_daily on 2026-02-28T02:00:00+00:00 ... 
[2026-03-03T13:34:24.583+0000] {external_task.py:244} INFO - Poking for tasks ['load_to_staging'] in dag dag_ingest_daily on 2026-02-28T02:00:00+00:00 ... 
[2026-03-03T13:35:24.613+0000] {external_task.py:244} INFO - Poking for tasks ['load_to_staging'] in dag dag_ingest_daily on 2026-02-28T02:00:00+00:00 ... 
[2026-03-03T13:36:24.656+0000] {external_task.py:244} INFO - Poking for tasks ['load_to_staging'] in dag dag_ingest_daily on 2026-02-28T02:00:00+00:00 ... 
[2026-03-03T13:37:24.714+0000] {external_task.py:244} INFO - Poking for tasks ['load_to_staging'] in dag dag_ingest_daily on 2026-02-28T02:00:00+00:00 ... 
[2026-03-03T13:38:24.774+0000] {external_task.py:244} INFO - Poking for tasks ['load_to_staging'] in dag dag_ingest_daily on 2026-02-28T02:00:00+00:00 ... 
[2026-03-03T13:39:24.807+0000] {external_task.py:244} INFO - Poking for tasks ['load_to_staging'] in dag dag_ingest_daily on 2026-02-28T02:00:00+00:00 ... 
[2026-03-03T13:40:24.840+0000] {external_task.py:244} INFO - Poking for tasks ['load_to_staging'] in dag dag_ingest_daily on 2026-02-28T02:00:00+00:00 ... 
[2026-03-03T13:41:24.879+0000] {external_task.py:244} INFO - Poking for tasks ['load_to_staging'] in dag dag_ingest_daily on 2026-02-28T02:00:00+00:00 ... 
[2026-03-03T13:42:24.941+0000] {external_task.py:244} INFO - Poking for tasks ['load_to_staging'] in dag dag_ingest_daily on 2026-02-28T02:00:00+00:00 ... 
[2026-03-03T13:43:24.979+0000] {external_task.py:244} INFO - Poking for tasks ['load_to_staging'] in dag dag_ingest_daily on 2026-02-28T02:00:00+00:00 ... 
[2026-03-03T13:44:25.070+0000] {external_task.py:244} INFO - Poking for tasks ['load_to_staging'] in dag dag_ingest_daily on 2026-02-28T02:00:00+00:00 ... 
[2026-03-03T13:45:25.147+0000] {external_task.py:244} INFO - Poking for tasks ['load_to_staging'] in dag dag_ingest_daily on 2026-02-28T02:00:00+00:00 ... 
[2026-03-03T13:46:25.209+0000] {external_task.py:244} INFO - Poking for tasks ['load_to_staging'] in dag dag_ingest_daily on 2026-02-28T02:00:00+00:00 ... 
[2026-03-03T13:47:25.281+0000] {external_task.py:244} INFO - Poking for tasks ['load_to_staging'] in dag dag_ingest_daily on 2026-02-28T02:00:00+00:00 ... 
[2026-03-03T13:48:25.311+0000] {external_task.py:244} INFO - Poking for tasks ['load_to_staging'] in dag dag_ingest_daily on 2026-02-28T02:00:00+00:00 ... 
[2026-03-03T13:49:25.361+0000] {external_task.py:244} INFO - Poking for tasks ['load_to_staging'] in dag dag_ingest_daily on 2026-02-28T02:00:00+00:00 ... 
[2026-03-03T13:50:25.412+0000] {external_task.py:244} INFO - Poking for tasks ['load_to_staging'] in dag dag_ingest_daily on 2026-02-28T02:00:00+00:00 ... 
[2026-03-03T13:51:25.466+0000] {external_task.py:244} INFO - Poking for tasks ['load_to_staging'] in dag dag_ingest_daily on 2026-02-28T02:00:00+00:00 ... 
[2026-03-03T13:52:25.534+0000] {external_task.py:244} INFO - Poking for tasks ['load_to_staging'] in dag dag_ingest_daily on 2026-02-28T02:00:00+00:00 ... 
[2026-03-03T13:53:25.616+0000] {external_task.py:244} INFO - Poking for tasks ['load_to_staging'] in dag dag_ingest_daily on 2026-02-28T02:00:00+00:00 ... 
[2026-03-03T13:54:25.666+0000] {external_task.py:244} INFO - Poking for tasks ['load_to_staging'] in dag dag_ingest_daily on 2026-02-28T02:00:00+00:00 ... 
[2026-03-03T13:55:25.762+0000] {external_task.py:244} INFO - Poking for tasks ['load_to_staging'] in dag dag_ingest_daily on 2026-02-28T02:00:00+00:00 ... 
[2026-03-03T13:56:25.917+0000] {external_task.py:244} INFO - Poking for tasks ['load_to_staging'] in dag dag_ingest_daily on 2026-02-28T02:00:00+00:00 ... 
[2026-03-03T13:57:25.966+0000] {external_task.py:244} INFO - Poking for tasks ['load_to_staging'] in dag dag_ingest_daily on 2026-02-28T02:00:00+00:00 ... 
[2026-03-03T13:58:26.030+0000] {external_task.py:244} INFO - Poking for tasks ['load_to_staging'] in dag dag_ingest_daily on 2026-02-28T02:00:00+00:00 ... 
[2026-03-03T13:59:26.111+0000] {external_task.py:244} INFO - Poking for tasks ['load_to_staging'] in dag dag_ingest_daily on 2026-02-28T02:00:00+00:00 ... 
[2026-03-03T14:00:26.185+0000] {external_task.py:244} INFO - Poking for tasks ['load_to_staging'] in dag dag_ingest_daily on 2026-02-28T02:00:00+00:00 ... 
[2026-03-03T14:01:26.257+0000] {external_task.py:244} INFO - Poking for tasks ['load_to_staging'] in dag dag_ingest_daily on 2026-02-28T02:00:00+00:00 ... 
[2026-03-03T14:02:26.362+0000] {external_task.py:244} INFO - Poking for tasks ['load_to_staging'] in dag dag_ingest_daily on 2026-02-28T02:00:00+00:00 ... 
[2026-03-03T14:03:26.535+0000] {external_task.py:244} INFO - Poking for tasks ['load_to_staging'] in dag dag_ingest_daily on 2026-02-28T02:00:00+00:00 ... 
[2026-03-03T14:04:26.627+0000] {external_task.py:244} INFO - Poking for tasks ['load_to_staging'] in dag dag_ingest_daily on 2026-02-28T02:00:00+00:00 ... 
[2026-03-03T14:05:26.688+0000] {external_task.py:244} INFO - Poking for tasks ['load_to_staging'] in dag dag_ingest_daily on 2026-02-28T02:00:00+00:00 ... 
[2026-03-03T14:06:26.769+0000] {external_task.py:244} INFO - Poking for tasks ['load_to_staging'] in dag dag_ingest_daily on 2026-02-28T02:00:00+00:00 ... 
[2026-03-03T14:07:26.857+0000] {external_task.py:244} INFO - Poking for tasks ['load_to_staging'] in dag dag_ingest_daily on 2026-02-28T02:00:00+00:00 ... 
[2026-03-03T14:08:26.931+0000] {external_task.py:244} INFO - Poking for tasks ['load_to_staging'] in dag dag_ingest_daily on 2026-02-28T02:00:00+00:00 ... 
[2026-03-03T14:09:26.988+0000] {external_task.py:244} INFO - Poking for tasks ['load_to_staging'] in dag dag_ingest_daily on 2026-02-28T02:00:00+00:00 ... 
[2026-03-03T14:10:27.040+0000] {external_task.py:244} INFO - Poking for tasks ['load_to_staging'] in dag dag_ingest_daily on 2026-02-28T02:00:00+00:00 ... 
[2026-03-03T14:11:27.117+0000] {external_task.py:244} INFO - Poking for tasks ['load_to_staging'] in dag dag_ingest_daily on 2026-02-28T02:00:00+00:00 ... 
[2026-03-03T14:12:27.188+0000] {external_task.py:244} INFO - Poking for tasks ['load_to_staging'] in dag dag_ingest_daily on 2026-02-28T02:00:00+00:00 ... 
[2026-03-03T14:13:27.267+0000] {external_task.py:244} INFO - Poking for tasks ['load_to_staging'] in dag dag_ingest_daily on 2026-02-28T02:00:00+00:00 ... 
[2026-03-03T14:13:27.360+0000] {taskinstance.py:2698} ERROR - Task failed with exception
Traceback (most recent call last):
  File "/home/airflow/.local/lib/python3.11/site-packages/airflow/models/taskinstance.py", line 433, in _execute_task
    result = execute_callable(context=context, **execute_callable_kwargs)
             ^^^^^^^^^^^^^^^^^^^^^^^^^^^^^^^^^^^^^^^^^^^^^^^^^^^^^^^^^^^^
  File "/home/airflow/.local/lib/python3.11/site-packages/airflow/sensors/external_task.py", line 334, in execute
    super().execute(context)
  File "/home/airflow/.local/lib/python3.11/site-packages/airflow/sensors/base.py", line 282, in execute
    raise AirflowSensorTimeout(message)
airflow.exceptions.AirflowSensorTimeout: Sensor has timed out; run duration of 3604.099519563999 seconds exceeds the specified timeout of 3600.0.
[2026-03-03T14:13:27.404+0000] {taskinstance.py:1138} INFO - Immediate failure requested. Marking task as FAILED. dag_id=dag_dbt_transform, task_id=wait_for_ingestion, execution_date=20260228T020000, start_date=20260303T131318, end_date=20260303T141327
[2026-03-03T14:13:27.467+0000] {standard_task_runner.py:107} ERROR - Failed to execute job 217 for task wait_for_ingestion (Sensor has timed out; run duration of 3604.099519563999 seconds exceeds the specified timeout of 3600.0.; 1144)
[2026-03-03T14:13:27.499+0000] {local_task_job_runner.py:234} INFO - Task exited with return code 1
[2026-03-03T14:13:27.646+0000] {taskinstance.py:3280} INFO - 0 downstream tasks scheduled from follow-on schedule check
