[2026-03-01T02:15:41.404+0000] {taskinstance.py:1956} INFO - Dependencies all met for dep_context=non-requeueable deps ti=<TaskInstance: dag_dbt_transform.wait_for_ingestion scheduled__2026-02-28T02:00:00+00:00 [queued]>
[2026-03-01T02:15:41.417+0000] {taskinstance.py:1956} INFO - Dependencies all met for dep_context=requeueable deps ti=<TaskInstance: dag_dbt_transform.wait_for_ingestion scheduled__2026-02-28T02:00:00+00:00 [queued]>
[2026-03-01T02:15:41.417+0000] {taskinstance.py:2170} INFO - Starting attempt 1 of 2
[2026-03-01T02:15:41.440+0000] {taskinstance.py:2191} INFO - Executing <Task(ExternalTaskSensor): wait_for_ingestion> on 2026-02-28 02:00:00+00:00
[2026-03-01T02:15:41.449+0000] {standard_task_runner.py:60} INFO - Started process 7177 to run task
[2026-03-01T02:15:41.455+0000] {standard_task_runner.py:87} INFO - Running: ['***', 'tasks', 'run', 'dag_dbt_transform', 'wait_for_ingestion', 'scheduled__2026-02-28T02:00:00+00:00', '--job-id', '29', '--raw', '--subdir', 'DAGS_FOLDER/dag_dbt_transform.py', '--cfg-path', '/tmp/tmpeygiyfoh']
[2026-03-01T02:15:41.458+0000] {standard_task_runner.py:88} INFO - Job 29: Subtask wait_for_ingestion
[2026-03-01T02:15:41.526+0000] {task_command.py:423} INFO - Running <TaskInstance: dag_dbt_transform.wait_for_ingestion scheduled__2026-02-28T02:00:00+00:00 [running]> on host bf83715ed995
[2026-03-01T02:15:41.611+0000] {taskinstance.py:2480} INFO - Exporting env vars: AIRFLOW_CTX_DAG_OWNER='de_team' AIRFLOW_CTX_DAG_ID='dag_dbt_transform' AIRFLOW_CTX_TASK_ID='wait_for_ingestion' AIRFLOW_CTX_EXECUTION_DATE='2026-02-28T02:00:00+00:00' AIRFLOW_CTX_TRY_NUMBER='1' AIRFLOW_CTX_DAG_RUN_ID='scheduled__2026-02-28T02:00:00+00:00'
[2026-03-01T02:15:41.612+0000] {external_task.py:244} INFO - Poking for tasks ['load_to_staging'] in dag dag_ingest_daily on 2026-02-28T02:00:00+00:00 ... 
[2026-03-01T02:16:41.626+0000] {external_task.py:244} INFO - Poking for tasks ['load_to_staging'] in dag dag_ingest_daily on 2026-02-28T02:00:00+00:00 ... 
[2026-03-01T02:17:41.665+0000] {external_task.py:244} INFO - Poking for tasks ['load_to_staging'] in dag dag_ingest_daily on 2026-02-28T02:00:00+00:00 ... 
[2026-03-01T02:18:41.707+0000] {external_task.py:244} INFO - Poking for tasks ['load_to_staging'] in dag dag_ingest_daily on 2026-02-28T02:00:00+00:00 ... 
[2026-03-01T02:19:41.748+0000] {external_task.py:244} INFO - Poking for tasks ['load_to_staging'] in dag dag_ingest_daily on 2026-02-28T02:00:00+00:00 ... 
[2026-03-01T02:20:41.783+0000] {external_task.py:244} INFO - Poking for tasks ['load_to_staging'] in dag dag_ingest_daily on 2026-02-28T02:00:00+00:00 ... 
[2026-03-01T02:21:41.811+0000] {external_task.py:244} INFO - Poking for tasks ['load_to_staging'] in dag dag_ingest_daily on 2026-02-28T02:00:00+00:00 ... 
[2026-03-01T02:22:41.844+0000] {external_task.py:244} INFO - Poking for tasks ['load_to_staging'] in dag dag_ingest_daily on 2026-02-28T02:00:00+00:00 ... 
[2026-03-01T02:23:41.873+0000] {external_task.py:244} INFO - Poking for tasks ['load_to_staging'] in dag dag_ingest_daily on 2026-02-28T02:00:00+00:00 ... 
[2026-03-01T02:24:41.909+0000] {external_task.py:244} INFO - Poking for tasks ['load_to_staging'] in dag dag_ingest_daily on 2026-02-28T02:00:00+00:00 ... 
[2026-03-01T02:25:41.954+0000] {external_task.py:244} INFO - Poking for tasks ['load_to_staging'] in dag dag_ingest_daily on 2026-02-28T02:00:00+00:00 ... 
[2026-03-01T02:26:41.987+0000] {external_task.py:244} INFO - Poking for tasks ['load_to_staging'] in dag dag_ingest_daily on 2026-02-28T02:00:00+00:00 ... 
[2026-03-01T02:27:42.041+0000] {external_task.py:244} INFO - Poking for tasks ['load_to_staging'] in dag dag_ingest_daily on 2026-02-28T02:00:00+00:00 ... 
[2026-03-01T02:28:42.077+0000] {external_task.py:244} INFO - Poking for tasks ['load_to_staging'] in dag dag_ingest_daily on 2026-02-28T02:00:00+00:00 ... 
[2026-03-01T02:29:42.113+0000] {external_task.py:244} INFO - Poking for tasks ['load_to_staging'] in dag dag_ingest_daily on 2026-02-28T02:00:00+00:00 ... 
[2026-03-01T02:30:42.165+0000] {external_task.py:244} INFO - Poking for tasks ['load_to_staging'] in dag dag_ingest_daily on 2026-02-28T02:00:00+00:00 ... 
[2026-03-01T02:31:42.200+0000] {external_task.py:244} INFO - Poking for tasks ['load_to_staging'] in dag dag_ingest_daily on 2026-02-28T02:00:00+00:00 ... 
[2026-03-01T02:32:42.250+0000] {external_task.py:244} INFO - Poking for tasks ['load_to_staging'] in dag dag_ingest_daily on 2026-02-28T02:00:00+00:00 ... 
[2026-03-01T02:32:55.231+0000] {local_task_job_runner.py:121} ERROR - Received SIGTERM. Terminating subprocesses
[2026-03-01T02:32:55.393+0000] {process_utils.py:131} INFO - Sending 15 to group 7177. PIDs of all processes in the group: [7177]
[2026-03-01T02:32:55.404+0000] {process_utils.py:86} INFO - Sending the signal 15 to group 7177
[2026-03-01T02:32:55.520+0000] {taskinstance.py:2450} ERROR - Received SIGTERM. Terminating subprocesses.
[2026-03-01T02:32:56.141+0000] {taskinstance.py:2698} ERROR - Task failed with exception
Traceback (most recent call last):
  File "/home/airflow/.local/lib/python3.11/site-packages/airflow/models/taskinstance.py", line 433, in _execute_task
    result = execute_callable(context=context, **execute_callable_kwargs)
             ^^^^^^^^^^^^^^^^^^^^^^^^^^^^^^^^^^^^^^^^^^^^^^^^^^^^^^^^^^^^
  File "/home/airflow/.local/lib/python3.11/site-packages/airflow/sensors/external_task.py", line 334, in execute
    super().execute(context)
  File "/home/airflow/.local/lib/python3.11/site-packages/airflow/sensors/base.py", line 293, in execute
    time.sleep(self._get_next_poke_interval(started_at, run_duration, try_number))
  File "/home/airflow/.local/lib/python3.11/site-packages/airflow/models/taskinstance.py", line 2452, in signal_handler
    raise AirflowException("Task received SIGTERM signal")
airflow.exceptions.AirflowException: Task received SIGTERM signal
[2026-03-01T02:32:56.210+0000] {taskinstance.py:1138} INFO - Marking task as UP_FOR_RETRY. dag_id=dag_dbt_transform, task_id=wait_for_ingestion, execution_date=20260228T020000, start_date=20260301T021541, end_date=20260301T023256
