[2026-03-01T02:33:39.408+0000] {taskinstance.py:1956} INFO - Dependencies all met for dep_context=non-requeueable deps ti=<TaskInstance: dag_dbt_transform.wait_for_ingestion scheduled__2026-02-28T02:00:00+00:00 [queued]>
[2026-03-01T02:33:39.416+0000] {taskinstance.py:1956} INFO - Dependencies all met for dep_context=requeueable deps ti=<TaskInstance: dag_dbt_transform.wait_for_ingestion scheduled__2026-02-28T02:00:00+00:00 [queued]>
[2026-03-01T02:33:39.417+0000] {taskinstance.py:2170} INFO - Starting attempt 2 of 2
[2026-03-01T02:33:39.433+0000] {taskinstance.py:2191} INFO - Executing <Task(ExternalTaskSensor): wait_for_ingestion> on 2026-02-28 02:00:00+00:00
[2026-03-01T02:33:39.437+0000] {standard_task_runner.py:60} INFO - Started process 188 to run task
[2026-03-01T02:33:39.442+0000] {standard_task_runner.py:87} INFO - Running: ['***', 'tasks', 'run', 'dag_dbt_transform', 'wait_for_ingestion', 'scheduled__2026-02-28T02:00:00+00:00', '--job-id', '31', '--raw', '--subdir', 'DAGS_FOLDER/dag_dbt_transform.py', '--cfg-path', '/tmp/tmpui8dakkm']
[2026-03-01T02:33:39.445+0000] {standard_task_runner.py:88} INFO - Job 31: Subtask wait_for_ingestion
[2026-03-01T02:33:39.519+0000] {task_command.py:423} INFO - Running <TaskInstance: dag_dbt_transform.wait_for_ingestion scheduled__2026-02-28T02:00:00+00:00 [running]> on host c320bbf31b63
[2026-03-01T02:33:39.695+0000] {taskinstance.py:2480} INFO - Exporting env vars: AIRFLOW_CTX_DAG_OWNER='de_team' AIRFLOW_CTX_DAG_ID='dag_dbt_transform' AIRFLOW_CTX_TASK_ID='wait_for_ingestion' AIRFLOW_CTX_EXECUTION_DATE='2026-02-28T02:00:00+00:00' AIRFLOW_CTX_TRY_NUMBER='2' AIRFLOW_CTX_DAG_RUN_ID='scheduled__2026-02-28T02:00:00+00:00'
[2026-03-01T02:33:39.697+0000] {external_task.py:244} INFO - Poking for tasks ['load_to_staging'] in dag dag_ingest_daily on 2026-02-28T02:00:00+00:00 ... 
[2026-03-01T02:34:39.724+0000] {external_task.py:244} INFO - Poking for tasks ['load_to_staging'] in dag dag_ingest_daily on 2026-02-28T02:00:00+00:00 ... 
[2026-03-01T02:35:39.764+0000] {external_task.py:244} INFO - Poking for tasks ['load_to_staging'] in dag dag_ingest_daily on 2026-02-28T02:00:00+00:00 ... 
[2026-03-01T02:36:39.816+0000] {external_task.py:244} INFO - Poking for tasks ['load_to_staging'] in dag dag_ingest_daily on 2026-02-28T02:00:00+00:00 ... 
[2026-03-01T02:37:39.842+0000] {external_task.py:244} INFO - Poking for tasks ['load_to_staging'] in dag dag_ingest_daily on 2026-02-28T02:00:00+00:00 ... 
[2026-03-01T02:38:39.877+0000] {external_task.py:244} INFO - Poking for tasks ['load_to_staging'] in dag dag_ingest_daily on 2026-02-28T02:00:00+00:00 ... 
[2026-03-01T02:39:39.917+0000] {external_task.py:244} INFO - Poking for tasks ['load_to_staging'] in dag dag_ingest_daily on 2026-02-28T02:00:00+00:00 ... 
[2026-03-01T02:40:39.939+0000] {external_task.py:244} INFO - Poking for tasks ['load_to_staging'] in dag dag_ingest_daily on 2026-02-28T02:00:00+00:00 ... 
[2026-03-01T02:41:39.992+0000] {external_task.py:244} INFO - Poking for tasks ['load_to_staging'] in dag dag_ingest_daily on 2026-02-28T02:00:00+00:00 ... 
[2026-03-01T02:42:40.026+0000] {external_task.py:244} INFO - Poking for tasks ['load_to_staging'] in dag dag_ingest_daily on 2026-02-28T02:00:00+00:00 ... 
[2026-03-01T02:43:40.048+0000] {external_task.py:244} INFO - Poking for tasks ['load_to_staging'] in dag dag_ingest_daily on 2026-02-28T02:00:00+00:00 ... 
[2026-03-01T02:44:40.079+0000] {external_task.py:244} INFO - Poking for tasks ['load_to_staging'] in dag dag_ingest_daily on 2026-02-28T02:00:00+00:00 ... 
[2026-03-01T02:45:40.109+0000] {external_task.py:244} INFO - Poking for tasks ['load_to_staging'] in dag dag_ingest_daily on 2026-02-28T02:00:00+00:00 ... 
[2026-03-01T02:46:40.154+0000] {external_task.py:244} INFO - Poking for tasks ['load_to_staging'] in dag dag_ingest_daily on 2026-02-28T02:00:00+00:00 ... 
[2026-03-01T02:47:40.201+0000] {external_task.py:244} INFO - Poking for tasks ['load_to_staging'] in dag dag_ingest_daily on 2026-02-28T02:00:00+00:00 ... 
[2026-03-01T02:48:40.244+0000] {external_task.py:244} INFO - Poking for tasks ['load_to_staging'] in dag dag_ingest_daily on 2026-02-28T02:00:00+00:00 ... 
[2026-03-01T02:49:40.284+0000] {external_task.py:244} INFO - Poking for tasks ['load_to_staging'] in dag dag_ingest_daily on 2026-02-28T02:00:00+00:00 ... 
[2026-03-01T02:50:40.312+0000] {external_task.py:244} INFO - Poking for tasks ['load_to_staging'] in dag dag_ingest_daily on 2026-02-28T02:00:00+00:00 ... 
[2026-03-01T02:51:40.360+0000] {external_task.py:244} INFO - Poking for tasks ['load_to_staging'] in dag dag_ingest_daily on 2026-02-28T02:00:00+00:00 ... 
[2026-03-01T02:52:40.395+0000] {external_task.py:244} INFO - Poking for tasks ['load_to_staging'] in dag dag_ingest_daily on 2026-02-28T02:00:00+00:00 ... 
[2026-03-01T02:53:40.424+0000] {external_task.py:244} INFO - Poking for tasks ['load_to_staging'] in dag dag_ingest_daily on 2026-02-28T02:00:00+00:00 ... 
[2026-03-01T02:54:40.453+0000] {external_task.py:244} INFO - Poking for tasks ['load_to_staging'] in dag dag_ingest_daily on 2026-02-28T02:00:00+00:00 ... 
[2026-03-01T02:55:40.503+0000] {external_task.py:244} INFO - Poking for tasks ['load_to_staging'] in dag dag_ingest_daily on 2026-02-28T02:00:00+00:00 ... 
[2026-03-01T02:56:40.589+0000] {external_task.py:244} INFO - Poking for tasks ['load_to_staging'] in dag dag_ingest_daily on 2026-02-28T02:00:00+00:00 ... 
[2026-03-01T02:57:40.433+0000] {external_task.py:244} INFO - Poking for tasks ['load_to_staging'] in dag dag_ingest_daily on 2026-02-28T02:00:00+00:00 ... 
[2026-03-01T02:58:40.656+0000] {external_task.py:244} INFO - Poking for tasks ['load_to_staging'] in dag dag_ingest_daily on 2026-02-28T02:00:00+00:00 ... 
[2026-03-01T02:59:40.688+0000] {external_task.py:244} INFO - Poking for tasks ['load_to_staging'] in dag dag_ingest_daily on 2026-02-28T02:00:00+00:00 ... 
[2026-03-01T03:00:40.711+0000] {external_task.py:244} INFO - Poking for tasks ['load_to_staging'] in dag dag_ingest_daily on 2026-02-28T02:00:00+00:00 ... 
[2026-03-01T03:01:40.735+0000] {external_task.py:244} INFO - Poking for tasks ['load_to_staging'] in dag dag_ingest_daily on 2026-02-28T02:00:00+00:00 ... 
[2026-03-01T03:02:40.761+0000] {external_task.py:244} INFO - Poking for tasks ['load_to_staging'] in dag dag_ingest_daily on 2026-02-28T02:00:00+00:00 ... 
[2026-03-01T03:03:40.816+0000] {external_task.py:244} INFO - Poking for tasks ['load_to_staging'] in dag dag_ingest_daily on 2026-02-28T02:00:00+00:00 ... 
[2026-03-01T03:04:40.845+0000] {external_task.py:244} INFO - Poking for tasks ['load_to_staging'] in dag dag_ingest_daily on 2026-02-28T02:00:00+00:00 ... 
[2026-03-01T03:05:40.876+0000] {external_task.py:244} INFO - Poking for tasks ['load_to_staging'] in dag dag_ingest_daily on 2026-02-28T02:00:00+00:00 ... 
[2026-03-01T03:06:40.913+0000] {external_task.py:244} INFO - Poking for tasks ['load_to_staging'] in dag dag_ingest_daily on 2026-02-28T02:00:00+00:00 ... 
[2026-03-01T03:07:40.946+0000] {external_task.py:244} INFO - Poking for tasks ['load_to_staging'] in dag dag_ingest_daily on 2026-02-28T02:00:00+00:00 ... 
[2026-03-01T03:08:40.987+0000] {external_task.py:244} INFO - Poking for tasks ['load_to_staging'] in dag dag_ingest_daily on 2026-02-28T02:00:00+00:00 ... 
[2026-03-01T03:09:41.019+0000] {external_task.py:244} INFO - Poking for tasks ['load_to_staging'] in dag dag_ingest_daily on 2026-02-28T02:00:00+00:00 ... 
[2026-03-01T03:10:41.066+0000] {external_task.py:244} INFO - Poking for tasks ['load_to_staging'] in dag dag_ingest_daily on 2026-02-28T02:00:00+00:00 ... 
[2026-03-01T03:11:41.098+0000] {external_task.py:244} INFO - Poking for tasks ['load_to_staging'] in dag dag_ingest_daily on 2026-02-28T02:00:00+00:00 ... 
[2026-03-01T03:12:41.131+0000] {external_task.py:244} INFO - Poking for tasks ['load_to_staging'] in dag dag_ingest_daily on 2026-02-28T02:00:00+00:00 ... 
[2026-03-01T03:13:41.181+0000] {external_task.py:244} INFO - Poking for tasks ['load_to_staging'] in dag dag_ingest_daily on 2026-02-28T02:00:00+00:00 ... 
[2026-03-01T03:14:41.223+0000] {external_task.py:244} INFO - Poking for tasks ['load_to_staging'] in dag dag_ingest_daily on 2026-02-28T02:00:00+00:00 ... 
[2026-03-01T03:15:41.289+0000] {external_task.py:244} INFO - Poking for tasks ['load_to_staging'] in dag dag_ingest_daily on 2026-02-28T02:00:00+00:00 ... 
[2026-03-01T03:16:41.334+0000] {external_task.py:244} INFO - Poking for tasks ['load_to_staging'] in dag dag_ingest_daily on 2026-02-28T02:00:00+00:00 ... 
[2026-03-01T03:17:41.361+0000] {external_task.py:244} INFO - Poking for tasks ['load_to_staging'] in dag dag_ingest_daily on 2026-02-28T02:00:00+00:00 ... 
[2026-03-01T03:18:41.407+0000] {external_task.py:244} INFO - Poking for tasks ['load_to_staging'] in dag dag_ingest_daily on 2026-02-28T02:00:00+00:00 ... 
[2026-03-01T03:19:41.445+0000] {external_task.py:244} INFO - Poking for tasks ['load_to_staging'] in dag dag_ingest_daily on 2026-02-28T02:00:00+00:00 ... 
[2026-03-01T03:20:41.486+0000] {external_task.py:244} INFO - Poking for tasks ['load_to_staging'] in dag dag_ingest_daily on 2026-02-28T02:00:00+00:00 ... 
[2026-03-01T03:21:41.537+0000] {external_task.py:244} INFO - Poking for tasks ['load_to_staging'] in dag dag_ingest_daily on 2026-02-28T02:00:00+00:00 ... 
[2026-03-01T03:22:41.571+0000] {external_task.py:244} INFO - Poking for tasks ['load_to_staging'] in dag dag_ingest_daily on 2026-02-28T02:00:00+00:00 ... 
[2026-03-01T03:23:41.627+0000] {external_task.py:244} INFO - Poking for tasks ['load_to_staging'] in dag dag_ingest_daily on 2026-02-28T02:00:00+00:00 ... 
[2026-03-01T03:24:41.671+0000] {external_task.py:244} INFO - Poking for tasks ['load_to_staging'] in dag dag_ingest_daily on 2026-02-28T02:00:00+00:00 ... 
[2026-03-01T03:25:41.709+0000] {external_task.py:244} INFO - Poking for tasks ['load_to_staging'] in dag dag_ingest_daily on 2026-02-28T02:00:00+00:00 ... 
[2026-03-01T03:26:41.744+0000] {external_task.py:244} INFO - Poking for tasks ['load_to_staging'] in dag dag_ingest_daily on 2026-02-28T02:00:00+00:00 ... 
[2026-03-01T03:27:41.794+0000] {external_task.py:244} INFO - Poking for tasks ['load_to_staging'] in dag dag_ingest_daily on 2026-02-28T02:00:00+00:00 ... 
[2026-03-01T03:28:41.843+0000] {external_task.py:244} INFO - Poking for tasks ['load_to_staging'] in dag dag_ingest_daily on 2026-02-28T02:00:00+00:00 ... 
[2026-03-01T03:29:41.878+0000] {external_task.py:244} INFO - Poking for tasks ['load_to_staging'] in dag dag_ingest_daily on 2026-02-28T02:00:00+00:00 ... 
[2026-03-01T03:30:41.922+0000] {external_task.py:244} INFO - Poking for tasks ['load_to_staging'] in dag dag_ingest_daily on 2026-02-28T02:00:00+00:00 ... 
[2026-03-01T03:31:41.958+0000] {external_task.py:244} INFO - Poking for tasks ['load_to_staging'] in dag dag_ingest_daily on 2026-02-28T02:00:00+00:00 ... 
[2026-03-01T03:32:42.006+0000] {external_task.py:244} INFO - Poking for tasks ['load_to_staging'] in dag dag_ingest_daily on 2026-02-28T02:00:00+00:00 ... 
[2026-03-01T03:33:42.037+0000] {external_task.py:244} INFO - Poking for tasks ['load_to_staging'] in dag dag_ingest_daily on 2026-02-28T02:00:00+00:00 ... 
[2026-03-01T03:33:42.072+0000] {taskinstance.py:2698} ERROR - Task failed with exception
Traceback (most recent call last):
  File "/home/airflow/.local/lib/python3.11/site-packages/airflow/models/taskinstance.py", line 433, in _execute_task
    result = execute_callable(context=context, **execute_callable_kwargs)
             ^^^^^^^^^^^^^^^^^^^^^^^^^^^^^^^^^^^^^^^^^^^^^^^^^^^^^^^^^^^^
  File "/home/airflow/.local/lib/python3.11/site-packages/airflow/sensors/external_task.py", line 334, in execute
    super().execute(context)
  File "/home/airflow/.local/lib/python3.11/site-packages/airflow/sensors/base.py", line 282, in execute
    raise AirflowSensorTimeout(message)
airflow.exceptions.AirflowSensorTimeout: Sensor has timed out; run duration of 3602.3701515909997 seconds exceeds the specified timeout of 3600.0.
[2026-03-01T03:33:42.102+0000] {taskinstance.py:1138} INFO - Immediate failure requested. Marking task as FAILED. dag_id=dag_dbt_transform, task_id=wait_for_ingestion, execution_date=20260228T020000, start_date=20260301T023339, end_date=20260301T033342
[2026-03-01T03:33:42.135+0000] {standard_task_runner.py:107} ERROR - Failed to execute job 31 for task wait_for_ingestion (Sensor has timed out; run duration of 3602.3701515909997 seconds exceeds the specified timeout of 3600.0.; 188)
[2026-03-01T03:33:42.168+0000] {local_task_job_runner.py:234} INFO - Task exited with return code 1
[2026-03-01T03:33:42.233+0000] {taskinstance.py:3280} INFO - 0 downstream tasks scheduled from follow-on schedule check
