[2026-03-03T13:12:15.943+0000] {taskinstance.py:1956} INFO - Dependencies all met for dep_context=non-requeueable deps ti=<TaskInstance: dag_ingest_daily.load_to_staging scheduled__2026-02-26T01:00:00+00:00 [queued]>
[2026-03-03T13:12:16.108+0000] {taskinstance.py:1956} INFO - Dependencies all met for dep_context=requeueable deps ti=<TaskInstance: dag_ingest_daily.load_to_staging scheduled__2026-02-26T01:00:00+00:00 [queued]>
[2026-03-03T13:12:16.112+0000] {taskinstance.py:2170} INFO - Starting attempt 2 of 4
[2026-03-03T13:12:16.654+0000] {taskinstance.py:2191} INFO - Executing <Task(PythonOperator): load_to_staging> on 2026-02-26 01:00:00+00:00
[2026-03-03T13:12:16.943+0000] {standard_task_runner.py:60} INFO - Started process 785 to run task
[2026-03-03T13:12:17.221+0000] {standard_task_runner.py:87} INFO - Running: ['***', 'tasks', 'run', 'dag_ingest_daily', 'load_to_staging', 'scheduled__2026-02-26T01:00:00+00:00', '--job-id', '195', '--raw', '--subdir', 'DAGS_FOLDER/dag_ingest_daily.py', '--cfg-path', '/tmp/tmpftpnxo0c']
[2026-03-03T13:12:17.255+0000] {standard_task_runner.py:88} INFO - Job 195: Subtask load_to_staging
[2026-03-03T13:12:18.941+0000] {task_command.py:423} INFO - Running <TaskInstance: dag_ingest_daily.load_to_staging scheduled__2026-02-26T01:00:00+00:00 [running]> on host 353218a5daef
[2026-03-03T13:12:21.135+0000] {taskinstance.py:2480} INFO - Exporting env vars: AIRFLOW_CTX_DAG_OWNER='de_team' AIRFLOW_CTX_DAG_ID='dag_ingest_daily' AIRFLOW_CTX_TASK_ID='load_to_staging' AIRFLOW_CTX_EXECUTION_DATE='2026-02-26T01:00:00+00:00' AIRFLOW_CTX_TRY_NUMBER='2' AIRFLOW_CTX_DAG_RUN_ID='scheduled__2026-02-26T01:00:00+00:00'
[2026-03-03T13:12:32.065+0000] {loader.py:39} INFO - StagingLoader connected to staging@clickhouse_olap
[2026-03-03T13:12:32.107+0000] {loader.py:86} INFO - === Loading to staging (exec_date=2026-02-26) ===
[2026-03-03T13:12:32.351+0000] {loader.py:55} INFO -   Truncated staging.stg_users
[2026-03-03T13:12:32.931+0000] {loader.py:82} INFO -   ✅ Loaded 500 rows → staging.stg_users
[2026-03-03T13:12:33.111+0000] {loader.py:55} INFO -   Truncated staging.stg_sellers
[2026-03-03T13:12:33.319+0000] {loader.py:82} INFO -   ✅ Loaded 50 rows → staging.stg_sellers
[2026-03-03T13:12:33.465+0000] {loader.py:55} INFO -   Truncated staging.stg_products
[2026-03-03T13:12:33.727+0000] {loader.py:82} INFO -   ✅ Loaded 200 rows → staging.stg_products
[2026-03-03T13:12:33.884+0000] {loader.py:55} INFO -   Truncated staging.stg_categories
[2026-03-03T13:12:34.537+0000] {loader.py:82} INFO -   ✅ Loaded 10 rows → staging.stg_categories
[2026-03-03T13:12:36.013+0000] {loader.py:82} INFO -   ✅ Loaded 26 rows → staging.stg_orders
[2026-03-03T13:12:36.996+0000] {loader.py:82} INFO -   ✅ Loaded 38 rows → staging.stg_order_items
[2026-03-03T13:12:37.334+0000] {loader.py:89} INFO - === Staging load complete ===
[2026-03-03T13:12:37.338+0000] {logging_mixin.py:188} INFO - ✅ Staging load complete
[2026-03-03T13:12:37.739+0000] {python.py:201} INFO - Done. Returned value was: None
[2026-03-03T13:12:38.743+0000] {taskinstance.py:1138} INFO - Marking task as SUCCESS. dag_id=dag_ingest_daily, task_id=load_to_staging, execution_date=20260226T010000, start_date=20260303T131215, end_date=20260303T131238
[2026-03-03T13:12:40.766+0000] {local_task_job_runner.py:234} INFO - Task exited with return code 0
[2026-03-03T13:12:40.969+0000] {taskinstance.py:3280} INFO - 0 downstream tasks scheduled from follow-on schedule check
