[2026-03-03T13:13:17.542+0000] {taskinstance.py:1956} INFO - Dependencies all met for dep_context=non-requeueable deps ti=<TaskInstance: dag_dbt_transform.wait_for_ingestion scheduled__2026-03-02T02:00:00+00:00 [queued]>
[2026-03-03T13:13:17.577+0000] {taskinstance.py:1956} INFO - Dependencies all met for dep_context=requeueable deps ti=<TaskInstance: dag_dbt_transform.wait_for_ingestion scheduled__2026-03-02T02:00:00+00:00 [queued]>
[2026-03-03T13:13:17.625+0000] {taskinstance.py:2170} INFO - Starting attempt 2 of 3
[2026-03-03T13:13:17.690+0000] {taskinstance.py:2191} INFO - Executing <Task(ExternalTaskSensor): wait_for_ingestion> on 2026-03-02 02:00:00+00:00
[2026-03-03T13:13:17.705+0000] {standard_task_runner.py:60} INFO - Started process 1135 to run task
[2026-03-03T13:13:17.722+0000] {standard_task_runner.py:87} INFO - Running: ['***', 'tasks', 'run', 'dag_dbt_transform', 'wait_for_ingestion', 'scheduled__2026-03-02T02:00:00+00:00', '--job-id', '208', '--raw', '--subdir', 'DAGS_FOLDER/dag_dbt_transform.py', '--cfg-path', '/tmp/tmppr4ikda3']
[2026-03-03T13:13:17.732+0000] {standard_task_runner.py:88} INFO - Job 208: Subtask wait_for_ingestion
[2026-03-03T13:13:18.466+0000] {task_command.py:423} INFO - Running <TaskInstance: dag_dbt_transform.wait_for_ingestion scheduled__2026-03-02T02:00:00+00:00 [running]> on host 353218a5daef
[2026-03-03T13:13:20.910+0000] {taskinstance.py:2480} INFO - Exporting env vars: AIRFLOW_CTX_DAG_OWNER='de_team' AIRFLOW_CTX_DAG_ID='dag_dbt_transform' AIRFLOW_CTX_TASK_ID='wait_for_ingestion' AIRFLOW_CTX_EXECUTION_DATE='2026-03-02T02:00:00+00:00' AIRFLOW_CTX_TRY_NUMBER='2' AIRFLOW_CTX_DAG_RUN_ID='scheduled__2026-03-02T02:00:00+00:00'
[2026-03-03T13:13:20.928+0000] {external_task.py:244} INFO - Poking for tasks ['load_to_staging'] in dag dag_ingest_daily on 2026-03-02T02:00:00+00:00 ... 
[2026-03-03T13:14:21.136+0000] {external_task.py:244} INFO - Poking for tasks ['load_to_staging'] in dag dag_ingest_daily on 2026-03-02T02:00:00+00:00 ... 
[2026-03-03T13:15:21.730+0000] {external_task.py:244} INFO - Poking for tasks ['load_to_staging'] in dag dag_ingest_daily on 2026-03-02T02:00:00+00:00 ... 
[2026-03-03T13:16:22.328+0000] {external_task.py:244} INFO - Poking for tasks ['load_to_staging'] in dag dag_ingest_daily on 2026-03-02T02:00:00+00:00 ... 
[2026-03-03T13:17:22.388+0000] {external_task.py:244} INFO - Poking for tasks ['load_to_staging'] in dag dag_ingest_daily on 2026-03-02T02:00:00+00:00 ... 
[2026-03-03T13:18:22.429+0000] {external_task.py:244} INFO - Poking for tasks ['load_to_staging'] in dag dag_ingest_daily on 2026-03-02T02:00:00+00:00 ... 
[2026-03-03T13:19:22.483+0000] {external_task.py:244} INFO - Poking for tasks ['load_to_staging'] in dag dag_ingest_daily on 2026-03-02T02:00:00+00:00 ... 
[2026-03-03T13:20:22.538+0000] {external_task.py:244} INFO - Poking for tasks ['load_to_staging'] in dag dag_ingest_daily on 2026-03-02T02:00:00+00:00 ... 
[2026-03-03T13:21:22.581+0000] {external_task.py:244} INFO - Poking for tasks ['load_to_staging'] in dag dag_ingest_daily on 2026-03-02T02:00:00+00:00 ... 
[2026-03-03T13:22:22.647+0000] {external_task.py:244} INFO - Poking for tasks ['load_to_staging'] in dag dag_ingest_daily on 2026-03-02T02:00:00+00:00 ... 
[2026-03-03T13:23:22.684+0000] {external_task.py:244} INFO - Poking for tasks ['load_to_staging'] in dag dag_ingest_daily on 2026-03-02T02:00:00+00:00 ... 
[2026-03-03T13:24:22.709+0000] {external_task.py:244} INFO - Poking for tasks ['load_to_staging'] in dag dag_ingest_daily on 2026-03-02T02:00:00+00:00 ... 
[2026-03-03T13:25:22.774+0000] {external_task.py:244} INFO - Poking for tasks ['load_to_staging'] in dag dag_ingest_daily on 2026-03-02T02:00:00+00:00 ... 
[2026-03-03T13:26:22.830+0000] {external_task.py:244} INFO - Poking for tasks ['load_to_staging'] in dag dag_ingest_daily on 2026-03-02T02:00:00+00:00 ... 
[2026-03-03T13:27:22.897+0000] {external_task.py:244} INFO - Poking for tasks ['load_to_staging'] in dag dag_ingest_daily on 2026-03-02T02:00:00+00:00 ... 
[2026-03-03T13:28:22.976+0000] {external_task.py:244} INFO - Poking for tasks ['load_to_staging'] in dag dag_ingest_daily on 2026-03-02T02:00:00+00:00 ... 
[2026-03-03T13:29:23.036+0000] {external_task.py:244} INFO - Poking for tasks ['load_to_staging'] in dag dag_ingest_daily on 2026-03-02T02:00:00+00:00 ... 
[2026-03-03T13:30:23.100+0000] {external_task.py:244} INFO - Poking for tasks ['load_to_staging'] in dag dag_ingest_daily on 2026-03-02T02:00:00+00:00 ... 
[2026-03-03T13:31:23.160+0000] {external_task.py:244} INFO - Poking for tasks ['load_to_staging'] in dag dag_ingest_daily on 2026-03-02T02:00:00+00:00 ... 
[2026-03-03T13:32:23.203+0000] {external_task.py:244} INFO - Poking for tasks ['load_to_staging'] in dag dag_ingest_daily on 2026-03-02T02:00:00+00:00 ... 
[2026-03-03T13:33:23.262+0000] {external_task.py:244} INFO - Poking for tasks ['load_to_staging'] in dag dag_ingest_daily on 2026-03-02T02:00:00+00:00 ... 
[2026-03-03T13:34:23.308+0000] {external_task.py:244} INFO - Poking for tasks ['load_to_staging'] in dag dag_ingest_daily on 2026-03-02T02:00:00+00:00 ... 
[2026-03-03T13:35:23.352+0000] {external_task.py:244} INFO - Poking for tasks ['load_to_staging'] in dag dag_ingest_daily on 2026-03-02T02:00:00+00:00 ... 
[2026-03-03T13:36:23.399+0000] {external_task.py:244} INFO - Poking for tasks ['load_to_staging'] in dag dag_ingest_daily on 2026-03-02T02:00:00+00:00 ... 
[2026-03-03T13:37:23.471+0000] {external_task.py:244} INFO - Poking for tasks ['load_to_staging'] in dag dag_ingest_daily on 2026-03-02T02:00:00+00:00 ... 
[2026-03-03T13:38:23.524+0000] {external_task.py:244} INFO - Poking for tasks ['load_to_staging'] in dag dag_ingest_daily on 2026-03-02T02:00:00+00:00 ... 
[2026-03-03T13:39:23.616+0000] {external_task.py:244} INFO - Poking for tasks ['load_to_staging'] in dag dag_ingest_daily on 2026-03-02T02:00:00+00:00 ... 
[2026-03-03T13:40:23.677+0000] {external_task.py:244} INFO - Poking for tasks ['load_to_staging'] in dag dag_ingest_daily on 2026-03-02T02:00:00+00:00 ... 
[2026-03-03T13:41:23.735+0000] {external_task.py:244} INFO - Poking for tasks ['load_to_staging'] in dag dag_ingest_daily on 2026-03-02T02:00:00+00:00 ... 
[2026-03-03T13:42:23.776+0000] {external_task.py:244} INFO - Poking for tasks ['load_to_staging'] in dag dag_ingest_daily on 2026-03-02T02:00:00+00:00 ... 
[2026-03-03T13:43:23.815+0000] {external_task.py:244} INFO - Poking for tasks ['load_to_staging'] in dag dag_ingest_daily on 2026-03-02T02:00:00+00:00 ... 
[2026-03-03T13:44:23.886+0000] {external_task.py:244} INFO - Poking for tasks ['load_to_staging'] in dag dag_ingest_daily on 2026-03-02T02:00:00+00:00 ... 
[2026-03-03T13:45:23.962+0000] {external_task.py:244} INFO - Poking for tasks ['load_to_staging'] in dag dag_ingest_daily on 2026-03-02T02:00:00+00:00 ... 
[2026-03-03T13:46:24.004+0000] {external_task.py:244} INFO - Poking for tasks ['load_to_staging'] in dag dag_ingest_daily on 2026-03-02T02:00:00+00:00 ... 
[2026-03-03T13:47:24.075+0000] {external_task.py:244} INFO - Poking for tasks ['load_to_staging'] in dag dag_ingest_daily on 2026-03-02T02:00:00+00:00 ... 
[2026-03-03T13:48:24.123+0000] {external_task.py:244} INFO - Poking for tasks ['load_to_staging'] in dag dag_ingest_daily on 2026-03-02T02:00:00+00:00 ... 
[2026-03-03T13:49:24.161+0000] {external_task.py:244} INFO - Poking for tasks ['load_to_staging'] in dag dag_ingest_daily on 2026-03-02T02:00:00+00:00 ... 
[2026-03-03T13:50:24.223+0000] {external_task.py:244} INFO - Poking for tasks ['load_to_staging'] in dag dag_ingest_daily on 2026-03-02T02:00:00+00:00 ... 
[2026-03-03T13:51:24.252+0000] {external_task.py:244} INFO - Poking for tasks ['load_to_staging'] in dag dag_ingest_daily on 2026-03-02T02:00:00+00:00 ... 
[2026-03-03T13:52:24.324+0000] {external_task.py:244} INFO - Poking for tasks ['load_to_staging'] in dag dag_ingest_daily on 2026-03-02T02:00:00+00:00 ... 
[2026-03-03T13:53:24.363+0000] {external_task.py:244} INFO - Poking for tasks ['load_to_staging'] in dag dag_ingest_daily on 2026-03-02T02:00:00+00:00 ... 
[2026-03-03T13:54:24.424+0000] {external_task.py:244} INFO - Poking for tasks ['load_to_staging'] in dag dag_ingest_daily on 2026-03-02T02:00:00+00:00 ... 
[2026-03-03T13:55:24.459+0000] {external_task.py:244} INFO - Poking for tasks ['load_to_staging'] in dag dag_ingest_daily on 2026-03-02T02:00:00+00:00 ... 
[2026-03-03T13:56:24.530+0000] {external_task.py:244} INFO - Poking for tasks ['load_to_staging'] in dag dag_ingest_daily on 2026-03-02T02:00:00+00:00 ... 
[2026-03-03T13:57:24.575+0000] {external_task.py:244} INFO - Poking for tasks ['load_to_staging'] in dag dag_ingest_daily on 2026-03-02T02:00:00+00:00 ... 
[2026-03-03T13:58:24.628+0000] {external_task.py:244} INFO - Poking for tasks ['load_to_staging'] in dag dag_ingest_daily on 2026-03-02T02:00:00+00:00 ... 
[2026-03-03T13:59:24.698+0000] {external_task.py:244} INFO - Poking for tasks ['load_to_staging'] in dag dag_ingest_daily on 2026-03-02T02:00:00+00:00 ... 
[2026-03-03T14:00:24.738+0000] {external_task.py:244} INFO - Poking for tasks ['load_to_staging'] in dag dag_ingest_daily on 2026-03-02T02:00:00+00:00 ... 
[2026-03-03T14:01:24.801+0000] {external_task.py:244} INFO - Poking for tasks ['load_to_staging'] in dag dag_ingest_daily on 2026-03-02T02:00:00+00:00 ... 
[2026-03-03T14:02:24.854+0000] {external_task.py:244} INFO - Poking for tasks ['load_to_staging'] in dag dag_ingest_daily on 2026-03-02T02:00:00+00:00 ... 
[2026-03-03T14:03:24.900+0000] {external_task.py:244} INFO - Poking for tasks ['load_to_staging'] in dag dag_ingest_daily on 2026-03-02T02:00:00+00:00 ... 
[2026-03-03T14:04:24.974+0000] {external_task.py:244} INFO - Poking for tasks ['load_to_staging'] in dag dag_ingest_daily on 2026-03-02T02:00:00+00:00 ... 
[2026-03-03T14:05:25.033+0000] {external_task.py:244} INFO - Poking for tasks ['load_to_staging'] in dag dag_ingest_daily on 2026-03-02T02:00:00+00:00 ... 
[2026-03-03T14:06:25.112+0000] {external_task.py:244} INFO - Poking for tasks ['load_to_staging'] in dag dag_ingest_daily on 2026-03-02T02:00:00+00:00 ... 
[2026-03-03T14:07:25.180+0000] {external_task.py:244} INFO - Poking for tasks ['load_to_staging'] in dag dag_ingest_daily on 2026-03-02T02:00:00+00:00 ... 
[2026-03-03T14:08:25.225+0000] {external_task.py:244} INFO - Poking for tasks ['load_to_staging'] in dag dag_ingest_daily on 2026-03-02T02:00:00+00:00 ... 
[2026-03-03T14:09:25.309+0000] {external_task.py:244} INFO - Poking for tasks ['load_to_staging'] in dag dag_ingest_daily on 2026-03-02T02:00:00+00:00 ... 
[2026-03-03T14:10:25.367+0000] {external_task.py:244} INFO - Poking for tasks ['load_to_staging'] in dag dag_ingest_daily on 2026-03-02T02:00:00+00:00 ... 
[2026-03-03T14:11:25.427+0000] {external_task.py:244} INFO - Poking for tasks ['load_to_staging'] in dag dag_ingest_daily on 2026-03-02T02:00:00+00:00 ... 
[2026-03-03T14:12:25.493+0000] {external_task.py:244} INFO - Poking for tasks ['load_to_staging'] in dag dag_ingest_daily on 2026-03-02T02:00:00+00:00 ... 
[2026-03-03T14:13:25.551+0000] {external_task.py:244} INFO - Poking for tasks ['load_to_staging'] in dag dag_ingest_daily on 2026-03-02T02:00:00+00:00 ... 
[2026-03-03T14:13:25.598+0000] {taskinstance.py:2698} ERROR - Task failed with exception
Traceback (most recent call last):
  File "/home/airflow/.local/lib/python3.11/site-packages/airflow/models/taskinstance.py", line 433, in _execute_task
    result = execute_callable(context=context, **execute_callable_kwargs)
             ^^^^^^^^^^^^^^^^^^^^^^^^^^^^^^^^^^^^^^^^^^^^^^^^^^^^^^^^^^^^
  File "/home/airflow/.local/lib/python3.11/site-packages/airflow/sensors/external_task.py", line 334, in execute
    super().execute(context)
  File "/home/airflow/.local/lib/python3.11/site-packages/airflow/sensors/base.py", line 282, in execute
    raise AirflowSensorTimeout(message)
airflow.exceptions.AirflowSensorTimeout: Sensor has timed out; run duration of 3604.662310896005 seconds exceeds the specified timeout of 3600.0.
[2026-03-03T14:13:25.634+0000] {taskinstance.py:1138} INFO - Immediate failure requested. Marking task as FAILED. dag_id=dag_dbt_transform, task_id=wait_for_ingestion, execution_date=20260302T020000, start_date=20260303T131317, end_date=20260303T141325
[2026-03-03T14:13:25.665+0000] {standard_task_runner.py:107} ERROR - Failed to execute job 208 for task wait_for_ingestion (Sensor has timed out; run duration of 3604.662310896005 seconds exceeds the specified timeout of 3600.0.; 1135)
[2026-03-03T14:13:25.696+0000] {local_task_job_runner.py:234} INFO - Task exited with return code 1
[2026-03-03T14:13:25.774+0000] {taskinstance.py:3280} INFO - 0 downstream tasks scheduled from follow-on schedule check
