[2026-03-03T02:00:01.671+0000] {taskinstance.py:1956} INFO - Dependencies all met for dep_context=non-requeueable deps ti=<TaskInstance: dag_dbt_transform.wait_for_ingestion scheduled__2026-03-02T02:00:00+00:00 [queued]>
[2026-03-03T02:00:01.687+0000] {taskinstance.py:1956} INFO - Dependencies all met for dep_context=requeueable deps ti=<TaskInstance: dag_dbt_transform.wait_for_ingestion scheduled__2026-03-02T02:00:00+00:00 [queued]>
[2026-03-03T02:00:01.688+0000] {taskinstance.py:2170} INFO - Starting attempt 1 of 2
[2026-03-03T02:00:01.711+0000] {taskinstance.py:2191} INFO - Executing <Task(ExternalTaskSensor): wait_for_ingestion> on 2026-03-02 02:00:00+00:00
[2026-03-03T02:00:01.721+0000] {standard_task_runner.py:60} INFO - Started process 9581 to run task
[2026-03-03T02:00:01.726+0000] {standard_task_runner.py:87} INFO - Running: ['***', 'tasks', 'run', 'dag_dbt_transform', 'wait_for_ingestion', 'scheduled__2026-03-02T02:00:00+00:00', '--job-id', '50', '--raw', '--subdir', 'DAGS_FOLDER/dag_dbt_transform.py', '--cfg-path', '/tmp/tmp77lhgv15']
[2026-03-03T02:00:01.730+0000] {standard_task_runner.py:88} INFO - Job 50: Subtask wait_for_ingestion
[2026-03-03T02:00:01.839+0000] {task_command.py:423} INFO - Running <TaskInstance: dag_dbt_transform.wait_for_ingestion scheduled__2026-03-02T02:00:00+00:00 [running]> on host c320bbf31b63
[2026-03-03T02:00:02.026+0000] {taskinstance.py:2480} INFO - Exporting env vars: AIRFLOW_CTX_DAG_OWNER='de_team' AIRFLOW_CTX_DAG_ID='dag_dbt_transform' AIRFLOW_CTX_TASK_ID='wait_for_ingestion' AIRFLOW_CTX_EXECUTION_DATE='2026-03-02T02:00:00+00:00' AIRFLOW_CTX_TRY_NUMBER='1' AIRFLOW_CTX_DAG_RUN_ID='scheduled__2026-03-02T02:00:00+00:00'
[2026-03-03T02:00:02.028+0000] {external_task.py:244} INFO - Poking for tasks ['load_to_staging'] in dag dag_ingest_daily on 2026-03-02T02:00:00+00:00 ... 
[2026-03-03T02:01:02.049+0000] {external_task.py:244} INFO - Poking for tasks ['load_to_staging'] in dag dag_ingest_daily on 2026-03-02T02:00:00+00:00 ... 
[2026-03-03T02:02:02.089+0000] {external_task.py:244} INFO - Poking for tasks ['load_to_staging'] in dag dag_ingest_daily on 2026-03-02T02:00:00+00:00 ... 
[2026-03-03T02:03:02.134+0000] {external_task.py:244} INFO - Poking for tasks ['load_to_staging'] in dag dag_ingest_daily on 2026-03-02T02:00:00+00:00 ... 
[2026-03-03T02:04:02.405+0000] {external_task.py:244} INFO - Poking for tasks ['load_to_staging'] in dag dag_ingest_daily on 2026-03-02T02:00:00+00:00 ... 
[2026-03-03T02:31:11.015+0000] {local_task_job_runner.py:302} WARNING - State of this instance has been externally set to up_for_retry. Terminating instance.
[2026-03-03T02:31:11.035+0000] {process_utils.py:131} INFO - Sending 15 to group 9581. PIDs of all processes in the group: [9581]
[2026-03-03T02:31:11.036+0000] {process_utils.py:86} INFO - Sending the signal 15 to group 9581
[2026-03-03T02:31:11.042+0000] {taskinstance.py:2450} ERROR - Received SIGTERM. Terminating subprocesses.
[2026-03-03T02:31:11.107+0000] {taskinstance.py:2698} ERROR - Task failed with exception
Traceback (most recent call last):
  File "/home/airflow/.local/lib/python3.11/site-packages/airflow/models/taskinstance.py", line 433, in _execute_task
    result = execute_callable(context=context, **execute_callable_kwargs)
             ^^^^^^^^^^^^^^^^^^^^^^^^^^^^^^^^^^^^^^^^^^^^^^^^^^^^^^^^^^^^
  File "/home/airflow/.local/lib/python3.11/site-packages/airflow/sensors/external_task.py", line 334, in execute
    super().execute(context)
  File "/home/airflow/.local/lib/python3.11/site-packages/airflow/sensors/base.py", line 293, in execute
    time.sleep(self._get_next_poke_interval(started_at, run_duration, try_number))
  File "/home/airflow/.local/lib/python3.11/site-packages/airflow/models/taskinstance.py", line 2452, in signal_handler
    raise AirflowException("Task received SIGTERM signal")
airflow.exceptions.AirflowException: Task received SIGTERM signal
[2026-03-03T02:31:11.144+0000] {taskinstance.py:1138} INFO - Marking task as FAILED. dag_id=dag_dbt_transform, task_id=wait_for_ingestion, execution_date=20260302T020000, start_date=20260303T020001, end_date=20260303T023111
[2026-03-03T02:31:11.216+0000] {standard_task_runner.py:107} ERROR - Failed to execute job 50 for task wait_for_ingestion (Task received SIGTERM signal; 9581)
[2026-03-03T02:31:11.267+0000] {process_utils.py:79} INFO - Process psutil.Process(pid=9581, status='terminated', exitcode=1, started='02:00:01') (9581) terminated with exit code 1
