[2026-03-03T13:11:15.111+0000] {taskinstance.py:1956} INFO - Dependencies all met for dep_context=non-requeueable deps ti=<TaskInstance: dag_ingest_daily.extract manual__2026-03-03T04:25:07+00:00 [queued]>
[2026-03-03T13:11:15.354+0000] {taskinstance.py:1956} INFO - Dependencies all met for dep_context=requeueable deps ti=<TaskInstance: dag_ingest_daily.extract manual__2026-03-03T04:25:07+00:00 [queued]>
[2026-03-03T13:11:15.358+0000] {taskinstance.py:2170} INFO - Starting attempt 2 of 4
[2026-03-03T13:11:15.797+0000] {taskinstance.py:2191} INFO - Executing <Task(PythonOperator): extract> on 2026-03-03 04:25:07+00:00
[2026-03-03T13:11:15.924+0000] {standard_task_runner.py:60} INFO - Started process 454 to run task
[2026-03-03T13:11:16.036+0000] {standard_task_runner.py:87} INFO - Running: ['***', 'tasks', 'run', 'dag_ingest_daily', 'extract', 'manual__2026-03-03T04:25:07+00:00', '--job-id', '154', '--raw', '--subdir', 'DAGS_FOLDER/dag_ingest_daily.py', '--cfg-path', '/tmp/tmpfrg5j3fy']
[2026-03-03T13:11:16.141+0000] {standard_task_runner.py:88} INFO - Job 154: Subtask extract
[2026-03-03T13:11:17.623+0000] {task_command.py:423} INFO - Running <TaskInstance: dag_ingest_daily.extract manual__2026-03-03T04:25:07+00:00 [running]> on host 353218a5daef
[2026-03-03T13:11:19.738+0000] {taskinstance.py:2480} INFO - Exporting env vars: AIRFLOW_CTX_DAG_OWNER='de_team' AIRFLOW_CTX_DAG_ID='dag_ingest_daily' AIRFLOW_CTX_TASK_ID='extract' AIRFLOW_CTX_EXECUTION_DATE='2026-03-03T04:25:07+00:00' AIRFLOW_CTX_TRY_NUMBER='2' AIRFLOW_CTX_DAG_RUN_ID='manual__2026-03-03T04:25:07+00:00'
[2026-03-03T13:11:32.256+0000] {extractor.py:40} INFO - Connected to ecommerce_oltp@postgres_oltp
[2026-03-03T13:11:32.268+0000] {extractor.py:135} INFO - === Daily extraction for 2026-03-03 ===
[2026-03-03T13:11:32.271+0000] {extractor.py:113} INFO - Extracting static table: users
[2026-03-03T13:11:32.277+0000] {extractor.py:66} INFO - Full extract: users
[2026-03-03T13:11:32.477+0000] {extractor.py:61} INFO -   Fetched 500 rows
[2026-03-03T13:11:32.492+0000] {extractor.py:113} INFO - Extracting static table: sellers
[2026-03-03T13:11:32.512+0000] {extractor.py:66} INFO - Full extract: sellers
[2026-03-03T13:11:32.660+0000] {extractor.py:61} INFO -   Fetched 50 rows
[2026-03-03T13:11:32.677+0000] {extractor.py:113} INFO - Extracting static table: products
[2026-03-03T13:11:32.692+0000] {extractor.py:66} INFO - Full extract: products
[2026-03-03T13:11:33.020+0000] {extractor.py:61} INFO -   Fetched 200 rows
[2026-03-03T13:11:33.056+0000] {extractor.py:113} INFO - Extracting static table: categories
[2026-03-03T13:11:33.069+0000] {extractor.py:66} INFO - Full extract: categories
[2026-03-03T13:11:33.233+0000] {extractor.py:61} INFO -   Fetched 10 rows
[2026-03-03T13:11:33.236+0000] {extractor.py:74} INFO - Incremental extract: orders since 2026-03-03
[2026-03-03T13:11:33.367+0000] {extractor.py:61} INFO -   Fetched 0 rows
[2026-03-03T13:11:33.387+0000] {extractor.py:94} INFO - Incremental extract: order_items since 2026-03-03
[2026-03-03T13:11:33.460+0000] {extractor.py:61} INFO -   Fetched 0 rows
[2026-03-03T13:11:33.478+0000] {extractor.py:141} INFO -   users: 500 rows extracted
[2026-03-03T13:11:33.528+0000] {extractor.py:141} INFO -   sellers: 50 rows extracted
[2026-03-03T13:11:33.544+0000] {extractor.py:141} INFO -   products: 200 rows extracted
[2026-03-03T13:11:33.561+0000] {extractor.py:141} INFO -   categories: 10 rows extracted
[2026-03-03T13:11:33.574+0000] {extractor.py:141} INFO -   orders: 0 rows extracted
[2026-03-03T13:11:33.637+0000] {extractor.py:141} INFO -   order_items: 0 rows extracted
[2026-03-03T13:11:33.656+0000] {extractor.py:46} INFO - Connection closed
[2026-03-03T13:11:36.444+0000] {logging_mixin.py:188} INFO - ✅ Extracted 760 total rows
[2026-03-03T13:11:36.468+0000] {python.py:201} INFO - Done. Returned value was: None
[2026-03-03T13:11:36.571+0000] {taskinstance.py:1138} INFO - Marking task as SUCCESS. dag_id=dag_ingest_daily, task_id=extract, execution_date=20260303T042507, start_date=20260303T131115, end_date=20260303T131136
[2026-03-03T13:11:38.210+0000] {local_task_job_runner.py:234} INFO - Task exited with return code 0
[2026-03-03T13:11:39.213+0000] {taskinstance.py:3280} INFO - 1 downstream tasks scheduled from follow-on schedule check
