[2026-03-03T13:12:42.393+0000] {taskinstance.py:1956} INFO - Dependencies all met for dep_context=non-requeueable deps ti=<TaskInstance: dag_ingest_daily.extract manual__2026-03-03T12:14:52+00:00 [queued]>
[2026-03-03T13:12:42.423+0000] {taskinstance.py:1956} INFO - Dependencies all met for dep_context=requeueable deps ti=<TaskInstance: dag_ingest_daily.extract manual__2026-03-03T12:14:52+00:00 [queued]>
[2026-03-03T13:12:42.426+0000] {taskinstance.py:2170} INFO - Starting attempt 2 of 4
[2026-03-03T13:12:42.459+0000] {taskinstance.py:2191} INFO - Executing <Task(PythonOperator): extract> on 2026-03-03 12:14:52+00:00
[2026-03-03T13:12:42.475+0000] {standard_task_runner.py:60} INFO - Started process 1019 to run task
[2026-03-03T13:12:42.487+0000] {standard_task_runner.py:87} INFO - Running: ['***', 'tasks', 'run', 'dag_ingest_daily', 'extract', 'manual__2026-03-03T12:14:52+00:00', '--job-id', '199', '--raw', '--subdir', 'DAGS_FOLDER/dag_ingest_daily.py', '--cfg-path', '/tmp/tmpfzinsb4j']
[2026-03-03T13:12:42.492+0000] {standard_task_runner.py:88} INFO - Job 199: Subtask extract
[2026-03-03T13:12:42.715+0000] {task_command.py:423} INFO - Running <TaskInstance: dag_ingest_daily.extract manual__2026-03-03T12:14:52+00:00 [running]> on host 353218a5daef
[2026-03-03T13:12:43.200+0000] {taskinstance.py:2480} INFO - Exporting env vars: AIRFLOW_CTX_DAG_OWNER='de_team' AIRFLOW_CTX_DAG_ID='dag_ingest_daily' AIRFLOW_CTX_TASK_ID='extract' AIRFLOW_CTX_EXECUTION_DATE='2026-03-03T12:14:52+00:00' AIRFLOW_CTX_TRY_NUMBER='2' AIRFLOW_CTX_DAG_RUN_ID='manual__2026-03-03T12:14:52+00:00'
[2026-03-03T13:12:44.869+0000] {extractor.py:40} INFO - Connected to ecommerce_oltp@postgres_oltp
[2026-03-03T13:12:44.872+0000] {extractor.py:135} INFO - === Daily extraction for 2026-03-03 ===
[2026-03-03T13:12:44.873+0000] {extractor.py:113} INFO - Extracting static table: users
[2026-03-03T13:12:44.874+0000] {extractor.py:66} INFO - Full extract: users
[2026-03-03T13:12:44.912+0000] {extractor.py:61} INFO -   Fetched 500 rows
[2026-03-03T13:12:44.914+0000] {extractor.py:113} INFO - Extracting static table: sellers
[2026-03-03T13:12:44.914+0000] {extractor.py:66} INFO - Full extract: sellers
[2026-03-03T13:12:44.925+0000] {extractor.py:61} INFO -   Fetched 50 rows
[2026-03-03T13:12:44.933+0000] {extractor.py:113} INFO - Extracting static table: products
[2026-03-03T13:12:44.934+0000] {extractor.py:66} INFO - Full extract: products
[2026-03-03T13:12:44.958+0000] {extractor.py:61} INFO -   Fetched 200 rows
[2026-03-03T13:12:44.959+0000] {extractor.py:113} INFO - Extracting static table: categories
[2026-03-03T13:12:44.960+0000] {extractor.py:66} INFO - Full extract: categories
[2026-03-03T13:12:44.965+0000] {extractor.py:61} INFO -   Fetched 10 rows
[2026-03-03T13:12:44.967+0000] {extractor.py:74} INFO - Incremental extract: orders since 2026-03-03
[2026-03-03T13:12:44.994+0000] {extractor.py:61} INFO -   Fetched 0 rows
[2026-03-03T13:12:44.999+0000] {extractor.py:94} INFO - Incremental extract: order_items since 2026-03-03
[2026-03-03T13:12:45.016+0000] {extractor.py:61} INFO -   Fetched 0 rows
[2026-03-03T13:12:45.016+0000] {extractor.py:141} INFO -   users: 500 rows extracted
[2026-03-03T13:12:45.017+0000] {extractor.py:141} INFO -   sellers: 50 rows extracted
[2026-03-03T13:12:45.018+0000] {extractor.py:141} INFO -   products: 200 rows extracted
[2026-03-03T13:12:45.019+0000] {extractor.py:141} INFO -   categories: 10 rows extracted
[2026-03-03T13:12:45.020+0000] {extractor.py:141} INFO -   orders: 0 rows extracted
[2026-03-03T13:12:45.025+0000] {extractor.py:141} INFO -   order_items: 0 rows extracted
[2026-03-03T13:12:45.031+0000] {extractor.py:46} INFO - Connection closed
[2026-03-03T13:12:45.324+0000] {logging_mixin.py:188} INFO - ✅ Extracted 760 total rows
[2026-03-03T13:12:45.339+0000] {python.py:201} INFO - Done. Returned value was: None
[2026-03-03T13:12:45.407+0000] {taskinstance.py:1138} INFO - Marking task as SUCCESS. dag_id=dag_ingest_daily, task_id=extract, execution_date=20260303T121452, start_date=20260303T131242, end_date=20260303T131245
[2026-03-03T13:12:45.660+0000] {local_task_job_runner.py:234} INFO - Task exited with return code 0
[2026-03-03T13:12:46.116+0000] {taskinstance.py:3280} INFO - 0 downstream tasks scheduled from follow-on schedule check
