[2026-03-03T12:14:57.987+0000] {taskinstance.py:1956} INFO - Dependencies all met for dep_context=non-requeueable deps ti=<TaskInstance: dag_ingest_daily.extract manual__2026-03-03T12:14:52+00:00 [queued]>
[2026-03-03T12:14:57.997+0000] {taskinstance.py:1956} INFO - Dependencies all met for dep_context=requeueable deps ti=<TaskInstance: dag_ingest_daily.extract manual__2026-03-03T12:14:52+00:00 [queued]>
[2026-03-03T12:14:57.998+0000] {taskinstance.py:2170} INFO - Starting attempt 1 of 3
[2026-03-03T12:14:58.063+0000] {taskinstance.py:2191} INFO - Executing <Task(PythonOperator): extract> on 2026-03-03 12:14:52+00:00
[2026-03-03T12:14:58.073+0000] {standard_task_runner.py:60} INFO - Started process 282 to run task
[2026-03-03T12:14:58.079+0000] {standard_task_runner.py:87} INFO - Running: ['***', 'tasks', 'run', 'dag_ingest_daily', 'extract', 'manual__2026-03-03T12:14:52+00:00', '--job-id', '137', '--raw', '--subdir', 'DAGS_FOLDER/dag_ingest_daily.py', '--cfg-path', '/tmp/tmpecforre3']
[2026-03-03T12:14:58.084+0000] {standard_task_runner.py:88} INFO - Job 137: Subtask extract
[2026-03-03T12:14:58.300+0000] {task_command.py:423} INFO - Running <TaskInstance: dag_ingest_daily.extract manual__2026-03-03T12:14:52+00:00 [running]> on host c4473bd42d91
[2026-03-03T12:14:58.525+0000] {taskinstance.py:2480} INFO - Exporting env vars: AIRFLOW_CTX_DAG_OWNER='de_team' AIRFLOW_CTX_DAG_ID='dag_ingest_daily' AIRFLOW_CTX_TASK_ID='extract' AIRFLOW_CTX_EXECUTION_DATE='2026-03-03T12:14:52+00:00' AIRFLOW_CTX_TRY_NUMBER='1' AIRFLOW_CTX_DAG_RUN_ID='manual__2026-03-03T12:14:52+00:00'
[2026-03-03T12:15:01.332+0000] {extractor.py:40} INFO - Connected to ecommerce_oltp@postgres_oltp
[2026-03-03T12:15:01.333+0000] {extractor.py:135} INFO - === Daily extraction for 2026-03-03 ===
[2026-03-03T12:15:01.334+0000] {extractor.py:113} INFO - Extracting static table: users
[2026-03-03T12:15:01.334+0000] {extractor.py:66} INFO - Full extract: users
[2026-03-03T12:15:01.353+0000] {extractor.py:61} INFO -   Fetched 500 rows
[2026-03-03T12:15:01.354+0000] {extractor.py:113} INFO - Extracting static table: sellers
[2026-03-03T12:15:01.355+0000] {extractor.py:66} INFO - Full extract: sellers
[2026-03-03T12:15:01.358+0000] {extractor.py:61} INFO -   Fetched 50 rows
[2026-03-03T12:15:01.359+0000] {extractor.py:113} INFO - Extracting static table: products
[2026-03-03T12:15:01.359+0000] {extractor.py:66} INFO - Full extract: products
[2026-03-03T12:15:01.364+0000] {extractor.py:61} INFO -   Fetched 200 rows
[2026-03-03T12:15:01.364+0000] {extractor.py:113} INFO - Extracting static table: categories
[2026-03-03T12:15:01.365+0000] {extractor.py:66} INFO - Full extract: categories
[2026-03-03T12:15:01.366+0000] {extractor.py:61} INFO -   Fetched 10 rows
[2026-03-03T12:15:01.366+0000] {extractor.py:74} INFO - Incremental extract: orders since 2026-03-03
[2026-03-03T12:15:01.373+0000] {extractor.py:61} INFO -   Fetched 0 rows
[2026-03-03T12:15:01.373+0000] {extractor.py:94} INFO - Incremental extract: order_items since 2026-03-03
[2026-03-03T12:15:01.376+0000] {extractor.py:61} INFO -   Fetched 0 rows
[2026-03-03T12:15:01.377+0000] {extractor.py:141} INFO -   users: 500 rows extracted
[2026-03-03T12:15:01.377+0000] {extractor.py:141} INFO -   sellers: 50 rows extracted
[2026-03-03T12:15:01.377+0000] {extractor.py:141} INFO -   products: 200 rows extracted
[2026-03-03T12:15:01.377+0000] {extractor.py:141} INFO -   categories: 10 rows extracted
[2026-03-03T12:15:01.378+0000] {extractor.py:141} INFO -   orders: 0 rows extracted
[2026-03-03T12:15:01.378+0000] {extractor.py:141} INFO -   order_items: 0 rows extracted
[2026-03-03T12:15:01.378+0000] {extractor.py:46} INFO - Connection closed
[2026-03-03T12:15:01.503+0000] {logging_mixin.py:188} INFO - ✅ Extracted 760 total rows
[2026-03-03T12:15:01.504+0000] {python.py:201} INFO - Done. Returned value was: None
[2026-03-03T12:15:01.518+0000] {taskinstance.py:1138} INFO - Marking task as SUCCESS. dag_id=dag_ingest_daily, task_id=extract, execution_date=20260303T121452, start_date=20260303T121457, end_date=20260303T121501
[2026-03-03T12:15:01.563+0000] {local_task_job_runner.py:234} INFO - Task exited with return code 0
[2026-03-03T12:15:01.625+0000] {taskinstance.py:3280} INFO - 1 downstream tasks scheduled from follow-on schedule check
