[2026-03-03T15:30:41.793+0000] {taskinstance.py:1956} INFO - Dependencies all met for dep_context=non-requeueable deps ti=<TaskInstance: dag_ingest_daily.extract manual__2026-03-02T15:30:27+00:00 [queued]>
[2026-03-03T15:30:41.803+0000] {taskinstance.py:1956} INFO - Dependencies all met for dep_context=requeueable deps ti=<TaskInstance: dag_ingest_daily.extract manual__2026-03-02T15:30:27+00:00 [queued]>
[2026-03-03T15:30:41.804+0000] {taskinstance.py:2170} INFO - Starting attempt 1 of 3
[2026-03-03T15:30:41.816+0000] {taskinstance.py:2191} INFO - Executing <Task(PythonOperator): extract> on 2026-03-02 15:30:27+00:00
[2026-03-03T15:30:41.821+0000] {standard_task_runner.py:60} INFO - Started process 6210 to run task
[2026-03-03T15:30:41.825+0000] {standard_task_runner.py:87} INFO - Running: ['***', 'tasks', 'run', 'dag_ingest_daily', 'extract', 'manual__2026-03-02T15:30:27+00:00', '--job-id', '254', '--raw', '--subdir', 'DAGS_FOLDER/dag_ingest_daily.py', '--cfg-path', '/tmp/tmp9gcqlv_5']
[2026-03-03T15:30:41.828+0000] {standard_task_runner.py:88} INFO - Job 254: Subtask extract
[2026-03-03T15:30:41.889+0000] {task_command.py:423} INFO - Running <TaskInstance: dag_ingest_daily.extract manual__2026-03-02T15:30:27+00:00 [running]> on host 353218a5daef
[2026-03-03T15:30:41.991+0000] {taskinstance.py:2480} INFO - Exporting env vars: AIRFLOW_CTX_DAG_OWNER='de_team' AIRFLOW_CTX_DAG_ID='dag_ingest_daily' AIRFLOW_CTX_TASK_ID='extract' AIRFLOW_CTX_EXECUTION_DATE='2026-03-02T15:30:27+00:00' AIRFLOW_CTX_TRY_NUMBER='1' AIRFLOW_CTX_DAG_RUN_ID='manual__2026-03-02T15:30:27+00:00'
[2026-03-03T15:30:42.657+0000] {extractor.py:40} INFO - Connected to ecommerce_oltp@postgres_oltp
[2026-03-03T15:30:42.659+0000] {extractor.py:135} INFO - === Daily extraction for 1970-01-01 ===
[2026-03-03T15:30:42.660+0000] {extractor.py:113} INFO - Extracting static table: users
[2026-03-03T15:30:42.660+0000] {extractor.py:66} INFO - Full extract: users
[2026-03-03T15:30:42.714+0000] {extractor.py:61} INFO -   Fetched 500 rows
[2026-03-03T15:30:42.715+0000] {extractor.py:113} INFO - Extracting static table: sellers
[2026-03-03T15:30:42.715+0000] {extractor.py:66} INFO - Full extract: sellers
[2026-03-03T15:30:42.719+0000] {extractor.py:61} INFO -   Fetched 50 rows
[2026-03-03T15:30:42.720+0000] {extractor.py:113} INFO - Extracting static table: products
[2026-03-03T15:30:42.721+0000] {extractor.py:66} INFO - Full extract: products
[2026-03-03T15:30:42.732+0000] {extractor.py:61} INFO -   Fetched 200 rows
[2026-03-03T15:30:42.734+0000] {extractor.py:113} INFO - Extracting static table: categories
[2026-03-03T15:30:42.735+0000] {extractor.py:66} INFO - Full extract: categories
[2026-03-03T15:30:42.739+0000] {extractor.py:61} INFO -   Fetched 10 rows
[2026-03-03T15:30:42.741+0000] {extractor.py:74} INFO - Incremental extract: orders since 1970-01-01
[2026-03-03T15:30:42.814+0000] {extractor.py:61} INFO -   Fetched 2,000 rows
[2026-03-03T15:30:42.815+0000] {extractor.py:94} INFO - Incremental extract: order_items since 1970-01-01
[2026-03-03T15:30:42.879+0000] {extractor.py:61} INFO -   Fetched 3,344 rows
[2026-03-03T15:30:42.881+0000] {extractor.py:141} INFO -   users: 500 rows extracted
[2026-03-03T15:30:42.883+0000] {extractor.py:141} INFO -   sellers: 50 rows extracted
[2026-03-03T15:30:42.885+0000] {extractor.py:141} INFO -   products: 200 rows extracted
[2026-03-03T15:30:42.886+0000] {extractor.py:141} INFO -   categories: 10 rows extracted
[2026-03-03T15:30:42.887+0000] {extractor.py:141} INFO -   orders: 2,000 rows extracted
[2026-03-03T15:30:42.893+0000] {extractor.py:141} INFO -   order_items: 3,344 rows extracted
[2026-03-03T15:30:42.894+0000] {extractor.py:46} INFO - Connection closed
[2026-03-03T15:30:43.117+0000] {logging_mixin.py:188} INFO - ✅ Extracted 6,104 total rows
[2026-03-03T15:30:43.119+0000] {python.py:201} INFO - Done. Returned value was: None
[2026-03-03T15:30:43.202+0000] {taskinstance.py:1138} INFO - Marking task as SUCCESS. dag_id=dag_ingest_daily, task_id=extract, execution_date=20260302T153027, start_date=20260303T153041, end_date=20260303T153043
[2026-03-03T15:30:43.295+0000] {local_task_job_runner.py:234} INFO - Task exited with return code 0
[2026-03-03T15:30:43.400+0000] {taskinstance.py:3280} INFO - 0 downstream tasks scheduled from follow-on schedule check
