[2026-03-03T12:15:04.680+0000] {taskinstance.py:1956} INFO - Dependencies all met for dep_context=non-requeueable deps ti=<TaskInstance: dag_ingest_daily.load_to_staging manual__2026-03-03T12:14:52+00:00 [queued]>
[2026-03-03T12:15:04.690+0000] {taskinstance.py:1956} INFO - Dependencies all met for dep_context=requeueable deps ti=<TaskInstance: dag_ingest_daily.load_to_staging manual__2026-03-03T12:14:52+00:00 [queued]>
[2026-03-03T12:15:04.691+0000] {taskinstance.py:2170} INFO - Starting attempt 1 of 3
[2026-03-03T12:15:04.714+0000] {taskinstance.py:2191} INFO - Executing <Task(PythonOperator): load_to_staging> on 2026-03-03 12:14:52+00:00
[2026-03-03T12:15:04.722+0000] {standard_task_runner.py:60} INFO - Started process 316 to run task
[2026-03-03T12:15:04.730+0000] {standard_task_runner.py:87} INFO - Running: ['***', 'tasks', 'run', 'dag_ingest_daily', 'load_to_staging', 'manual__2026-03-03T12:14:52+00:00', '--job-id', '139', '--raw', '--subdir', 'DAGS_FOLDER/dag_ingest_daily.py', '--cfg-path', '/tmp/tmpeenjjuj2']
[2026-03-03T12:15:04.735+0000] {standard_task_runner.py:88} INFO - Job 139: Subtask load_to_staging
[2026-03-03T12:15:04.805+0000] {task_command.py:423} INFO - Running <TaskInstance: dag_ingest_daily.load_to_staging manual__2026-03-03T12:14:52+00:00 [running]> on host c4473bd42d91
[2026-03-03T12:15:04.903+0000] {taskinstance.py:2480} INFO - Exporting env vars: AIRFLOW_CTX_DAG_OWNER='de_team' AIRFLOW_CTX_DAG_ID='dag_ingest_daily' AIRFLOW_CTX_TASK_ID='load_to_staging' AIRFLOW_CTX_EXECUTION_DATE='2026-03-03T12:14:52+00:00' AIRFLOW_CTX_TRY_NUMBER='1' AIRFLOW_CTX_DAG_RUN_ID='manual__2026-03-03T12:14:52+00:00'
[2026-03-03T12:15:05.406+0000] {loader.py:39} INFO - StagingLoader connected to staging@clickhouse_olap
[2026-03-03T12:15:05.407+0000] {loader.py:86} INFO - === Loading to staging (exec_date=2026-03-03) ===
[2026-03-03T12:15:05.419+0000] {loader.py:55} INFO -   Truncated staging.stg_users
[2026-03-03T12:15:05.442+0000] {loader.py:82} INFO -   ✅ Loaded 500 rows → staging.stg_users
[2026-03-03T12:15:05.449+0000] {loader.py:55} INFO -   Truncated staging.stg_sellers
[2026-03-03T12:15:05.458+0000] {loader.py:82} INFO -   ✅ Loaded 50 rows → staging.stg_sellers
[2026-03-03T12:15:05.476+0000] {loader.py:55} INFO -   Truncated staging.stg_products
[2026-03-03T12:15:05.492+0000] {loader.py:82} INFO -   ✅ Loaded 200 rows → staging.stg_products
[2026-03-03T12:15:05.500+0000] {loader.py:55} INFO -   Truncated staging.stg_categories
[2026-03-03T12:15:05.514+0000] {loader.py:82} INFO -   ✅ Loaded 10 rows → staging.stg_categories
[2026-03-03T12:15:05.515+0000] {loader.py:89} INFO - === Staging load complete ===
[2026-03-03T12:15:05.515+0000] {logging_mixin.py:188} INFO - ✅ Staging load complete
[2026-03-03T12:15:05.516+0000] {python.py:201} INFO - Done. Returned value was: None
[2026-03-03T12:15:05.537+0000] {taskinstance.py:1138} INFO - Marking task as SUCCESS. dag_id=dag_ingest_daily, task_id=load_to_staging, execution_date=20260303T121452, start_date=20260303T121504, end_date=20260303T121505
[2026-03-03T12:15:05.570+0000] {local_task_job_runner.py:234} INFO - Task exited with return code 0
[2026-03-03T12:15:05.594+0000] {taskinstance.py:3280} INFO - 0 downstream tasks scheduled from follow-on schedule check
