[2026-03-03T12:14:28.259+0000] {taskinstance.py:1956} INFO - Dependencies all met for dep_context=non-requeueable deps ti=<TaskInstance: dag_data_quality.wait_for_transform manual__2026-03-03T12:03:24.772365+00:00 [queued]>
[2026-03-03T12:14:28.302+0000] {taskinstance.py:1956} INFO - Dependencies all met for dep_context=requeueable deps ti=<TaskInstance: dag_data_quality.wait_for_transform manual__2026-03-03T12:03:24.772365+00:00 [queued]>
[2026-03-03T12:14:28.303+0000] {taskinstance.py:2170} INFO - Starting attempt 2 of 1
[2026-03-03T12:14:28.348+0000] {taskinstance.py:2191} INFO - Executing <Task(ExternalTaskSensor): wait_for_transform> on 2026-03-03 12:03:24.772365+00:00
[2026-03-03T12:14:28.374+0000] {standard_task_runner.py:60} INFO - Started process 234 to run task
[2026-03-03T12:14:28.392+0000] {standard_task_runner.py:87} INFO - Running: ['***', 'tasks', 'run', 'dag_data_quality', 'wait_for_transform', 'manual__2026-03-03T12:03:24.772365+00:00', '--job-id', '132', '--raw', '--subdir', 'DAGS_FOLDER/dag_data_quality.py', '--cfg-path', '/tmp/tmph_0uqmnb']
[2026-03-03T12:14:28.415+0000] {standard_task_runner.py:88} INFO - Job 132: Subtask wait_for_transform
[2026-03-03T12:14:28.624+0000] {task_command.py:423} INFO - Running <TaskInstance: dag_data_quality.wait_for_transform manual__2026-03-03T12:03:24.772365+00:00 [running]> on host c4473bd42d91
[2026-03-03T12:14:29.020+0000] {taskinstance.py:2480} INFO - Exporting env vars: AIRFLOW_CTX_DAG_OWNER='de_team' AIRFLOW_CTX_DAG_ID='dag_data_quality' AIRFLOW_CTX_TASK_ID='wait_for_transform' AIRFLOW_CTX_EXECUTION_DATE='2026-03-03T12:03:24.772365+00:00' AIRFLOW_CTX_TRY_NUMBER='2' AIRFLOW_CTX_DAG_RUN_ID='manual__2026-03-03T12:03:24.772365+00:00'
[2026-03-03T12:14:29.027+0000] {external_task.py:244} INFO - Poking for tasks ['dbt_test'] in dag dag_dbt_transform on 2026-03-03T12:03:24.772365+00:00 ... 
[2026-03-03T12:15:29.061+0000] {external_task.py:244} INFO - Poking for tasks ['dbt_test'] in dag dag_dbt_transform on 2026-03-03T12:03:24.772365+00:00 ... 
[2026-03-03T12:16:29.101+0000] {external_task.py:244} INFO - Poking for tasks ['dbt_test'] in dag dag_dbt_transform on 2026-03-03T12:03:24.772365+00:00 ... 
[2026-03-03T12:17:29.164+0000] {external_task.py:244} INFO - Poking for tasks ['dbt_test'] in dag dag_dbt_transform on 2026-03-03T12:03:24.772365+00:00 ... 
[2026-03-03T12:18:29.198+0000] {external_task.py:244} INFO - Poking for tasks ['dbt_test'] in dag dag_dbt_transform on 2026-03-03T12:03:24.772365+00:00 ... 
[2026-03-03T12:19:29.224+0000] {external_task.py:244} INFO - Poking for tasks ['dbt_test'] in dag dag_dbt_transform on 2026-03-03T12:03:24.772365+00:00 ... 
[2026-03-03T12:20:29.280+0000] {external_task.py:244} INFO - Poking for tasks ['dbt_test'] in dag dag_dbt_transform on 2026-03-03T12:03:24.772365+00:00 ... 
[2026-03-03T12:21:29.363+0000] {external_task.py:244} INFO - Poking for tasks ['dbt_test'] in dag dag_dbt_transform on 2026-03-03T12:03:24.772365+00:00 ... 
[2026-03-03T12:22:29.459+0000] {external_task.py:244} INFO - Poking for tasks ['dbt_test'] in dag dag_dbt_transform on 2026-03-03T12:03:24.772365+00:00 ... 
[2026-03-03T12:23:29.582+0000] {external_task.py:244} INFO - Poking for tasks ['dbt_test'] in dag dag_dbt_transform on 2026-03-03T12:03:24.772365+00:00 ... 
[2026-03-03T12:24:29.635+0000] {external_task.py:244} INFO - Poking for tasks ['dbt_test'] in dag dag_dbt_transform on 2026-03-03T12:03:24.772365+00:00 ... 
[2026-03-03T12:25:29.686+0000] {external_task.py:244} INFO - Poking for tasks ['dbt_test'] in dag dag_dbt_transform on 2026-03-03T12:03:24.772365+00:00 ... 
[2026-03-03T12:26:29.912+0000] {external_task.py:244} INFO - Poking for tasks ['dbt_test'] in dag dag_dbt_transform on 2026-03-03T12:03:24.772365+00:00 ... 
[2026-03-03T12:27:29.939+0000] {external_task.py:244} INFO - Poking for tasks ['dbt_test'] in dag dag_dbt_transform on 2026-03-03T12:03:24.772365+00:00 ... 
[2026-03-03T12:28:29.982+0000] {external_task.py:244} INFO - Poking for tasks ['dbt_test'] in dag dag_dbt_transform on 2026-03-03T12:03:24.772365+00:00 ... 
[2026-03-03T12:29:30.056+0000] {external_task.py:244} INFO - Poking for tasks ['dbt_test'] in dag dag_dbt_transform on 2026-03-03T12:03:24.772365+00:00 ... 
[2026-03-03T12:30:30.098+0000] {external_task.py:244} INFO - Poking for tasks ['dbt_test'] in dag dag_dbt_transform on 2026-03-03T12:03:24.772365+00:00 ... 
[2026-03-03T12:31:30.171+0000] {external_task.py:244} INFO - Poking for tasks ['dbt_test'] in dag dag_dbt_transform on 2026-03-03T12:03:24.772365+00:00 ... 
[2026-03-03T12:32:30.268+0000] {external_task.py:244} INFO - Poking for tasks ['dbt_test'] in dag dag_dbt_transform on 2026-03-03T12:03:24.772365+00:00 ... 
[2026-03-03T12:33:30.336+0000] {external_task.py:244} INFO - Poking for tasks ['dbt_test'] in dag dag_dbt_transform on 2026-03-03T12:03:24.772365+00:00 ... 
[2026-03-03T12:34:30.390+0000] {external_task.py:244} INFO - Poking for tasks ['dbt_test'] in dag dag_dbt_transform on 2026-03-03T12:03:24.772365+00:00 ... 
[2026-03-03T12:35:30.440+0000] {external_task.py:244} INFO - Poking for tasks ['dbt_test'] in dag dag_dbt_transform on 2026-03-03T12:03:24.772365+00:00 ... 
[2026-03-03T12:36:30.469+0000] {external_task.py:244} INFO - Poking for tasks ['dbt_test'] in dag dag_dbt_transform on 2026-03-03T12:03:24.772365+00:00 ... 
[2026-03-03T12:37:30.502+0000] {external_task.py:244} INFO - Poking for tasks ['dbt_test'] in dag dag_dbt_transform on 2026-03-03T12:03:24.772365+00:00 ... 
[2026-03-03T12:38:30.544+0000] {external_task.py:244} INFO - Poking for tasks ['dbt_test'] in dag dag_dbt_transform on 2026-03-03T12:03:24.772365+00:00 ... 
[2026-03-03T12:39:30.572+0000] {external_task.py:244} INFO - Poking for tasks ['dbt_test'] in dag dag_dbt_transform on 2026-03-03T12:03:24.772365+00:00 ... 
[2026-03-03T12:40:30.599+0000] {external_task.py:244} INFO - Poking for tasks ['dbt_test'] in dag dag_dbt_transform on 2026-03-03T12:03:24.772365+00:00 ... 
[2026-03-03T12:41:30.642+0000] {external_task.py:244} INFO - Poking for tasks ['dbt_test'] in dag dag_dbt_transform on 2026-03-03T12:03:24.772365+00:00 ... 
[2026-03-03T12:42:30.668+0000] {external_task.py:244} INFO - Poking for tasks ['dbt_test'] in dag dag_dbt_transform on 2026-03-03T12:03:24.772365+00:00 ... 
[2026-03-03T12:43:30.747+0000] {external_task.py:244} INFO - Poking for tasks ['dbt_test'] in dag dag_dbt_transform on 2026-03-03T12:03:24.772365+00:00 ... 
[2026-03-03T12:44:30.779+0000] {external_task.py:244} INFO - Poking for tasks ['dbt_test'] in dag dag_dbt_transform on 2026-03-03T12:03:24.772365+00:00 ... 
[2026-03-03T12:45:30.829+0000] {external_task.py:244} INFO - Poking for tasks ['dbt_test'] in dag dag_dbt_transform on 2026-03-03T12:03:24.772365+00:00 ... 
[2026-03-03T12:46:30.883+0000] {external_task.py:244} INFO - Poking for tasks ['dbt_test'] in dag dag_dbt_transform on 2026-03-03T12:03:24.772365+00:00 ... 
[2026-03-03T12:47:30.931+0000] {external_task.py:244} INFO - Poking for tasks ['dbt_test'] in dag dag_dbt_transform on 2026-03-03T12:03:24.772365+00:00 ... 
[2026-03-03T12:48:30.977+0000] {external_task.py:244} INFO - Poking for tasks ['dbt_test'] in dag dag_dbt_transform on 2026-03-03T12:03:24.772365+00:00 ... 
[2026-03-03T12:49:31.044+0000] {external_task.py:244} INFO - Poking for tasks ['dbt_test'] in dag dag_dbt_transform on 2026-03-03T12:03:24.772365+00:00 ... 
[2026-03-03T12:50:31.077+0000] {external_task.py:244} INFO - Poking for tasks ['dbt_test'] in dag dag_dbt_transform on 2026-03-03T12:03:24.772365+00:00 ... 
[2026-03-03T12:51:31.161+0000] {external_task.py:244} INFO - Poking for tasks ['dbt_test'] in dag dag_dbt_transform on 2026-03-03T12:03:24.772365+00:00 ... 
[2026-03-03T12:52:31.234+0000] {external_task.py:244} INFO - Poking for tasks ['dbt_test'] in dag dag_dbt_transform on 2026-03-03T12:03:24.772365+00:00 ... 
[2026-03-03T12:53:31.279+0000] {external_task.py:244} INFO - Poking for tasks ['dbt_test'] in dag dag_dbt_transform on 2026-03-03T12:03:24.772365+00:00 ... 
[2026-03-03T12:54:31.322+0000] {external_task.py:244} INFO - Poking for tasks ['dbt_test'] in dag dag_dbt_transform on 2026-03-03T12:03:24.772365+00:00 ... 
[2026-03-03T12:55:31.390+0000] {external_task.py:244} INFO - Poking for tasks ['dbt_test'] in dag dag_dbt_transform on 2026-03-03T12:03:24.772365+00:00 ... 
[2026-03-03T12:56:31.451+0000] {external_task.py:244} INFO - Poking for tasks ['dbt_test'] in dag dag_dbt_transform on 2026-03-03T12:03:24.772365+00:00 ... 
[2026-03-03T12:57:31.480+0000] {external_task.py:244} INFO - Poking for tasks ['dbt_test'] in dag dag_dbt_transform on 2026-03-03T12:03:24.772365+00:00 ... 
[2026-03-03T12:58:31.531+0000] {external_task.py:244} INFO - Poking for tasks ['dbt_test'] in dag dag_dbt_transform on 2026-03-03T12:03:24.772365+00:00 ... 
[2026-03-03T12:59:31.578+0000] {external_task.py:244} INFO - Poking for tasks ['dbt_test'] in dag dag_dbt_transform on 2026-03-03T12:03:24.772365+00:00 ... 
[2026-03-03T13:00:31.616+0000] {external_task.py:244} INFO - Poking for tasks ['dbt_test'] in dag dag_dbt_transform on 2026-03-03T12:03:24.772365+00:00 ... 
[2026-03-03T13:01:31.681+0000] {external_task.py:244} INFO - Poking for tasks ['dbt_test'] in dag dag_dbt_transform on 2026-03-03T12:03:24.772365+00:00 ... 
[2026-03-03T13:02:31.735+0000] {external_task.py:244} INFO - Poking for tasks ['dbt_test'] in dag dag_dbt_transform on 2026-03-03T12:03:24.772365+00:00 ... 
[2026-03-03T13:03:31.803+0000] {external_task.py:244} INFO - Poking for tasks ['dbt_test'] in dag dag_dbt_transform on 2026-03-03T12:03:24.772365+00:00 ... 
[2026-03-03T13:04:02.845+0000] {local_task_job_runner.py:302} WARNING - State of this instance has been externally set to restarting. Terminating instance.
[2026-03-03T13:04:02.872+0000] {process_utils.py:131} INFO - Sending 15 to group 234. PIDs of all processes in the group: [234]
[2026-03-03T13:04:02.874+0000] {process_utils.py:86} INFO - Sending the signal 15 to group 234
[2026-03-03T13:04:02.882+0000] {taskinstance.py:2450} ERROR - Received SIGTERM. Terminating subprocesses.
[2026-03-03T13:04:02.964+0000] {taskinstance.py:2698} ERROR - Task failed with exception
Traceback (most recent call last):
  File "/home/airflow/.local/lib/python3.11/site-packages/airflow/models/taskinstance.py", line 433, in _execute_task
    result = execute_callable(context=context, **execute_callable_kwargs)
             ^^^^^^^^^^^^^^^^^^^^^^^^^^^^^^^^^^^^^^^^^^^^^^^^^^^^^^^^^^^^
  File "/home/airflow/.local/lib/python3.11/site-packages/airflow/sensors/external_task.py", line 334, in execute
    super().execute(context)
  File "/home/airflow/.local/lib/python3.11/site-packages/airflow/sensors/base.py", line 293, in execute
    time.sleep(self._get_next_poke_interval(started_at, run_duration, try_number))
  File "/home/airflow/.local/lib/python3.11/site-packages/airflow/models/taskinstance.py", line 2452, in signal_handler
    raise AirflowException("Task received SIGTERM signal")
airflow.exceptions.AirflowException: Task received SIGTERM signal
[2026-03-03T13:04:02.992+0000] {taskinstance.py:1138} INFO - Marking task as UP_FOR_RETRY. dag_id=dag_data_quality, task_id=wait_for_transform, execution_date=20260303T120324, start_date=20260303T121428, end_date=20260303T130402
[2026-03-03T13:04:03.067+0000] {standard_task_runner.py:107} ERROR - Failed to execute job 132 for task wait_for_transform (Task received SIGTERM signal; 234)
[2026-03-03T13:04:03.100+0000] {process_utils.py:79} INFO - Process psutil.Process(pid=234, status='terminated', exitcode=1, started='12:14:28') (234) terminated with exit code 1
