[2026-03-03T12:03:25.643+0000] {taskinstance.py:1956} INFO - Dependencies all met for dep_context=non-requeueable deps ti=<TaskInstance: dag_data_quality.wait_for_transform manual__2026-03-03T12:03:24.772365+00:00 [queued]>
[2026-03-03T12:03:25.657+0000] {taskinstance.py:1956} INFO - Dependencies all met for dep_context=requeueable deps ti=<TaskInstance: dag_data_quality.wait_for_transform manual__2026-03-03T12:03:24.772365+00:00 [queued]>
[2026-03-03T12:03:25.658+0000] {taskinstance.py:2170} INFO - Starting attempt 1 of 1
[2026-03-03T12:03:25.674+0000] {taskinstance.py:2191} INFO - Executing <Task(ExternalTaskSensor): wait_for_transform> on 2026-03-03 12:03:24.772365+00:00
[2026-03-03T12:03:25.681+0000] {standard_task_runner.py:60} INFO - Started process 281 to run task
[2026-03-03T12:03:25.686+0000] {standard_task_runner.py:87} INFO - Running: ['***', 'tasks', 'run', 'dag_data_quality', 'wait_for_transform', 'manual__2026-03-03T12:03:24.772365+00:00', '--job-id', '111', '--raw', '--subdir', 'DAGS_FOLDER/dag_data_quality.py', '--cfg-path', '/tmp/tmpp7rrfxzd']
[2026-03-03T12:03:25.691+0000] {standard_task_runner.py:88} INFO - Job 111: Subtask wait_for_transform
[2026-03-03T12:03:25.777+0000] {task_command.py:423} INFO - Running <TaskInstance: dag_data_quality.wait_for_transform manual__2026-03-03T12:03:24.772365+00:00 [running]> on host 858cd869c16e
[2026-03-03T12:03:25.852+0000] {taskinstance.py:2480} INFO - Exporting env vars: AIRFLOW_CTX_DAG_OWNER='de_team' AIRFLOW_CTX_DAG_ID='dag_data_quality' AIRFLOW_CTX_TASK_ID='wait_for_transform' AIRFLOW_CTX_EXECUTION_DATE='2026-03-03T12:03:24.772365+00:00' AIRFLOW_CTX_TRY_NUMBER='1' AIRFLOW_CTX_DAG_RUN_ID='manual__2026-03-03T12:03:24.772365+00:00'
[2026-03-03T12:03:25.853+0000] {external_task.py:244} INFO - Poking for tasks ['dbt_test'] in dag dag_dbt_transform on 2026-03-03T12:03:24.772365+00:00 ... 
[2026-03-03T12:04:25.875+0000] {external_task.py:244} INFO - Poking for tasks ['dbt_test'] in dag dag_dbt_transform on 2026-03-03T12:03:24.772365+00:00 ... 
[2026-03-03T12:05:25.930+0000] {external_task.py:244} INFO - Poking for tasks ['dbt_test'] in dag dag_dbt_transform on 2026-03-03T12:03:24.772365+00:00 ... 
[2026-03-03T12:06:25.988+0000] {external_task.py:244} INFO - Poking for tasks ['dbt_test'] in dag dag_dbt_transform on 2026-03-03T12:03:24.772365+00:00 ... 
[2026-03-03T12:07:26.017+0000] {external_task.py:244} INFO - Poking for tasks ['dbt_test'] in dag dag_dbt_transform on 2026-03-03T12:03:24.772365+00:00 ... 
[2026-03-03T12:08:26.086+0000] {external_task.py:244} INFO - Poking for tasks ['dbt_test'] in dag dag_dbt_transform on 2026-03-03T12:03:24.772365+00:00 ... 
[2026-03-03T12:09:26.119+0000] {external_task.py:244} INFO - Poking for tasks ['dbt_test'] in dag dag_dbt_transform on 2026-03-03T12:03:24.772365+00:00 ... 
[2026-03-03T12:10:26.202+0000] {external_task.py:244} INFO - Poking for tasks ['dbt_test'] in dag dag_dbt_transform on 2026-03-03T12:03:24.772365+00:00 ... 
[2026-03-03T12:11:26.397+0000] {external_task.py:244} INFO - Poking for tasks ['dbt_test'] in dag dag_dbt_transform on 2026-03-03T12:03:24.772365+00:00 ... 
[2026-03-03T12:12:26.454+0000] {external_task.py:244} INFO - Poking for tasks ['dbt_test'] in dag dag_dbt_transform on 2026-03-03T12:03:24.772365+00:00 ... 
[2026-03-03T12:13:26.489+0000] {external_task.py:244} INFO - Poking for tasks ['dbt_test'] in dag dag_dbt_transform on 2026-03-03T12:03:24.772365+00:00 ... 
[2026-03-03T12:13:50.308+0000] {local_task_job_runner.py:121} ERROR - Received SIGTERM. Terminating subprocesses
[2026-03-03T12:13:50.954+0000] {process_utils.py:131} INFO - Sending 15 to group 281. PIDs of all processes in the group: [281]
[2026-03-03T12:13:51.035+0000] {process_utils.py:86} INFO - Sending the signal 15 to group 281
[2026-03-03T12:13:51.088+0000] {taskinstance.py:2450} ERROR - Received SIGTERM. Terminating subprocesses.
