[2026-03-03T13:16:01.957+0000] {taskinstance.py:1956} INFO - Dependencies all met for dep_context=non-requeueable deps ti=<TaskInstance: dag_data_quality.wait_for_transform manual__2026-03-03T12:03:24.772365+00:00 [queued]>
[2026-03-03T13:16:02.324+0000] {taskinstance.py:1956} INFO - Dependencies all met for dep_context=requeueable deps ti=<TaskInstance: dag_data_quality.wait_for_transform manual__2026-03-03T12:03:24.772365+00:00 [queued]>
[2026-03-03T13:16:02.328+0000] {taskinstance.py:2170} INFO - Starting attempt 3 of 1
[2026-03-03T13:16:02.429+0000] {taskinstance.py:2191} INFO - Executing <Task(ExternalTaskSensor): wait_for_transform> on 2026-03-03 12:03:24.772365+00:00
[2026-03-03T13:16:02.471+0000] {standard_task_runner.py:60} INFO - Started process 1666 to run task
[2026-03-03T13:16:02.504+0000] {standard_task_runner.py:87} INFO - Running: ['***', 'tasks', 'run', 'dag_data_quality', 'wait_for_transform', 'manual__2026-03-03T12:03:24.772365+00:00', '--job-id', '239', '--raw', '--subdir', 'DAGS_FOLDER/dag_data_quality.py', '--cfg-path', '/tmp/tmpjk1cditn']
[2026-03-03T13:16:02.604+0000] {standard_task_runner.py:88} INFO - Job 239: Subtask wait_for_transform
[2026-03-03T13:16:03.481+0000] {task_command.py:423} INFO - Running <TaskInstance: dag_data_quality.wait_for_transform manual__2026-03-03T12:03:24.772365+00:00 [running]> on host 353218a5daef
[2026-03-03T13:16:04.751+0000] {taskinstance.py:2480} INFO - Exporting env vars: AIRFLOW_CTX_DAG_OWNER='de_team' AIRFLOW_CTX_DAG_ID='dag_data_quality' AIRFLOW_CTX_TASK_ID='wait_for_transform' AIRFLOW_CTX_EXECUTION_DATE='2026-03-03T12:03:24.772365+00:00' AIRFLOW_CTX_TRY_NUMBER='3' AIRFLOW_CTX_DAG_RUN_ID='manual__2026-03-03T12:03:24.772365+00:00'
[2026-03-03T13:16:04.791+0000] {external_task.py:244} INFO - Poking for tasks ['dbt_test'] in dag dag_dbt_transform on 2026-03-03T12:03:24.772365+00:00 ... 
[2026-03-03T13:17:04.919+0000] {external_task.py:244} INFO - Poking for tasks ['dbt_test'] in dag dag_dbt_transform on 2026-03-03T12:03:24.772365+00:00 ... 
[2026-03-03T13:18:05.051+0000] {external_task.py:244} INFO - Poking for tasks ['dbt_test'] in dag dag_dbt_transform on 2026-03-03T12:03:24.772365+00:00 ... 
[2026-03-03T13:19:05.108+0000] {external_task.py:244} INFO - Poking for tasks ['dbt_test'] in dag dag_dbt_transform on 2026-03-03T12:03:24.772365+00:00 ... 
[2026-03-03T13:20:05.146+0000] {external_task.py:244} INFO - Poking for tasks ['dbt_test'] in dag dag_dbt_transform on 2026-03-03T12:03:24.772365+00:00 ... 
[2026-03-03T13:21:05.210+0000] {external_task.py:244} INFO - Poking for tasks ['dbt_test'] in dag dag_dbt_transform on 2026-03-03T12:03:24.772365+00:00 ... 
[2026-03-03T13:22:05.251+0000] {external_task.py:244} INFO - Poking for tasks ['dbt_test'] in dag dag_dbt_transform on 2026-03-03T12:03:24.772365+00:00 ... 
[2026-03-03T13:23:05.297+0000] {external_task.py:244} INFO - Poking for tasks ['dbt_test'] in dag dag_dbt_transform on 2026-03-03T12:03:24.772365+00:00 ... 
[2026-03-03T13:24:05.345+0000] {external_task.py:244} INFO - Poking for tasks ['dbt_test'] in dag dag_dbt_transform on 2026-03-03T12:03:24.772365+00:00 ... 
[2026-03-03T13:25:05.391+0000] {external_task.py:244} INFO - Poking for tasks ['dbt_test'] in dag dag_dbt_transform on 2026-03-03T12:03:24.772365+00:00 ... 
[2026-03-03T13:26:05.903+0000] {external_task.py:244} INFO - Poking for tasks ['dbt_test'] in dag dag_dbt_transform on 2026-03-03T12:03:24.772365+00:00 ... 
[2026-03-03T13:27:06.895+0000] {external_task.py:244} INFO - Poking for tasks ['dbt_test'] in dag dag_dbt_transform on 2026-03-03T12:03:24.772365+00:00 ... 
[2026-03-03T13:28:06.947+0000] {external_task.py:244} INFO - Poking for tasks ['dbt_test'] in dag dag_dbt_transform on 2026-03-03T12:03:24.772365+00:00 ... 
[2026-03-03T13:29:07.034+0000] {external_task.py:244} INFO - Poking for tasks ['dbt_test'] in dag dag_dbt_transform on 2026-03-03T12:03:24.772365+00:00 ... 
[2026-03-03T13:30:07.076+0000] {external_task.py:244} INFO - Poking for tasks ['dbt_test'] in dag dag_dbt_transform on 2026-03-03T12:03:24.772365+00:00 ... 
[2026-03-03T13:31:07.123+0000] {external_task.py:244} INFO - Poking for tasks ['dbt_test'] in dag dag_dbt_transform on 2026-03-03T12:03:24.772365+00:00 ... 
[2026-03-03T13:32:07.186+0000] {external_task.py:244} INFO - Poking for tasks ['dbt_test'] in dag dag_dbt_transform on 2026-03-03T12:03:24.772365+00:00 ... 
[2026-03-03T13:33:07.278+0000] {external_task.py:244} INFO - Poking for tasks ['dbt_test'] in dag dag_dbt_transform on 2026-03-03T12:03:24.772365+00:00 ... 
[2026-03-03T13:34:07.349+0000] {external_task.py:244} INFO - Poking for tasks ['dbt_test'] in dag dag_dbt_transform on 2026-03-03T12:03:24.772365+00:00 ... 
[2026-03-03T13:35:07.425+0000] {external_task.py:244} INFO - Poking for tasks ['dbt_test'] in dag dag_dbt_transform on 2026-03-03T12:03:24.772365+00:00 ... 
[2026-03-03T13:36:07.511+0000] {external_task.py:244} INFO - Poking for tasks ['dbt_test'] in dag dag_dbt_transform on 2026-03-03T12:03:24.772365+00:00 ... 
[2026-03-03T13:37:07.562+0000] {external_task.py:244} INFO - Poking for tasks ['dbt_test'] in dag dag_dbt_transform on 2026-03-03T12:03:24.772365+00:00 ... 
[2026-03-03T13:38:07.633+0000] {external_task.py:244} INFO - Poking for tasks ['dbt_test'] in dag dag_dbt_transform on 2026-03-03T12:03:24.772365+00:00 ... 
[2026-03-03T13:39:07.691+0000] {external_task.py:244} INFO - Poking for tasks ['dbt_test'] in dag dag_dbt_transform on 2026-03-03T12:03:24.772365+00:00 ... 
[2026-03-03T13:40:07.781+0000] {external_task.py:244} INFO - Poking for tasks ['dbt_test'] in dag dag_dbt_transform on 2026-03-03T12:03:24.772365+00:00 ... 
[2026-03-03T13:41:07.857+0000] {external_task.py:244} INFO - Poking for tasks ['dbt_test'] in dag dag_dbt_transform on 2026-03-03T12:03:24.772365+00:00 ... 
[2026-03-03T13:42:07.958+0000] {external_task.py:244} INFO - Poking for tasks ['dbt_test'] in dag dag_dbt_transform on 2026-03-03T12:03:24.772365+00:00 ... 
[2026-03-03T13:43:08.060+0000] {external_task.py:244} INFO - Poking for tasks ['dbt_test'] in dag dag_dbt_transform on 2026-03-03T12:03:24.772365+00:00 ... 
[2026-03-03T13:44:08.457+0000] {external_task.py:244} INFO - Poking for tasks ['dbt_test'] in dag dag_dbt_transform on 2026-03-03T12:03:24.772365+00:00 ... 
[2026-03-03T13:45:08.674+0000] {external_task.py:244} INFO - Poking for tasks ['dbt_test'] in dag dag_dbt_transform on 2026-03-03T12:03:24.772365+00:00 ... 
[2026-03-03T13:46:08.718+0000] {external_task.py:244} INFO - Poking for tasks ['dbt_test'] in dag dag_dbt_transform on 2026-03-03T12:03:24.772365+00:00 ... 
[2026-03-03T13:47:08.863+0000] {external_task.py:244} INFO - Poking for tasks ['dbt_test'] in dag dag_dbt_transform on 2026-03-03T12:03:24.772365+00:00 ... 
[2026-03-03T13:48:08.933+0000] {external_task.py:244} INFO - Poking for tasks ['dbt_test'] in dag dag_dbt_transform on 2026-03-03T12:03:24.772365+00:00 ... 
[2026-03-03T13:49:09.045+0000] {external_task.py:244} INFO - Poking for tasks ['dbt_test'] in dag dag_dbt_transform on 2026-03-03T12:03:24.772365+00:00 ... 
[2026-03-03T13:50:09.159+0000] {external_task.py:244} INFO - Poking for tasks ['dbt_test'] in dag dag_dbt_transform on 2026-03-03T12:03:24.772365+00:00 ... 
[2026-03-03T13:51:09.222+0000] {external_task.py:244} INFO - Poking for tasks ['dbt_test'] in dag dag_dbt_transform on 2026-03-03T12:03:24.772365+00:00 ... 
[2026-03-03T13:52:09.262+0000] {external_task.py:244} INFO - Poking for tasks ['dbt_test'] in dag dag_dbt_transform on 2026-03-03T12:03:24.772365+00:00 ... 
[2026-03-03T13:53:09.344+0000] {external_task.py:244} INFO - Poking for tasks ['dbt_test'] in dag dag_dbt_transform on 2026-03-03T12:03:24.772365+00:00 ... 
[2026-03-03T13:54:09.384+0000] {external_task.py:244} INFO - Poking for tasks ['dbt_test'] in dag dag_dbt_transform on 2026-03-03T12:03:24.772365+00:00 ... 
[2026-03-03T13:55:09.432+0000] {external_task.py:244} INFO - Poking for tasks ['dbt_test'] in dag dag_dbt_transform on 2026-03-03T12:03:24.772365+00:00 ... 
[2026-03-03T13:56:09.474+0000] {external_task.py:244} INFO - Poking for tasks ['dbt_test'] in dag dag_dbt_transform on 2026-03-03T12:03:24.772365+00:00 ... 
[2026-03-03T13:57:09.527+0000] {external_task.py:244} INFO - Poking for tasks ['dbt_test'] in dag dag_dbt_transform on 2026-03-03T12:03:24.772365+00:00 ... 
[2026-03-03T13:58:09.599+0000] {external_task.py:244} INFO - Poking for tasks ['dbt_test'] in dag dag_dbt_transform on 2026-03-03T12:03:24.772365+00:00 ... 
[2026-03-03T13:59:09.652+0000] {external_task.py:244} INFO - Poking for tasks ['dbt_test'] in dag dag_dbt_transform on 2026-03-03T12:03:24.772365+00:00 ... 
[2026-03-03T14:00:09.723+0000] {external_task.py:244} INFO - Poking for tasks ['dbt_test'] in dag dag_dbt_transform on 2026-03-03T12:03:24.772365+00:00 ... 
[2026-03-03T14:01:09.776+0000] {external_task.py:244} INFO - Poking for tasks ['dbt_test'] in dag dag_dbt_transform on 2026-03-03T12:03:24.772365+00:00 ... 
[2026-03-03T14:02:09.812+0000] {external_task.py:244} INFO - Poking for tasks ['dbt_test'] in dag dag_dbt_transform on 2026-03-03T12:03:24.772365+00:00 ... 
[2026-03-03T14:03:09.885+0000] {external_task.py:244} INFO - Poking for tasks ['dbt_test'] in dag dag_dbt_transform on 2026-03-03T12:03:24.772365+00:00 ... 
[2026-03-03T14:04:09.935+0000] {external_task.py:244} INFO - Poking for tasks ['dbt_test'] in dag dag_dbt_transform on 2026-03-03T12:03:24.772365+00:00 ... 
[2026-03-03T14:05:09.977+0000] {external_task.py:244} INFO - Poking for tasks ['dbt_test'] in dag dag_dbt_transform on 2026-03-03T12:03:24.772365+00:00 ... 
[2026-03-03T14:06:10.012+0000] {external_task.py:244} INFO - Poking for tasks ['dbt_test'] in dag dag_dbt_transform on 2026-03-03T12:03:24.772365+00:00 ... 
[2026-03-03T14:07:10.057+0000] {external_task.py:244} INFO - Poking for tasks ['dbt_test'] in dag dag_dbt_transform on 2026-03-03T12:03:24.772365+00:00 ... 
[2026-03-03T14:08:10.142+0000] {external_task.py:244} INFO - Poking for tasks ['dbt_test'] in dag dag_dbt_transform on 2026-03-03T12:03:24.772365+00:00 ... 
[2026-03-03T14:09:10.195+0000] {external_task.py:244} INFO - Poking for tasks ['dbt_test'] in dag dag_dbt_transform on 2026-03-03T12:03:24.772365+00:00 ... 
[2026-03-03T14:10:10.271+0000] {external_task.py:244} INFO - Poking for tasks ['dbt_test'] in dag dag_dbt_transform on 2026-03-03T12:03:24.772365+00:00 ... 
[2026-03-03T14:11:10.363+0000] {external_task.py:244} INFO - Poking for tasks ['dbt_test'] in dag dag_dbt_transform on 2026-03-03T12:03:24.772365+00:00 ... 
[2026-03-03T14:12:10.400+0000] {external_task.py:244} INFO - Poking for tasks ['dbt_test'] in dag dag_dbt_transform on 2026-03-03T12:03:24.772365+00:00 ... 
[2026-03-03T14:13:10.429+0000] {external_task.py:244} INFO - Poking for tasks ['dbt_test'] in dag dag_dbt_transform on 2026-03-03T12:03:24.772365+00:00 ... 
[2026-03-03T14:14:10.452+0000] {external_task.py:244} INFO - Poking for tasks ['dbt_test'] in dag dag_dbt_transform on 2026-03-03T12:03:24.772365+00:00 ... 
[2026-03-03T14:15:10.494+0000] {external_task.py:244} INFO - Poking for tasks ['dbt_test'] in dag dag_dbt_transform on 2026-03-03T12:03:24.772365+00:00 ... 
[2026-03-03T14:16:10.536+0000] {external_task.py:244} INFO - Poking for tasks ['dbt_test'] in dag dag_dbt_transform on 2026-03-03T12:03:24.772365+00:00 ... 
[2026-03-03T14:16:10.587+0000] {taskinstance.py:2698} ERROR - Task failed with exception
Traceback (most recent call last):
  File "/home/airflow/.local/lib/python3.11/site-packages/airflow/models/taskinstance.py", line 433, in _execute_task
    result = execute_callable(context=context, **execute_callable_kwargs)
             ^^^^^^^^^^^^^^^^^^^^^^^^^^^^^^^^^^^^^^^^^^^^^^^^^^^^^^^^^^^^
  File "/home/airflow/.local/lib/python3.11/site-packages/airflow/sensors/external_task.py", line 334, in execute
    super().execute(context)
  File "/home/airflow/.local/lib/python3.11/site-packages/airflow/sensors/base.py", line 282, in execute
    raise AirflowSensorTimeout(message)
airflow.exceptions.AirflowSensorTimeout: Sensor has timed out; run duration of 3605.7896293119993 seconds exceeds the specified timeout of 3600.0.
[2026-03-03T14:16:10.601+0000] {taskinstance.py:1138} INFO - Immediate failure requested. Marking task as FAILED. dag_id=dag_data_quality, task_id=wait_for_transform, execution_date=20260303T120324, start_date=20260303T131601, end_date=20260303T141610
[2026-03-03T14:16:10.622+0000] {standard_task_runner.py:107} ERROR - Failed to execute job 239 for task wait_for_transform (Sensor has timed out; run duration of 3605.7896293119993 seconds exceeds the specified timeout of 3600.0.; 1666)
[2026-03-03T14:16:10.667+0000] {local_task_job_runner.py:234} INFO - Task exited with return code 1
[2026-03-03T14:16:10.750+0000] {taskinstance.py:3280} INFO - 0 downstream tasks scheduled from follow-on schedule check
