[2026-03-03T15:31:36.868+0000] {taskinstance.py:1956} INFO - Dependencies all met for dep_context=non-requeueable deps ti=<TaskInstance: dag_dbt_transform.dbt_run_staging manual__2026-03-02T15:30:27+00:00 [queued]>
[2026-03-03T15:31:36.888+0000] {taskinstance.py:1956} INFO - Dependencies all met for dep_context=requeueable deps ti=<TaskInstance: dag_dbt_transform.dbt_run_staging manual__2026-03-02T15:30:27+00:00 [queued]>
[2026-03-03T15:31:36.889+0000] {taskinstance.py:2170} INFO - Starting attempt 1 of 2
[2026-03-03T15:31:36.905+0000] {taskinstance.py:2191} INFO - Executing <Task(BashOperator): dbt_run_staging> on 2026-03-02 15:30:27+00:00
[2026-03-03T15:31:36.912+0000] {standard_task_runner.py:60} INFO - Started process 6392 to run task
[2026-03-03T15:31:36.922+0000] {standard_task_runner.py:87} INFO - Running: ['***', 'tasks', 'run', 'dag_dbt_transform', 'dbt_run_staging', 'manual__2026-03-02T15:30:27+00:00', '--job-id', '261', '--raw', '--subdir', 'DAGS_FOLDER/dag_dbt_transform.py', '--cfg-path', '/tmp/tmp35kld84r']
[2026-03-03T15:31:36.932+0000] {standard_task_runner.py:88} INFO - Job 261: Subtask dbt_run_staging
[2026-03-03T15:31:37.014+0000] {task_command.py:423} INFO - Running <TaskInstance: dag_dbt_transform.dbt_run_staging manual__2026-03-02T15:30:27+00:00 [running]> on host 353218a5daef
[2026-03-03T15:31:37.115+0000] {taskinstance.py:2480} INFO - Exporting env vars: AIRFLOW_CTX_DAG_OWNER='de_team' AIRFLOW_CTX_DAG_ID='dag_dbt_transform' AIRFLOW_CTX_TASK_ID='dbt_run_staging' AIRFLOW_CTX_EXECUTION_DATE='2026-03-02T15:30:27+00:00' AIRFLOW_CTX_TRY_NUMBER='1' AIRFLOW_CTX_DAG_RUN_ID='manual__2026-03-02T15:30:27+00:00'
[2026-03-03T15:31:37.117+0000] {subprocess.py:63} INFO - Tmp dir root location: /tmp
[2026-03-03T15:31:37.118+0000] {subprocess.py:75} INFO - Running command: ['/usr/bin/bash', '-c', 'cd /opt/***/dbt && dbt run --select staging --profiles-dir /opt/***/dbt --project-dir /opt/***/dbt']
[2026-03-03T15:31:37.136+0000] {subprocess.py:86} INFO - Output:
[2026-03-03T15:31:39.143+0000] {subprocess.py:93} INFO - [0m15:31:39  Running with dbt=1.11.6
[2026-03-03T15:31:39.520+0000] {subprocess.py:93} INFO - [0m15:31:39  Registered adapter: clickhouse=1.10.0
[2026-03-03T15:31:40.215+0000] {subprocess.py:93} INFO - [0m15:31:40  Found 12 models, 32 data tests, 6 sources, 523 macros
[2026-03-03T15:31:40.218+0000] {subprocess.py:93} INFO - [0m15:31:40
[2026-03-03T15:31:40.219+0000] {subprocess.py:93} INFO - [0m15:31:40  Concurrency: 4 threads (target='dev')
[2026-03-03T15:31:40.220+0000] {subprocess.py:93} INFO - [0m15:31:40
[2026-03-03T15:31:41.343+0000] {subprocess.py:93} INFO - [0m15:31:41  1 of 4 START sql view model `staging_staging`.`stg_order_items` ................ [RUN]
[2026-03-03T15:31:41.347+0000] {subprocess.py:93} INFO - [0m15:31:41  2 of 4 START sql view model `staging_staging`.`stg_orders` ..................... [RUN]
[2026-03-03T15:31:41.351+0000] {subprocess.py:93} INFO - [0m15:31:41  3 of 4 START sql view model `staging_staging`.`stg_products` ................... [RUN]
[2026-03-03T15:31:41.352+0000] {subprocess.py:93} INFO - [0m15:31:41  4 of 4 START sql view model `staging_staging`.`stg_users` ...................... [RUN]
[2026-03-03T15:31:41.717+0000] {subprocess.py:93} INFO - [0m15:31:41  2 of 4 OK created sql view model `staging_staging`.`stg_orders` ................ [[32mOK[0m in 0.35s]
[2026-03-03T15:31:41.727+0000] {subprocess.py:93} INFO - [0m15:31:41  1 of 4 OK created sql view model `staging_staging`.`stg_order_items` ........... [[32mOK[0m in 0.36s]
[2026-03-03T15:31:41.779+0000] {subprocess.py:93} INFO - [0m15:31:41  3 of 4 OK created sql view model `staging_staging`.`stg_products` .............. [[32mOK[0m in 0.42s]
[2026-03-03T15:31:41.782+0000] {subprocess.py:93} INFO - [0m15:31:41  4 of 4 OK created sql view model `staging_staging`.`stg_users` ................. [[32mOK[0m in 0.42s]
[2026-03-03T15:31:41.801+0000] {subprocess.py:93} INFO - [0m15:31:41
[2026-03-03T15:31:41.803+0000] {subprocess.py:93} INFO - [0m15:31:41  Finished running 4 view models in 0 hours 0 minutes and 1.58 seconds (1.58s).
[2026-03-03T15:31:41.930+0000] {subprocess.py:93} INFO - [0m15:31:41
[2026-03-03T15:31:41.932+0000] {subprocess.py:93} INFO - [0m15:31:41  [32mCompleted successfully[0m
[2026-03-03T15:31:41.933+0000] {subprocess.py:93} INFO - [0m15:31:41
[2026-03-03T15:31:41.934+0000] {subprocess.py:93} INFO - [0m15:31:41  Done. PASS=4 WARN=0 ERROR=0 SKIP=0 NO-OP=0 TOTAL=4
[2026-03-03T15:31:43.727+0000] {subprocess.py:97} INFO - Command exited with return code 0
[2026-03-03T15:31:43.812+0000] {taskinstance.py:1138} INFO - Marking task as SUCCESS. dag_id=dag_dbt_transform, task_id=dbt_run_staging, execution_date=20260302T153027, start_date=20260303T153136, end_date=20260303T153143
[2026-03-03T15:31:43.875+0000] {local_task_job_runner.py:234} INFO - Task exited with return code 0
[2026-03-03T15:31:43.962+0000] {taskinstance.py:3280} INFO - 1 downstream tasks scheduled from follow-on schedule check
