[2026-02-27T14:04:58.497+0000] {taskinstance.py:1956} INFO - Dependencies all met for dep_context=non-requeueable deps ti=<TaskInstance: dag_dbt_transform.wait_for_ingestion scheduled__2026-02-26T02:00:00+00:00 [queued]>
[2026-02-27T14:04:58.506+0000] {taskinstance.py:1956} INFO - Dependencies all met for dep_context=requeueable deps ti=<TaskInstance: dag_dbt_transform.wait_for_ingestion scheduled__2026-02-26T02:00:00+00:00 [queued]>
[2026-02-27T14:04:58.506+0000] {taskinstance.py:2170} INFO - Starting attempt 1 of 2
[2026-02-27T14:04:58.518+0000] {taskinstance.py:2191} INFO - Executing <Task(ExternalTaskSensor): wait_for_ingestion> on 2026-02-26 02:00:00+00:00
[2026-02-27T14:04:58.522+0000] {standard_task_runner.py:60} INFO - Started process 186 to run task
[2026-02-27T14:04:58.525+0000] {standard_task_runner.py:87} INFO - Running: ['***', 'tasks', 'run', 'dag_dbt_transform', 'wait_for_ingestion', 'scheduled__2026-02-26T02:00:00+00:00', '--job-id', '4', '--raw', '--subdir', 'DAGS_FOLDER/dag_dbt_transform.py', '--cfg-path', '/tmp/tmph1iy4bq_']
[2026-02-27T14:04:58.528+0000] {standard_task_runner.py:88} INFO - Job 4: Subtask wait_for_ingestion
[2026-02-27T14:04:58.581+0000] {task_command.py:423} INFO - Running <TaskInstance: dag_dbt_transform.wait_for_ingestion scheduled__2026-02-26T02:00:00+00:00 [running]> on host 843b2c242b76
[2026-02-27T14:04:58.655+0000] {taskinstance.py:2480} INFO - Exporting env vars: AIRFLOW_CTX_DAG_OWNER='de_team' AIRFLOW_CTX_DAG_ID='dag_dbt_transform' AIRFLOW_CTX_TASK_ID='wait_for_ingestion' AIRFLOW_CTX_EXECUTION_DATE='2026-02-26T02:00:00+00:00' AIRFLOW_CTX_TRY_NUMBER='1' AIRFLOW_CTX_DAG_RUN_ID='scheduled__2026-02-26T02:00:00+00:00'
[2026-02-27T14:04:58.656+0000] {external_task.py:244} INFO - Poking for tasks ['load_to_staging'] in dag dag_ingest_daily on 2026-02-26T02:00:00+00:00 ... 
[2026-02-27T14:05:58.671+0000] {external_task.py:244} INFO - Poking for tasks ['load_to_staging'] in dag dag_ingest_daily on 2026-02-26T02:00:00+00:00 ... 
[2026-02-27T14:06:58.719+0000] {external_task.py:244} INFO - Poking for tasks ['load_to_staging'] in dag dag_ingest_daily on 2026-02-26T02:00:00+00:00 ... 
[2026-02-27T14:07:58.843+0000] {external_task.py:244} INFO - Poking for tasks ['load_to_staging'] in dag dag_ingest_daily on 2026-02-26T02:00:00+00:00 ... 
[2026-02-27T14:08:58.983+0000] {external_task.py:244} INFO - Poking for tasks ['load_to_staging'] in dag dag_ingest_daily on 2026-02-26T02:00:00+00:00 ... 
[2026-02-27T14:09:59.224+0000] {external_task.py:244} INFO - Poking for tasks ['load_to_staging'] in dag dag_ingest_daily on 2026-02-26T02:00:00+00:00 ... 
[2026-02-27T14:10:59.314+0000] {external_task.py:244} INFO - Poking for tasks ['load_to_staging'] in dag dag_ingest_daily on 2026-02-26T02:00:00+00:00 ... 
[2026-02-27T14:11:59.433+0000] {external_task.py:244} INFO - Poking for tasks ['load_to_staging'] in dag dag_ingest_daily on 2026-02-26T02:00:00+00:00 ... 
[2026-02-27T14:12:59.510+0000] {external_task.py:244} INFO - Poking for tasks ['load_to_staging'] in dag dag_ingest_daily on 2026-02-26T02:00:00+00:00 ... 
[2026-02-27T14:13:59.560+0000] {external_task.py:244} INFO - Poking for tasks ['load_to_staging'] in dag dag_ingest_daily on 2026-02-26T02:00:00+00:00 ... 
[2026-02-27T14:14:59.616+0000] {external_task.py:244} INFO - Poking for tasks ['load_to_staging'] in dag dag_ingest_daily on 2026-02-26T02:00:00+00:00 ... 
[2026-02-27T14:15:59.729+0000] {external_task.py:244} INFO - Poking for tasks ['load_to_staging'] in dag dag_ingest_daily on 2026-02-26T02:00:00+00:00 ... 
[2026-02-27T14:16:59.775+0000] {external_task.py:244} INFO - Poking for tasks ['load_to_staging'] in dag dag_ingest_daily on 2026-02-26T02:00:00+00:00 ... 
[2026-02-27T14:17:59.811+0000] {external_task.py:244} INFO - Poking for tasks ['load_to_staging'] in dag dag_ingest_daily on 2026-02-26T02:00:00+00:00 ... 
[2026-02-27T14:18:56.286+0000] {local_task_job_runner.py:121} ERROR - Received SIGTERM. Terminating subprocesses
[2026-02-27T14:18:56.557+0000] {process_utils.py:131} INFO - Sending 15 to group 186. PIDs of all processes in the group: [186]
[2026-02-27T14:18:56.567+0000] {process_utils.py:86} INFO - Sending the signal 15 to group 186
[2026-02-27T14:18:56.586+0000] {taskinstance.py:2450} ERROR - Received SIGTERM. Terminating subprocesses.
