[2026-03-03T13:13:17.450+0000] {taskinstance.py:1956} INFO - Dependencies all met for dep_context=non-requeueable deps ti=<TaskInstance: dag_dbt_transform.wait_for_ingestion scheduled__2026-02-26T02:00:00+00:00 [queued]>
[2026-03-03T13:13:17.482+0000] {taskinstance.py:1956} INFO - Dependencies all met for dep_context=requeueable deps ti=<TaskInstance: dag_dbt_transform.wait_for_ingestion scheduled__2026-02-26T02:00:00+00:00 [queued]>
[2026-03-03T13:13:17.484+0000] {taskinstance.py:2170} INFO - Starting attempt 3 of 4
[2026-03-03T13:13:17.722+0000] {taskinstance.py:2191} INFO - Executing <Task(ExternalTaskSensor): wait_for_ingestion> on 2026-02-26 02:00:00+00:00
[2026-03-03T13:13:17.770+0000] {standard_task_runner.py:87} INFO - Running: ['***', 'tasks', 'run', 'dag_dbt_transform', 'wait_for_ingestion', 'scheduled__2026-02-26T02:00:00+00:00', '--job-id', '207', '--raw', '--subdir', 'DAGS_FOLDER/dag_dbt_transform.py', '--cfg-path', '/tmp/tmpjnnh2cql']
[2026-03-03T13:13:17.785+0000] {standard_task_runner.py:88} INFO - Job 207: Subtask wait_for_ingestion
[2026-03-03T13:13:17.753+0000] {standard_task_runner.py:60} INFO - Started process 1136 to run task
[2026-03-03T13:13:18.608+0000] {task_command.py:423} INFO - Running <TaskInstance: dag_dbt_transform.wait_for_ingestion scheduled__2026-02-26T02:00:00+00:00 [running]> on host 353218a5daef
[2026-03-03T13:13:20.675+0000] {taskinstance.py:2480} INFO - Exporting env vars: AIRFLOW_CTX_DAG_OWNER='de_team' AIRFLOW_CTX_DAG_ID='dag_dbt_transform' AIRFLOW_CTX_TASK_ID='wait_for_ingestion' AIRFLOW_CTX_EXECUTION_DATE='2026-02-26T02:00:00+00:00' AIRFLOW_CTX_TRY_NUMBER='3' AIRFLOW_CTX_DAG_RUN_ID='scheduled__2026-02-26T02:00:00+00:00'
[2026-03-03T13:13:20.690+0000] {external_task.py:244} INFO - Poking for tasks ['load_to_staging'] in dag dag_ingest_daily on 2026-02-26T02:00:00+00:00 ... 
[2026-03-03T13:14:20.988+0000] {external_task.py:244} INFO - Poking for tasks ['load_to_staging'] in dag dag_ingest_daily on 2026-02-26T02:00:00+00:00 ... 
[2026-03-03T13:15:21.889+0000] {external_task.py:244} INFO - Poking for tasks ['load_to_staging'] in dag dag_ingest_daily on 2026-02-26T02:00:00+00:00 ... 
[2026-03-03T13:16:22.260+0000] {external_task.py:244} INFO - Poking for tasks ['load_to_staging'] in dag dag_ingest_daily on 2026-02-26T02:00:00+00:00 ... 
[2026-03-03T13:17:22.351+0000] {external_task.py:244} INFO - Poking for tasks ['load_to_staging'] in dag dag_ingest_daily on 2026-02-26T02:00:00+00:00 ... 
[2026-03-03T13:18:22.387+0000] {external_task.py:244} INFO - Poking for tasks ['load_to_staging'] in dag dag_ingest_daily on 2026-02-26T02:00:00+00:00 ... 
[2026-03-03T13:19:22.446+0000] {external_task.py:244} INFO - Poking for tasks ['load_to_staging'] in dag dag_ingest_daily on 2026-02-26T02:00:00+00:00 ... 
[2026-03-03T13:20:22.489+0000] {external_task.py:244} INFO - Poking for tasks ['load_to_staging'] in dag dag_ingest_daily on 2026-02-26T02:00:00+00:00 ... 
[2026-03-03T13:21:22.531+0000] {external_task.py:244} INFO - Poking for tasks ['load_to_staging'] in dag dag_ingest_daily on 2026-02-26T02:00:00+00:00 ... 
[2026-03-03T13:22:22.573+0000] {external_task.py:244} INFO - Poking for tasks ['load_to_staging'] in dag dag_ingest_daily on 2026-02-26T02:00:00+00:00 ... 
[2026-03-03T13:23:22.620+0000] {external_task.py:244} INFO - Poking for tasks ['load_to_staging'] in dag dag_ingest_daily on 2026-02-26T02:00:00+00:00 ... 
[2026-03-03T13:24:22.680+0000] {external_task.py:244} INFO - Poking for tasks ['load_to_staging'] in dag dag_ingest_daily on 2026-02-26T02:00:00+00:00 ... 
[2026-03-03T13:25:22.758+0000] {external_task.py:244} INFO - Poking for tasks ['load_to_staging'] in dag dag_ingest_daily on 2026-02-26T02:00:00+00:00 ... 
[2026-03-03T13:26:22.829+0000] {external_task.py:244} INFO - Poking for tasks ['load_to_staging'] in dag dag_ingest_daily on 2026-02-26T02:00:00+00:00 ... 
[2026-03-03T13:27:22.897+0000] {external_task.py:244} INFO - Poking for tasks ['load_to_staging'] in dag dag_ingest_daily on 2026-02-26T02:00:00+00:00 ... 
[2026-03-03T13:28:22.976+0000] {external_task.py:244} INFO - Poking for tasks ['load_to_staging'] in dag dag_ingest_daily on 2026-02-26T02:00:00+00:00 ... 
[2026-03-03T13:29:23.038+0000] {external_task.py:244} INFO - Poking for tasks ['load_to_staging'] in dag dag_ingest_daily on 2026-02-26T02:00:00+00:00 ... 
[2026-03-03T13:30:23.102+0000] {external_task.py:244} INFO - Poking for tasks ['load_to_staging'] in dag dag_ingest_daily on 2026-02-26T02:00:00+00:00 ... 
[2026-03-03T13:31:23.159+0000] {external_task.py:244} INFO - Poking for tasks ['load_to_staging'] in dag dag_ingest_daily on 2026-02-26T02:00:00+00:00 ... 
[2026-03-03T13:32:23.203+0000] {external_task.py:244} INFO - Poking for tasks ['load_to_staging'] in dag dag_ingest_daily on 2026-02-26T02:00:00+00:00 ... 
[2026-03-03T13:33:23.263+0000] {external_task.py:244} INFO - Poking for tasks ['load_to_staging'] in dag dag_ingest_daily on 2026-02-26T02:00:00+00:00 ... 
[2026-03-03T13:34:23.308+0000] {external_task.py:244} INFO - Poking for tasks ['load_to_staging'] in dag dag_ingest_daily on 2026-02-26T02:00:00+00:00 ... 
[2026-03-03T13:35:23.351+0000] {external_task.py:244} INFO - Poking for tasks ['load_to_staging'] in dag dag_ingest_daily on 2026-02-26T02:00:00+00:00 ... 
[2026-03-03T13:36:23.399+0000] {external_task.py:244} INFO - Poking for tasks ['load_to_staging'] in dag dag_ingest_daily on 2026-02-26T02:00:00+00:00 ... 
[2026-03-03T13:37:23.470+0000] {external_task.py:244} INFO - Poking for tasks ['load_to_staging'] in dag dag_ingest_daily on 2026-02-26T02:00:00+00:00 ... 
[2026-03-03T13:38:23.525+0000] {external_task.py:244} INFO - Poking for tasks ['load_to_staging'] in dag dag_ingest_daily on 2026-02-26T02:00:00+00:00 ... 
[2026-03-03T13:39:23.620+0000] {external_task.py:244} INFO - Poking for tasks ['load_to_staging'] in dag dag_ingest_daily on 2026-02-26T02:00:00+00:00 ... 
[2026-03-03T13:40:23.680+0000] {external_task.py:244} INFO - Poking for tasks ['load_to_staging'] in dag dag_ingest_daily on 2026-02-26T02:00:00+00:00 ... 
[2026-03-03T13:41:23.736+0000] {external_task.py:244} INFO - Poking for tasks ['load_to_staging'] in dag dag_ingest_daily on 2026-02-26T02:00:00+00:00 ... 
[2026-03-03T13:42:23.777+0000] {external_task.py:244} INFO - Poking for tasks ['load_to_staging'] in dag dag_ingest_daily on 2026-02-26T02:00:00+00:00 ... 
[2026-03-03T13:43:23.815+0000] {external_task.py:244} INFO - Poking for tasks ['load_to_staging'] in dag dag_ingest_daily on 2026-02-26T02:00:00+00:00 ... 
[2026-03-03T13:44:23.887+0000] {external_task.py:244} INFO - Poking for tasks ['load_to_staging'] in dag dag_ingest_daily on 2026-02-26T02:00:00+00:00 ... 
[2026-03-03T13:45:23.964+0000] {external_task.py:244} INFO - Poking for tasks ['load_to_staging'] in dag dag_ingest_daily on 2026-02-26T02:00:00+00:00 ... 
[2026-03-03T13:46:24.009+0000] {external_task.py:244} INFO - Poking for tasks ['load_to_staging'] in dag dag_ingest_daily on 2026-02-26T02:00:00+00:00 ... 
[2026-03-03T13:47:24.077+0000] {external_task.py:244} INFO - Poking for tasks ['load_to_staging'] in dag dag_ingest_daily on 2026-02-26T02:00:00+00:00 ... 
[2026-03-03T13:48:24.125+0000] {external_task.py:244} INFO - Poking for tasks ['load_to_staging'] in dag dag_ingest_daily on 2026-02-26T02:00:00+00:00 ... 
[2026-03-03T13:49:24.161+0000] {external_task.py:244} INFO - Poking for tasks ['load_to_staging'] in dag dag_ingest_daily on 2026-02-26T02:00:00+00:00 ... 
[2026-03-03T13:50:24.222+0000] {external_task.py:244} INFO - Poking for tasks ['load_to_staging'] in dag dag_ingest_daily on 2026-02-26T02:00:00+00:00 ... 
[2026-03-03T13:51:24.255+0000] {external_task.py:244} INFO - Poking for tasks ['load_to_staging'] in dag dag_ingest_daily on 2026-02-26T02:00:00+00:00 ... 
[2026-03-03T13:52:24.324+0000] {external_task.py:244} INFO - Poking for tasks ['load_to_staging'] in dag dag_ingest_daily on 2026-02-26T02:00:00+00:00 ... 
[2026-03-03T13:53:24.371+0000] {external_task.py:244} INFO - Poking for tasks ['load_to_staging'] in dag dag_ingest_daily on 2026-02-26T02:00:00+00:00 ... 
[2026-03-03T13:54:24.424+0000] {external_task.py:244} INFO - Poking for tasks ['load_to_staging'] in dag dag_ingest_daily on 2026-02-26T02:00:00+00:00 ... 
[2026-03-03T13:55:24.458+0000] {external_task.py:244} INFO - Poking for tasks ['load_to_staging'] in dag dag_ingest_daily on 2026-02-26T02:00:00+00:00 ... 
[2026-03-03T13:56:24.530+0000] {external_task.py:244} INFO - Poking for tasks ['load_to_staging'] in dag dag_ingest_daily on 2026-02-26T02:00:00+00:00 ... 
[2026-03-03T13:57:24.577+0000] {external_task.py:244} INFO - Poking for tasks ['load_to_staging'] in dag dag_ingest_daily on 2026-02-26T02:00:00+00:00 ... 
[2026-03-03T13:58:24.628+0000] {external_task.py:244} INFO - Poking for tasks ['load_to_staging'] in dag dag_ingest_daily on 2026-02-26T02:00:00+00:00 ... 
[2026-03-03T13:59:24.703+0000] {external_task.py:244} INFO - Poking for tasks ['load_to_staging'] in dag dag_ingest_daily on 2026-02-26T02:00:00+00:00 ... 
[2026-03-03T14:00:24.740+0000] {external_task.py:244} INFO - Poking for tasks ['load_to_staging'] in dag dag_ingest_daily on 2026-02-26T02:00:00+00:00 ... 
[2026-03-03T14:01:24.801+0000] {external_task.py:244} INFO - Poking for tasks ['load_to_staging'] in dag dag_ingest_daily on 2026-02-26T02:00:00+00:00 ... 
[2026-03-03T14:02:24.864+0000] {external_task.py:244} INFO - Poking for tasks ['load_to_staging'] in dag dag_ingest_daily on 2026-02-26T02:00:00+00:00 ... 
[2026-03-03T14:03:24.913+0000] {external_task.py:244} INFO - Poking for tasks ['load_to_staging'] in dag dag_ingest_daily on 2026-02-26T02:00:00+00:00 ... 
[2026-03-03T14:04:24.995+0000] {external_task.py:244} INFO - Poking for tasks ['load_to_staging'] in dag dag_ingest_daily on 2026-02-26T02:00:00+00:00 ... 
[2026-03-03T14:05:25.045+0000] {external_task.py:244} INFO - Poking for tasks ['load_to_staging'] in dag dag_ingest_daily on 2026-02-26T02:00:00+00:00 ... 
[2026-03-03T14:06:25.118+0000] {external_task.py:244} INFO - Poking for tasks ['load_to_staging'] in dag dag_ingest_daily on 2026-02-26T02:00:00+00:00 ... 
[2026-03-03T14:07:25.180+0000] {external_task.py:244} INFO - Poking for tasks ['load_to_staging'] in dag dag_ingest_daily on 2026-02-26T02:00:00+00:00 ... 
[2026-03-03T14:08:25.249+0000] {external_task.py:244} INFO - Poking for tasks ['load_to_staging'] in dag dag_ingest_daily on 2026-02-26T02:00:00+00:00 ... 
[2026-03-03T14:09:25.312+0000] {external_task.py:244} INFO - Poking for tasks ['load_to_staging'] in dag dag_ingest_daily on 2026-02-26T02:00:00+00:00 ... 
[2026-03-03T14:10:25.369+0000] {external_task.py:244} INFO - Poking for tasks ['load_to_staging'] in dag dag_ingest_daily on 2026-02-26T02:00:00+00:00 ... 
[2026-03-03T14:11:25.428+0000] {external_task.py:244} INFO - Poking for tasks ['load_to_staging'] in dag dag_ingest_daily on 2026-02-26T02:00:00+00:00 ... 
[2026-03-03T14:12:25.494+0000] {external_task.py:244} INFO - Poking for tasks ['load_to_staging'] in dag dag_ingest_daily on 2026-02-26T02:00:00+00:00 ... 
[2026-03-03T14:13:25.555+0000] {external_task.py:244} INFO - Poking for tasks ['load_to_staging'] in dag dag_ingest_daily on 2026-02-26T02:00:00+00:00 ... 
[2026-03-03T14:13:25.600+0000] {taskinstance.py:2698} ERROR - Task failed with exception
Traceback (most recent call last):
  File "/home/airflow/.local/lib/python3.11/site-packages/airflow/models/taskinstance.py", line 433, in _execute_task
    result = execute_callable(context=context, **execute_callable_kwargs)
             ^^^^^^^^^^^^^^^^^^^^^^^^^^^^^^^^^^^^^^^^^^^^^^^^^^^^^^^^^^^^
  File "/home/airflow/.local/lib/python3.11/site-packages/airflow/sensors/external_task.py", line 334, in execute
    super().execute(context)
  File "/home/airflow/.local/lib/python3.11/site-packages/airflow/sensors/base.py", line 282, in execute
    raise AirflowSensorTimeout(message)
airflow.exceptions.AirflowSensorTimeout: Sensor has timed out; run duration of 3604.904344812996 seconds exceeds the specified timeout of 3600.0.
[2026-03-03T14:13:25.633+0000] {taskinstance.py:1138} INFO - Immediate failure requested. Marking task as FAILED. dag_id=dag_dbt_transform, task_id=wait_for_ingestion, execution_date=20260226T020000, start_date=20260303T131317, end_date=20260303T141325
[2026-03-03T14:13:25.667+0000] {standard_task_runner.py:107} ERROR - Failed to execute job 207 for task wait_for_ingestion (Sensor has timed out; run duration of 3604.904344812996 seconds exceeds the specified timeout of 3600.0.; 1136)
[2026-03-03T14:13:25.713+0000] {local_task_job_runner.py:234} INFO - Task exited with return code 1
[2026-03-03T14:13:25.786+0000] {taskinstance.py:3280} INFO - 0 downstream tasks scheduled from follow-on schedule check
