[2026-03-03T05:01:05.840+0000] {taskinstance.py:1956} INFO - Dependencies all met for dep_context=non-requeueable deps ti=<TaskInstance: dag_ingest_daily.extract manual__2026-03-03T05:01:01+00:00 [queued]>
[2026-03-03T05:01:05.861+0000] {taskinstance.py:1956} INFO - Dependencies all met for dep_context=requeueable deps ti=<TaskInstance: dag_ingest_daily.extract manual__2026-03-03T05:01:01+00:00 [queued]>
[2026-03-03T05:01:05.862+0000] {taskinstance.py:2170} INFO - Starting attempt 1 of 3
[2026-03-03T05:01:05.902+0000] {taskinstance.py:2191} INFO - Executing <Task(PythonOperator): extract> on 2026-03-03 05:01:01+00:00
[2026-03-03T05:01:05.914+0000] {standard_task_runner.py:60} INFO - Started process 1616 to run task
[2026-03-03T05:01:05.924+0000] {standard_task_runner.py:87} INFO - Running: ['***', 'tasks', 'run', 'dag_ingest_daily', 'extract', 'manual__2026-03-03T05:01:01+00:00', '--job-id', '68', '--raw', '--subdir', 'DAGS_FOLDER/dag_ingest_daily.py', '--cfg-path', '/tmp/tmpjz4exlsx']
[2026-03-03T05:01:05.939+0000] {standard_task_runner.py:88} INFO - Job 68: Subtask extract
[2026-03-03T05:01:06.158+0000] {task_command.py:423} INFO - Running <TaskInstance: dag_ingest_daily.extract manual__2026-03-03T05:01:01+00:00 [running]> on host eccf479b3cda
[2026-03-03T05:01:06.326+0000] {taskinstance.py:2480} INFO - Exporting env vars: AIRFLOW_CTX_DAG_OWNER='de_team' AIRFLOW_CTX_DAG_ID='dag_ingest_daily' AIRFLOW_CTX_TASK_ID='extract' AIRFLOW_CTX_EXECUTION_DATE='2026-03-03T05:01:01+00:00' AIRFLOW_CTX_TRY_NUMBER='1' AIRFLOW_CTX_DAG_RUN_ID='manual__2026-03-03T05:01:01+00:00'
[2026-03-03T05:01:07.162+0000] {extractor.py:40} INFO - Connected to ecommerce_oltp@postgres_oltp
[2026-03-03T05:01:07.164+0000] {extractor.py:135} INFO - === Daily extraction for 2026-03-03 ===
[2026-03-03T05:01:07.164+0000] {extractor.py:113} INFO - Extracting static table: users
[2026-03-03T05:01:07.165+0000] {extractor.py:66} INFO - Full extract: users
[2026-03-03T05:01:07.193+0000] {extractor.py:61} INFO -   Fetched 500 rows
[2026-03-03T05:01:07.194+0000] {extractor.py:113} INFO - Extracting static table: sellers
[2026-03-03T05:01:07.194+0000] {extractor.py:66} INFO - Full extract: sellers
[2026-03-03T05:01:07.199+0000] {extractor.py:61} INFO -   Fetched 50 rows
[2026-03-03T05:01:07.199+0000] {extractor.py:113} INFO - Extracting static table: products
[2026-03-03T05:01:07.200+0000] {extractor.py:66} INFO - Full extract: products
[2026-03-03T05:01:07.212+0000] {extractor.py:61} INFO -   Fetched 200 rows
[2026-03-03T05:01:07.213+0000] {extractor.py:113} INFO - Extracting static table: categories
[2026-03-03T05:01:07.213+0000] {extractor.py:66} INFO - Full extract: categories
[2026-03-03T05:01:07.221+0000] {extractor.py:61} INFO -   Fetched 10 rows
[2026-03-03T05:01:07.222+0000] {extractor.py:74} INFO - Incremental extract: orders since 2026-03-03
[2026-03-03T05:01:07.262+0000] {extractor.py:61} INFO -   Fetched 0 rows
[2026-03-03T05:01:07.263+0000] {extractor.py:94} INFO - Incremental extract: order_items since 2026-03-03
[2026-03-03T05:01:07.272+0000] {extractor.py:61} INFO -   Fetched 0 rows
[2026-03-03T05:01:07.274+0000] {extractor.py:141} INFO -   users: 500 rows extracted
[2026-03-03T05:01:07.277+0000] {extractor.py:141} INFO -   sellers: 50 rows extracted
[2026-03-03T05:01:07.277+0000] {extractor.py:141} INFO -   products: 200 rows extracted
[2026-03-03T05:01:07.278+0000] {extractor.py:141} INFO -   categories: 10 rows extracted
[2026-03-03T05:01:07.279+0000] {extractor.py:141} INFO -   orders: 0 rows extracted
[2026-03-03T05:01:07.279+0000] {extractor.py:141} INFO -   order_items: 0 rows extracted
[2026-03-03T05:01:07.280+0000] {extractor.py:46} INFO - Connection closed
[2026-03-03T05:01:07.417+0000] {logging_mixin.py:188} INFO - ✅ Extracted 760 total rows
[2026-03-03T05:01:07.419+0000] {python.py:201} INFO - Done. Returned value was: None
[2026-03-03T05:01:07.445+0000] {taskinstance.py:1138} INFO - Marking task as SUCCESS. dag_id=dag_ingest_daily, task_id=extract, execution_date=20260303T050101, start_date=20260303T050105, end_date=20260303T050107
[2026-03-03T05:01:07.528+0000] {local_task_job_runner.py:234} INFO - Task exited with return code 0
[2026-03-03T05:01:07.570+0000] {taskinstance.py:3280} INFO - 1 downstream tasks scheduled from follow-on schedule check
