[2026-03-03T13:11:16.484+0000] {taskinstance.py:1956} INFO - Dependencies all met for dep_context=non-requeueable deps ti=<TaskInstance: dag_ingest_daily.extract manual__2026-03-03T05:01:01+00:00 [queued]>
[2026-03-03T13:11:16.671+0000] {taskinstance.py:1956} INFO - Dependencies all met for dep_context=requeueable deps ti=<TaskInstance: dag_ingest_daily.extract manual__2026-03-03T05:01:01+00:00 [queued]>
[2026-03-03T13:11:16.713+0000] {taskinstance.py:2170} INFO - Starting attempt 2 of 4
[2026-03-03T13:11:18.267+0000] {taskinstance.py:2191} INFO - Executing <Task(PythonOperator): extract> on 2026-03-03 05:01:01+00:00
[2026-03-03T13:11:18.483+0000] {standard_task_runner.py:60} INFO - Started process 472 to run task
[2026-03-03T13:11:18.694+0000] {standard_task_runner.py:87} INFO - Running: ['***', 'tasks', 'run', 'dag_ingest_daily', 'extract', 'manual__2026-03-03T05:01:01+00:00', '--job-id', '164', '--raw', '--subdir', 'DAGS_FOLDER/dag_ingest_daily.py', '--cfg-path', '/tmp/tmpyjfo_y8n']
[2026-03-03T13:11:18.738+0000] {standard_task_runner.py:88} INFO - Job 164: Subtask extract
[2026-03-03T13:11:20.224+0000] {task_command.py:423} INFO - Running <TaskInstance: dag_ingest_daily.extract manual__2026-03-03T05:01:01+00:00 [running]> on host 353218a5daef
[2026-03-03T13:11:22.601+0000] {taskinstance.py:2480} INFO - Exporting env vars: AIRFLOW_CTX_DAG_OWNER='de_team' AIRFLOW_CTX_DAG_ID='dag_ingest_daily' AIRFLOW_CTX_TASK_ID='extract' AIRFLOW_CTX_EXECUTION_DATE='2026-03-03T05:01:01+00:00' AIRFLOW_CTX_TRY_NUMBER='2' AIRFLOW_CTX_DAG_RUN_ID='manual__2026-03-03T05:01:01+00:00'
[2026-03-03T13:11:33.612+0000] {extractor.py:40} INFO - Connected to ecommerce_oltp@postgres_oltp
[2026-03-03T13:11:33.645+0000] {extractor.py:135} INFO - === Daily extraction for 2026-03-03 ===
[2026-03-03T13:11:33.677+0000] {extractor.py:113} INFO - Extracting static table: users
[2026-03-03T13:11:33.715+0000] {extractor.py:66} INFO - Full extract: users
[2026-03-03T13:11:34.036+0000] {extractor.py:61} INFO -   Fetched 500 rows
[2026-03-03T13:11:34.053+0000] {extractor.py:113} INFO - Extracting static table: sellers
[2026-03-03T13:11:34.133+0000] {extractor.py:66} INFO - Full extract: sellers
[2026-03-03T13:11:34.258+0000] {extractor.py:61} INFO -   Fetched 50 rows
[2026-03-03T13:11:34.324+0000] {extractor.py:113} INFO - Extracting static table: products
[2026-03-03T13:11:34.339+0000] {extractor.py:66} INFO - Full extract: products
[2026-03-03T13:11:34.515+0000] {extractor.py:61} INFO -   Fetched 200 rows
[2026-03-03T13:11:34.666+0000] {extractor.py:113} INFO - Extracting static table: categories
[2026-03-03T13:11:34.689+0000] {extractor.py:66} INFO - Full extract: categories
[2026-03-03T13:11:34.794+0000] {extractor.py:61} INFO -   Fetched 10 rows
[2026-03-03T13:11:34.892+0000] {extractor.py:74} INFO - Incremental extract: orders since 2026-03-03
[2026-03-03T13:11:35.469+0000] {extractor.py:61} INFO -   Fetched 0 rows
[2026-03-03T13:11:35.492+0000] {extractor.py:94} INFO - Incremental extract: order_items since 2026-03-03
[2026-03-03T13:11:35.584+0000] {extractor.py:61} INFO -   Fetched 0 rows
[2026-03-03T13:11:35.637+0000] {extractor.py:141} INFO -   users: 500 rows extracted
[2026-03-03T13:11:35.647+0000] {extractor.py:141} INFO -   sellers: 50 rows extracted
[2026-03-03T13:11:35.661+0000] {extractor.py:141} INFO -   products: 200 rows extracted
[2026-03-03T13:11:35.673+0000] {extractor.py:141} INFO -   categories: 10 rows extracted
[2026-03-03T13:11:35.714+0000] {extractor.py:141} INFO -   orders: 0 rows extracted
[2026-03-03T13:11:35.720+0000] {extractor.py:141} INFO -   order_items: 0 rows extracted
[2026-03-03T13:11:35.755+0000] {extractor.py:46} INFO - Connection closed
[2026-03-03T13:11:36.702+0000] {logging_mixin.py:188} INFO - ✅ Extracted 760 total rows
[2026-03-03T13:11:36.743+0000] {python.py:201} INFO - Done. Returned value was: None
[2026-03-03T13:11:36.926+0000] {taskinstance.py:1138} INFO - Marking task as SUCCESS. dag_id=dag_ingest_daily, task_id=extract, execution_date=20260303T050101, start_date=20260303T131116, end_date=20260303T131136
[2026-03-03T13:11:37.922+0000] {local_task_job_runner.py:234} INFO - Task exited with return code 0
[2026-03-03T13:11:38.696+0000] {taskinstance.py:3280} INFO - 1 downstream tasks scheduled from follow-on schedule check
