[2026-03-03T12:09:35.126+0000] {taskinstance.py:1956} INFO - Dependencies all met for dep_context=non-requeueable deps ti=<TaskInstance: dag_dbt_transform.dbt_generate_docs manual__2026-03-03T12:08:21+00:00 [queued]>
[2026-03-03T12:09:35.138+0000] {taskinstance.py:1956} INFO - Dependencies all met for dep_context=requeueable deps ti=<TaskInstance: dag_dbt_transform.dbt_generate_docs manual__2026-03-03T12:08:21+00:00 [queued]>
[2026-03-03T12:09:35.139+0000] {taskinstance.py:2170} INFO - Starting attempt 1 of 2
[2026-03-03T12:09:35.150+0000] {taskinstance.py:2191} INFO - Executing <Task(BashOperator): dbt_generate_docs> on 2026-03-03 12:08:21+00:00
[2026-03-03T12:09:35.155+0000] {standard_task_runner.py:60} INFO - Started process 827 to run task
[2026-03-03T12:09:35.162+0000] {standard_task_runner.py:87} INFO - Running: ['***', 'tasks', 'run', 'dag_dbt_transform', 'dbt_generate_docs', 'manual__2026-03-03T12:08:21+00:00', '--job-id', '127', '--raw', '--subdir', 'DAGS_FOLDER/dag_dbt_transform.py', '--cfg-path', '/tmp/tmpbrjm8b1i']
[2026-03-03T12:09:35.169+0000] {standard_task_runner.py:88} INFO - Job 127: Subtask dbt_generate_docs
[2026-03-03T12:09:35.247+0000] {task_command.py:423} INFO - Running <TaskInstance: dag_dbt_transform.dbt_generate_docs manual__2026-03-03T12:08:21+00:00 [running]> on host 858cd869c16e
[2026-03-03T12:09:35.386+0000] {taskinstance.py:2480} INFO - Exporting env vars: AIRFLOW_CTX_DAG_OWNER='de_team' AIRFLOW_CTX_DAG_ID='dag_dbt_transform' AIRFLOW_CTX_TASK_ID='dbt_generate_docs' AIRFLOW_CTX_EXECUTION_DATE='2026-03-03T12:08:21+00:00' AIRFLOW_CTX_TRY_NUMBER='1' AIRFLOW_CTX_DAG_RUN_ID='manual__2026-03-03T12:08:21+00:00'
[2026-03-03T12:09:35.388+0000] {subprocess.py:63} INFO - Tmp dir root location: /tmp
[2026-03-03T12:09:35.389+0000] {subprocess.py:75} INFO - Running command: ['/usr/bin/bash', '-c', 'cd /opt/***/dbt && dbt docs generate --profiles-dir /opt/***/dbt --project-dir /opt/***/dbt']
[2026-03-03T12:09:35.400+0000] {subprocess.py:86} INFO - Output:
[2026-03-03T12:09:36.827+0000] {subprocess.py:93} INFO - [0m12:09:36  Running with dbt=1.11.6
[2026-03-03T12:09:37.075+0000] {subprocess.py:93} INFO - [0m12:09:37  Registered adapter: clickhouse=1.10.0
[2026-03-03T12:09:37.300+0000] {subprocess.py:93} INFO - [0m12:09:37  Found 12 models, 32 data tests, 6 sources, 523 macros
[2026-03-03T12:09:37.306+0000] {subprocess.py:93} INFO - [0m12:09:37
[2026-03-03T12:09:37.308+0000] {subprocess.py:93} INFO - [0m12:09:37  Concurrency: 4 threads (target='dev')
[2026-03-03T12:09:37.308+0000] {subprocess.py:93} INFO - [0m12:09:37
[2026-03-03T12:09:39.525+0000] {subprocess.py:93} INFO - [0m12:09:39  Building catalog
[2026-03-03T12:09:39.732+0000] {subprocess.py:93} INFO - [0m12:09:39  Catalog written to /opt/***/dbt/target/catalog.json
[2026-03-03T12:09:41.684+0000] {subprocess.py:97} INFO - Command exited with return code 0
[2026-03-03T12:09:41.764+0000] {taskinstance.py:1138} INFO - Marking task as SUCCESS. dag_id=dag_dbt_transform, task_id=dbt_generate_docs, execution_date=20260303T120821, start_date=20260303T120935, end_date=20260303T120941
[2026-03-03T12:09:41.826+0000] {local_task_job_runner.py:234} INFO - Task exited with return code 0
[2026-03-03T12:09:41.878+0000] {taskinstance.py:3280} INFO - 0 downstream tasks scheduled from follow-on schedule check
