[2026-03-03T13:12:14.762+0000] {taskinstance.py:1956} INFO - Dependencies all met for dep_context=non-requeueable deps ti=<TaskInstance: dag_ingest_daily.load_to_staging manual__2026-03-01T02:39:44+00:00 [queued]>
[2026-03-03T13:12:15.128+0000] {taskinstance.py:1956} INFO - Dependencies all met for dep_context=requeueable deps ti=<TaskInstance: dag_ingest_daily.load_to_staging manual__2026-03-01T02:39:44+00:00 [queued]>
[2026-03-03T13:12:15.139+0000] {taskinstance.py:2170} INFO - Starting attempt 4 of 6
[2026-03-03T13:12:16.157+0000] {taskinstance.py:2191} INFO - Executing <Task(PythonOperator): load_to_staging> on 2026-03-01 02:39:44+00:00
[2026-03-03T13:12:16.330+0000] {standard_task_runner.py:60} INFO - Started process 778 to run task
[2026-03-03T13:12:16.591+0000] {standard_task_runner.py:87} INFO - Running: ['***', 'tasks', 'run', 'dag_ingest_daily', 'load_to_staging', 'manual__2026-03-01T02:39:44+00:00', '--job-id', '189', '--raw', '--subdir', 'DAGS_FOLDER/dag_ingest_daily.py', '--cfg-path', '/tmp/tmpkim6iinx']
[2026-03-03T13:12:16.639+0000] {standard_task_runner.py:88} INFO - Job 189: Subtask load_to_staging
[2026-03-03T13:12:18.376+0000] {task_command.py:423} INFO - Running <TaskInstance: dag_ingest_daily.load_to_staging manual__2026-03-01T02:39:44+00:00 [running]> on host 353218a5daef
[2026-03-03T13:12:20.220+0000] {taskinstance.py:2480} INFO - Exporting env vars: AIRFLOW_CTX_DAG_OWNER='de_team' AIRFLOW_CTX_DAG_ID='dag_ingest_daily' AIRFLOW_CTX_TASK_ID='load_to_staging' AIRFLOW_CTX_EXECUTION_DATE='2026-03-01T02:39:44+00:00' AIRFLOW_CTX_TRY_NUMBER='4' AIRFLOW_CTX_DAG_RUN_ID='manual__2026-03-01T02:39:44+00:00'
[2026-03-03T13:12:30.684+0000] {loader.py:39} INFO - StagingLoader connected to staging@clickhouse_olap
[2026-03-03T13:12:30.716+0000] {loader.py:86} INFO - === Loading to staging (exec_date=2026-03-01) ===
[2026-03-03T13:12:30.950+0000] {loader.py:55} INFO -   Truncated staging.stg_users
[2026-03-03T13:12:31.668+0000] {loader.py:82} INFO -   ✅ Loaded 500 rows → staging.stg_users
[2026-03-03T13:12:31.818+0000] {loader.py:55} INFO -   Truncated staging.stg_sellers
[2026-03-03T13:12:32.010+0000] {loader.py:82} INFO -   ✅ Loaded 50 rows → staging.stg_sellers
[2026-03-03T13:12:32.118+0000] {loader.py:55} INFO -   Truncated staging.stg_products
[2026-03-03T13:12:32.385+0000] {loader.py:82} INFO -   ✅ Loaded 200 rows → staging.stg_products
[2026-03-03T13:12:32.465+0000] {loader.py:55} INFO -   Truncated staging.stg_categories
[2026-03-03T13:12:32.736+0000] {loader.py:82} INFO -   ✅ Loaded 10 rows → staging.stg_categories
[2026-03-03T13:12:32.977+0000] {loader.py:82} INFO -   ✅ Loaded 5 rows → staging.stg_orders
[2026-03-03T13:12:33.109+0000] {loader.py:82} INFO -   ✅ Loaded 11 rows → staging.stg_order_items
[2026-03-03T13:12:33.116+0000] {loader.py:89} INFO - === Staging load complete ===
[2026-03-03T13:12:33.124+0000] {logging_mixin.py:188} INFO - ✅ Staging load complete
[2026-03-03T13:12:33.176+0000] {python.py:201} INFO - Done. Returned value was: None
[2026-03-03T13:12:33.730+0000] {taskinstance.py:1138} INFO - Marking task as SUCCESS. dag_id=dag_ingest_daily, task_id=load_to_staging, execution_date=20260301T023944, start_date=20260303T131214, end_date=20260303T131233
[2026-03-03T13:12:38.538+0000] {local_task_job_runner.py:234} INFO - Task exited with return code 0
[2026-03-03T13:12:40.031+0000] {taskinstance.py:3280} INFO - 0 downstream tasks scheduled from follow-on schedule check
