[2026-03-01T02:49:56.857+0000] {taskinstance.py:1956} INFO - Dependencies all met for dep_context=non-requeueable deps ti=<TaskInstance: dag_ingest_daily.load_to_staging manual__2026-03-01T02:39:44+00:00 [queued]>
[2026-03-01T02:49:56.878+0000] {taskinstance.py:1956} INFO - Dependencies all met for dep_context=requeueable deps ti=<TaskInstance: dag_ingest_daily.load_to_staging manual__2026-03-01T02:39:44+00:00 [queued]>
[2026-03-01T02:49:56.880+0000] {taskinstance.py:2170} INFO - Starting attempt 3 of 3
[2026-03-01T02:49:56.908+0000] {taskinstance.py:2191} INFO - Executing <Task(PythonOperator): load_to_staging> on 2026-03-01 02:39:44+00:00
[2026-03-01T02:49:56.922+0000] {standard_task_runner.py:60} INFO - Started process 871 to run task
[2026-03-01T02:49:56.927+0000] {standard_task_runner.py:87} INFO - Running: ['***', 'tasks', 'run', 'dag_ingest_daily', 'load_to_staging', 'manual__2026-03-01T02:39:44+00:00', '--job-id', '36', '--raw', '--subdir', 'DAGS_FOLDER/dag_ingest_daily.py', '--cfg-path', '/tmp/tmpsl017my8']
[2026-03-01T02:49:56.931+0000] {standard_task_runner.py:88} INFO - Job 36: Subtask load_to_staging
[2026-03-01T02:49:57.008+0000] {task_command.py:423} INFO - Running <TaskInstance: dag_ingest_daily.load_to_staging manual__2026-03-01T02:39:44+00:00 [running]> on host c320bbf31b63
[2026-03-01T02:49:57.216+0000] {taskinstance.py:2480} INFO - Exporting env vars: AIRFLOW_CTX_DAG_OWNER='de_team' AIRFLOW_CTX_DAG_ID='dag_ingest_daily' AIRFLOW_CTX_TASK_ID='load_to_staging' AIRFLOW_CTX_EXECUTION_DATE='2026-03-01T02:39:44+00:00' AIRFLOW_CTX_TRY_NUMBER='3' AIRFLOW_CTX_DAG_RUN_ID='manual__2026-03-01T02:39:44+00:00'
[2026-03-01T02:49:57.620+0000] {taskinstance.py:2698} ERROR - Task failed with exception
Traceback (most recent call last):
  File "/home/airflow/.local/lib/python3.11/site-packages/airflow/models/taskinstance.py", line 433, in _execute_task
    result = execute_callable(context=context, **execute_callable_kwargs)
             ^^^^^^^^^^^^^^^^^^^^^^^^^^^^^^^^^^^^^^^^^^^^^^^^^^^^^^^^^^^^
  File "/home/airflow/.local/lib/python3.11/site-packages/airflow/operators/python.py", line 199, in execute
    return_value = self.execute_callable()
                   ^^^^^^^^^^^^^^^^^^^^^^^
  File "/home/airflow/.local/lib/python3.11/site-packages/airflow/operators/python.py", line 216, in execute_callable
    return self.python_callable(*self.op_args, **self.op_kwargs)
           ^^^^^^^^^^^^^^^^^^^^^^^^^^^^^^^^^^^^^^^^^^^^^^^^^^^^^
  File "/opt/airflow/dags/dag_ingest_daily.py", line 105, in load_to_staging
    from ingestion.loader import StagingLoader
  File "/opt/airflow/ingestion/loader.py", line 13, in <module>
    import clickhouse_connect
ModuleNotFoundError: No module named 'clickhouse_connect'
[2026-03-01T02:49:57.635+0000] {taskinstance.py:1138} INFO - Marking task as FAILED. dag_id=dag_ingest_daily, task_id=load_to_staging, execution_date=20260301T023944, start_date=20260301T024956, end_date=20260301T024957
[2026-03-01T02:49:57.647+0000] {standard_task_runner.py:107} ERROR - Failed to execute job 36 for task load_to_staging (No module named 'clickhouse_connect'; 871)
[2026-03-01T02:49:57.697+0000] {local_task_job_runner.py:234} INFO - Task exited with return code 1
[2026-03-01T02:49:57.717+0000] {taskinstance.py:3280} INFO - 0 downstream tasks scheduled from follow-on schedule check
