[2026-03-03T13:11:15.401+0000] {taskinstance.py:1956} INFO - Dependencies all met for dep_context=non-requeueable deps ti=<TaskInstance: dag_ingest_daily.extract manual__2026-03-03T11:54:10+00:00 [queued]>
[2026-03-03T13:11:15.531+0000] {taskinstance.py:1956} INFO - Dependencies all met for dep_context=requeueable deps ti=<TaskInstance: dag_ingest_daily.extract manual__2026-03-03T11:54:10+00:00 [queued]>
[2026-03-03T13:11:15.544+0000] {taskinstance.py:2170} INFO - Starting attempt 2 of 4
[2026-03-03T13:11:15.801+0000] {taskinstance.py:2191} INFO - Executing <Task(PythonOperator): extract> on 2026-03-03 11:54:10+00:00
[2026-03-03T13:11:15.873+0000] {standard_task_runner.py:60} INFO - Started process 453 to run task
[2026-03-03T13:11:15.901+0000] {standard_task_runner.py:87} INFO - Running: ['***', 'tasks', 'run', 'dag_ingest_daily', 'extract', 'manual__2026-03-03T11:54:10+00:00', '--job-id', '153', '--raw', '--subdir', 'DAGS_FOLDER/dag_ingest_daily.py', '--cfg-path', '/tmp/tmp2no29gug']
[2026-03-03T13:11:15.923+0000] {standard_task_runner.py:88} INFO - Job 153: Subtask extract
[2026-03-03T13:11:16.767+0000] {task_command.py:423} INFO - Running <TaskInstance: dag_ingest_daily.extract manual__2026-03-03T11:54:10+00:00 [running]> on host 353218a5daef
[2026-03-03T13:11:19.974+0000] {taskinstance.py:2480} INFO - Exporting env vars: AIRFLOW_CTX_DAG_OWNER='de_team' AIRFLOW_CTX_DAG_ID='dag_ingest_daily' AIRFLOW_CTX_TASK_ID='extract' AIRFLOW_CTX_EXECUTION_DATE='2026-03-03T11:54:10+00:00' AIRFLOW_CTX_TRY_NUMBER='2' AIRFLOW_CTX_DAG_RUN_ID='manual__2026-03-03T11:54:10+00:00'
[2026-03-03T13:11:32.986+0000] {extractor.py:40} INFO - Connected to ecommerce_oltp@postgres_oltp
[2026-03-03T13:11:32.994+0000] {extractor.py:135} INFO - === Daily extraction for 2026-03-03 ===
[2026-03-03T13:11:32.998+0000] {extractor.py:113} INFO - Extracting static table: users
[2026-03-03T13:11:32.999+0000] {extractor.py:66} INFO - Full extract: users
[2026-03-03T13:11:33.158+0000] {extractor.py:61} INFO -   Fetched 500 rows
[2026-03-03T13:11:33.159+0000] {extractor.py:113} INFO - Extracting static table: sellers
[2026-03-03T13:11:33.161+0000] {extractor.py:66} INFO - Full extract: sellers
[2026-03-03T13:11:33.204+0000] {extractor.py:61} INFO -   Fetched 50 rows
[2026-03-03T13:11:33.209+0000] {extractor.py:113} INFO - Extracting static table: products
[2026-03-03T13:11:33.210+0000] {extractor.py:66} INFO - Full extract: products
[2026-03-03T13:11:33.292+0000] {extractor.py:61} INFO -   Fetched 200 rows
[2026-03-03T13:11:33.308+0000] {extractor.py:113} INFO - Extracting static table: categories
[2026-03-03T13:11:33.318+0000] {extractor.py:66} INFO - Full extract: categories
[2026-03-03T13:11:33.384+0000] {extractor.py:61} INFO -   Fetched 10 rows
[2026-03-03T13:11:33.398+0000] {extractor.py:74} INFO - Incremental extract: orders since 2026-03-03
[2026-03-03T13:11:33.659+0000] {extractor.py:61} INFO -   Fetched 0 rows
[2026-03-03T13:11:33.684+0000] {extractor.py:94} INFO - Incremental extract: order_items since 2026-03-03
[2026-03-03T13:11:33.749+0000] {extractor.py:61} INFO -   Fetched 0 rows
[2026-03-03T13:11:33.806+0000] {extractor.py:141} INFO -   users: 500 rows extracted
[2026-03-03T13:11:33.810+0000] {extractor.py:141} INFO -   sellers: 50 rows extracted
[2026-03-03T13:11:33.823+0000] {extractor.py:141} INFO -   products: 200 rows extracted
[2026-03-03T13:11:33.828+0000] {extractor.py:141} INFO -   categories: 10 rows extracted
[2026-03-03T13:11:33.887+0000] {extractor.py:141} INFO -   orders: 0 rows extracted
[2026-03-03T13:11:33.907+0000] {extractor.py:141} INFO -   order_items: 0 rows extracted
[2026-03-03T13:11:33.910+0000] {extractor.py:46} INFO - Connection closed
[2026-03-03T13:11:36.724+0000] {logging_mixin.py:188} INFO - ✅ Extracted 760 total rows
[2026-03-03T13:11:36.781+0000] {python.py:201} INFO - Done. Returned value was: None
[2026-03-03T13:11:37.066+0000] {taskinstance.py:1138} INFO - Marking task as SUCCESS. dag_id=dag_ingest_daily, task_id=extract, execution_date=20260303T115410, start_date=20260303T131115, end_date=20260303T131137
[2026-03-03T13:11:37.975+0000] {local_task_job_runner.py:234} INFO - Task exited with return code 0
[2026-03-03T13:11:38.615+0000] {taskinstance.py:3280} INFO - 1 downstream tasks scheduled from follow-on schedule check
