[2026-03-03T11:54:19.125+0000] {taskinstance.py:1956} INFO - Dependencies all met for dep_context=non-requeueable deps ti=<TaskInstance: dag_ingest_daily.extract manual__2026-03-03T11:54:10+00:00 [queued]>
[2026-03-03T11:54:19.135+0000] {taskinstance.py:1956} INFO - Dependencies all met for dep_context=requeueable deps ti=<TaskInstance: dag_ingest_daily.extract manual__2026-03-03T11:54:10+00:00 [queued]>
[2026-03-03T11:54:19.136+0000] {taskinstance.py:2170} INFO - Starting attempt 1 of 3
[2026-03-03T11:54:19.153+0000] {taskinstance.py:2191} INFO - Executing <Task(PythonOperator): extract> on 2026-03-03 11:54:10+00:00
[2026-03-03T11:54:19.164+0000] {standard_task_runner.py:60} INFO - Started process 10255 to run task
[2026-03-03T11:54:19.170+0000] {standard_task_runner.py:87} INFO - Running: ['***', 'tasks', 'run', 'dag_ingest_daily', 'extract', 'manual__2026-03-03T11:54:10+00:00', '--job-id', '92', '--raw', '--subdir', 'DAGS_FOLDER/dag_ingest_daily.py', '--cfg-path', '/tmp/tmpitp9si6i']
[2026-03-03T11:54:19.173+0000] {standard_task_runner.py:88} INFO - Job 92: Subtask extract
[2026-03-03T11:54:19.324+0000] {task_command.py:423} INFO - Running <TaskInstance: dag_ingest_daily.extract manual__2026-03-03T11:54:10+00:00 [running]> on host eccf479b3cda
[2026-03-03T11:54:19.454+0000] {taskinstance.py:2480} INFO - Exporting env vars: AIRFLOW_CTX_DAG_OWNER='de_team' AIRFLOW_CTX_DAG_ID='dag_ingest_daily' AIRFLOW_CTX_TASK_ID='extract' AIRFLOW_CTX_EXECUTION_DATE='2026-03-03T11:54:10+00:00' AIRFLOW_CTX_TRY_NUMBER='1' AIRFLOW_CTX_DAG_RUN_ID='manual__2026-03-03T11:54:10+00:00'
[2026-03-03T11:54:19.963+0000] {extractor.py:40} INFO - Connected to ecommerce_oltp@postgres_oltp
[2026-03-03T11:54:19.964+0000] {extractor.py:135} INFO - === Daily extraction for 2026-03-03 ===
[2026-03-03T11:54:19.965+0000] {extractor.py:113} INFO - Extracting static table: users
[2026-03-03T11:54:19.965+0000] {extractor.py:66} INFO - Full extract: users
[2026-03-03T11:54:19.979+0000] {extractor.py:61} INFO -   Fetched 500 rows
[2026-03-03T11:54:19.979+0000] {extractor.py:113} INFO - Extracting static table: sellers
[2026-03-03T11:54:19.980+0000] {extractor.py:66} INFO - Full extract: sellers
[2026-03-03T11:54:19.982+0000] {extractor.py:61} INFO -   Fetched 50 rows
[2026-03-03T11:54:19.983+0000] {extractor.py:113} INFO - Extracting static table: products
[2026-03-03T11:54:19.983+0000] {extractor.py:66} INFO - Full extract: products
[2026-03-03T11:54:19.990+0000] {extractor.py:61} INFO -   Fetched 200 rows
[2026-03-03T11:54:19.990+0000] {extractor.py:113} INFO - Extracting static table: categories
[2026-03-03T11:54:19.990+0000] {extractor.py:66} INFO - Full extract: categories
[2026-03-03T11:54:19.993+0000] {extractor.py:61} INFO -   Fetched 10 rows
[2026-03-03T11:54:19.993+0000] {extractor.py:74} INFO - Incremental extract: orders since 2026-03-03
[2026-03-03T11:54:19.998+0000] {extractor.py:61} INFO -   Fetched 0 rows
[2026-03-03T11:54:19.999+0000] {extractor.py:94} INFO - Incremental extract: order_items since 2026-03-03
[2026-03-03T11:54:20.002+0000] {extractor.py:61} INFO -   Fetched 0 rows
[2026-03-03T11:54:20.002+0000] {extractor.py:141} INFO -   users: 500 rows extracted
[2026-03-03T11:54:20.003+0000] {extractor.py:141} INFO -   sellers: 50 rows extracted
[2026-03-03T11:54:20.003+0000] {extractor.py:141} INFO -   products: 200 rows extracted
[2026-03-03T11:54:20.003+0000] {extractor.py:141} INFO -   categories: 10 rows extracted
[2026-03-03T11:54:20.004+0000] {extractor.py:141} INFO -   orders: 0 rows extracted
[2026-03-03T11:54:20.004+0000] {extractor.py:141} INFO -   order_items: 0 rows extracted
[2026-03-03T11:54:20.004+0000] {extractor.py:46} INFO - Connection closed
[2026-03-03T11:54:20.078+0000] {logging_mixin.py:188} INFO - ✅ Extracted 760 total rows
[2026-03-03T11:54:20.079+0000] {python.py:201} INFO - Done. Returned value was: None
[2026-03-03T11:54:20.097+0000] {taskinstance.py:1138} INFO - Marking task as SUCCESS. dag_id=dag_ingest_daily, task_id=extract, execution_date=20260303T115410, start_date=20260303T115419, end_date=20260303T115420
[2026-03-03T11:54:20.132+0000] {local_task_job_runner.py:234} INFO - Task exited with return code 0
[2026-03-03T11:54:20.170+0000] {taskinstance.py:3280} INFO - 1 downstream tasks scheduled from follow-on schedule check
