[2026-02-28T03:31:22.695+0000] {taskinstance.py:1956} INFO - Dependencies all met for dep_context=non-requeueable deps ti=<TaskInstance: dag_data_quality.wait_for_transform scheduled__2026-02-27T03:00:00+00:00 [queued]>
[2026-02-28T03:31:22.733+0000] {taskinstance.py:1956} INFO - Dependencies all met for dep_context=requeueable deps ti=<TaskInstance: dag_data_quality.wait_for_transform scheduled__2026-02-27T03:00:00+00:00 [queued]>
[2026-02-28T03:31:22.734+0000] {taskinstance.py:2170} INFO - Starting attempt 1 of 1
[2026-02-28T03:31:22.787+0000] {taskinstance.py:2191} INFO - Executing <Task(ExternalTaskSensor): wait_for_transform> on 2026-02-27 03:00:00+00:00
[2026-02-28T03:31:22.799+0000] {standard_task_runner.py:60} INFO - Started process 1473 to run task
[2026-02-28T03:31:22.841+0000] {standard_task_runner.py:87} INFO - Running: ['***', 'tasks', 'run', 'dag_data_quality', 'wait_for_transform', 'scheduled__2026-02-27T03:00:00+00:00', '--job-id', '19', '--raw', '--subdir', 'DAGS_FOLDER/dag_data_quality.py', '--cfg-path', '/tmp/tmp3vozbjqw']
[2026-02-28T03:31:22.877+0000] {standard_task_runner.py:88} INFO - Job 19: Subtask wait_for_transform
[2026-02-28T03:31:23.088+0000] {task_command.py:423} INFO - Running <TaskInstance: dag_data_quality.wait_for_transform scheduled__2026-02-27T03:00:00+00:00 [running]> on host c6881df011c4
[2026-02-28T03:31:23.165+0000] {taskinstance.py:2480} INFO - Exporting env vars: AIRFLOW_CTX_DAG_OWNER='de_team' AIRFLOW_CTX_DAG_ID='dag_data_quality' AIRFLOW_CTX_TASK_ID='wait_for_transform' AIRFLOW_CTX_EXECUTION_DATE='2026-02-27T03:00:00+00:00' AIRFLOW_CTX_TRY_NUMBER='1' AIRFLOW_CTX_DAG_RUN_ID='scheduled__2026-02-27T03:00:00+00:00'
[2026-02-28T03:31:23.166+0000] {external_task.py:244} INFO - Poking for tasks ['dbt_test'] in dag dag_dbt_transform on 2026-02-27T03:00:00+00:00 ... 
[2026-02-28T03:50:17.426+0000] {external_task.py:244} INFO - Poking for tasks ['dbt_test'] in dag dag_dbt_transform on 2026-02-27T03:00:00+00:00 ... 
[2026-02-28T04:56:37.832+0000] {external_task.py:244} INFO - Poking for tasks ['dbt_test'] in dag dag_dbt_transform on 2026-02-27T03:00:00+00:00 ... 
[2026-02-28T05:33:30.234+0000] {external_task.py:244} INFO - Poking for tasks ['dbt_test'] in dag dag_dbt_transform on 2026-02-27T03:00:00+00:00 ... 
[2026-02-28T05:56:12.048+0000] {external_task.py:244} INFO - Poking for tasks ['dbt_test'] in dag dag_dbt_transform on 2026-02-27T03:00:00+00:00 ... 
[2026-02-28T05:57:12.098+0000] {external_task.py:244} INFO - Poking for tasks ['dbt_test'] in dag dag_dbt_transform on 2026-02-27T03:00:00+00:00 ... 
[2026-02-28T05:58:12.130+0000] {external_task.py:244} INFO - Poking for tasks ['dbt_test'] in dag dag_dbt_transform on 2026-02-27T03:00:00+00:00 ... 
[2026-02-28T05:59:12.160+0000] {external_task.py:244} INFO - Poking for tasks ['dbt_test'] in dag dag_dbt_transform on 2026-02-27T03:00:00+00:00 ... 
[2026-02-28T06:00:12.195+0000] {external_task.py:244} INFO - Poking for tasks ['dbt_test'] in dag dag_dbt_transform on 2026-02-27T03:00:00+00:00 ... 
[2026-02-28T06:01:12.224+0000] {external_task.py:244} INFO - Poking for tasks ['dbt_test'] in dag dag_dbt_transform on 2026-02-27T03:00:00+00:00 ... 
[2026-02-28T06:02:12.260+0000] {external_task.py:244} INFO - Poking for tasks ['dbt_test'] in dag dag_dbt_transform on 2026-02-27T03:00:00+00:00 ... 
[2026-02-28T06:03:12.298+0000] {external_task.py:244} INFO - Poking for tasks ['dbt_test'] in dag dag_dbt_transform on 2026-02-27T03:00:00+00:00 ... 
[2026-02-28T06:04:12.326+0000] {external_task.py:244} INFO - Poking for tasks ['dbt_test'] in dag dag_dbt_transform on 2026-02-27T03:00:00+00:00 ... 
[2026-02-28T06:05:12.357+0000] {external_task.py:244} INFO - Poking for tasks ['dbt_test'] in dag dag_dbt_transform on 2026-02-27T03:00:00+00:00 ... 
[2026-02-28T06:06:12.380+0000] {external_task.py:244} INFO - Poking for tasks ['dbt_test'] in dag dag_dbt_transform on 2026-02-27T03:00:00+00:00 ... 
[2026-02-28T06:07:12.407+0000] {external_task.py:244} INFO - Poking for tasks ['dbt_test'] in dag dag_dbt_transform on 2026-02-27T03:00:00+00:00 ... 
[2026-02-28T06:08:12.431+0000] {external_task.py:244} INFO - Poking for tasks ['dbt_test'] in dag dag_dbt_transform on 2026-02-27T03:00:00+00:00 ... 
[2026-02-28T06:09:12.467+0000] {external_task.py:244} INFO - Poking for tasks ['dbt_test'] in dag dag_dbt_transform on 2026-02-27T03:00:00+00:00 ... 
[2026-02-28T06:10:12.517+0000] {external_task.py:244} INFO - Poking for tasks ['dbt_test'] in dag dag_dbt_transform on 2026-02-27T03:00:00+00:00 ... 
[2026-02-28T06:11:12.558+0000] {external_task.py:244} INFO - Poking for tasks ['dbt_test'] in dag dag_dbt_transform on 2026-02-27T03:00:00+00:00 ... 
[2026-02-28T06:12:12.586+0000] {external_task.py:244} INFO - Poking for tasks ['dbt_test'] in dag dag_dbt_transform on 2026-02-27T03:00:00+00:00 ... 
[2026-02-28T06:13:12.615+0000] {external_task.py:244} INFO - Poking for tasks ['dbt_test'] in dag dag_dbt_transform on 2026-02-27T03:00:00+00:00 ... 
[2026-02-28T06:14:12.643+0000] {external_task.py:244} INFO - Poking for tasks ['dbt_test'] in dag dag_dbt_transform on 2026-02-27T03:00:00+00:00 ... 
[2026-02-28T06:15:12.669+0000] {external_task.py:244} INFO - Poking for tasks ['dbt_test'] in dag dag_dbt_transform on 2026-02-27T03:00:00+00:00 ... 
[2026-02-28T06:16:12.688+0000] {external_task.py:244} INFO - Poking for tasks ['dbt_test'] in dag dag_dbt_transform on 2026-02-27T03:00:00+00:00 ... 
[2026-02-28T06:17:12.712+0000] {external_task.py:244} INFO - Poking for tasks ['dbt_test'] in dag dag_dbt_transform on 2026-02-27T03:00:00+00:00 ... 
[2026-02-28T06:18:12.735+0000] {external_task.py:244} INFO - Poking for tasks ['dbt_test'] in dag dag_dbt_transform on 2026-02-27T03:00:00+00:00 ... 
[2026-02-28T06:19:12.768+0000] {external_task.py:244} INFO - Poking for tasks ['dbt_test'] in dag dag_dbt_transform on 2026-02-27T03:00:00+00:00 ... 
[2026-02-28T06:20:12.788+0000] {external_task.py:244} INFO - Poking for tasks ['dbt_test'] in dag dag_dbt_transform on 2026-02-27T03:00:00+00:00 ... 
[2026-02-28T06:21:12.810+0000] {external_task.py:244} INFO - Poking for tasks ['dbt_test'] in dag dag_dbt_transform on 2026-02-27T03:00:00+00:00 ... 
[2026-02-28T06:22:12.836+0000] {external_task.py:244} INFO - Poking for tasks ['dbt_test'] in dag dag_dbt_transform on 2026-02-27T03:00:00+00:00 ... 
[2026-02-28T06:23:12.858+0000] {external_task.py:244} INFO - Poking for tasks ['dbt_test'] in dag dag_dbt_transform on 2026-02-27T03:00:00+00:00 ... 
[2026-02-28T06:24:12.880+0000] {external_task.py:244} INFO - Poking for tasks ['dbt_test'] in dag dag_dbt_transform on 2026-02-27T03:00:00+00:00 ... 
[2026-02-28T06:25:12.898+0000] {external_task.py:244} INFO - Poking for tasks ['dbt_test'] in dag dag_dbt_transform on 2026-02-27T03:00:00+00:00 ... 
[2026-02-28T06:26:12.920+0000] {external_task.py:244} INFO - Poking for tasks ['dbt_test'] in dag dag_dbt_transform on 2026-02-27T03:00:00+00:00 ... 
[2026-02-28T06:27:12.945+0000] {external_task.py:244} INFO - Poking for tasks ['dbt_test'] in dag dag_dbt_transform on 2026-02-27T03:00:00+00:00 ... 
[2026-02-28T06:28:12.981+0000] {external_task.py:244} INFO - Poking for tasks ['dbt_test'] in dag dag_dbt_transform on 2026-02-27T03:00:00+00:00 ... 
[2026-02-28T06:29:13.013+0000] {external_task.py:244} INFO - Poking for tasks ['dbt_test'] in dag dag_dbt_transform on 2026-02-27T03:00:00+00:00 ... 
[2026-02-28T06:30:13.034+0000] {external_task.py:244} INFO - Poking for tasks ['dbt_test'] in dag dag_dbt_transform on 2026-02-27T03:00:00+00:00 ... 
[2026-02-28T06:31:13.057+0000] {external_task.py:244} INFO - Poking for tasks ['dbt_test'] in dag dag_dbt_transform on 2026-02-27T03:00:00+00:00 ... 
[2026-02-28T06:32:13.078+0000] {external_task.py:244} INFO - Poking for tasks ['dbt_test'] in dag dag_dbt_transform on 2026-02-27T03:00:00+00:00 ... 
[2026-02-28T06:33:13.097+0000] {external_task.py:244} INFO - Poking for tasks ['dbt_test'] in dag dag_dbt_transform on 2026-02-27T03:00:00+00:00 ... 
[2026-02-28T06:34:13.116+0000] {external_task.py:244} INFO - Poking for tasks ['dbt_test'] in dag dag_dbt_transform on 2026-02-27T03:00:00+00:00 ... 
[2026-02-28T06:35:13.131+0000] {external_task.py:244} INFO - Poking for tasks ['dbt_test'] in dag dag_dbt_transform on 2026-02-27T03:00:00+00:00 ... 
[2026-02-28T06:36:13.161+0000] {external_task.py:244} INFO - Poking for tasks ['dbt_test'] in dag dag_dbt_transform on 2026-02-27T03:00:00+00:00 ... 
[2026-02-28T06:37:13.174+0000] {external_task.py:244} INFO - Poking for tasks ['dbt_test'] in dag dag_dbt_transform on 2026-02-27T03:00:00+00:00 ... 
[2026-02-28T06:38:13.204+0000] {external_task.py:244} INFO - Poking for tasks ['dbt_test'] in dag dag_dbt_transform on 2026-02-27T03:00:00+00:00 ... 
[2026-02-28T06:39:13.222+0000] {external_task.py:244} INFO - Poking for tasks ['dbt_test'] in dag dag_dbt_transform on 2026-02-27T03:00:00+00:00 ... 
[2026-02-28T06:40:13.250+0000] {external_task.py:244} INFO - Poking for tasks ['dbt_test'] in dag dag_dbt_transform on 2026-02-27T03:00:00+00:00 ... 
[2026-02-28T06:41:13.282+0000] {external_task.py:244} INFO - Poking for tasks ['dbt_test'] in dag dag_dbt_transform on 2026-02-27T03:00:00+00:00 ... 
[2026-02-28T06:42:13.307+0000] {external_task.py:244} INFO - Poking for tasks ['dbt_test'] in dag dag_dbt_transform on 2026-02-27T03:00:00+00:00 ... 
[2026-02-28T06:43:13.339+0000] {external_task.py:244} INFO - Poking for tasks ['dbt_test'] in dag dag_dbt_transform on 2026-02-27T03:00:00+00:00 ... 
[2026-02-28T06:44:13.360+0000] {external_task.py:244} INFO - Poking for tasks ['dbt_test'] in dag dag_dbt_transform on 2026-02-27T03:00:00+00:00 ... 
[2026-02-28T06:45:13.382+0000] {external_task.py:244} INFO - Poking for tasks ['dbt_test'] in dag dag_dbt_transform on 2026-02-27T03:00:00+00:00 ... 
[2026-02-28T06:46:13.409+0000] {external_task.py:244} INFO - Poking for tasks ['dbt_test'] in dag dag_dbt_transform on 2026-02-27T03:00:00+00:00 ... 
[2026-02-28T06:47:13.432+0000] {external_task.py:244} INFO - Poking for tasks ['dbt_test'] in dag dag_dbt_transform on 2026-02-27T03:00:00+00:00 ... 
[2026-02-28T06:48:13.457+0000] {external_task.py:244} INFO - Poking for tasks ['dbt_test'] in dag dag_dbt_transform on 2026-02-27T03:00:00+00:00 ... 
[2026-02-28T06:49:13.506+0000] {external_task.py:244} INFO - Poking for tasks ['dbt_test'] in dag dag_dbt_transform on 2026-02-27T03:00:00+00:00 ... 
[2026-02-28T06:50:13.529+0000] {external_task.py:244} INFO - Poking for tasks ['dbt_test'] in dag dag_dbt_transform on 2026-02-27T03:00:00+00:00 ... 
[2026-02-28T06:51:13.561+0000] {external_task.py:244} INFO - Poking for tasks ['dbt_test'] in dag dag_dbt_transform on 2026-02-27T03:00:00+00:00 ... 
[2026-02-28T06:52:13.589+0000] {external_task.py:244} INFO - Poking for tasks ['dbt_test'] in dag dag_dbt_transform on 2026-02-27T03:00:00+00:00 ... 
[2026-02-28T06:52:13.613+0000] {taskinstance.py:2698} ERROR - Task failed with exception
Traceback (most recent call last):
  File "/home/airflow/.local/lib/python3.11/site-packages/airflow/models/taskinstance.py", line 433, in _execute_task
    result = execute_callable(context=context, **execute_callable_kwargs)
             ^^^^^^^^^^^^^^^^^^^^^^^^^^^^^^^^^^^^^^^^^^^^^^^^^^^^^^^^^^^^
  File "/home/airflow/.local/lib/python3.11/site-packages/airflow/sensors/external_task.py", line 334, in execute
    super().execute(context)
  File "/home/airflow/.local/lib/python3.11/site-packages/airflow/sensors/base.py", line 282, in execute
    raise AirflowSensorTimeout(message)
airflow.exceptions.AirflowSensorTimeout: Sensor has timed out; run duration of 3601.6970232639987 seconds exceeds the specified timeout of 3600.0.
[2026-02-28T06:52:13.628+0000] {taskinstance.py:1138} INFO - Immediate failure requested. Marking task as FAILED. dag_id=dag_data_quality, task_id=wait_for_transform, execution_date=20260227T030000, start_date=20260228T033122, end_date=20260228T065213
[2026-02-28T06:52:13.644+0000] {standard_task_runner.py:107} ERROR - Failed to execute job 19 for task wait_for_transform (Sensor has timed out; run duration of 3601.6970232639987 seconds exceeds the specified timeout of 3600.0.; 1473)
[2026-02-28T06:52:13.669+0000] {local_task_job_runner.py:234} INFO - Task exited with return code 1
[2026-02-28T06:52:13.698+0000] {taskinstance.py:3280} INFO - 0 downstream tasks scheduled from follow-on schedule check
