[2026-03-03T13:16:02.772+0000] {taskinstance.py:1956} INFO - Dependencies all met for dep_context=non-requeueable deps ti=<TaskInstance: dag_data_quality.wait_for_transform scheduled__2026-02-27T03:00:00+00:00 [queued]>
[2026-03-03T13:16:02.846+0000] {taskinstance.py:1956} INFO - Dependencies all met for dep_context=requeueable deps ti=<TaskInstance: dag_data_quality.wait_for_transform scheduled__2026-02-27T03:00:00+00:00 [queued]>
[2026-03-03T13:16:02.860+0000] {taskinstance.py:2170} INFO - Starting attempt 2 of 2
[2026-03-03T13:16:03.106+0000] {taskinstance.py:2191} INFO - Executing <Task(ExternalTaskSensor): wait_for_transform> on 2026-02-27 03:00:00+00:00
[2026-03-03T13:16:03.146+0000] {standard_task_runner.py:60} INFO - Started process 1671 to run task
[2026-03-03T13:16:03.190+0000] {standard_task_runner.py:87} INFO - Running: ['***', 'tasks', 'run', 'dag_data_quality', 'wait_for_transform', 'scheduled__2026-02-27T03:00:00+00:00', '--job-id', '246', '--raw', '--subdir', 'DAGS_FOLDER/dag_data_quality.py', '--cfg-path', '/tmp/tmp4g3pqbyv']
[2026-03-03T13:16:03.228+0000] {standard_task_runner.py:88} INFO - Job 246: Subtask wait_for_transform
[2026-03-03T13:16:04.058+0000] {task_command.py:423} INFO - Running <TaskInstance: dag_data_quality.wait_for_transform scheduled__2026-02-27T03:00:00+00:00 [running]> on host 353218a5daef
[2026-03-03T13:16:04.928+0000] {taskinstance.py:2480} INFO - Exporting env vars: AIRFLOW_CTX_DAG_OWNER='de_team' AIRFLOW_CTX_DAG_ID='dag_data_quality' AIRFLOW_CTX_TASK_ID='wait_for_transform' AIRFLOW_CTX_EXECUTION_DATE='2026-02-27T03:00:00+00:00' AIRFLOW_CTX_TRY_NUMBER='2' AIRFLOW_CTX_DAG_RUN_ID='scheduled__2026-02-27T03:00:00+00:00'
[2026-03-03T13:16:05.175+0000] {external_task.py:244} INFO - Poking for tasks ['dbt_test'] in dag dag_dbt_transform on 2026-02-27T03:00:00+00:00 ... 
[2026-03-03T13:17:05.409+0000] {external_task.py:244} INFO - Poking for tasks ['dbt_test'] in dag dag_dbt_transform on 2026-02-27T03:00:00+00:00 ... 
[2026-03-03T13:18:05.523+0000] {external_task.py:244} INFO - Poking for tasks ['dbt_test'] in dag dag_dbt_transform on 2026-02-27T03:00:00+00:00 ... 
[2026-03-03T13:19:05.587+0000] {external_task.py:244} INFO - Poking for tasks ['dbt_test'] in dag dag_dbt_transform on 2026-02-27T03:00:00+00:00 ... 
[2026-03-03T13:20:05.632+0000] {external_task.py:244} INFO - Poking for tasks ['dbt_test'] in dag dag_dbt_transform on 2026-02-27T03:00:00+00:00 ... 
[2026-03-03T13:21:05.752+0000] {external_task.py:244} INFO - Poking for tasks ['dbt_test'] in dag dag_dbt_transform on 2026-02-27T03:00:00+00:00 ... 
[2026-03-03T13:22:05.789+0000] {external_task.py:244} INFO - Poking for tasks ['dbt_test'] in dag dag_dbt_transform on 2026-02-27T03:00:00+00:00 ... 
[2026-03-03T13:23:05.918+0000] {external_task.py:244} INFO - Poking for tasks ['dbt_test'] in dag dag_dbt_transform on 2026-02-27T03:00:00+00:00 ... 
[2026-03-03T13:24:05.961+0000] {external_task.py:244} INFO - Poking for tasks ['dbt_test'] in dag dag_dbt_transform on 2026-02-27T03:00:00+00:00 ... 
[2026-03-03T13:25:06.007+0000] {external_task.py:244} INFO - Poking for tasks ['dbt_test'] in dag dag_dbt_transform on 2026-02-27T03:00:00+00:00 ... 
[2026-03-03T13:26:06.446+0000] {external_task.py:244} INFO - Poking for tasks ['dbt_test'] in dag dag_dbt_transform on 2026-02-27T03:00:00+00:00 ... 
[2026-03-03T13:27:06.972+0000] {external_task.py:244} INFO - Poking for tasks ['dbt_test'] in dag dag_dbt_transform on 2026-02-27T03:00:00+00:00 ... 
[2026-03-03T13:28:07.025+0000] {external_task.py:244} INFO - Poking for tasks ['dbt_test'] in dag dag_dbt_transform on 2026-02-27T03:00:00+00:00 ... 
[2026-03-03T13:29:07.130+0000] {external_task.py:244} INFO - Poking for tasks ['dbt_test'] in dag dag_dbt_transform on 2026-02-27T03:00:00+00:00 ... 
[2026-03-03T13:30:07.164+0000] {external_task.py:244} INFO - Poking for tasks ['dbt_test'] in dag dag_dbt_transform on 2026-02-27T03:00:00+00:00 ... 
[2026-03-03T13:31:07.193+0000] {external_task.py:244} INFO - Poking for tasks ['dbt_test'] in dag dag_dbt_transform on 2026-02-27T03:00:00+00:00 ... 
[2026-03-03T13:32:07.240+0000] {external_task.py:244} INFO - Poking for tasks ['dbt_test'] in dag dag_dbt_transform on 2026-02-27T03:00:00+00:00 ... 
[2026-03-03T13:33:07.309+0000] {external_task.py:244} INFO - Poking for tasks ['dbt_test'] in dag dag_dbt_transform on 2026-02-27T03:00:00+00:00 ... 
[2026-03-03T13:34:07.363+0000] {external_task.py:244} INFO - Poking for tasks ['dbt_test'] in dag dag_dbt_transform on 2026-02-27T03:00:00+00:00 ... 
[2026-03-03T13:35:07.426+0000] {external_task.py:244} INFO - Poking for tasks ['dbt_test'] in dag dag_dbt_transform on 2026-02-27T03:00:00+00:00 ... 
[2026-03-03T13:36:07.517+0000] {external_task.py:244} INFO - Poking for tasks ['dbt_test'] in dag dag_dbt_transform on 2026-02-27T03:00:00+00:00 ... 
[2026-03-03T13:37:07.568+0000] {external_task.py:244} INFO - Poking for tasks ['dbt_test'] in dag dag_dbt_transform on 2026-02-27T03:00:00+00:00 ... 
[2026-03-03T13:38:07.633+0000] {external_task.py:244} INFO - Poking for tasks ['dbt_test'] in dag dag_dbt_transform on 2026-02-27T03:00:00+00:00 ... 
[2026-03-03T13:39:07.692+0000] {external_task.py:244} INFO - Poking for tasks ['dbt_test'] in dag dag_dbt_transform on 2026-02-27T03:00:00+00:00 ... 
[2026-03-03T13:40:07.778+0000] {external_task.py:244} INFO - Poking for tasks ['dbt_test'] in dag dag_dbt_transform on 2026-02-27T03:00:00+00:00 ... 
[2026-03-03T13:41:07.857+0000] {external_task.py:244} INFO - Poking for tasks ['dbt_test'] in dag dag_dbt_transform on 2026-02-27T03:00:00+00:00 ... 
[2026-03-03T13:42:07.958+0000] {external_task.py:244} INFO - Poking for tasks ['dbt_test'] in dag dag_dbt_transform on 2026-02-27T03:00:00+00:00 ... 
[2026-03-03T13:43:08.074+0000] {external_task.py:244} INFO - Poking for tasks ['dbt_test'] in dag dag_dbt_transform on 2026-02-27T03:00:00+00:00 ... 
[2026-03-03T13:44:08.455+0000] {external_task.py:244} INFO - Poking for tasks ['dbt_test'] in dag dag_dbt_transform on 2026-02-27T03:00:00+00:00 ... 
[2026-03-03T13:45:08.689+0000] {external_task.py:244} INFO - Poking for tasks ['dbt_test'] in dag dag_dbt_transform on 2026-02-27T03:00:00+00:00 ... 
[2026-03-03T13:46:08.743+0000] {external_task.py:244} INFO - Poking for tasks ['dbt_test'] in dag dag_dbt_transform on 2026-02-27T03:00:00+00:00 ... 
[2026-03-03T13:47:08.887+0000] {external_task.py:244} INFO - Poking for tasks ['dbt_test'] in dag dag_dbt_transform on 2026-02-27T03:00:00+00:00 ... 
[2026-03-03T13:48:08.966+0000] {external_task.py:244} INFO - Poking for tasks ['dbt_test'] in dag dag_dbt_transform on 2026-02-27T03:00:00+00:00 ... 
[2026-03-03T13:49:09.104+0000] {external_task.py:244} INFO - Poking for tasks ['dbt_test'] in dag dag_dbt_transform on 2026-02-27T03:00:00+00:00 ... 
[2026-03-03T13:50:09.232+0000] {external_task.py:244} INFO - Poking for tasks ['dbt_test'] in dag dag_dbt_transform on 2026-02-27T03:00:00+00:00 ... 
[2026-03-03T13:51:09.344+0000] {external_task.py:244} INFO - Poking for tasks ['dbt_test'] in dag dag_dbt_transform on 2026-02-27T03:00:00+00:00 ... 
[2026-03-03T13:52:09.436+0000] {external_task.py:244} INFO - Poking for tasks ['dbt_test'] in dag dag_dbt_transform on 2026-02-27T03:00:00+00:00 ... 
[2026-03-03T13:53:09.502+0000] {external_task.py:244} INFO - Poking for tasks ['dbt_test'] in dag dag_dbt_transform on 2026-02-27T03:00:00+00:00 ... 
[2026-03-03T13:54:09.586+0000] {external_task.py:244} INFO - Poking for tasks ['dbt_test'] in dag dag_dbt_transform on 2026-02-27T03:00:00+00:00 ... 
[2026-03-03T13:55:09.738+0000] {external_task.py:244} INFO - Poking for tasks ['dbt_test'] in dag dag_dbt_transform on 2026-02-27T03:00:00+00:00 ... 
[2026-03-03T13:56:09.858+0000] {external_task.py:244} INFO - Poking for tasks ['dbt_test'] in dag dag_dbt_transform on 2026-02-27T03:00:00+00:00 ... 
[2026-03-03T13:57:09.956+0000] {external_task.py:244} INFO - Poking for tasks ['dbt_test'] in dag dag_dbt_transform on 2026-02-27T03:00:00+00:00 ... 
[2026-03-03T13:58:10.035+0000] {external_task.py:244} INFO - Poking for tasks ['dbt_test'] in dag dag_dbt_transform on 2026-02-27T03:00:00+00:00 ... 
[2026-03-03T13:59:10.125+0000] {external_task.py:244} INFO - Poking for tasks ['dbt_test'] in dag dag_dbt_transform on 2026-02-27T03:00:00+00:00 ... 
[2026-03-03T14:00:10.363+0000] {external_task.py:244} INFO - Poking for tasks ['dbt_test'] in dag dag_dbt_transform on 2026-02-27T03:00:00+00:00 ... 
[2026-03-03T14:01:10.464+0000] {external_task.py:244} INFO - Poking for tasks ['dbt_test'] in dag dag_dbt_transform on 2026-02-27T03:00:00+00:00 ... 
[2026-03-03T14:02:10.530+0000] {external_task.py:244} INFO - Poking for tasks ['dbt_test'] in dag dag_dbt_transform on 2026-02-27T03:00:00+00:00 ... 
[2026-03-03T14:03:10.599+0000] {external_task.py:244} INFO - Poking for tasks ['dbt_test'] in dag dag_dbt_transform on 2026-02-27T03:00:00+00:00 ... 
[2026-03-03T14:04:10.768+0000] {external_task.py:244} INFO - Poking for tasks ['dbt_test'] in dag dag_dbt_transform on 2026-02-27T03:00:00+00:00 ... 
[2026-03-03T14:05:10.863+0000] {external_task.py:244} INFO - Poking for tasks ['dbt_test'] in dag dag_dbt_transform on 2026-02-27T03:00:00+00:00 ... 
[2026-03-03T14:06:10.980+0000] {external_task.py:244} INFO - Poking for tasks ['dbt_test'] in dag dag_dbt_transform on 2026-02-27T03:00:00+00:00 ... 
[2026-03-03T14:07:11.082+0000] {external_task.py:244} INFO - Poking for tasks ['dbt_test'] in dag dag_dbt_transform on 2026-02-27T03:00:00+00:00 ... 
[2026-03-03T14:08:11.139+0000] {external_task.py:244} INFO - Poking for tasks ['dbt_test'] in dag dag_dbt_transform on 2026-02-27T03:00:00+00:00 ... 
[2026-03-03T14:09:11.209+0000] {external_task.py:244} INFO - Poking for tasks ['dbt_test'] in dag dag_dbt_transform on 2026-02-27T03:00:00+00:00 ... 
[2026-03-03T14:10:11.306+0000] {external_task.py:244} INFO - Poking for tasks ['dbt_test'] in dag dag_dbt_transform on 2026-02-27T03:00:00+00:00 ... 
[2026-03-03T14:11:11.405+0000] {external_task.py:244} INFO - Poking for tasks ['dbt_test'] in dag dag_dbt_transform on 2026-02-27T03:00:00+00:00 ... 
[2026-03-03T14:12:11.465+0000] {external_task.py:244} INFO - Poking for tasks ['dbt_test'] in dag dag_dbt_transform on 2026-02-27T03:00:00+00:00 ... 
[2026-03-03T14:13:11.594+0000] {external_task.py:244} INFO - Poking for tasks ['dbt_test'] in dag dag_dbt_transform on 2026-02-27T03:00:00+00:00 ... 
[2026-03-03T14:14:11.650+0000] {external_task.py:244} INFO - Poking for tasks ['dbt_test'] in dag dag_dbt_transform on 2026-02-27T03:00:00+00:00 ... 
[2026-03-03T14:15:11.733+0000] {external_task.py:244} INFO - Poking for tasks ['dbt_test'] in dag dag_dbt_transform on 2026-02-27T03:00:00+00:00 ... 
[2026-03-03T14:16:11.824+0000] {external_task.py:244} INFO - Poking for tasks ['dbt_test'] in dag dag_dbt_transform on 2026-02-27T03:00:00+00:00 ... 
[2026-03-03T14:16:11.870+0000] {taskinstance.py:2698} ERROR - Task failed with exception
Traceback (most recent call last):
  File "/home/airflow/.local/lib/python3.11/site-packages/airflow/models/taskinstance.py", line 433, in _execute_task
    result = execute_callable(context=context, **execute_callable_kwargs)
             ^^^^^^^^^^^^^^^^^^^^^^^^^^^^^^^^^^^^^^^^^^^^^^^^^^^^^^^^^^^^
  File "/home/airflow/.local/lib/python3.11/site-packages/airflow/sensors/external_task.py", line 334, in execute
    super().execute(context)
  File "/home/airflow/.local/lib/python3.11/site-packages/airflow/sensors/base.py", line 282, in execute
    raise AirflowSensorTimeout(message)
airflow.exceptions.AirflowSensorTimeout: Sensor has timed out; run duration of 3606.687901312005 seconds exceeds the specified timeout of 3600.0.
[2026-03-03T14:16:11.914+0000] {taskinstance.py:1138} INFO - Immediate failure requested. Marking task as FAILED. dag_id=dag_data_quality, task_id=wait_for_transform, execution_date=20260227T030000, start_date=20260303T131602, end_date=20260303T141611
[2026-03-03T14:16:11.954+0000] {standard_task_runner.py:107} ERROR - Failed to execute job 246 for task wait_for_transform (Sensor has timed out; run duration of 3606.687901312005 seconds exceeds the specified timeout of 3600.0.; 1671)
[2026-03-03T14:16:11.992+0000] {local_task_job_runner.py:234} INFO - Task exited with return code 1
[2026-03-03T14:16:12.100+0000] {taskinstance.py:3280} INFO - 0 downstream tasks scheduled from follow-on schedule check
