[2026-03-03T12:08:26.001+0000] {taskinstance.py:1956} INFO - Dependencies all met for dep_context=non-requeueable deps ti=<TaskInstance: dag_ingest_daily.extract manual__2026-03-03T12:08:21+00:00 [queued]>
[2026-03-03T12:08:26.018+0000] {taskinstance.py:1956} INFO - Dependencies all met for dep_context=requeueable deps ti=<TaskInstance: dag_ingest_daily.extract manual__2026-03-03T12:08:21+00:00 [queued]>
[2026-03-03T12:08:26.019+0000] {taskinstance.py:2170} INFO - Starting attempt 1 of 3
[2026-03-03T12:08:26.044+0000] {taskinstance.py:2191} INFO - Executing <Task(PythonOperator): extract> on 2026-03-03 12:08:21+00:00
[2026-03-03T12:08:26.051+0000] {standard_task_runner.py:60} INFO - Started process 598 to run task
[2026-03-03T12:08:26.054+0000] {standard_task_runner.py:87} INFO - Running: ['***', 'tasks', 'run', 'dag_ingest_daily', 'extract', 'manual__2026-03-03T12:08:21+00:00', '--job-id', '118', '--raw', '--subdir', 'DAGS_FOLDER/dag_ingest_daily.py', '--cfg-path', '/tmp/tmpdoi63f21']
[2026-03-03T12:08:26.057+0000] {standard_task_runner.py:88} INFO - Job 118: Subtask extract
[2026-03-03T12:08:26.125+0000] {task_command.py:423} INFO - Running <TaskInstance: dag_ingest_daily.extract manual__2026-03-03T12:08:21+00:00 [running]> on host 858cd869c16e
[2026-03-03T12:08:26.240+0000] {taskinstance.py:2480} INFO - Exporting env vars: AIRFLOW_CTX_DAG_OWNER='de_team' AIRFLOW_CTX_DAG_ID='dag_ingest_daily' AIRFLOW_CTX_TASK_ID='extract' AIRFLOW_CTX_EXECUTION_DATE='2026-03-03T12:08:21+00:00' AIRFLOW_CTX_TRY_NUMBER='1' AIRFLOW_CTX_DAG_RUN_ID='manual__2026-03-03T12:08:21+00:00'
[2026-03-03T12:08:26.539+0000] {extractor.py:40} INFO - Connected to ecommerce_oltp@postgres_oltp
[2026-03-03T12:08:26.540+0000] {extractor.py:135} INFO - === Daily extraction for 2026-03-03 ===
[2026-03-03T12:08:26.540+0000] {extractor.py:113} INFO - Extracting static table: users
[2026-03-03T12:08:26.540+0000] {extractor.py:66} INFO - Full extract: users
[2026-03-03T12:08:26.551+0000] {extractor.py:61} INFO -   Fetched 500 rows
[2026-03-03T12:08:26.551+0000] {extractor.py:113} INFO - Extracting static table: sellers
[2026-03-03T12:08:26.552+0000] {extractor.py:66} INFO - Full extract: sellers
[2026-03-03T12:08:26.554+0000] {extractor.py:61} INFO -   Fetched 50 rows
[2026-03-03T12:08:26.554+0000] {extractor.py:113} INFO - Extracting static table: products
[2026-03-03T12:08:26.555+0000] {extractor.py:66} INFO - Full extract: products
[2026-03-03T12:08:26.559+0000] {extractor.py:61} INFO -   Fetched 200 rows
[2026-03-03T12:08:26.559+0000] {extractor.py:113} INFO - Extracting static table: categories
[2026-03-03T12:08:26.560+0000] {extractor.py:66} INFO - Full extract: categories
[2026-03-03T12:08:26.561+0000] {extractor.py:61} INFO -   Fetched 10 rows
[2026-03-03T12:08:26.561+0000] {extractor.py:74} INFO - Incremental extract: orders since 2026-03-03
[2026-03-03T12:08:26.565+0000] {extractor.py:61} INFO -   Fetched 0 rows
[2026-03-03T12:08:26.565+0000] {extractor.py:94} INFO - Incremental extract: order_items since 2026-03-03
[2026-03-03T12:08:26.568+0000] {extractor.py:61} INFO -   Fetched 0 rows
[2026-03-03T12:08:26.568+0000] {extractor.py:141} INFO -   users: 500 rows extracted
[2026-03-03T12:08:26.568+0000] {extractor.py:141} INFO -   sellers: 50 rows extracted
[2026-03-03T12:08:26.569+0000] {extractor.py:141} INFO -   products: 200 rows extracted
[2026-03-03T12:08:26.569+0000] {extractor.py:141} INFO -   categories: 10 rows extracted
[2026-03-03T12:08:26.569+0000] {extractor.py:141} INFO -   orders: 0 rows extracted
[2026-03-03T12:08:26.569+0000] {extractor.py:141} INFO -   order_items: 0 rows extracted
[2026-03-03T12:08:26.570+0000] {extractor.py:46} INFO - Connection closed
[2026-03-03T12:08:26.607+0000] {logging_mixin.py:188} INFO - ✅ Extracted 760 total rows
[2026-03-03T12:08:26.608+0000] {python.py:201} INFO - Done. Returned value was: None
[2026-03-03T12:08:26.620+0000] {taskinstance.py:1138} INFO - Marking task as SUCCESS. dag_id=dag_ingest_daily, task_id=extract, execution_date=20260303T120821, start_date=20260303T120826, end_date=20260303T120826
[2026-03-03T12:08:26.645+0000] {local_task_job_runner.py:234} INFO - Task exited with return code 0
[2026-03-03T12:08:26.681+0000] {taskinstance.py:3280} INFO - 1 downstream tasks scheduled from follow-on schedule check
