[2026-03-03T15:31:16.174+0000] {taskinstance.py:1956} INFO - Dependencies all met for dep_context=non-requeueable deps ti=<TaskInstance: dag_dbt_transform.dbt_run_reports manual__2026-03-03T05:01:01+00:00 [queued]>
[2026-03-03T15:31:16.193+0000] {taskinstance.py:1956} INFO - Dependencies all met for dep_context=requeueable deps ti=<TaskInstance: dag_dbt_transform.dbt_run_reports manual__2026-03-03T05:01:01+00:00 [queued]>
[2026-03-03T15:31:16.193+0000] {taskinstance.py:2170} INFO - Starting attempt 2 of 2
[2026-03-03T15:31:16.218+0000] {taskinstance.py:2191} INFO - Executing <Task(BashOperator): dbt_run_reports> on 2026-03-03 05:01:01+00:00
[2026-03-03T15:31:16.229+0000] {standard_task_runner.py:60} INFO - Started process 6308 to run task
[2026-03-03T15:31:16.234+0000] {standard_task_runner.py:87} INFO - Running: ['***', 'tasks', 'run', 'dag_dbt_transform', 'dbt_run_reports', 'manual__2026-03-03T05:01:01+00:00', '--job-id', '257', '--raw', '--subdir', 'DAGS_FOLDER/dag_dbt_transform.py', '--cfg-path', '/tmp/tmp_ql1p33v']
[2026-03-03T15:31:16.237+0000] {standard_task_runner.py:88} INFO - Job 257: Subtask dbt_run_reports
[2026-03-03T15:31:16.352+0000] {task_command.py:423} INFO - Running <TaskInstance: dag_dbt_transform.dbt_run_reports manual__2026-03-03T05:01:01+00:00 [running]> on host 353218a5daef
[2026-03-03T15:31:16.490+0000] {taskinstance.py:2480} INFO - Exporting env vars: AIRFLOW_CTX_DAG_OWNER='de_team' AIRFLOW_CTX_DAG_ID='dag_dbt_transform' AIRFLOW_CTX_TASK_ID='dbt_run_reports' AIRFLOW_CTX_EXECUTION_DATE='2026-03-03T05:01:01+00:00' AIRFLOW_CTX_TRY_NUMBER='2' AIRFLOW_CTX_DAG_RUN_ID='manual__2026-03-03T05:01:01+00:00'
[2026-03-03T15:31:16.493+0000] {subprocess.py:63} INFO - Tmp dir root location: /tmp
[2026-03-03T15:31:16.495+0000] {subprocess.py:75} INFO - Running command: ['/usr/bin/bash', '-c', 'cd /opt/***/dbt && dbt run --select reports --profiles-dir /opt/***/dbt --project-dir /opt/***/dbt']
[2026-03-03T15:31:16.516+0000] {subprocess.py:86} INFO - Output:
[2026-03-03T15:31:19.533+0000] {subprocess.py:93} INFO - [0m15:31:19  Running with dbt=1.11.6
[2026-03-03T15:31:20.031+0000] {subprocess.py:93} INFO - [0m15:31:20  Registered adapter: clickhouse=1.10.0
[2026-03-03T15:31:21.191+0000] {subprocess.py:93} INFO - [0m15:31:21  Found 12 models, 32 data tests, 6 sources, 523 macros
[2026-03-03T15:31:21.200+0000] {subprocess.py:93} INFO - [0m15:31:21
[2026-03-03T15:31:21.201+0000] {subprocess.py:93} INFO - [0m15:31:21  Concurrency: 4 threads (target='dev')
[2026-03-03T15:31:21.202+0000] {subprocess.py:93} INFO - [0m15:31:21
[2026-03-03T15:31:23.955+0000] {subprocess.py:93} INFO - [0m15:31:23  1 of 3 START sql table model `staging_analytics`.`rpt_daily_revenue` ........... [RUN]
[2026-03-03T15:31:23.993+0000] {subprocess.py:93} INFO - [0m15:31:23  3 of 3 START sql table model `staging_analytics`.`rpt_seller_ranking` .......... [RUN]
[2026-03-03T15:31:23.994+0000] {subprocess.py:93} INFO - [0m15:31:23  2 of 3 START sql table model `staging_analytics`.`rpt_product_performance` ..... [RUN]
[2026-03-03T15:31:25.044+0000] {subprocess.py:93} INFO - [0m15:31:25  2 of 3 OK created sql table model `staging_analytics`.`rpt_product_performance`  [[32mOK[0m in 1.04s]
[2026-03-03T15:31:25.051+0000] {subprocess.py:93} INFO - [0m15:31:25  1 of 3 OK created sql table model `staging_analytics`.`rpt_daily_revenue` ...... [[32mOK[0m in 1.03s]
[2026-03-03T15:31:25.073+0000] {subprocess.py:93} INFO - [0m15:31:25  3 of 3 OK created sql table model `staging_analytics`.`rpt_seller_ranking` ..... [[32mOK[0m in 1.05s]
[2026-03-03T15:31:25.104+0000] {subprocess.py:93} INFO - [0m15:31:25
[2026-03-03T15:31:25.106+0000] {subprocess.py:93} INFO - [0m15:31:25  Finished running 3 table models in 0 hours 0 minutes and 3.90 seconds (3.90s).
[2026-03-03T15:31:25.284+0000] {subprocess.py:93} INFO - [0m15:31:25
[2026-03-03T15:31:25.285+0000] {subprocess.py:93} INFO - [0m15:31:25  [32mCompleted successfully[0m
[2026-03-03T15:31:25.285+0000] {subprocess.py:93} INFO - [0m15:31:25
[2026-03-03T15:31:25.286+0000] {subprocess.py:93} INFO - [0m15:31:25  Done. PASS=3 WARN=0 ERROR=0 SKIP=0 NO-OP=0 TOTAL=3
[2026-03-03T15:31:28.634+0000] {subprocess.py:97} INFO - Command exited with return code 0
[2026-03-03T15:31:28.826+0000] {taskinstance.py:1138} INFO - Marking task as SUCCESS. dag_id=dag_dbt_transform, task_id=dbt_run_reports, execution_date=20260303T050101, start_date=20260303T153116, end_date=20260303T153128
[2026-03-03T15:31:28.993+0000] {local_task_job_runner.py:234} INFO - Task exited with return code 0
[2026-03-03T15:31:29.173+0000] {taskinstance.py:3280} INFO - 0 downstream tasks scheduled from follow-on schedule check
