[2026-03-03T14:40:27.104+0000] {taskinstance.py:1956} INFO - Dependencies all met for dep_context=non-requeueable deps ti=<TaskInstance: dag_dbt_transform.dbt_run_reports manual__2026-03-03T05:01:01+00:00 [queued]>
[2026-03-03T14:40:27.132+0000] {taskinstance.py:1956} INFO - Dependencies all met for dep_context=requeueable deps ti=<TaskInstance: dag_dbt_transform.dbt_run_reports manual__2026-03-03T05:01:01+00:00 [queued]>
[2026-03-03T14:40:27.136+0000] {taskinstance.py:2170} INFO - Starting attempt 1 of 2
[2026-03-03T14:40:27.173+0000] {taskinstance.py:2191} INFO - Executing <Task(BashOperator): dbt_run_reports> on 2026-03-03 05:01:01+00:00
[2026-03-03T14:40:27.180+0000] {standard_task_runner.py:60} INFO - Started process 4384 to run task
[2026-03-03T14:40:27.188+0000] {standard_task_runner.py:87} INFO - Running: ['***', 'tasks', 'run', 'dag_dbt_transform', 'dbt_run_reports', 'manual__2026-03-03T05:01:01+00:00', '--job-id', '251', '--raw', '--subdir', 'DAGS_FOLDER/dag_dbt_transform.py', '--cfg-path', '/tmp/tmpwvet2yyd']
[2026-03-03T14:40:27.194+0000] {standard_task_runner.py:88} INFO - Job 251: Subtask dbt_run_reports
[2026-03-03T14:40:27.404+0000] {task_command.py:423} INFO - Running <TaskInstance: dag_dbt_transform.dbt_run_reports manual__2026-03-03T05:01:01+00:00 [running]> on host 353218a5daef
[2026-03-03T14:40:27.617+0000] {taskinstance.py:2480} INFO - Exporting env vars: AIRFLOW_CTX_DAG_OWNER='de_team' AIRFLOW_CTX_DAG_ID='dag_dbt_transform' AIRFLOW_CTX_TASK_ID='dbt_run_reports' AIRFLOW_CTX_EXECUTION_DATE='2026-03-03T05:01:01+00:00' AIRFLOW_CTX_TRY_NUMBER='1' AIRFLOW_CTX_DAG_RUN_ID='manual__2026-03-03T05:01:01+00:00'
[2026-03-03T14:40:27.620+0000] {subprocess.py:63} INFO - Tmp dir root location: /tmp
[2026-03-03T14:40:27.621+0000] {subprocess.py:75} INFO - Running command: ['/usr/bin/bash', '-c', 'cd /opt/***/dbt && dbt run --select reports --profiles-dir /opt/***/dbt --project-dir /opt/***/dbt']
[2026-03-03T14:40:27.637+0000] {subprocess.py:86} INFO - Output:
[2026-03-03T14:40:32.508+0000] {subprocess.py:93} INFO - [0m14:40:32  Running with dbt=1.11.6
[2026-03-03T14:40:33.113+0000] {subprocess.py:93} INFO - [0m14:40:33  Registered adapter: clickhouse=1.10.0
[2026-03-03T14:40:35.228+0000] {subprocess.py:93} INFO - [0m14:40:35  Found 12 models, 32 data tests, 6 sources, 523 macros
[2026-03-03T14:40:35.254+0000] {subprocess.py:93} INFO - [0m14:40:35
[2026-03-03T14:40:35.261+0000] {subprocess.py:93} INFO - [0m14:40:35  Concurrency: 4 threads (target='dev')
[2026-03-03T14:40:35.266+0000] {subprocess.py:93} INFO - [0m14:40:35
[2026-03-03T14:40:39.901+0000] {subprocess.py:93} INFO - [0m14:40:39  2 of 3 START sql table model `staging_analytics`.`rpt_product_performance` ..... [RUN]
[2026-03-03T14:40:39.921+0000] {subprocess.py:93} INFO - [0m14:40:39  3 of 3 START sql table model `staging_analytics`.`rpt_seller_ranking` .......... [RUN]
[2026-03-03T14:40:39.922+0000] {subprocess.py:93} INFO - [0m14:40:39  1 of 3 START sql table model `staging_analytics`.`rpt_daily_revenue` ........... [RUN]
[2026-03-03T14:40:41.228+0000] {subprocess.py:93} INFO - [0m14:40:41  2 of 3 ERROR creating sql table model `staging_analytics`.`rpt_product_performance`  [[31mERROR[0m in 1.26s]
[2026-03-03T14:40:41.298+0000] {subprocess.py:93} INFO - [0m14:40:41  1 of 3 ERROR creating sql table model `staging_analytics`.`rpt_daily_revenue` .. [[31mERROR[0m in 1.32s]
[2026-03-03T14:40:41.642+0000] {subprocess.py:93} INFO - [0m14:40:41  3 of 3 ERROR creating sql table model `staging_analytics`.`rpt_seller_ranking` . [[31mERROR[0m in 1.69s]
[2026-03-03T14:40:41.875+0000] {subprocess.py:93} INFO - [0m14:40:41
[2026-03-03T14:40:41.911+0000] {subprocess.py:93} INFO - [0m14:40:41  Finished running 3 table models in 0 hours 0 minutes and 6.60 seconds (6.60s).
[2026-03-03T14:40:42.413+0000] {subprocess.py:93} INFO - [0m14:40:42
[2026-03-03T14:40:42.419+0000] {subprocess.py:93} INFO - [0m14:40:42  [31mCompleted with 3 errors, 0 partial successes, and 0 warnings:[0m
[2026-03-03T14:40:42.421+0000] {subprocess.py:93} INFO - [0m14:40:42
[2026-03-03T14:40:42.425+0000] {subprocess.py:93} INFO - [0m14:40:42  [31mFailure in model rpt_daily_revenue (models/reports/rpt_daily_revenue.sql)[0m
[2026-03-03T14:40:42.430+0000] {subprocess.py:93} INFO - [0m14:40:42    Database Error in model rpt_daily_revenue (models/reports/rpt_daily_revenue.sql)
[2026-03-03T14:40:42.431+0000] {subprocess.py:93} INFO -   Received ClickHouse exception, code: 57, server response: Code: 57. DB::Exception: Table staging_analytics.rpt_daily_revenue__dbt_backup already exists. (TABLE_ALREADY_EXISTS) (for url http://clickhouse_olap:8123)
[2026-03-03T14:40:42.434+0000] {subprocess.py:93} INFO - [0m14:40:42
[2026-03-03T14:40:42.438+0000] {subprocess.py:93} INFO - [0m14:40:42    compiled code at target/compiled/ecommerce_dbt/models/reports/rpt_daily_revenue.sql
[2026-03-03T14:40:42.440+0000] {subprocess.py:93} INFO - [0m14:40:42
[2026-03-03T14:40:42.442+0000] {subprocess.py:93} INFO - [0m14:40:42  [31mFailure in model rpt_product_performance (models/reports/rpt_product_performance.sql)[0m
[2026-03-03T14:40:42.448+0000] {subprocess.py:93} INFO - [0m14:40:42    Database Error in model rpt_product_performance (models/reports/rpt_product_performance.sql)
[2026-03-03T14:40:42.452+0000] {subprocess.py:93} INFO -   Received ClickHouse exception, code: 57, server response: Code: 57. DB::Exception: Table staging_analytics.rpt_product_performance__dbt_backup already exists. (TABLE_ALREADY_EXISTS) (for url http://clickhouse_olap:8123)
[2026-03-03T14:40:42.454+0000] {subprocess.py:93} INFO - [0m14:40:42
[2026-03-03T14:40:42.463+0000] {subprocess.py:93} INFO - [0m14:40:42    compiled code at target/compiled/ecommerce_dbt/models/reports/rpt_product_performance.sql
[2026-03-03T14:40:42.470+0000] {subprocess.py:93} INFO - [0m14:40:42
[2026-03-03T14:40:42.474+0000] {subprocess.py:93} INFO - [0m14:40:42  [31mFailure in model rpt_seller_ranking (models/reports/rpt_seller_ranking.sql)[0m
[2026-03-03T14:40:42.480+0000] {subprocess.py:93} INFO - [0m14:40:42    Database Error in model rpt_seller_ranking (models/reports/rpt_seller_ranking.sql)
[2026-03-03T14:40:42.484+0000] {subprocess.py:93} INFO -   Received ClickHouse exception, code: 57, server response: Code: 57. DB::Exception: Table staging_analytics.rpt_seller_ranking__dbt_backup already exists. (TABLE_ALREADY_EXISTS) (for url http://clickhouse_olap:8123)
[2026-03-03T14:40:42.485+0000] {subprocess.py:93} INFO - [0m14:40:42
[2026-03-03T14:40:42.488+0000] {subprocess.py:93} INFO - [0m14:40:42    compiled code at target/compiled/ecommerce_dbt/models/reports/rpt_seller_ranking.sql
[2026-03-03T14:40:42.491+0000] {subprocess.py:93} INFO - [0m14:40:42
[2026-03-03T14:40:42.494+0000] {subprocess.py:93} INFO - [0m14:40:42  Done. PASS=0 WARN=0 ERROR=3 SKIP=0 NO-OP=0 TOTAL=3
[2026-03-03T14:40:46.797+0000] {subprocess.py:97} INFO - Command exited with return code 1
[2026-03-03T14:40:46.956+0000] {taskinstance.py:2698} ERROR - Task failed with exception
Traceback (most recent call last):
  File "/home/airflow/.local/lib/python3.11/site-packages/airflow/models/taskinstance.py", line 433, in _execute_task
    result = execute_callable(context=context, **execute_callable_kwargs)
             ^^^^^^^^^^^^^^^^^^^^^^^^^^^^^^^^^^^^^^^^^^^^^^^^^^^^^^^^^^^^
  File "/home/airflow/.local/lib/python3.11/site-packages/airflow/operators/bash.py", line 212, in execute
    raise AirflowException(
airflow.exceptions.AirflowException: Bash command failed. The command returned a non-zero exit code 1.
[2026-03-03T14:40:46.983+0000] {taskinstance.py:1138} INFO - Marking task as UP_FOR_RETRY. dag_id=dag_dbt_transform, task_id=dbt_run_reports, execution_date=20260303T050101, start_date=20260303T144027, end_date=20260303T144046
[2026-03-03T14:40:47.046+0000] {standard_task_runner.py:107} ERROR - Failed to execute job 251 for task dbt_run_reports (Bash command failed. The command returned a non-zero exit code 1.; 4384)
[2026-03-03T14:40:47.096+0000] {local_task_job_runner.py:234} INFO - Task exited with return code 1
[2026-03-03T14:40:47.217+0000] {taskinstance.py:3280} INFO - 0 downstream tasks scheduled from follow-on schedule check
