[2026-03-03T12:09:13.281+0000] {taskinstance.py:1956} INFO - Dependencies all met for dep_context=non-requeueable deps ti=<TaskInstance: dag_dbt_transform.dbt_run_marts manual__2026-03-03T12:08:21+00:00 [queued]>
[2026-03-03T12:09:13.289+0000] {taskinstance.py:1956} INFO - Dependencies all met for dep_context=requeueable deps ti=<TaskInstance: dag_dbt_transform.dbt_run_marts manual__2026-03-03T12:08:21+00:00 [queued]>
[2026-03-03T12:09:13.290+0000] {taskinstance.py:2170} INFO - Starting attempt 1 of 2
[2026-03-03T12:09:13.298+0000] {taskinstance.py:2191} INFO - Executing <Task(BashOperator): dbt_run_marts> on 2026-03-03 12:08:21+00:00
[2026-03-03T12:09:13.302+0000] {standard_task_runner.py:60} INFO - Started process 732 to run task
[2026-03-03T12:09:13.305+0000] {standard_task_runner.py:87} INFO - Running: ['***', 'tasks', 'run', 'dag_dbt_transform', 'dbt_run_marts', 'manual__2026-03-03T12:08:21+00:00', '--job-id', '124', '--raw', '--subdir', 'DAGS_FOLDER/dag_dbt_transform.py', '--cfg-path', '/tmp/tmp1tzyp_2k']
[2026-03-03T12:09:13.307+0000] {standard_task_runner.py:88} INFO - Job 124: Subtask dbt_run_marts
[2026-03-03T12:09:13.351+0000] {task_command.py:423} INFO - Running <TaskInstance: dag_dbt_transform.dbt_run_marts manual__2026-03-03T12:08:21+00:00 [running]> on host 858cd869c16e
[2026-03-03T12:09:13.427+0000] {taskinstance.py:2480} INFO - Exporting env vars: AIRFLOW_CTX_DAG_OWNER='de_team' AIRFLOW_CTX_DAG_ID='dag_dbt_transform' AIRFLOW_CTX_TASK_ID='dbt_run_marts' AIRFLOW_CTX_EXECUTION_DATE='2026-03-03T12:08:21+00:00' AIRFLOW_CTX_TRY_NUMBER='1' AIRFLOW_CTX_DAG_RUN_ID='manual__2026-03-03T12:08:21+00:00'
[2026-03-03T12:09:13.428+0000] {subprocess.py:63} INFO - Tmp dir root location: /tmp
[2026-03-03T12:09:13.429+0000] {subprocess.py:75} INFO - Running command: ['/usr/bin/bash', '-c', 'cd /opt/***/dbt && dbt run --select marts --profiles-dir /opt/***/dbt --project-dir /opt/***/dbt']
[2026-03-03T12:09:13.435+0000] {subprocess.py:86} INFO - Output:
[2026-03-03T12:09:15.009+0000] {subprocess.py:93} INFO - [0m12:09:15  Running with dbt=1.11.6
[2026-03-03T12:09:15.215+0000] {subprocess.py:93} INFO - [0m12:09:15  Registered adapter: clickhouse=1.10.0
[2026-03-03T12:09:15.571+0000] {subprocess.py:93} INFO - [0m12:09:15  Found 12 models, 32 data tests, 6 sources, 523 macros
[2026-03-03T12:09:15.573+0000] {subprocess.py:93} INFO - [0m12:09:15
[2026-03-03T12:09:15.574+0000] {subprocess.py:93} INFO - [0m12:09:15  Concurrency: 4 threads (target='dev')
[2026-03-03T12:09:15.574+0000] {subprocess.py:93} INFO - [0m12:09:15
[2026-03-03T12:09:16.480+0000] {subprocess.py:93} INFO - [0m12:09:16  1 of 5 START sql table model `staging_analytics`.`dim_date` .................... [RUN]
[2026-03-03T12:09:16.483+0000] {subprocess.py:93} INFO - [0m12:09:16  2 of 5 START sql table model `staging_analytics`.`dim_products` ................ [RUN]
[2026-03-03T12:09:16.483+0000] {subprocess.py:93} INFO - [0m12:09:16  3 of 5 START sql table model `staging_analytics`.`dim_sellers` ................. [RUN]
[2026-03-03T12:09:16.484+0000] {subprocess.py:93} INFO - [0m12:09:16  4 of 5 START sql table model `staging_analytics`.`dim_users` ................... [RUN]
[2026-03-03T12:09:17.059+0000] {subprocess.py:93} INFO - [0m12:09:17  2 of 5 OK created sql table model `staging_analytics`.`dim_products` ........... [[32mOK[0m in 0.56s]
[2026-03-03T12:09:17.067+0000] {subprocess.py:93} INFO - [0m12:09:17  1 of 5 OK created sql table model `staging_analytics`.`dim_date` ............... [[32mOK[0m in 0.58s]
[2026-03-03T12:09:17.075+0000] {subprocess.py:93} INFO - [0m12:09:17  5 of 5 START sql table model `staging_analytics`.`fact_orders` ................. [RUN]
[2026-03-03T12:09:17.132+0000] {subprocess.py:93} INFO - [0m12:09:17  4 of 5 OK created sql table model `staging_analytics`.`dim_users` .............. [[32mOK[0m in 0.64s]
[2026-03-03T12:09:17.139+0000] {subprocess.py:93} INFO - [0m12:09:17  3 of 5 OK created sql table model `staging_analytics`.`dim_sellers` ............ [[32mOK[0m in 0.65s]
[2026-03-03T12:09:17.208+0000] {subprocess.py:93} INFO - [0m12:09:17  5 of 5 OK created sql table model `staging_analytics`.`fact_orders` ............ [[32mOK[0m in 0.13s]
[2026-03-03T12:09:17.216+0000] {subprocess.py:93} INFO - [0m12:09:17
[2026-03-03T12:09:17.217+0000] {subprocess.py:93} INFO - [0m12:09:17  Finished running 5 table models in 0 hours 0 minutes and 1.64 seconds (1.64s).
[2026-03-03T12:09:17.283+0000] {subprocess.py:93} INFO - [0m12:09:17
[2026-03-03T12:09:17.284+0000] {subprocess.py:93} INFO - [0m12:09:17  [32mCompleted successfully[0m
[2026-03-03T12:09:17.285+0000] {subprocess.py:93} INFO - [0m12:09:17
[2026-03-03T12:09:17.286+0000] {subprocess.py:93} INFO - [0m12:09:17  Done. PASS=5 WARN=0 ERROR=0 SKIP=0 NO-OP=0 TOTAL=5
[2026-03-03T12:09:19.067+0000] {subprocess.py:97} INFO - Command exited with return code 0
[2026-03-03T12:09:19.118+0000] {taskinstance.py:1138} INFO - Marking task as SUCCESS. dag_id=dag_dbt_transform, task_id=dbt_run_marts, execution_date=20260303T120821, start_date=20260303T120913, end_date=20260303T120919
[2026-03-03T12:09:19.168+0000] {local_task_job_runner.py:234} INFO - Task exited with return code 0
[2026-03-03T12:09:19.218+0000] {taskinstance.py:3280} INFO - 1 downstream tasks scheduled from follow-on schedule check
