[2026-03-03T13:15:01.642+0000] {taskinstance.py:1956} INFO - Dependencies all met for dep_context=non-requeueable deps ti=<TaskInstance: dag_dbt_transform.dbt_run_marts manual__2026-03-03T12:08:21+00:00 [queued]>
[2026-03-03T13:15:01.731+0000] {taskinstance.py:1956} INFO - Dependencies all met for dep_context=requeueable deps ti=<TaskInstance: dag_dbt_transform.dbt_run_marts manual__2026-03-03T12:08:21+00:00 [queued]>
[2026-03-03T13:15:01.734+0000] {taskinstance.py:2170} INFO - Starting attempt 2 of 3
[2026-03-03T13:15:01.816+0000] {taskinstance.py:2191} INFO - Executing <Task(BashOperator): dbt_run_marts> on 2026-03-03 12:08:21+00:00
[2026-03-03T13:15:01.876+0000] {standard_task_runner.py:60} INFO - Started process 1466 to run task
[2026-03-03T13:15:02.216+0000] {standard_task_runner.py:87} INFO - Running: ['***', 'tasks', 'run', 'dag_dbt_transform', 'dbt_run_marts', 'manual__2026-03-03T12:08:21+00:00', '--job-id', '232', '--raw', '--subdir', 'DAGS_FOLDER/dag_dbt_transform.py', '--cfg-path', '/tmp/tmp1397j7c5']
[2026-03-03T13:15:02.287+0000] {standard_task_runner.py:88} INFO - Job 232: Subtask dbt_run_marts
[2026-03-03T13:15:03.168+0000] {task_command.py:423} INFO - Running <TaskInstance: dag_dbt_transform.dbt_run_marts manual__2026-03-03T12:08:21+00:00 [running]> on host 353218a5daef
[2026-03-03T13:15:04.741+0000] {taskinstance.py:2480} INFO - Exporting env vars: AIRFLOW_CTX_DAG_OWNER='de_team' AIRFLOW_CTX_DAG_ID='dag_dbt_transform' AIRFLOW_CTX_TASK_ID='dbt_run_marts' AIRFLOW_CTX_EXECUTION_DATE='2026-03-03T12:08:21+00:00' AIRFLOW_CTX_TRY_NUMBER='2' AIRFLOW_CTX_DAG_RUN_ID='manual__2026-03-03T12:08:21+00:00'
[2026-03-03T13:15:04.751+0000] {subprocess.py:63} INFO - Tmp dir root location: /tmp
[2026-03-03T13:15:04.759+0000] {subprocess.py:75} INFO - Running command: ['/usr/bin/bash', '-c', 'cd /opt/***/dbt && dbt run --select marts --profiles-dir /opt/***/dbt --project-dir /opt/***/dbt']
[2026-03-03T13:15:04.821+0000] {subprocess.py:86} INFO - Output:
[2026-03-03T13:15:24.208+0000] {subprocess.py:93} INFO - [0m13:15:24  Running with dbt=1.11.6
[2026-03-03T13:15:27.288+0000] {subprocess.py:93} INFO - [0m13:15:27  Registered adapter: clickhouse=1.10.0
[2026-03-03T13:15:29.749+0000] {subprocess.py:93} INFO - [0m13:15:29  Found 12 models, 32 data tests, 6 sources, 523 macros
[2026-03-03T13:15:29.778+0000] {subprocess.py:93} INFO - [0m13:15:29
[2026-03-03T13:15:29.783+0000] {subprocess.py:93} INFO - [0m13:15:29  Concurrency: 4 threads (target='dev')
[2026-03-03T13:15:29.824+0000] {subprocess.py:93} INFO - [0m13:15:29
[2026-03-03T13:15:39.631+0000] {subprocess.py:93} INFO - [0m13:15:39  1 of 5 START sql table model `staging_analytics`.`dim_date` .................... [RUN]
[2026-03-03T13:15:39.648+0000] {subprocess.py:93} INFO - [0m13:15:39  2 of 5 START sql table model `staging_analytics`.`dim_products` ................ [RUN]
[2026-03-03T13:15:39.663+0000] {subprocess.py:93} INFO - [0m13:15:39  3 of 5 START sql table model `staging_analytics`.`dim_sellers` ................. [RUN]
[2026-03-03T13:15:39.710+0000] {subprocess.py:93} INFO - [0m13:15:39  4 of 5 START sql table model `staging_analytics`.`dim_users` ................... [RUN]
[2026-03-03T13:15:44.174+0000] {subprocess.py:93} INFO - [0m13:15:44  1 of 5 ERROR creating sql table model `staging_analytics`.`dim_date` ........... [[31mERROR[0m in 4.28s]
[2026-03-03T13:15:44.183+0000] {subprocess.py:93} INFO - [0m13:15:44  2 of 5 ERROR creating sql table model `staging_analytics`.`dim_products` ....... [[31mERROR[0m in 4.16s]
[2026-03-03T13:15:44.320+0000] {subprocess.py:93} INFO - [0m13:15:44  5 of 5 SKIP relation staging_analytics.fact_orders ............................. [[33mSKIP[0m]
[2026-03-03T13:15:44.494+0000] {subprocess.py:93} INFO - [0m13:15:44  3 of 5 ERROR creating sql table model `staging_analytics`.`dim_sellers` ........ [[31mERROR[0m in 4.54s]
[2026-03-03T13:15:44.539+0000] {subprocess.py:93} INFO - [0m13:15:44  4 of 5 ERROR creating sql table model `staging_analytics`.`dim_users` .......... [[31mERROR[0m in 4.74s]
[2026-03-03T13:15:44.605+0000] {subprocess.py:93} INFO - [0m13:15:44
[2026-03-03T13:15:44.623+0000] {subprocess.py:93} INFO - [0m13:15:44  Finished running 5 table models in 0 hours 0 minutes and 14.78 seconds (14.78s).
[2026-03-03T13:15:45.371+0000] {subprocess.py:93} INFO - [0m13:15:45
[2026-03-03T13:15:45.375+0000] {subprocess.py:93} INFO - [0m13:15:45  [31mCompleted with 4 errors, 0 partial successes, and 0 warnings:[0m
[2026-03-03T13:15:45.377+0000] {subprocess.py:93} INFO - [0m13:15:45
[2026-03-03T13:15:45.381+0000] {subprocess.py:93} INFO - [0m13:15:45  [31mFailure in model dim_date (models/marts/dim_date.sql)[0m
[2026-03-03T13:15:45.383+0000] {subprocess.py:93} INFO - [0m13:15:45    Database Error in model dim_date (models/marts/dim_date.sql)
[2026-03-03T13:15:45.384+0000] {subprocess.py:93} INFO -   Received ClickHouse exception, code: 57, server response: Code: 57. DB::Exception: Table staging_analytics.dim_date__dbt_backup already exists. (TABLE_ALREADY_EXISTS) (for url http://clickhouse_olap:8123)
[2026-03-03T13:15:45.389+0000] {subprocess.py:93} INFO - [0m13:15:45
[2026-03-03T13:15:45.394+0000] {subprocess.py:93} INFO - [0m13:15:45    compiled code at target/compiled/ecommerce_dbt/models/marts/dim_date.sql
[2026-03-03T13:15:45.395+0000] {subprocess.py:93} INFO - [0m13:15:45
[2026-03-03T13:15:45.401+0000] {subprocess.py:93} INFO - [0m13:15:45  [31mFailure in model dim_products (models/marts/dim_products.sql)[0m
[2026-03-03T13:15:45.403+0000] {subprocess.py:93} INFO - [0m13:15:45    Database Error in model dim_products (models/marts/dim_products.sql)
[2026-03-03T13:15:45.406+0000] {subprocess.py:93} INFO -   Received ClickHouse exception, code: 57, server response: Code: 57. DB::Exception: Table staging_analytics.dim_products__dbt_backup already exists. (TABLE_ALREADY_EXISTS) (for url http://clickhouse_olap:8123)
[2026-03-03T13:15:45.409+0000] {subprocess.py:93} INFO - [0m13:15:45
[2026-03-03T13:15:45.410+0000] {subprocess.py:93} INFO - [0m13:15:45    compiled code at target/compiled/ecommerce_dbt/models/marts/dim_products.sql
[2026-03-03T13:15:45.412+0000] {subprocess.py:93} INFO - [0m13:15:45
[2026-03-03T13:15:45.416+0000] {subprocess.py:93} INFO - [0m13:15:45  [31mFailure in model dim_sellers (models/marts/dim_sellers.sql)[0m
[2026-03-03T13:15:45.419+0000] {subprocess.py:93} INFO - [0m13:15:45    Database Error in model dim_sellers (models/marts/dim_sellers.sql)
[2026-03-03T13:15:45.421+0000] {subprocess.py:93} INFO -   Received ClickHouse exception, code: 57, server response: Code: 57. DB::Exception: Table staging_analytics.dim_sellers__dbt_backup already exists. (TABLE_ALREADY_EXISTS) (for url http://clickhouse_olap:8123)
[2026-03-03T13:15:45.425+0000] {subprocess.py:93} INFO - [0m13:15:45
[2026-03-03T13:15:45.427+0000] {subprocess.py:93} INFO - [0m13:15:45    compiled code at target/compiled/ecommerce_dbt/models/marts/dim_sellers.sql
[2026-03-03T13:15:45.434+0000] {subprocess.py:93} INFO - [0m13:15:45
[2026-03-03T13:15:45.441+0000] {subprocess.py:93} INFO - [0m13:15:45  [31mFailure in model dim_users (models/marts/dim_users.sql)[0m
[2026-03-03T13:15:45.451+0000] {subprocess.py:93} INFO - [0m13:15:45    Database Error in model dim_users (models/marts/dim_users.sql)
[2026-03-03T13:15:45.454+0000] {subprocess.py:93} INFO -   Received ClickHouse exception, code: 57, server response: Code: 57. DB::Exception: Table staging_analytics.dim_users__dbt_backup already exists. (TABLE_ALREADY_EXISTS) (for url http://clickhouse_olap:8123)
[2026-03-03T13:15:45.458+0000] {subprocess.py:93} INFO - [0m13:15:45
[2026-03-03T13:15:45.473+0000] {subprocess.py:93} INFO - [0m13:15:45    compiled code at target/compiled/ecommerce_dbt/models/marts/dim_users.sql
[2026-03-03T13:15:45.493+0000] {subprocess.py:93} INFO - [0m13:15:45
[2026-03-03T13:15:45.504+0000] {subprocess.py:93} INFO - [0m13:15:45  Done. PASS=0 WARN=0 ERROR=4 SKIP=1 NO-OP=0 TOTAL=5
[2026-03-03T13:15:51.387+0000] {subprocess.py:97} INFO - Command exited with return code 1
[2026-03-03T13:15:51.649+0000] {taskinstance.py:2698} ERROR - Task failed with exception
Traceback (most recent call last):
  File "/home/airflow/.local/lib/python3.11/site-packages/airflow/models/taskinstance.py", line 433, in _execute_task
    result = execute_callable(context=context, **execute_callable_kwargs)
             ^^^^^^^^^^^^^^^^^^^^^^^^^^^^^^^^^^^^^^^^^^^^^^^^^^^^^^^^^^^^
  File "/home/airflow/.local/lib/python3.11/site-packages/airflow/operators/bash.py", line 212, in execute
    raise AirflowException(
airflow.exceptions.AirflowException: Bash command failed. The command returned a non-zero exit code 1.
[2026-03-03T13:15:51.675+0000] {taskinstance.py:1138} INFO - Marking task as UP_FOR_RETRY. dag_id=dag_dbt_transform, task_id=dbt_run_marts, execution_date=20260303T120821, start_date=20260303T131501, end_date=20260303T131551
[2026-03-03T13:15:51.933+0000] {standard_task_runner.py:107} ERROR - Failed to execute job 232 for task dbt_run_marts (Bash command failed. The command returned a non-zero exit code 1.; 1466)
[2026-03-03T13:15:52.077+0000] {local_task_job_runner.py:234} INFO - Task exited with return code 1
[2026-03-03T13:15:52.302+0000] {taskinstance.py:3280} INFO - 0 downstream tasks scheduled from follow-on schedule check
