[2026-03-03T11:55:08.702+0000] {taskinstance.py:1956} INFO - Dependencies all met for dep_context=non-requeueable deps ti=<TaskInstance: dag_dbt_transform.dbt_run_marts manual__2026-03-03T11:54:10+00:00 [queued]>
[2026-03-03T11:55:08.709+0000] {taskinstance.py:1956} INFO - Dependencies all met for dep_context=requeueable deps ti=<TaskInstance: dag_dbt_transform.dbt_run_marts manual__2026-03-03T11:54:10+00:00 [queued]>
[2026-03-03T11:55:08.710+0000] {taskinstance.py:2170} INFO - Starting attempt 1 of 2
[2026-03-03T11:55:08.723+0000] {taskinstance.py:2191} INFO - Executing <Task(BashOperator): dbt_run_marts> on 2026-03-03 11:54:10+00:00
[2026-03-03T11:55:08.727+0000] {standard_task_runner.py:60} INFO - Started process 10391 to run task
[2026-03-03T11:55:08.730+0000] {standard_task_runner.py:87} INFO - Running: ['***', 'tasks', 'run', 'dag_dbt_transform', 'dbt_run_marts', 'manual__2026-03-03T11:54:10+00:00', '--job-id', '98', '--raw', '--subdir', 'DAGS_FOLDER/dag_dbt_transform.py', '--cfg-path', '/tmp/tmp5d6ut804']
[2026-03-03T11:55:08.733+0000] {standard_task_runner.py:88} INFO - Job 98: Subtask dbt_run_marts
[2026-03-03T11:55:08.796+0000] {task_command.py:423} INFO - Running <TaskInstance: dag_dbt_transform.dbt_run_marts manual__2026-03-03T11:54:10+00:00 [running]> on host eccf479b3cda
[2026-03-03T11:55:08.896+0000] {taskinstance.py:2480} INFO - Exporting env vars: AIRFLOW_CTX_DAG_OWNER='de_team' AIRFLOW_CTX_DAG_ID='dag_dbt_transform' AIRFLOW_CTX_TASK_ID='dbt_run_marts' AIRFLOW_CTX_EXECUTION_DATE='2026-03-03T11:54:10+00:00' AIRFLOW_CTX_TRY_NUMBER='1' AIRFLOW_CTX_DAG_RUN_ID='manual__2026-03-03T11:54:10+00:00'
[2026-03-03T11:55:08.897+0000] {subprocess.py:63} INFO - Tmp dir root location: /tmp
[2026-03-03T11:55:08.899+0000] {subprocess.py:75} INFO - Running command: ['/usr/bin/bash', '-c', 'cd /opt/***/dbt && dbt run --select marts --profiles-dir /opt/***/dbt --project-dir /opt/***/dbt']
[2026-03-03T11:55:08.909+0000] {subprocess.py:86} INFO - Output:
[2026-03-03T11:55:10.375+0000] {subprocess.py:93} INFO - [0m11:55:10  Running with dbt=1.11.6
[2026-03-03T11:55:10.575+0000] {subprocess.py:93} INFO - [0m11:55:10  Registered adapter: clickhouse=1.10.0
[2026-03-03T11:55:11.107+0000] {subprocess.py:93} INFO - [0m11:55:11  Found 12 models, 32 data tests, 6 sources, 523 macros
[2026-03-03T11:55:11.110+0000] {subprocess.py:93} INFO - [0m11:55:11
[2026-03-03T11:55:11.110+0000] {subprocess.py:93} INFO - [0m11:55:11  Concurrency: 4 threads (target='dev')
[2026-03-03T11:55:11.110+0000] {subprocess.py:93} INFO - [0m11:55:11
[2026-03-03T11:55:12.031+0000] {subprocess.py:93} INFO - [0m11:55:12  1 of 5 START sql table model `staging_analytics`.`dim_date` .................... [RUN]
[2026-03-03T11:55:12.031+0000] {subprocess.py:93} INFO - [0m11:55:12  2 of 5 START sql table model `staging_analytics`.`dim_products` ................ [RUN]
[2026-03-03T11:55:12.032+0000] {subprocess.py:93} INFO - [0m11:55:12  3 of 5 START sql table model `staging_analytics`.`dim_sellers` ................. [RUN]
[2026-03-03T11:55:12.033+0000] {subprocess.py:93} INFO - [0m11:55:12  4 of 5 START sql table model `staging_analytics`.`dim_users` ................... [RUN]
[2026-03-03T11:55:12.316+0000] {subprocess.py:93} INFO - [0m11:55:12  2 of 5 OK created sql table model `staging_analytics`.`dim_products` ........... [[32mOK[0m in 0.28s]
[2026-03-03T11:55:12.321+0000] {subprocess.py:93} INFO - [0m11:55:12  1 of 5 OK created sql table model `staging_analytics`.`dim_date` ............... [[32mOK[0m in 0.28s]
[2026-03-03T11:55:12.330+0000] {subprocess.py:93} INFO - [0m11:55:12  5 of 5 START sql table model `staging_analytics`.`fact_orders` ................. [RUN]
[2026-03-03T11:55:12.360+0000] {subprocess.py:93} INFO - [0m11:55:12  4 of 5 OK created sql table model `staging_analytics`.`dim_users` .............. [[32mOK[0m in 0.32s]
[2026-03-03T11:55:12.372+0000] {subprocess.py:93} INFO - [0m11:55:12  3 of 5 OK created sql table model `staging_analytics`.`dim_sellers` ............ [[32mOK[0m in 0.33s]
[2026-03-03T11:55:12.457+0000] {subprocess.py:93} INFO - [0m11:55:12  5 of 5 OK created sql table model `staging_analytics`.`fact_orders` ............ [[32mOK[0m in 0.12s]
[2026-03-03T11:55:12.466+0000] {subprocess.py:93} INFO - [0m11:55:12
[2026-03-03T11:55:12.467+0000] {subprocess.py:93} INFO - [0m11:55:12  Finished running 5 table models in 0 hours 0 minutes and 1.36 seconds (1.36s).
[2026-03-03T11:55:12.544+0000] {subprocess.py:93} INFO - [0m11:55:12
[2026-03-03T11:55:12.545+0000] {subprocess.py:93} INFO - [0m11:55:12  [32mCompleted successfully[0m
[2026-03-03T11:55:12.546+0000] {subprocess.py:93} INFO - [0m11:55:12
[2026-03-03T11:55:12.546+0000] {subprocess.py:93} INFO - [0m11:55:12  Done. PASS=5 WARN=0 ERROR=0 SKIP=0 NO-OP=0 TOTAL=5
[2026-03-03T11:55:15.023+0000] {subprocess.py:97} INFO - Command exited with return code 0
[2026-03-03T11:55:15.149+0000] {taskinstance.py:1138} INFO - Marking task as SUCCESS. dag_id=dag_dbt_transform, task_id=dbt_run_marts, execution_date=20260303T115410, start_date=20260303T115508, end_date=20260303T115515
[2026-03-03T11:55:15.246+0000] {local_task_job_runner.py:234} INFO - Task exited with return code 0
[2026-03-03T11:55:15.369+0000] {taskinstance.py:3280} INFO - 1 downstream tasks scheduled from follow-on schedule check
