[2026-03-03T13:15:01.780+0000] {taskinstance.py:1956} INFO - Dependencies all met for dep_context=non-requeueable deps ti=<TaskInstance: dag_dbt_transform.dbt_run_marts manual__2026-03-03T11:54:10+00:00 [queued]>
[2026-03-03T13:15:01.866+0000] {taskinstance.py:1956} INFO - Dependencies all met for dep_context=requeueable deps ti=<TaskInstance: dag_dbt_transform.dbt_run_marts manual__2026-03-03T11:54:10+00:00 [queued]>
[2026-03-03T13:15:01.873+0000] {taskinstance.py:2170} INFO - Starting attempt 2 of 3
[2026-03-03T13:15:02.212+0000] {taskinstance.py:2191} INFO - Executing <Task(BashOperator): dbt_run_marts> on 2026-03-03 11:54:10+00:00
[2026-03-03T13:15:02.243+0000] {standard_task_runner.py:60} INFO - Started process 1468 to run task
[2026-03-03T13:15:02.323+0000] {standard_task_runner.py:87} INFO - Running: ['***', 'tasks', 'run', 'dag_dbt_transform', 'dbt_run_marts', 'manual__2026-03-03T11:54:10+00:00', '--job-id', '234', '--raw', '--subdir', 'DAGS_FOLDER/dag_dbt_transform.py', '--cfg-path', '/tmp/tmpt7dqo3hc']
[2026-03-03T13:15:02.367+0000] {standard_task_runner.py:88} INFO - Job 234: Subtask dbt_run_marts
[2026-03-03T13:15:03.203+0000] {task_command.py:423} INFO - Running <TaskInstance: dag_dbt_transform.dbt_run_marts manual__2026-03-03T11:54:10+00:00 [running]> on host 353218a5daef
[2026-03-03T13:15:04.670+0000] {taskinstance.py:2480} INFO - Exporting env vars: AIRFLOW_CTX_DAG_OWNER='de_team' AIRFLOW_CTX_DAG_ID='dag_dbt_transform' AIRFLOW_CTX_TASK_ID='dbt_run_marts' AIRFLOW_CTX_EXECUTION_DATE='2026-03-03T11:54:10+00:00' AIRFLOW_CTX_TRY_NUMBER='2' AIRFLOW_CTX_DAG_RUN_ID='manual__2026-03-03T11:54:10+00:00'
[2026-03-03T13:15:04.686+0000] {subprocess.py:63} INFO - Tmp dir root location: /tmp
[2026-03-03T13:15:04.697+0000] {subprocess.py:75} INFO - Running command: ['/usr/bin/bash', '-c', 'cd /opt/***/dbt && dbt run --select marts --profiles-dir /opt/***/dbt --project-dir /opt/***/dbt']
[2026-03-03T13:15:04.756+0000] {subprocess.py:86} INFO - Output:
[2026-03-03T13:15:25.200+0000] {subprocess.py:93} INFO - [0m13:15:25  Running with dbt=1.11.6
[2026-03-03T13:15:27.617+0000] {subprocess.py:93} INFO - [0m13:15:27  Registered adapter: clickhouse=1.10.0
[2026-03-03T13:15:31.219+0000] {subprocess.py:93} INFO - [0m13:15:31  Found 12 models, 32 data tests, 6 sources, 523 macros
[2026-03-03T13:15:31.284+0000] {subprocess.py:93} INFO - [0m13:15:31
[2026-03-03T13:15:31.295+0000] {subprocess.py:93} INFO - [0m13:15:31  Concurrency: 4 threads (target='dev')
[2026-03-03T13:15:31.301+0000] {subprocess.py:93} INFO - [0m13:15:31
[2026-03-03T13:15:41.653+0000] {subprocess.py:93} INFO - [0m13:15:41  1 of 5 START sql table model `staging_analytics`.`dim_date` .................... [RUN]
[2026-03-03T13:15:41.696+0000] {subprocess.py:93} INFO - [0m13:15:41  4 of 5 START sql table model `staging_analytics`.`dim_users` ................... [RUN]
[2026-03-03T13:15:41.706+0000] {subprocess.py:93} INFO - [0m13:15:41  2 of 5 START sql table model `staging_analytics`.`dim_products` ................ [RUN]
[2026-03-03T13:15:41.881+0000] {subprocess.py:93} INFO - [0m13:15:41  3 of 5 START sql table model `staging_analytics`.`dim_sellers` ................. [RUN]
[2026-03-03T13:15:46.391+0000] {subprocess.py:93} INFO - [0m13:15:46  1 of 5 OK created sql table model `staging_analytics`.`dim_date` ............... [[32mOK[0m in 4.39s]
[2026-03-03T13:15:46.411+0000] {subprocess.py:93} INFO - [0m13:15:46  2 of 5 OK created sql table model `staging_analytics`.`dim_products` ........... [[32mOK[0m in 4.63s]
[2026-03-03T13:15:46.466+0000] {subprocess.py:93} INFO - [0m13:15:46  4 of 5 OK created sql table model `staging_analytics`.`dim_users` .............. [[32mOK[0m in 4.68s]
[2026-03-03T13:15:46.470+0000] {subprocess.py:93} INFO - [0m13:15:46  5 of 5 START sql table model `staging_analytics`.`fact_orders` ................. [RUN]
[2026-03-03T13:15:46.528+0000] {subprocess.py:93} INFO - [0m13:15:46  3 of 5 OK created sql table model `staging_analytics`.`dim_sellers` ............ [[32mOK[0m in 4.62s]
[2026-03-03T13:15:47.050+0000] {subprocess.py:93} INFO - [0m13:15:47  5 of 5 OK created sql table model `staging_analytics`.`fact_orders` ............ [[32mOK[0m in 0.48s]
[2026-03-03T13:15:47.444+0000] {subprocess.py:93} INFO - [0m13:15:47
[2026-03-03T13:15:47.470+0000] {subprocess.py:93} INFO - [0m13:15:47  Finished running 5 table models in 0 hours 0 minutes and 16.13 seconds (16.13s).
[2026-03-03T13:15:49.154+0000] {subprocess.py:93} INFO - [0m13:15:49
[2026-03-03T13:15:49.177+0000] {subprocess.py:93} INFO - [0m13:15:49  [32mCompleted successfully[0m
[2026-03-03T13:15:49.184+0000] {subprocess.py:93} INFO - [0m13:15:49
[2026-03-03T13:15:49.192+0000] {subprocess.py:93} INFO - [0m13:15:49  Done. PASS=5 WARN=0 ERROR=0 SKIP=0 NO-OP=0 TOTAL=5
[2026-03-03T13:15:55.855+0000] {subprocess.py:97} INFO - Command exited with return code 0
[2026-03-03T13:15:56.116+0000] {taskinstance.py:1138} INFO - Marking task as SUCCESS. dag_id=dag_dbt_transform, task_id=dbt_run_marts, execution_date=20260303T115410, start_date=20260303T131501, end_date=20260303T131556
[2026-03-03T13:15:56.260+0000] {local_task_job_runner.py:234} INFO - Task exited with return code 0
[2026-03-03T13:15:56.644+0000] {taskinstance.py:3280} INFO - 1 downstream tasks scheduled from follow-on schedule check
