[2026-03-03T16:26:38.677+0000] {taskinstance.py:1956} INFO - Dependencies all met for dep_context=non-requeueable deps ti=<TaskInstance: dag_dbt_transform.dbt_run_staging manual__2026-03-02T16:25:46+00:00 [queued]>
[2026-03-03T16:26:38.682+0000] {taskinstance.py:1956} INFO - Dependencies all met for dep_context=requeueable deps ti=<TaskInstance: dag_dbt_transform.dbt_run_staging manual__2026-03-02T16:25:46+00:00 [queued]>
[2026-03-03T16:26:38.683+0000] {taskinstance.py:2170} INFO - Starting attempt 1 of 2
[2026-03-03T16:26:38.691+0000] {taskinstance.py:2191} INFO - Executing <Task(BashOperator): dbt_run_staging> on 2026-03-02 16:25:46+00:00
[2026-03-03T16:26:38.695+0000] {standard_task_runner.py:60} INFO - Started process 8453 to run task
[2026-03-03T16:26:38.698+0000] {standard_task_runner.py:87} INFO - Running: ['***', 'tasks', 'run', 'dag_dbt_transform', 'dbt_run_staging', 'manual__2026-03-02T16:25:46+00:00', '--job-id', '271', '--raw', '--subdir', 'DAGS_FOLDER/dag_dbt_transform.py', '--cfg-path', '/tmp/tmp2kj6kwc3']
[2026-03-03T16:26:38.700+0000] {standard_task_runner.py:88} INFO - Job 271: Subtask dbt_run_staging
[2026-03-03T16:26:38.748+0000] {task_command.py:423} INFO - Running <TaskInstance: dag_dbt_transform.dbt_run_staging manual__2026-03-02T16:25:46+00:00 [running]> on host 353218a5daef
[2026-03-03T16:26:38.821+0000] {taskinstance.py:2480} INFO - Exporting env vars: AIRFLOW_CTX_DAG_OWNER='de_team' AIRFLOW_CTX_DAG_ID='dag_dbt_transform' AIRFLOW_CTX_TASK_ID='dbt_run_staging' AIRFLOW_CTX_EXECUTION_DATE='2026-03-02T16:25:46+00:00' AIRFLOW_CTX_TRY_NUMBER='1' AIRFLOW_CTX_DAG_RUN_ID='manual__2026-03-02T16:25:46+00:00'
[2026-03-03T16:26:38.822+0000] {subprocess.py:63} INFO - Tmp dir root location: /tmp
[2026-03-03T16:26:38.823+0000] {subprocess.py:75} INFO - Running command: ['/usr/bin/bash', '-c', 'cd /opt/***/dbt && dbt run --select staging --profiles-dir /opt/***/dbt --project-dir /opt/***/dbt']
[2026-03-03T16:26:38.828+0000] {subprocess.py:86} INFO - Output:
[2026-03-03T16:26:40.108+0000] {subprocess.py:93} INFO - [0m16:26:40  Running with dbt=1.11.6
[2026-03-03T16:26:40.302+0000] {subprocess.py:93} INFO - [0m16:26:40  Registered adapter: clickhouse=1.10.0
[2026-03-03T16:26:40.770+0000] {subprocess.py:93} INFO - [0m16:26:40  [[33mWARNING[0m][MissingArgumentsPropertyInGenericTestDeprecation]: Deprecated
[2026-03-03T16:26:40.770+0000] {subprocess.py:93} INFO - functionality
[2026-03-03T16:26:40.771+0000] {subprocess.py:93} INFO - Found top-level arguments to test `accepted_values` defined on 'stg_orders' in
[2026-03-03T16:26:40.771+0000] {subprocess.py:93} INFO - package 'ecommerce_dbt' (models/schema.yml). Arguments to generic tests should
[2026-03-03T16:26:40.771+0000] {subprocess.py:93} INFO - be nested under the `arguments` property.
[2026-03-03T16:26:40.960+0000] {subprocess.py:93} INFO - [0m16:26:40  Found 12 models, 32 data tests, 6 sources, 523 macros
[2026-03-03T16:26:40.963+0000] {subprocess.py:93} INFO - [0m16:26:40
[2026-03-03T16:26:40.963+0000] {subprocess.py:93} INFO - [0m16:26:40  Concurrency: 4 threads (target='dev')
[2026-03-03T16:26:40.964+0000] {subprocess.py:93} INFO - [0m16:26:40
[2026-03-03T16:26:41.519+0000] {subprocess.py:93} INFO - [0m16:26:41  1 of 4 START sql view model `staging_staging`.`stg_order_items` ................ [RUN]
[2026-03-03T16:26:41.521+0000] {subprocess.py:93} INFO - [0m16:26:41  2 of 4 START sql view model `staging_staging`.`stg_orders` ..................... [RUN]
[2026-03-03T16:26:41.522+0000] {subprocess.py:93} INFO - [0m16:26:41  3 of 4 START sql view model `staging_staging`.`stg_products` ................... [RUN]
[2026-03-03T16:26:41.523+0000] {subprocess.py:93} INFO - [0m16:26:41  4 of 4 START sql view model `staging_staging`.`stg_users` ...................... [RUN]
[2026-03-03T16:26:41.651+0000] {subprocess.py:93} INFO - [0m16:26:41  1 of 4 OK created sql view model `staging_staging`.`stg_order_items` ........... [[32mOK[0m in 0.12s]
[2026-03-03T16:26:41.652+0000] {subprocess.py:93} INFO - [0m16:26:41  2 of 4 OK created sql view model `staging_staging`.`stg_orders` ................ [[32mOK[0m in 0.13s]
[2026-03-03T16:26:41.680+0000] {subprocess.py:93} INFO - [0m16:26:41  4 of 4 OK created sql view model `staging_staging`.`stg_users` ................. [[32mOK[0m in 0.15s]
[2026-03-03T16:26:41.680+0000] {subprocess.py:93} INFO - [0m16:26:41  3 of 4 OK created sql view model `staging_staging`.`stg_products` .............. [[32mOK[0m in 0.15s]
[2026-03-03T16:26:41.686+0000] {subprocess.py:93} INFO - [0m16:26:41
[2026-03-03T16:26:41.687+0000] {subprocess.py:93} INFO - [0m16:26:41  Finished running 4 view models in 0 hours 0 minutes and 0.72 seconds (0.72s).
[2026-03-03T16:26:41.735+0000] {subprocess.py:93} INFO - [0m16:26:41
[2026-03-03T16:26:41.736+0000] {subprocess.py:93} INFO - [0m16:26:41  [32mCompleted successfully[0m
[2026-03-03T16:26:41.736+0000] {subprocess.py:93} INFO - [0m16:26:41
[2026-03-03T16:26:41.737+0000] {subprocess.py:93} INFO - [0m16:26:41  Done. PASS=4 WARN=0 ERROR=0 SKIP=0 NO-OP=0 TOTAL=4
[2026-03-03T16:26:41.738+0000] {subprocess.py:93} INFO - [0m16:26:41  [[33mWARNING[0m][DeprecationsSummary]: Deprecated functionality
[2026-03-03T16:26:41.738+0000] {subprocess.py:93} INFO - Summary of encountered deprecations:
[2026-03-03T16:26:41.738+0000] {subprocess.py:93} INFO - - MissingArgumentsPropertyInGenericTestDeprecation: 1 occurrence
[2026-03-03T16:26:41.738+0000] {subprocess.py:93} INFO - To see all deprecation instances instead of just the first occurrence of each,
[2026-03-03T16:26:41.739+0000] {subprocess.py:93} INFO - run command again with the `--show-all-deprecations` flag. You may also need to
[2026-03-03T16:26:41.739+0000] {subprocess.py:93} INFO - run with `--no-partial-parse` as some deprecations are only encountered during
[2026-03-03T16:26:41.739+0000] {subprocess.py:93} INFO - parsing.
[2026-03-03T16:26:43.212+0000] {subprocess.py:97} INFO - Command exited with return code 0
[2026-03-03T16:26:43.251+0000] {taskinstance.py:1138} INFO - Marking task as SUCCESS. dag_id=dag_dbt_transform, task_id=dbt_run_staging, execution_date=20260302T162546, start_date=20260303T162638, end_date=20260303T162643
[2026-03-03T16:26:43.275+0000] {local_task_job_runner.py:234} INFO - Task exited with return code 0
[2026-03-03T16:26:43.309+0000] {taskinstance.py:3280} INFO - 1 downstream tasks scheduled from follow-on schedule check
