[2026-03-03T13:12:14.887+0000] {taskinstance.py:1956} INFO - Dependencies all met for dep_context=non-requeueable deps ti=<TaskInstance: dag_ingest_daily.load_to_staging manual__2026-03-03T05:01:01+00:00 [queued]>
[2026-03-03T13:12:15.092+0000] {taskinstance.py:1956} INFO - Dependencies all met for dep_context=requeueable deps ti=<TaskInstance: dag_ingest_daily.load_to_staging manual__2026-03-03T05:01:01+00:00 [queued]>
[2026-03-03T13:12:15.196+0000] {taskinstance.py:2170} INFO - Starting attempt 2 of 4
[2026-03-03T13:12:16.306+0000] {taskinstance.py:2191} INFO - Executing <Task(PythonOperator): load_to_staging> on 2026-03-03 05:01:01+00:00
[2026-03-03T13:12:16.333+0000] {standard_task_runner.py:60} INFO - Started process 780 to run task
[2026-03-03T13:12:16.449+0000] {standard_task_runner.py:87} INFO - Running: ['***', 'tasks', 'run', 'dag_ingest_daily', 'load_to_staging', 'manual__2026-03-03T05:01:01+00:00', '--job-id', '192', '--raw', '--subdir', 'DAGS_FOLDER/dag_ingest_daily.py', '--cfg-path', '/tmp/tmpu_lgx271']
[2026-03-03T13:12:16.522+0000] {standard_task_runner.py:88} INFO - Job 192: Subtask load_to_staging
[2026-03-03T13:12:17.843+0000] {task_command.py:423} INFO - Running <TaskInstance: dag_ingest_daily.load_to_staging manual__2026-03-03T05:01:01+00:00 [running]> on host 353218a5daef
[2026-03-03T13:12:20.130+0000] {taskinstance.py:2480} INFO - Exporting env vars: AIRFLOW_CTX_DAG_OWNER='de_team' AIRFLOW_CTX_DAG_ID='dag_ingest_daily' AIRFLOW_CTX_TASK_ID='load_to_staging' AIRFLOW_CTX_EXECUTION_DATE='2026-03-03T05:01:01+00:00' AIRFLOW_CTX_TRY_NUMBER='2' AIRFLOW_CTX_DAG_RUN_ID='manual__2026-03-03T05:01:01+00:00'
[2026-03-03T13:12:33.173+0000] {loader.py:39} INFO - StagingLoader connected to staging@clickhouse_olap
[2026-03-03T13:12:33.181+0000] {loader.py:86} INFO - === Loading to staging (exec_date=2026-03-03) ===
[2026-03-03T13:12:33.401+0000] {loader.py:55} INFO -   Truncated staging.stg_users
[2026-03-03T13:12:33.806+0000] {loader.py:82} INFO -   ✅ Loaded 500 rows → staging.stg_users
[2026-03-03T13:12:34.283+0000] {loader.py:55} INFO -   Truncated staging.stg_sellers
[2026-03-03T13:12:34.942+0000] {loader.py:82} INFO -   ✅ Loaded 50 rows → staging.stg_sellers
[2026-03-03T13:12:35.165+0000] {loader.py:55} INFO -   Truncated staging.stg_products
[2026-03-03T13:12:36.068+0000] {loader.py:82} INFO -   ✅ Loaded 200 rows → staging.stg_products
[2026-03-03T13:12:36.267+0000] {loader.py:55} INFO -   Truncated staging.stg_categories
[2026-03-03T13:12:37.140+0000] {loader.py:82} INFO -   ✅ Loaded 10 rows → staging.stg_categories
[2026-03-03T13:12:37.184+0000] {loader.py:89} INFO - === Staging load complete ===
[2026-03-03T13:12:37.307+0000] {logging_mixin.py:188} INFO - ✅ Staging load complete
[2026-03-03T13:12:37.443+0000] {python.py:201} INFO - Done. Returned value was: None
[2026-03-03T13:12:38.850+0000] {taskinstance.py:1138} INFO - Marking task as SUCCESS. dag_id=dag_ingest_daily, task_id=load_to_staging, execution_date=20260303T050101, start_date=20260303T131214, end_date=20260303T131238
[2026-03-03T13:12:40.689+0000] {local_task_job_runner.py:234} INFO - Task exited with return code 0
[2026-03-03T13:12:41.174+0000] {taskinstance.py:3280} INFO - 0 downstream tasks scheduled from follow-on schedule check
