[2026-03-03T12:14:28.268+0000] {taskinstance.py:1956} INFO - Dependencies all met for dep_context=non-requeueable deps ti=<TaskInstance: dag_dbt_transform.wait_for_ingestion manual__2026-03-03T12:03:21.248109+00:00 [queued]>
[2026-03-03T12:14:28.292+0000] {taskinstance.py:1956} INFO - Dependencies all met for dep_context=requeueable deps ti=<TaskInstance: dag_dbt_transform.wait_for_ingestion manual__2026-03-03T12:03:21.248109+00:00 [queued]>
[2026-03-03T12:14:28.299+0000] {taskinstance.py:2170} INFO - Starting attempt 2 of 2
[2026-03-03T12:14:28.365+0000] {taskinstance.py:2191} INFO - Executing <Task(ExternalTaskSensor): wait_for_ingestion> on 2026-03-03 12:03:21.248109+00:00
[2026-03-03T12:14:28.378+0000] {standard_task_runner.py:60} INFO - Started process 235 to run task
[2026-03-03T12:14:28.397+0000] {standard_task_runner.py:87} INFO - Running: ['***', 'tasks', 'run', 'dag_dbt_transform', 'wait_for_ingestion', 'manual__2026-03-03T12:03:21.248109+00:00', '--job-id', '135', '--raw', '--subdir', 'DAGS_FOLDER/dag_dbt_transform.py', '--cfg-path', '/tmp/tmpedmgo0la']
[2026-03-03T12:14:28.415+0000] {standard_task_runner.py:88} INFO - Job 135: Subtask wait_for_ingestion
[2026-03-03T12:14:28.559+0000] {task_command.py:423} INFO - Running <TaskInstance: dag_dbt_transform.wait_for_ingestion manual__2026-03-03T12:03:21.248109+00:00 [running]> on host c4473bd42d91
[2026-03-03T12:14:28.986+0000] {taskinstance.py:2480} INFO - Exporting env vars: AIRFLOW_CTX_DAG_OWNER='de_team' AIRFLOW_CTX_DAG_ID='dag_dbt_transform' AIRFLOW_CTX_TASK_ID='wait_for_ingestion' AIRFLOW_CTX_EXECUTION_DATE='2026-03-03T12:03:21.248109+00:00' AIRFLOW_CTX_TRY_NUMBER='2' AIRFLOW_CTX_DAG_RUN_ID='manual__2026-03-03T12:03:21.248109+00:00'
[2026-03-03T12:14:28.990+0000] {external_task.py:244} INFO - Poking for tasks ['load_to_staging'] in dag dag_ingest_daily on 2026-03-03T12:03:21.248109+00:00 ... 
[2026-03-03T12:15:29.026+0000] {external_task.py:244} INFO - Poking for tasks ['load_to_staging'] in dag dag_ingest_daily on 2026-03-03T12:03:21.248109+00:00 ... 
[2026-03-03T12:16:29.065+0000] {external_task.py:244} INFO - Poking for tasks ['load_to_staging'] in dag dag_ingest_daily on 2026-03-03T12:03:21.248109+00:00 ... 
[2026-03-03T12:17:29.123+0000] {external_task.py:244} INFO - Poking for tasks ['load_to_staging'] in dag dag_ingest_daily on 2026-03-03T12:03:21.248109+00:00 ... 
[2026-03-03T12:18:29.175+0000] {external_task.py:244} INFO - Poking for tasks ['load_to_staging'] in dag dag_ingest_daily on 2026-03-03T12:03:21.248109+00:00 ... 
[2026-03-03T12:19:29.209+0000] {external_task.py:244} INFO - Poking for tasks ['load_to_staging'] in dag dag_ingest_daily on 2026-03-03T12:03:21.248109+00:00 ... 
[2026-03-03T12:20:29.248+0000] {external_task.py:244} INFO - Poking for tasks ['load_to_staging'] in dag dag_ingest_daily on 2026-03-03T12:03:21.248109+00:00 ... 
[2026-03-03T12:21:29.342+0000] {external_task.py:244} INFO - Poking for tasks ['load_to_staging'] in dag dag_ingest_daily on 2026-03-03T12:03:21.248109+00:00 ... 
[2026-03-03T12:22:29.451+0000] {external_task.py:244} INFO - Poking for tasks ['load_to_staging'] in dag dag_ingest_daily on 2026-03-03T12:03:21.248109+00:00 ... 
[2026-03-03T12:23:29.578+0000] {external_task.py:244} INFO - Poking for tasks ['load_to_staging'] in dag dag_ingest_daily on 2026-03-03T12:03:21.248109+00:00 ... 
[2026-03-03T12:24:29.631+0000] {external_task.py:244} INFO - Poking for tasks ['load_to_staging'] in dag dag_ingest_daily on 2026-03-03T12:03:21.248109+00:00 ... 
[2026-03-03T12:25:29.677+0000] {external_task.py:244} INFO - Poking for tasks ['load_to_staging'] in dag dag_ingest_daily on 2026-03-03T12:03:21.248109+00:00 ... 
[2026-03-03T12:26:29.879+0000] {external_task.py:244} INFO - Poking for tasks ['load_to_staging'] in dag dag_ingest_daily on 2026-03-03T12:03:21.248109+00:00 ... 
[2026-03-03T12:27:29.913+0000] {external_task.py:244} INFO - Poking for tasks ['load_to_staging'] in dag dag_ingest_daily on 2026-03-03T12:03:21.248109+00:00 ... 
[2026-03-03T12:28:29.962+0000] {external_task.py:244} INFO - Poking for tasks ['load_to_staging'] in dag dag_ingest_daily on 2026-03-03T12:03:21.248109+00:00 ... 
[2026-03-03T12:29:30.044+0000] {external_task.py:244} INFO - Poking for tasks ['load_to_staging'] in dag dag_ingest_daily on 2026-03-03T12:03:21.248109+00:00 ... 
[2026-03-03T12:30:30.078+0000] {external_task.py:244} INFO - Poking for tasks ['load_to_staging'] in dag dag_ingest_daily on 2026-03-03T12:03:21.248109+00:00 ... 
[2026-03-03T12:31:30.149+0000] {external_task.py:244} INFO - Poking for tasks ['load_to_staging'] in dag dag_ingest_daily on 2026-03-03T12:03:21.248109+00:00 ... 
[2026-03-03T12:32:30.254+0000] {external_task.py:244} INFO - Poking for tasks ['load_to_staging'] in dag dag_ingest_daily on 2026-03-03T12:03:21.248109+00:00 ... 
[2026-03-03T12:33:30.321+0000] {external_task.py:244} INFO - Poking for tasks ['load_to_staging'] in dag dag_ingest_daily on 2026-03-03T12:03:21.248109+00:00 ... 
[2026-03-03T12:34:30.356+0000] {external_task.py:244} INFO - Poking for tasks ['load_to_staging'] in dag dag_ingest_daily on 2026-03-03T12:03:21.248109+00:00 ... 
[2026-03-03T12:35:30.389+0000] {external_task.py:244} INFO - Poking for tasks ['load_to_staging'] in dag dag_ingest_daily on 2026-03-03T12:03:21.248109+00:00 ... 
[2026-03-03T12:36:30.414+0000] {external_task.py:244} INFO - Poking for tasks ['load_to_staging'] in dag dag_ingest_daily on 2026-03-03T12:03:21.248109+00:00 ... 
[2026-03-03T12:37:30.444+0000] {external_task.py:244} INFO - Poking for tasks ['load_to_staging'] in dag dag_ingest_daily on 2026-03-03T12:03:21.248109+00:00 ... 
[2026-03-03T12:38:30.476+0000] {external_task.py:244} INFO - Poking for tasks ['load_to_staging'] in dag dag_ingest_daily on 2026-03-03T12:03:21.248109+00:00 ... 
[2026-03-03T12:39:30.511+0000] {external_task.py:244} INFO - Poking for tasks ['load_to_staging'] in dag dag_ingest_daily on 2026-03-03T12:03:21.248109+00:00 ... 
[2026-03-03T12:40:30.560+0000] {external_task.py:244} INFO - Poking for tasks ['load_to_staging'] in dag dag_ingest_daily on 2026-03-03T12:03:21.248109+00:00 ... 
[2026-03-03T12:41:30.597+0000] {external_task.py:244} INFO - Poking for tasks ['load_to_staging'] in dag dag_ingest_daily on 2026-03-03T12:03:21.248109+00:00 ... 
[2026-03-03T12:42:30.632+0000] {external_task.py:244} INFO - Poking for tasks ['load_to_staging'] in dag dag_ingest_daily on 2026-03-03T12:03:21.248109+00:00 ... 
[2026-03-03T12:43:30.727+0000] {external_task.py:244} INFO - Poking for tasks ['load_to_staging'] in dag dag_ingest_daily on 2026-03-03T12:03:21.248109+00:00 ... 
[2026-03-03T12:44:30.776+0000] {external_task.py:244} INFO - Poking for tasks ['load_to_staging'] in dag dag_ingest_daily on 2026-03-03T12:03:21.248109+00:00 ... 
[2026-03-03T12:45:30.829+0000] {external_task.py:244} INFO - Poking for tasks ['load_to_staging'] in dag dag_ingest_daily on 2026-03-03T12:03:21.248109+00:00 ... 
[2026-03-03T12:46:30.883+0000] {external_task.py:244} INFO - Poking for tasks ['load_to_staging'] in dag dag_ingest_daily on 2026-03-03T12:03:21.248109+00:00 ... 
[2026-03-03T12:47:30.931+0000] {external_task.py:244} INFO - Poking for tasks ['load_to_staging'] in dag dag_ingest_daily on 2026-03-03T12:03:21.248109+00:00 ... 
[2026-03-03T12:48:30.978+0000] {external_task.py:244} INFO - Poking for tasks ['load_to_staging'] in dag dag_ingest_daily on 2026-03-03T12:03:21.248109+00:00 ... 
[2026-03-03T12:49:31.059+0000] {external_task.py:244} INFO - Poking for tasks ['load_to_staging'] in dag dag_ingest_daily on 2026-03-03T12:03:21.248109+00:00 ... 
[2026-03-03T12:50:31.090+0000] {external_task.py:244} INFO - Poking for tasks ['load_to_staging'] in dag dag_ingest_daily on 2026-03-03T12:03:21.248109+00:00 ... 
[2026-03-03T12:51:31.151+0000] {external_task.py:244} INFO - Poking for tasks ['load_to_staging'] in dag dag_ingest_daily on 2026-03-03T12:03:21.248109+00:00 ... 
[2026-03-03T12:52:31.211+0000] {external_task.py:244} INFO - Poking for tasks ['load_to_staging'] in dag dag_ingest_daily on 2026-03-03T12:03:21.248109+00:00 ... 
[2026-03-03T12:53:31.278+0000] {external_task.py:244} INFO - Poking for tasks ['load_to_staging'] in dag dag_ingest_daily on 2026-03-03T12:03:21.248109+00:00 ... 
[2026-03-03T12:54:31.322+0000] {external_task.py:244} INFO - Poking for tasks ['load_to_staging'] in dag dag_ingest_daily on 2026-03-03T12:03:21.248109+00:00 ... 
[2026-03-03T12:55:31.388+0000] {external_task.py:244} INFO - Poking for tasks ['load_to_staging'] in dag dag_ingest_daily on 2026-03-03T12:03:21.248109+00:00 ... 
[2026-03-03T12:56:31.451+0000] {external_task.py:244} INFO - Poking for tasks ['load_to_staging'] in dag dag_ingest_daily on 2026-03-03T12:03:21.248109+00:00 ... 
[2026-03-03T12:57:31.483+0000] {external_task.py:244} INFO - Poking for tasks ['load_to_staging'] in dag dag_ingest_daily on 2026-03-03T12:03:21.248109+00:00 ... 
[2026-03-03T12:58:31.537+0000] {external_task.py:244} INFO - Poking for tasks ['load_to_staging'] in dag dag_ingest_daily on 2026-03-03T12:03:21.248109+00:00 ... 
[2026-03-03T12:59:31.577+0000] {external_task.py:244} INFO - Poking for tasks ['load_to_staging'] in dag dag_ingest_daily on 2026-03-03T12:03:21.248109+00:00 ... 
[2026-03-03T13:00:31.616+0000] {external_task.py:244} INFO - Poking for tasks ['load_to_staging'] in dag dag_ingest_daily on 2026-03-03T12:03:21.248109+00:00 ... 
[2026-03-03T13:01:31.683+0000] {external_task.py:244} INFO - Poking for tasks ['load_to_staging'] in dag dag_ingest_daily on 2026-03-03T12:03:21.248109+00:00 ... 
[2026-03-03T13:02:31.735+0000] {external_task.py:244} INFO - Poking for tasks ['load_to_staging'] in dag dag_ingest_daily on 2026-03-03T12:03:21.248109+00:00 ... 
[2026-03-03T13:03:31.803+0000] {external_task.py:244} INFO - Poking for tasks ['load_to_staging'] in dag dag_ingest_daily on 2026-03-03T12:03:21.248109+00:00 ... 
[2026-03-03T13:04:07.965+0000] {local_task_job_runner.py:302} WARNING - State of this instance has been externally set to restarting. Terminating instance.
[2026-03-03T13:04:07.976+0000] {process_utils.py:131} INFO - Sending 15 to group 235. PIDs of all processes in the group: [235]
[2026-03-03T13:04:07.978+0000] {process_utils.py:86} INFO - Sending the signal 15 to group 235
[2026-03-03T13:04:07.982+0000] {taskinstance.py:2450} ERROR - Received SIGTERM. Terminating subprocesses.
[2026-03-03T13:04:08.047+0000] {taskinstance.py:2698} ERROR - Task failed with exception
Traceback (most recent call last):
  File "/home/airflow/.local/lib/python3.11/site-packages/airflow/models/taskinstance.py", line 433, in _execute_task
    result = execute_callable(context=context, **execute_callable_kwargs)
             ^^^^^^^^^^^^^^^^^^^^^^^^^^^^^^^^^^^^^^^^^^^^^^^^^^^^^^^^^^^^
  File "/home/airflow/.local/lib/python3.11/site-packages/airflow/sensors/external_task.py", line 334, in execute
    super().execute(context)
  File "/home/airflow/.local/lib/python3.11/site-packages/airflow/sensors/base.py", line 293, in execute
    time.sleep(self._get_next_poke_interval(started_at, run_duration, try_number))
  File "/home/airflow/.local/lib/python3.11/site-packages/airflow/models/taskinstance.py", line 2452, in signal_handler
    raise AirflowException("Task received SIGTERM signal")
airflow.exceptions.AirflowException: Task received SIGTERM signal
[2026-03-03T13:04:08.070+0000] {taskinstance.py:1138} INFO - Marking task as UP_FOR_RETRY. dag_id=dag_dbt_transform, task_id=wait_for_ingestion, execution_date=20260303T120321, start_date=20260303T121428, end_date=20260303T130408
[2026-03-03T13:04:08.104+0000] {standard_task_runner.py:107} ERROR - Failed to execute job 135 for task wait_for_ingestion (Task received SIGTERM signal; 235)
[2026-03-03T13:04:08.158+0000] {process_utils.py:79} INFO - Process psutil.Process(pid=235, status='terminated', exitcode=1, started='12:14:28') (235) terminated with exit code 1
