[2026-03-03T13:13:17.464+0000] {taskinstance.py:1956} INFO - Dependencies all met for dep_context=non-requeueable deps ti=<TaskInstance: dag_dbt_transform.wait_for_ingestion manual__2026-03-03T12:03:21.248109+00:00 [queued]>
[2026-03-03T13:13:17.485+0000] {taskinstance.py:1956} INFO - Dependencies all met for dep_context=requeueable deps ti=<TaskInstance: dag_dbt_transform.wait_for_ingestion manual__2026-03-03T12:03:21.248109+00:00 [queued]>
[2026-03-03T13:13:17.486+0000] {taskinstance.py:2170} INFO - Starting attempt 3 of 2
[2026-03-03T13:13:17.620+0000] {taskinstance.py:2191} INFO - Executing <Task(ExternalTaskSensor): wait_for_ingestion> on 2026-03-03 12:03:21.248109+00:00
[2026-03-03T13:13:17.649+0000] {standard_task_runner.py:60} INFO - Started process 1133 to run task
[2026-03-03T13:13:17.655+0000] {standard_task_runner.py:87} INFO - Running: ['***', 'tasks', 'run', 'dag_dbt_transform', 'wait_for_ingestion', 'manual__2026-03-03T12:03:21.248109+00:00', '--job-id', '209', '--raw', '--subdir', 'DAGS_FOLDER/dag_dbt_transform.py', '--cfg-path', '/tmp/tmpcrwu_bed']
[2026-03-03T13:13:17.663+0000] {standard_task_runner.py:88} INFO - Job 209: Subtask wait_for_ingestion
[2026-03-03T13:13:18.694+0000] {task_command.py:423} INFO - Running <TaskInstance: dag_dbt_transform.wait_for_ingestion manual__2026-03-03T12:03:21.248109+00:00 [running]> on host 353218a5daef
[2026-03-03T13:13:21.095+0000] {taskinstance.py:2480} INFO - Exporting env vars: AIRFLOW_CTX_DAG_OWNER='de_team' AIRFLOW_CTX_DAG_ID='dag_dbt_transform' AIRFLOW_CTX_TASK_ID='wait_for_ingestion' AIRFLOW_CTX_EXECUTION_DATE='2026-03-03T12:03:21.248109+00:00' AIRFLOW_CTX_TRY_NUMBER='3' AIRFLOW_CTX_DAG_RUN_ID='manual__2026-03-03T12:03:21.248109+00:00'
[2026-03-03T13:13:21.168+0000] {external_task.py:244} INFO - Poking for tasks ['load_to_staging'] in dag dag_ingest_daily on 2026-03-03T12:03:21.248109+00:00 ... 
[2026-03-03T13:14:21.629+0000] {external_task.py:244} INFO - Poking for tasks ['load_to_staging'] in dag dag_ingest_daily on 2026-03-03T12:03:21.248109+00:00 ... 
[2026-03-03T13:15:22.067+0000] {external_task.py:244} INFO - Poking for tasks ['load_to_staging'] in dag dag_ingest_daily on 2026-03-03T12:03:21.248109+00:00 ... 
[2026-03-03T13:16:22.492+0000] {external_task.py:244} INFO - Poking for tasks ['load_to_staging'] in dag dag_ingest_daily on 2026-03-03T12:03:21.248109+00:00 ... 
[2026-03-03T13:17:22.677+0000] {external_task.py:244} INFO - Poking for tasks ['load_to_staging'] in dag dag_ingest_daily on 2026-03-03T12:03:21.248109+00:00 ... 
[2026-03-03T13:18:22.725+0000] {external_task.py:244} INFO - Poking for tasks ['load_to_staging'] in dag dag_ingest_daily on 2026-03-03T12:03:21.248109+00:00 ... 
[2026-03-03T13:19:22.770+0000] {external_task.py:244} INFO - Poking for tasks ['load_to_staging'] in dag dag_ingest_daily on 2026-03-03T12:03:21.248109+00:00 ... 
[2026-03-03T13:20:22.827+0000] {external_task.py:244} INFO - Poking for tasks ['load_to_staging'] in dag dag_ingest_daily on 2026-03-03T12:03:21.248109+00:00 ... 
[2026-03-03T13:21:22.874+0000] {external_task.py:244} INFO - Poking for tasks ['load_to_staging'] in dag dag_ingest_daily on 2026-03-03T12:03:21.248109+00:00 ... 
[2026-03-03T13:22:22.940+0000] {external_task.py:244} INFO - Poking for tasks ['load_to_staging'] in dag dag_ingest_daily on 2026-03-03T12:03:21.248109+00:00 ... 
[2026-03-03T13:23:23.007+0000] {external_task.py:244} INFO - Poking for tasks ['load_to_staging'] in dag dag_ingest_daily on 2026-03-03T12:03:21.248109+00:00 ... 
[2026-03-03T13:24:23.057+0000] {external_task.py:244} INFO - Poking for tasks ['load_to_staging'] in dag dag_ingest_daily on 2026-03-03T12:03:21.248109+00:00 ... 
[2026-03-03T13:25:23.111+0000] {external_task.py:244} INFO - Poking for tasks ['load_to_staging'] in dag dag_ingest_daily on 2026-03-03T12:03:21.248109+00:00 ... 
[2026-03-03T13:26:23.178+0000] {external_task.py:244} INFO - Poking for tasks ['load_to_staging'] in dag dag_ingest_daily on 2026-03-03T12:03:21.248109+00:00 ... 
[2026-03-03T13:27:23.272+0000] {external_task.py:244} INFO - Poking for tasks ['load_to_staging'] in dag dag_ingest_daily on 2026-03-03T12:03:21.248109+00:00 ... 
[2026-03-03T13:28:23.331+0000] {external_task.py:244} INFO - Poking for tasks ['load_to_staging'] in dag dag_ingest_daily on 2026-03-03T12:03:21.248109+00:00 ... 
[2026-03-03T13:29:23.413+0000] {external_task.py:244} INFO - Poking for tasks ['load_to_staging'] in dag dag_ingest_daily on 2026-03-03T12:03:21.248109+00:00 ... 
[2026-03-03T13:30:23.463+0000] {external_task.py:244} INFO - Poking for tasks ['load_to_staging'] in dag dag_ingest_daily on 2026-03-03T12:03:21.248109+00:00 ... 
[2026-03-03T13:31:23.498+0000] {external_task.py:244} INFO - Poking for tasks ['load_to_staging'] in dag dag_ingest_daily on 2026-03-03T12:03:21.248109+00:00 ... 
[2026-03-03T13:32:23.530+0000] {external_task.py:244} INFO - Poking for tasks ['load_to_staging'] in dag dag_ingest_daily on 2026-03-03T12:03:21.248109+00:00 ... 
[2026-03-03T13:33:23.564+0000] {external_task.py:244} INFO - Poking for tasks ['load_to_staging'] in dag dag_ingest_daily on 2026-03-03T12:03:21.248109+00:00 ... 
[2026-03-03T13:34:23.616+0000] {external_task.py:244} INFO - Poking for tasks ['load_to_staging'] in dag dag_ingest_daily on 2026-03-03T12:03:21.248109+00:00 ... 
[2026-03-03T13:35:23.678+0000] {external_task.py:244} INFO - Poking for tasks ['load_to_staging'] in dag dag_ingest_daily on 2026-03-03T12:03:21.248109+00:00 ... 
[2026-03-03T13:36:23.741+0000] {external_task.py:244} INFO - Poking for tasks ['load_to_staging'] in dag dag_ingest_daily on 2026-03-03T12:03:21.248109+00:00 ... 
[2026-03-03T13:37:23.817+0000] {external_task.py:244} INFO - Poking for tasks ['load_to_staging'] in dag dag_ingest_daily on 2026-03-03T12:03:21.248109+00:00 ... 
[2026-03-03T13:38:23.884+0000] {external_task.py:244} INFO - Poking for tasks ['load_to_staging'] in dag dag_ingest_daily on 2026-03-03T12:03:21.248109+00:00 ... 
[2026-03-03T13:39:23.937+0000] {external_task.py:244} INFO - Poking for tasks ['load_to_staging'] in dag dag_ingest_daily on 2026-03-03T12:03:21.248109+00:00 ... 
[2026-03-03T13:40:24.090+0000] {external_task.py:244} INFO - Poking for tasks ['load_to_staging'] in dag dag_ingest_daily on 2026-03-03T12:03:21.248109+00:00 ... 
[2026-03-03T13:41:24.172+0000] {external_task.py:244} INFO - Poking for tasks ['load_to_staging'] in dag dag_ingest_daily on 2026-03-03T12:03:21.248109+00:00 ... 
[2026-03-03T13:42:24.211+0000] {external_task.py:244} INFO - Poking for tasks ['load_to_staging'] in dag dag_ingest_daily on 2026-03-03T12:03:21.248109+00:00 ... 
[2026-03-03T13:43:24.295+0000] {external_task.py:244} INFO - Poking for tasks ['load_to_staging'] in dag dag_ingest_daily on 2026-03-03T12:03:21.248109+00:00 ... 
[2026-03-03T13:44:24.345+0000] {external_task.py:244} INFO - Poking for tasks ['load_to_staging'] in dag dag_ingest_daily on 2026-03-03T12:03:21.248109+00:00 ... 
[2026-03-03T13:45:24.433+0000] {external_task.py:244} INFO - Poking for tasks ['load_to_staging'] in dag dag_ingest_daily on 2026-03-03T12:03:21.248109+00:00 ... 
[2026-03-03T13:46:24.483+0000] {external_task.py:244} INFO - Poking for tasks ['load_to_staging'] in dag dag_ingest_daily on 2026-03-03T12:03:21.248109+00:00 ... 
[2026-03-03T13:47:24.521+0000] {external_task.py:244} INFO - Poking for tasks ['load_to_staging'] in dag dag_ingest_daily on 2026-03-03T12:03:21.248109+00:00 ... 
[2026-03-03T13:48:24.551+0000] {external_task.py:244} INFO - Poking for tasks ['load_to_staging'] in dag dag_ingest_daily on 2026-03-03T12:03:21.248109+00:00 ... 
[2026-03-03T13:49:24.580+0000] {external_task.py:244} INFO - Poking for tasks ['load_to_staging'] in dag dag_ingest_daily on 2026-03-03T12:03:21.248109+00:00 ... 
[2026-03-03T13:50:24.647+0000] {external_task.py:244} INFO - Poking for tasks ['load_to_staging'] in dag dag_ingest_daily on 2026-03-03T12:03:21.248109+00:00 ... 
[2026-03-03T13:51:24.681+0000] {external_task.py:244} INFO - Poking for tasks ['load_to_staging'] in dag dag_ingest_daily on 2026-03-03T12:03:21.248109+00:00 ... 
[2026-03-03T13:52:24.738+0000] {external_task.py:244} INFO - Poking for tasks ['load_to_staging'] in dag dag_ingest_daily on 2026-03-03T12:03:21.248109+00:00 ... 
[2026-03-03T13:53:24.784+0000] {external_task.py:244} INFO - Poking for tasks ['load_to_staging'] in dag dag_ingest_daily on 2026-03-03T12:03:21.248109+00:00 ... 
[2026-03-03T13:54:24.860+0000] {external_task.py:244} INFO - Poking for tasks ['load_to_staging'] in dag dag_ingest_daily on 2026-03-03T12:03:21.248109+00:00 ... 
[2026-03-03T13:55:24.899+0000] {external_task.py:244} INFO - Poking for tasks ['load_to_staging'] in dag dag_ingest_daily on 2026-03-03T12:03:21.248109+00:00 ... 
[2026-03-03T13:56:25.020+0000] {external_task.py:244} INFO - Poking for tasks ['load_to_staging'] in dag dag_ingest_daily on 2026-03-03T12:03:21.248109+00:00 ... 
[2026-03-03T13:57:25.072+0000] {external_task.py:244} INFO - Poking for tasks ['load_to_staging'] in dag dag_ingest_daily on 2026-03-03T12:03:21.248109+00:00 ... 
[2026-03-03T13:58:25.108+0000] {external_task.py:244} INFO - Poking for tasks ['load_to_staging'] in dag dag_ingest_daily on 2026-03-03T12:03:21.248109+00:00 ... 
[2026-03-03T13:59:25.146+0000] {external_task.py:244} INFO - Poking for tasks ['load_to_staging'] in dag dag_ingest_daily on 2026-03-03T12:03:21.248109+00:00 ... 
[2026-03-03T14:00:25.185+0000] {external_task.py:244} INFO - Poking for tasks ['load_to_staging'] in dag dag_ingest_daily on 2026-03-03T12:03:21.248109+00:00 ... 
[2026-03-03T14:01:25.235+0000] {external_task.py:244} INFO - Poking for tasks ['load_to_staging'] in dag dag_ingest_daily on 2026-03-03T12:03:21.248109+00:00 ... 
[2026-03-03T14:02:25.278+0000] {external_task.py:244} INFO - Poking for tasks ['load_to_staging'] in dag dag_ingest_daily on 2026-03-03T12:03:21.248109+00:00 ... 
[2026-03-03T14:03:25.327+0000] {external_task.py:244} INFO - Poking for tasks ['load_to_staging'] in dag dag_ingest_daily on 2026-03-03T12:03:21.248109+00:00 ... 
[2026-03-03T14:04:25.427+0000] {external_task.py:244} INFO - Poking for tasks ['load_to_staging'] in dag dag_ingest_daily on 2026-03-03T12:03:21.248109+00:00 ... 
[2026-03-03T14:05:25.485+0000] {external_task.py:244} INFO - Poking for tasks ['load_to_staging'] in dag dag_ingest_daily on 2026-03-03T12:03:21.248109+00:00 ... 
[2026-03-03T14:06:25.534+0000] {external_task.py:244} INFO - Poking for tasks ['load_to_staging'] in dag dag_ingest_daily on 2026-03-03T12:03:21.248109+00:00 ... 
[2026-03-03T14:07:25.589+0000] {external_task.py:244} INFO - Poking for tasks ['load_to_staging'] in dag dag_ingest_daily on 2026-03-03T12:03:21.248109+00:00 ... 
[2026-03-03T14:08:25.633+0000] {external_task.py:244} INFO - Poking for tasks ['load_to_staging'] in dag dag_ingest_daily on 2026-03-03T12:03:21.248109+00:00 ... 
[2026-03-03T14:09:25.695+0000] {external_task.py:244} INFO - Poking for tasks ['load_to_staging'] in dag dag_ingest_daily on 2026-03-03T12:03:21.248109+00:00 ... 
[2026-03-03T14:10:25.749+0000] {external_task.py:244} INFO - Poking for tasks ['load_to_staging'] in dag dag_ingest_daily on 2026-03-03T12:03:21.248109+00:00 ... 
[2026-03-03T14:11:25.809+0000] {external_task.py:244} INFO - Poking for tasks ['load_to_staging'] in dag dag_ingest_daily on 2026-03-03T12:03:21.248109+00:00 ... 
[2026-03-03T14:12:25.866+0000] {external_task.py:244} INFO - Poking for tasks ['load_to_staging'] in dag dag_ingest_daily on 2026-03-03T12:03:21.248109+00:00 ... 
[2026-03-03T14:13:25.915+0000] {external_task.py:244} INFO - Poking for tasks ['load_to_staging'] in dag dag_ingest_daily on 2026-03-03T12:03:21.248109+00:00 ... 
[2026-03-03T14:13:25.964+0000] {taskinstance.py:2698} ERROR - Task failed with exception
Traceback (most recent call last):
  File "/home/airflow/.local/lib/python3.11/site-packages/airflow/models/taskinstance.py", line 433, in _execute_task
    result = execute_callable(context=context, **execute_callable_kwargs)
             ^^^^^^^^^^^^^^^^^^^^^^^^^^^^^^^^^^^^^^^^^^^^^^^^^^^^^^^^^^^^
  File "/home/airflow/.local/lib/python3.11/site-packages/airflow/sensors/external_task.py", line 334, in execute
    super().execute(context)
  File "/home/airflow/.local/lib/python3.11/site-packages/airflow/sensors/base.py", line 282, in execute
    raise AirflowSensorTimeout(message)
airflow.exceptions.AirflowSensorTimeout: Sensor has timed out; run duration of 3604.7877036889986 seconds exceeds the specified timeout of 3600.0.
[2026-03-03T14:13:25.990+0000] {taskinstance.py:1138} INFO - Immediate failure requested. Marking task as FAILED. dag_id=dag_dbt_transform, task_id=wait_for_ingestion, execution_date=20260303T120321, start_date=20260303T131317, end_date=20260303T141325
[2026-03-03T14:13:26.030+0000] {standard_task_runner.py:107} ERROR - Failed to execute job 209 for task wait_for_ingestion (Sensor has timed out; run duration of 3604.7877036889986 seconds exceeds the specified timeout of 3600.0.; 1133)
[2026-03-03T14:13:26.075+0000] {local_task_job_runner.py:234} INFO - Task exited with return code 1
[2026-03-03T14:13:26.142+0000] {taskinstance.py:3280} INFO - 0 downstream tasks scheduled from follow-on schedule check
