[2026-03-03T12:03:22.389+0000] {taskinstance.py:1956} INFO - Dependencies all met for dep_context=non-requeueable deps ti=<TaskInstance: dag_dbt_transform.wait_for_ingestion manual__2026-03-03T12:03:21.248109+00:00 [queued]>
[2026-03-03T12:03:22.397+0000] {taskinstance.py:1956} INFO - Dependencies all met for dep_context=requeueable deps ti=<TaskInstance: dag_dbt_transform.wait_for_ingestion manual__2026-03-03T12:03:21.248109+00:00 [queued]>
[2026-03-03T12:03:22.398+0000] {taskinstance.py:2170} INFO - Starting attempt 1 of 2
[2026-03-03T12:03:22.408+0000] {taskinstance.py:2191} INFO - Executing <Task(ExternalTaskSensor): wait_for_ingestion> on 2026-03-03 12:03:21.248109+00:00
[2026-03-03T12:03:22.411+0000] {standard_task_runner.py:60} INFO - Started process 276 to run task
[2026-03-03T12:03:22.414+0000] {standard_task_runner.py:87} INFO - Running: ['***', 'tasks', 'run', 'dag_dbt_transform', 'wait_for_ingestion', 'manual__2026-03-03T12:03:21.248109+00:00', '--job-id', '109', '--raw', '--subdir', 'DAGS_FOLDER/dag_dbt_transform.py', '--cfg-path', '/tmp/tmpmj9kxzjf']
[2026-03-03T12:03:22.416+0000] {standard_task_runner.py:88} INFO - Job 109: Subtask wait_for_ingestion
[2026-03-03T12:03:22.471+0000] {task_command.py:423} INFO - Running <TaskInstance: dag_dbt_transform.wait_for_ingestion manual__2026-03-03T12:03:21.248109+00:00 [running]> on host 858cd869c16e
[2026-03-03T12:03:22.570+0000] {taskinstance.py:2480} INFO - Exporting env vars: AIRFLOW_CTX_DAG_OWNER='de_team' AIRFLOW_CTX_DAG_ID='dag_dbt_transform' AIRFLOW_CTX_TASK_ID='wait_for_ingestion' AIRFLOW_CTX_EXECUTION_DATE='2026-03-03T12:03:21.248109+00:00' AIRFLOW_CTX_TRY_NUMBER='1' AIRFLOW_CTX_DAG_RUN_ID='manual__2026-03-03T12:03:21.248109+00:00'
[2026-03-03T12:03:22.572+0000] {external_task.py:244} INFO - Poking for tasks ['load_to_staging'] in dag dag_ingest_daily on 2026-03-03T12:03:21.248109+00:00 ... 
[2026-03-03T12:04:22.594+0000] {external_task.py:244} INFO - Poking for tasks ['load_to_staging'] in dag dag_ingest_daily on 2026-03-03T12:03:21.248109+00:00 ... 
[2026-03-03T12:05:22.658+0000] {external_task.py:244} INFO - Poking for tasks ['load_to_staging'] in dag dag_ingest_daily on 2026-03-03T12:03:21.248109+00:00 ... 
[2026-03-03T12:06:22.693+0000] {external_task.py:244} INFO - Poking for tasks ['load_to_staging'] in dag dag_ingest_daily on 2026-03-03T12:03:21.248109+00:00 ... 
[2026-03-03T12:07:22.721+0000] {external_task.py:244} INFO - Poking for tasks ['load_to_staging'] in dag dag_ingest_daily on 2026-03-03T12:03:21.248109+00:00 ... 
[2026-03-03T12:08:22.792+0000] {external_task.py:244} INFO - Poking for tasks ['load_to_staging'] in dag dag_ingest_daily on 2026-03-03T12:03:21.248109+00:00 ... 
[2026-03-03T12:09:22.850+0000] {external_task.py:244} INFO - Poking for tasks ['load_to_staging'] in dag dag_ingest_daily on 2026-03-03T12:03:21.248109+00:00 ... 
[2026-03-03T12:10:22.884+0000] {external_task.py:244} INFO - Poking for tasks ['load_to_staging'] in dag dag_ingest_daily on 2026-03-03T12:03:21.248109+00:00 ... 
[2026-03-03T12:11:22.947+0000] {external_task.py:244} INFO - Poking for tasks ['load_to_staging'] in dag dag_ingest_daily on 2026-03-03T12:03:21.248109+00:00 ... 
[2026-03-03T12:12:22.982+0000] {external_task.py:244} INFO - Poking for tasks ['load_to_staging'] in dag dag_ingest_daily on 2026-03-03T12:03:21.248109+00:00 ... 
[2026-03-03T12:13:23.012+0000] {external_task.py:244} INFO - Poking for tasks ['load_to_staging'] in dag dag_ingest_daily on 2026-03-03T12:03:21.248109+00:00 ... 
[2026-03-03T12:13:50.246+0000] {local_task_job_runner.py:121} ERROR - Received SIGTERM. Terminating subprocesses
[2026-03-03T12:13:50.846+0000] {process_utils.py:131} INFO - Sending 15 to group 276. PIDs of all processes in the group: [276]
[2026-03-03T12:13:50.880+0000] {process_utils.py:86} INFO - Sending the signal 15 to group 276
[2026-03-03T12:13:50.996+0000] {taskinstance.py:2450} ERROR - Received SIGTERM. Terminating subprocesses.
