[2026-03-02T02:13:51.466+0000] {taskinstance.py:1956} INFO - Dependencies all met for dep_context=non-requeueable deps ti=<TaskInstance: dag_dbt_transform.wait_for_ingestion scheduled__2026-03-01T02:00:00+00:00 [queued]>
[2026-03-02T02:13:51.491+0000] {taskinstance.py:1956} INFO - Dependencies all met for dep_context=requeueable deps ti=<TaskInstance: dag_dbt_transform.wait_for_ingestion scheduled__2026-03-01T02:00:00+00:00 [queued]>
[2026-03-02T02:13:51.495+0000] {taskinstance.py:2170} INFO - Starting attempt 1 of 2
[2026-03-02T02:13:51.524+0000] {taskinstance.py:2191} INFO - Executing <Task(ExternalTaskSensor): wait_for_ingestion> on 2026-03-01 02:00:00+00:00
[2026-03-02T02:13:51.533+0000] {standard_task_runner.py:60} INFO - Started process 4445 to run task
[2026-03-02T02:13:51.539+0000] {standard_task_runner.py:87} INFO - Running: ['***', 'tasks', 'run', 'dag_dbt_transform', 'wait_for_ingestion', 'scheduled__2026-03-01T02:00:00+00:00', '--job-id', '41', '--raw', '--subdir', 'DAGS_FOLDER/dag_dbt_transform.py', '--cfg-path', '/tmp/tmpm1l62apq']
[2026-03-02T02:13:51.545+0000] {standard_task_runner.py:88} INFO - Job 41: Subtask wait_for_ingestion
[2026-03-02T02:13:51.681+0000] {task_command.py:423} INFO - Running <TaskInstance: dag_dbt_transform.wait_for_ingestion scheduled__2026-03-01T02:00:00+00:00 [running]> on host c320bbf31b63
[2026-03-02T02:13:51.827+0000] {taskinstance.py:2480} INFO - Exporting env vars: AIRFLOW_CTX_DAG_OWNER='de_team' AIRFLOW_CTX_DAG_ID='dag_dbt_transform' AIRFLOW_CTX_TASK_ID='wait_for_ingestion' AIRFLOW_CTX_EXECUTION_DATE='2026-03-01T02:00:00+00:00' AIRFLOW_CTX_TRY_NUMBER='1' AIRFLOW_CTX_DAG_RUN_ID='scheduled__2026-03-01T02:00:00+00:00'
[2026-03-02T02:13:51.831+0000] {external_task.py:244} INFO - Poking for tasks ['load_to_staging'] in dag dag_ingest_daily on 2026-03-01T02:00:00+00:00 ... 
[2026-03-02T02:14:51.860+0000] {external_task.py:244} INFO - Poking for tasks ['load_to_staging'] in dag dag_ingest_daily on 2026-03-01T02:00:00+00:00 ... 
[2026-03-02T02:15:51.905+0000] {external_task.py:244} INFO - Poking for tasks ['load_to_staging'] in dag dag_ingest_daily on 2026-03-01T02:00:00+00:00 ... 
[2026-03-02T02:16:51.945+0000] {external_task.py:244} INFO - Poking for tasks ['load_to_staging'] in dag dag_ingest_daily on 2026-03-01T02:00:00+00:00 ... 
[2026-03-02T02:17:51.972+0000] {external_task.py:244} INFO - Poking for tasks ['load_to_staging'] in dag dag_ingest_daily on 2026-03-01T02:00:00+00:00 ... 
[2026-03-02T02:18:52.004+0000] {external_task.py:244} INFO - Poking for tasks ['load_to_staging'] in dag dag_ingest_daily on 2026-03-01T02:00:00+00:00 ... 
[2026-03-02T02:19:52.038+0000] {external_task.py:244} INFO - Poking for tasks ['load_to_staging'] in dag dag_ingest_daily on 2026-03-01T02:00:00+00:00 ... 
[2026-03-02T02:20:52.073+0000] {external_task.py:244} INFO - Poking for tasks ['load_to_staging'] in dag dag_ingest_daily on 2026-03-01T02:00:00+00:00 ... 
[2026-03-02T02:21:52.109+0000] {external_task.py:244} INFO - Poking for tasks ['load_to_staging'] in dag dag_ingest_daily on 2026-03-01T02:00:00+00:00 ... 
[2026-03-02T02:22:52.144+0000] {external_task.py:244} INFO - Poking for tasks ['load_to_staging'] in dag dag_ingest_daily on 2026-03-01T02:00:00+00:00 ... 
[2026-03-02T02:23:52.182+0000] {external_task.py:244} INFO - Poking for tasks ['load_to_staging'] in dag dag_ingest_daily on 2026-03-01T02:00:00+00:00 ... 
[2026-03-02T02:24:52.219+0000] {external_task.py:244} INFO - Poking for tasks ['load_to_staging'] in dag dag_ingest_daily on 2026-03-01T02:00:00+00:00 ... 
[2026-03-02T02:25:52.256+0000] {external_task.py:244} INFO - Poking for tasks ['load_to_staging'] in dag dag_ingest_daily on 2026-03-01T02:00:00+00:00 ... 
[2026-03-02T02:26:52.295+0000] {external_task.py:244} INFO - Poking for tasks ['load_to_staging'] in dag dag_ingest_daily on 2026-03-01T02:00:00+00:00 ... 
[2026-03-02T02:27:52.325+0000] {external_task.py:244} INFO - Poking for tasks ['load_to_staging'] in dag dag_ingest_daily on 2026-03-01T02:00:00+00:00 ... 
[2026-03-02T02:28:52.358+0000] {external_task.py:244} INFO - Poking for tasks ['load_to_staging'] in dag dag_ingest_daily on 2026-03-01T02:00:00+00:00 ... 
[2026-03-02T02:29:52.394+0000] {external_task.py:244} INFO - Poking for tasks ['load_to_staging'] in dag dag_ingest_daily on 2026-03-01T02:00:00+00:00 ... 
[2026-03-02T02:30:52.450+0000] {external_task.py:244} INFO - Poking for tasks ['load_to_staging'] in dag dag_ingest_daily on 2026-03-01T02:00:00+00:00 ... 
[2026-03-02T02:31:52.508+0000] {external_task.py:244} INFO - Poking for tasks ['load_to_staging'] in dag dag_ingest_daily on 2026-03-01T02:00:00+00:00 ... 
[2026-03-02T02:32:52.543+0000] {external_task.py:244} INFO - Poking for tasks ['load_to_staging'] in dag dag_ingest_daily on 2026-03-01T02:00:00+00:00 ... 
[2026-03-02T02:33:52.614+0000] {external_task.py:244} INFO - Poking for tasks ['load_to_staging'] in dag dag_ingest_daily on 2026-03-01T02:00:00+00:00 ... 
[2026-03-02T02:34:52.645+0000] {external_task.py:244} INFO - Poking for tasks ['load_to_staging'] in dag dag_ingest_daily on 2026-03-01T02:00:00+00:00 ... 
[2026-03-02T02:35:52.672+0000] {external_task.py:244} INFO - Poking for tasks ['load_to_staging'] in dag dag_ingest_daily on 2026-03-01T02:00:00+00:00 ... 
[2026-03-02T02:36:52.704+0000] {external_task.py:244} INFO - Poking for tasks ['load_to_staging'] in dag dag_ingest_daily on 2026-03-01T02:00:00+00:00 ... 
[2026-03-02T02:37:52.736+0000] {external_task.py:244} INFO - Poking for tasks ['load_to_staging'] in dag dag_ingest_daily on 2026-03-01T02:00:00+00:00 ... 
[2026-03-02T02:38:52.779+0000] {external_task.py:244} INFO - Poking for tasks ['load_to_staging'] in dag dag_ingest_daily on 2026-03-01T02:00:00+00:00 ... 
[2026-03-02T02:39:52.823+0000] {external_task.py:244} INFO - Poking for tasks ['load_to_staging'] in dag dag_ingest_daily on 2026-03-01T02:00:00+00:00 ... 
[2026-03-02T02:40:52.855+0000] {external_task.py:244} INFO - Poking for tasks ['load_to_staging'] in dag dag_ingest_daily on 2026-03-01T02:00:00+00:00 ... 
[2026-03-02T02:41:52.887+0000] {external_task.py:244} INFO - Poking for tasks ['load_to_staging'] in dag dag_ingest_daily on 2026-03-01T02:00:00+00:00 ... 
[2026-03-02T02:42:52.921+0000] {external_task.py:244} INFO - Poking for tasks ['load_to_staging'] in dag dag_ingest_daily on 2026-03-01T02:00:00+00:00 ... 
[2026-03-02T02:43:52.975+0000] {external_task.py:244} INFO - Poking for tasks ['load_to_staging'] in dag dag_ingest_daily on 2026-03-01T02:00:00+00:00 ... 
[2026-03-02T02:44:53.021+0000] {external_task.py:244} INFO - Poking for tasks ['load_to_staging'] in dag dag_ingest_daily on 2026-03-01T02:00:00+00:00 ... 
[2026-03-02T02:45:53.079+0000] {external_task.py:244} INFO - Poking for tasks ['load_to_staging'] in dag dag_ingest_daily on 2026-03-01T02:00:00+00:00 ... 
[2026-03-02T02:46:53.128+0000] {external_task.py:244} INFO - Poking for tasks ['load_to_staging'] in dag dag_ingest_daily on 2026-03-01T02:00:00+00:00 ... 
[2026-03-02T02:47:53.163+0000] {external_task.py:244} INFO - Poking for tasks ['load_to_staging'] in dag dag_ingest_daily on 2026-03-01T02:00:00+00:00 ... 
[2026-03-02T02:48:53.208+0000] {external_task.py:244} INFO - Poking for tasks ['load_to_staging'] in dag dag_ingest_daily on 2026-03-01T02:00:00+00:00 ... 
[2026-03-02T02:49:53.248+0000] {external_task.py:244} INFO - Poking for tasks ['load_to_staging'] in dag dag_ingest_daily on 2026-03-01T02:00:00+00:00 ... 
[2026-03-02T02:50:53.288+0000] {external_task.py:244} INFO - Poking for tasks ['load_to_staging'] in dag dag_ingest_daily on 2026-03-01T02:00:00+00:00 ... 
[2026-03-02T02:51:53.322+0000] {external_task.py:244} INFO - Poking for tasks ['load_to_staging'] in dag dag_ingest_daily on 2026-03-01T02:00:00+00:00 ... 
[2026-03-02T02:52:53.366+0000] {external_task.py:244} INFO - Poking for tasks ['load_to_staging'] in dag dag_ingest_daily on 2026-03-01T02:00:00+00:00 ... 
[2026-03-02T02:53:53.409+0000] {external_task.py:244} INFO - Poking for tasks ['load_to_staging'] in dag dag_ingest_daily on 2026-03-01T02:00:00+00:00 ... 
[2026-03-02T02:54:53.447+0000] {external_task.py:244} INFO - Poking for tasks ['load_to_staging'] in dag dag_ingest_daily on 2026-03-01T02:00:00+00:00 ... 
[2026-03-02T02:55:53.487+0000] {external_task.py:244} INFO - Poking for tasks ['load_to_staging'] in dag dag_ingest_daily on 2026-03-01T02:00:00+00:00 ... 
[2026-03-02T02:56:53.527+0000] {external_task.py:244} INFO - Poking for tasks ['load_to_staging'] in dag dag_ingest_daily on 2026-03-01T02:00:00+00:00 ... 
[2026-03-02T02:57:53.556+0000] {external_task.py:244} INFO - Poking for tasks ['load_to_staging'] in dag dag_ingest_daily on 2026-03-01T02:00:00+00:00 ... 
[2026-03-02T02:58:53.586+0000] {external_task.py:244} INFO - Poking for tasks ['load_to_staging'] in dag dag_ingest_daily on 2026-03-01T02:00:00+00:00 ... 
[2026-03-02T02:59:53.620+0000] {external_task.py:244} INFO - Poking for tasks ['load_to_staging'] in dag dag_ingest_daily on 2026-03-01T02:00:00+00:00 ... 
[2026-03-02T03:00:53.658+0000] {external_task.py:244} INFO - Poking for tasks ['load_to_staging'] in dag dag_ingest_daily on 2026-03-01T02:00:00+00:00 ... 
[2026-03-02T03:01:53.688+0000] {external_task.py:244} INFO - Poking for tasks ['load_to_staging'] in dag dag_ingest_daily on 2026-03-01T02:00:00+00:00 ... 
[2026-03-02T03:02:53.719+0000] {external_task.py:244} INFO - Poking for tasks ['load_to_staging'] in dag dag_ingest_daily on 2026-03-01T02:00:00+00:00 ... 
[2026-03-02T03:03:53.771+0000] {external_task.py:244} INFO - Poking for tasks ['load_to_staging'] in dag dag_ingest_daily on 2026-03-01T02:00:00+00:00 ... 
[2026-03-02T03:04:53.807+0000] {external_task.py:244} INFO - Poking for tasks ['load_to_staging'] in dag dag_ingest_daily on 2026-03-01T02:00:00+00:00 ... 
[2026-03-02T03:05:53.837+0000] {external_task.py:244} INFO - Poking for tasks ['load_to_staging'] in dag dag_ingest_daily on 2026-03-01T02:00:00+00:00 ... 
[2026-03-02T03:06:53.872+0000] {external_task.py:244} INFO - Poking for tasks ['load_to_staging'] in dag dag_ingest_daily on 2026-03-01T02:00:00+00:00 ... 
[2026-03-02T03:07:53.904+0000] {external_task.py:244} INFO - Poking for tasks ['load_to_staging'] in dag dag_ingest_daily on 2026-03-01T02:00:00+00:00 ... 
[2026-03-02T03:08:53.934+0000] {external_task.py:244} INFO - Poking for tasks ['load_to_staging'] in dag dag_ingest_daily on 2026-03-01T02:00:00+00:00 ... 
[2026-03-02T03:09:53.965+0000] {external_task.py:244} INFO - Poking for tasks ['load_to_staging'] in dag dag_ingest_daily on 2026-03-01T02:00:00+00:00 ... 
[2026-03-02T03:10:54.000+0000] {external_task.py:244} INFO - Poking for tasks ['load_to_staging'] in dag dag_ingest_daily on 2026-03-01T02:00:00+00:00 ... 
[2026-03-02T03:11:54.030+0000] {external_task.py:244} INFO - Poking for tasks ['load_to_staging'] in dag dag_ingest_daily on 2026-03-01T02:00:00+00:00 ... 
[2026-03-02T03:12:54.065+0000] {external_task.py:244} INFO - Poking for tasks ['load_to_staging'] in dag dag_ingest_daily on 2026-03-01T02:00:00+00:00 ... 
[2026-03-02T03:13:54.098+0000] {external_task.py:244} INFO - Poking for tasks ['load_to_staging'] in dag dag_ingest_daily on 2026-03-01T02:00:00+00:00 ... 
[2026-03-02T03:13:54.133+0000] {taskinstance.py:2698} ERROR - Task failed with exception
Traceback (most recent call last):
  File "/home/airflow/.local/lib/python3.11/site-packages/airflow/models/taskinstance.py", line 433, in _execute_task
    result = execute_callable(context=context, **execute_callable_kwargs)
             ^^^^^^^^^^^^^^^^^^^^^^^^^^^^^^^^^^^^^^^^^^^^^^^^^^^^^^^^^^^^
  File "/home/airflow/.local/lib/python3.11/site-packages/airflow/sensors/external_task.py", line 334, in execute
    super().execute(context)
  File "/home/airflow/.local/lib/python3.11/site-packages/airflow/sensors/base.py", line 282, in execute
    raise AirflowSensorTimeout(message)
airflow.exceptions.AirflowSensorTimeout: Sensor has timed out; run duration of 3602.302042683994 seconds exceeds the specified timeout of 3600.0.
[2026-03-02T03:13:54.152+0000] {taskinstance.py:1138} INFO - Immediate failure requested. Marking task as FAILED. dag_id=dag_dbt_transform, task_id=wait_for_ingestion, execution_date=20260301T020000, start_date=20260302T021351, end_date=20260302T031354
[2026-03-02T03:13:54.184+0000] {standard_task_runner.py:107} ERROR - Failed to execute job 41 for task wait_for_ingestion (Sensor has timed out; run duration of 3602.302042683994 seconds exceeds the specified timeout of 3600.0.; 4445)
[2026-03-02T03:13:54.205+0000] {local_task_job_runner.py:234} INFO - Task exited with return code 1
[2026-03-02T03:13:54.266+0000] {taskinstance.py:3280} INFO - 0 downstream tasks scheduled from follow-on schedule check
