[2026-03-03T13:13:17.489+0000] {taskinstance.py:1956} INFO - Dependencies all met for dep_context=non-requeueable deps ti=<TaskInstance: dag_dbt_transform.wait_for_ingestion scheduled__2026-03-01T02:00:00+00:00 [queued]>
[2026-03-03T13:13:17.517+0000] {taskinstance.py:1956} INFO - Dependencies all met for dep_context=requeueable deps ti=<TaskInstance: dag_dbt_transform.wait_for_ingestion scheduled__2026-03-01T02:00:00+00:00 [queued]>
[2026-03-03T13:13:17.526+0000] {taskinstance.py:2170} INFO - Starting attempt 2 of 3
[2026-03-03T13:13:17.621+0000] {taskinstance.py:2191} INFO - Executing <Task(ExternalTaskSensor): wait_for_ingestion> on 2026-03-01 02:00:00+00:00
[2026-03-03T13:13:17.637+0000] {standard_task_runner.py:60} INFO - Started process 1132 to run task
[2026-03-03T13:13:17.668+0000] {standard_task_runner.py:87} INFO - Running: ['***', 'tasks', 'run', 'dag_dbt_transform', 'wait_for_ingestion', 'scheduled__2026-03-01T02:00:00+00:00', '--job-id', '210', '--raw', '--subdir', 'DAGS_FOLDER/dag_dbt_transform.py', '--cfg-path', '/tmp/tmp71vm3t0w']
[2026-03-03T13:13:17.688+0000] {standard_task_runner.py:88} INFO - Job 210: Subtask wait_for_ingestion
[2026-03-03T13:13:18.370+0000] {task_command.py:423} INFO - Running <TaskInstance: dag_dbt_transform.wait_for_ingestion scheduled__2026-03-01T02:00:00+00:00 [running]> on host 353218a5daef
[2026-03-03T13:13:21.297+0000] {taskinstance.py:2480} INFO - Exporting env vars: AIRFLOW_CTX_DAG_OWNER='de_team' AIRFLOW_CTX_DAG_ID='dag_dbt_transform' AIRFLOW_CTX_TASK_ID='wait_for_ingestion' AIRFLOW_CTX_EXECUTION_DATE='2026-03-01T02:00:00+00:00' AIRFLOW_CTX_TRY_NUMBER='2' AIRFLOW_CTX_DAG_RUN_ID='scheduled__2026-03-01T02:00:00+00:00'
[2026-03-03T13:13:21.561+0000] {external_task.py:244} INFO - Poking for tasks ['load_to_staging'] in dag dag_ingest_daily on 2026-03-01T02:00:00+00:00 ... 
[2026-03-03T13:14:21.973+0000] {external_task.py:244} INFO - Poking for tasks ['load_to_staging'] in dag dag_ingest_daily on 2026-03-01T02:00:00+00:00 ... 
[2026-03-03T13:15:22.303+0000] {external_task.py:244} INFO - Poking for tasks ['load_to_staging'] in dag dag_ingest_daily on 2026-03-01T02:00:00+00:00 ... 
[2026-03-03T13:16:22.506+0000] {external_task.py:244} INFO - Poking for tasks ['load_to_staging'] in dag dag_ingest_daily on 2026-03-01T02:00:00+00:00 ... 
[2026-03-03T13:17:22.712+0000] {external_task.py:244} INFO - Poking for tasks ['load_to_staging'] in dag dag_ingest_daily on 2026-03-01T02:00:00+00:00 ... 
[2026-03-03T13:18:22.748+0000] {external_task.py:244} INFO - Poking for tasks ['load_to_staging'] in dag dag_ingest_daily on 2026-03-01T02:00:00+00:00 ... 
[2026-03-03T13:19:22.802+0000] {external_task.py:244} INFO - Poking for tasks ['load_to_staging'] in dag dag_ingest_daily on 2026-03-01T02:00:00+00:00 ... 
[2026-03-03T13:20:22.849+0000] {external_task.py:244} INFO - Poking for tasks ['load_to_staging'] in dag dag_ingest_daily on 2026-03-01T02:00:00+00:00 ... 
[2026-03-03T13:21:22.900+0000] {external_task.py:244} INFO - Poking for tasks ['load_to_staging'] in dag dag_ingest_daily on 2026-03-01T02:00:00+00:00 ... 
[2026-03-03T13:22:22.949+0000] {external_task.py:244} INFO - Poking for tasks ['load_to_staging'] in dag dag_ingest_daily on 2026-03-01T02:00:00+00:00 ... 
[2026-03-03T13:23:23.028+0000] {external_task.py:244} INFO - Poking for tasks ['load_to_staging'] in dag dag_ingest_daily on 2026-03-01T02:00:00+00:00 ... 
[2026-03-03T13:24:23.062+0000] {external_task.py:244} INFO - Poking for tasks ['load_to_staging'] in dag dag_ingest_daily on 2026-03-01T02:00:00+00:00 ... 
[2026-03-03T13:25:23.112+0000] {external_task.py:244} INFO - Poking for tasks ['load_to_staging'] in dag dag_ingest_daily on 2026-03-01T02:00:00+00:00 ... 
[2026-03-03T13:26:23.179+0000] {external_task.py:244} INFO - Poking for tasks ['load_to_staging'] in dag dag_ingest_daily on 2026-03-01T02:00:00+00:00 ... 
[2026-03-03T13:27:23.262+0000] {external_task.py:244} INFO - Poking for tasks ['load_to_staging'] in dag dag_ingest_daily on 2026-03-01T02:00:00+00:00 ... 
[2026-03-03T13:28:23.330+0000] {external_task.py:244} INFO - Poking for tasks ['load_to_staging'] in dag dag_ingest_daily on 2026-03-01T02:00:00+00:00 ... 
[2026-03-03T13:29:23.412+0000] {external_task.py:244} INFO - Poking for tasks ['load_to_staging'] in dag dag_ingest_daily on 2026-03-01T02:00:00+00:00 ... 
[2026-03-03T13:30:23.461+0000] {external_task.py:244} INFO - Poking for tasks ['load_to_staging'] in dag dag_ingest_daily on 2026-03-01T02:00:00+00:00 ... 
[2026-03-03T13:31:23.498+0000] {external_task.py:244} INFO - Poking for tasks ['load_to_staging'] in dag dag_ingest_daily on 2026-03-01T02:00:00+00:00 ... 
[2026-03-03T13:32:23.528+0000] {external_task.py:244} INFO - Poking for tasks ['load_to_staging'] in dag dag_ingest_daily on 2026-03-01T02:00:00+00:00 ... 
[2026-03-03T13:33:23.564+0000] {external_task.py:244} INFO - Poking for tasks ['load_to_staging'] in dag dag_ingest_daily on 2026-03-01T02:00:00+00:00 ... 
[2026-03-03T13:34:23.616+0000] {external_task.py:244} INFO - Poking for tasks ['load_to_staging'] in dag dag_ingest_daily on 2026-03-01T02:00:00+00:00 ... 
[2026-03-03T13:35:23.678+0000] {external_task.py:244} INFO - Poking for tasks ['load_to_staging'] in dag dag_ingest_daily on 2026-03-01T02:00:00+00:00 ... 
[2026-03-03T13:36:23.743+0000] {external_task.py:244} INFO - Poking for tasks ['load_to_staging'] in dag dag_ingest_daily on 2026-03-01T02:00:00+00:00 ... 
[2026-03-03T13:37:23.816+0000] {external_task.py:244} INFO - Poking for tasks ['load_to_staging'] in dag dag_ingest_daily on 2026-03-01T02:00:00+00:00 ... 
[2026-03-03T13:38:23.884+0000] {external_task.py:244} INFO - Poking for tasks ['load_to_staging'] in dag dag_ingest_daily on 2026-03-01T02:00:00+00:00 ... 
[2026-03-03T13:39:23.942+0000] {external_task.py:244} INFO - Poking for tasks ['load_to_staging'] in dag dag_ingest_daily on 2026-03-01T02:00:00+00:00 ... 
[2026-03-03T13:40:24.073+0000] {external_task.py:244} INFO - Poking for tasks ['load_to_staging'] in dag dag_ingest_daily on 2026-03-01T02:00:00+00:00 ... 
[2026-03-03T13:41:24.165+0000] {external_task.py:244} INFO - Poking for tasks ['load_to_staging'] in dag dag_ingest_daily on 2026-03-01T02:00:00+00:00 ... 
[2026-03-03T13:42:24.209+0000] {external_task.py:244} INFO - Poking for tasks ['load_to_staging'] in dag dag_ingest_daily on 2026-03-01T02:00:00+00:00 ... 
[2026-03-03T13:43:24.296+0000] {external_task.py:244} INFO - Poking for tasks ['load_to_staging'] in dag dag_ingest_daily on 2026-03-01T02:00:00+00:00 ... 
[2026-03-03T13:44:24.347+0000] {external_task.py:244} INFO - Poking for tasks ['load_to_staging'] in dag dag_ingest_daily on 2026-03-01T02:00:00+00:00 ... 
[2026-03-03T13:45:24.433+0000] {external_task.py:244} INFO - Poking for tasks ['load_to_staging'] in dag dag_ingest_daily on 2026-03-01T02:00:00+00:00 ... 
[2026-03-03T13:46:24.483+0000] {external_task.py:244} INFO - Poking for tasks ['load_to_staging'] in dag dag_ingest_daily on 2026-03-01T02:00:00+00:00 ... 
[2026-03-03T13:47:24.521+0000] {external_task.py:244} INFO - Poking for tasks ['load_to_staging'] in dag dag_ingest_daily on 2026-03-01T02:00:00+00:00 ... 
[2026-03-03T13:48:24.550+0000] {external_task.py:244} INFO - Poking for tasks ['load_to_staging'] in dag dag_ingest_daily on 2026-03-01T02:00:00+00:00 ... 
[2026-03-03T13:49:24.579+0000] {external_task.py:244} INFO - Poking for tasks ['load_to_staging'] in dag dag_ingest_daily on 2026-03-01T02:00:00+00:00 ... 
[2026-03-03T13:50:24.649+0000] {external_task.py:244} INFO - Poking for tasks ['load_to_staging'] in dag dag_ingest_daily on 2026-03-01T02:00:00+00:00 ... 
[2026-03-03T13:51:24.679+0000] {external_task.py:244} INFO - Poking for tasks ['load_to_staging'] in dag dag_ingest_daily on 2026-03-01T02:00:00+00:00 ... 
[2026-03-03T13:52:24.734+0000] {external_task.py:244} INFO - Poking for tasks ['load_to_staging'] in dag dag_ingest_daily on 2026-03-01T02:00:00+00:00 ... 
[2026-03-03T13:53:24.783+0000] {external_task.py:244} INFO - Poking for tasks ['load_to_staging'] in dag dag_ingest_daily on 2026-03-01T02:00:00+00:00 ... 
[2026-03-03T13:54:24.860+0000] {external_task.py:244} INFO - Poking for tasks ['load_to_staging'] in dag dag_ingest_daily on 2026-03-01T02:00:00+00:00 ... 
[2026-03-03T13:55:24.899+0000] {external_task.py:244} INFO - Poking for tasks ['load_to_staging'] in dag dag_ingest_daily on 2026-03-01T02:00:00+00:00 ... 
[2026-03-03T13:56:24.996+0000] {external_task.py:244} INFO - Poking for tasks ['load_to_staging'] in dag dag_ingest_daily on 2026-03-01T02:00:00+00:00 ... 
[2026-03-03T13:57:25.059+0000] {external_task.py:244} INFO - Poking for tasks ['load_to_staging'] in dag dag_ingest_daily on 2026-03-01T02:00:00+00:00 ... 
[2026-03-03T13:58:25.107+0000] {external_task.py:244} INFO - Poking for tasks ['load_to_staging'] in dag dag_ingest_daily on 2026-03-01T02:00:00+00:00 ... 
[2026-03-03T13:59:25.146+0000] {external_task.py:244} INFO - Poking for tasks ['load_to_staging'] in dag dag_ingest_daily on 2026-03-01T02:00:00+00:00 ... 
[2026-03-03T14:00:25.187+0000] {external_task.py:244} INFO - Poking for tasks ['load_to_staging'] in dag dag_ingest_daily on 2026-03-01T02:00:00+00:00 ... 
[2026-03-03T14:01:25.232+0000] {external_task.py:244} INFO - Poking for tasks ['load_to_staging'] in dag dag_ingest_daily on 2026-03-01T02:00:00+00:00 ... 
[2026-03-03T14:02:25.278+0000] {external_task.py:244} INFO - Poking for tasks ['load_to_staging'] in dag dag_ingest_daily on 2026-03-01T02:00:00+00:00 ... 
[2026-03-03T14:03:25.327+0000] {external_task.py:244} INFO - Poking for tasks ['load_to_staging'] in dag dag_ingest_daily on 2026-03-01T02:00:00+00:00 ... 
[2026-03-03T14:04:25.427+0000] {external_task.py:244} INFO - Poking for tasks ['load_to_staging'] in dag dag_ingest_daily on 2026-03-01T02:00:00+00:00 ... 
[2026-03-03T14:05:25.486+0000] {external_task.py:244} INFO - Poking for tasks ['load_to_staging'] in dag dag_ingest_daily on 2026-03-01T02:00:00+00:00 ... 
[2026-03-03T14:06:25.541+0000] {external_task.py:244} INFO - Poking for tasks ['load_to_staging'] in dag dag_ingest_daily on 2026-03-01T02:00:00+00:00 ... 
[2026-03-03T14:07:25.593+0000] {external_task.py:244} INFO - Poking for tasks ['load_to_staging'] in dag dag_ingest_daily on 2026-03-01T02:00:00+00:00 ... 
[2026-03-03T14:08:25.630+0000] {external_task.py:244} INFO - Poking for tasks ['load_to_staging'] in dag dag_ingest_daily on 2026-03-01T02:00:00+00:00 ... 
[2026-03-03T14:09:25.693+0000] {external_task.py:244} INFO - Poking for tasks ['load_to_staging'] in dag dag_ingest_daily on 2026-03-01T02:00:00+00:00 ... 
[2026-03-03T14:10:25.747+0000] {external_task.py:244} INFO - Poking for tasks ['load_to_staging'] in dag dag_ingest_daily on 2026-03-01T02:00:00+00:00 ... 
[2026-03-03T14:11:25.805+0000] {external_task.py:244} INFO - Poking for tasks ['load_to_staging'] in dag dag_ingest_daily on 2026-03-01T02:00:00+00:00 ... 
[2026-03-03T14:12:25.865+0000] {external_task.py:244} INFO - Poking for tasks ['load_to_staging'] in dag dag_ingest_daily on 2026-03-01T02:00:00+00:00 ... 
[2026-03-03T14:13:25.915+0000] {external_task.py:244} INFO - Poking for tasks ['load_to_staging'] in dag dag_ingest_daily on 2026-03-01T02:00:00+00:00 ... 
[2026-03-03T14:13:25.961+0000] {taskinstance.py:2698} ERROR - Task failed with exception
Traceback (most recent call last):
  File "/home/airflow/.local/lib/python3.11/site-packages/airflow/models/taskinstance.py", line 433, in _execute_task
    result = execute_callable(context=context, **execute_callable_kwargs)
             ^^^^^^^^^^^^^^^^^^^^^^^^^^^^^^^^^^^^^^^^^^^^^^^^^^^^^^^^^^^^
  File "/home/airflow/.local/lib/python3.11/site-packages/airflow/sensors/external_task.py", line 334, in execute
    super().execute(context)
  File "/home/airflow/.local/lib/python3.11/site-packages/airflow/sensors/base.py", line 282, in execute
    raise AirflowSensorTimeout(message)
airflow.exceptions.AirflowSensorTimeout: Sensor has timed out; run duration of 3604.3916684799915 seconds exceeds the specified timeout of 3600.0.
[2026-03-03T14:13:25.985+0000] {taskinstance.py:1138} INFO - Immediate failure requested. Marking task as FAILED. dag_id=dag_dbt_transform, task_id=wait_for_ingestion, execution_date=20260301T020000, start_date=20260303T131317, end_date=20260303T141325
[2026-03-03T14:13:26.020+0000] {standard_task_runner.py:107} ERROR - Failed to execute job 210 for task wait_for_ingestion (Sensor has timed out; run duration of 3604.3916684799915 seconds exceeds the specified timeout of 3600.0.; 1132)
[2026-03-03T14:13:26.049+0000] {local_task_job_runner.py:234} INFO - Task exited with return code 1
[2026-03-03T14:13:26.113+0000] {taskinstance.py:3280} INFO - 0 downstream tasks scheduled from follow-on schedule check
