[2026-03-03T13:13:18.243+0000] {taskinstance.py:1956} INFO - Dependencies all met for dep_context=non-requeueable deps ti=<TaskInstance: dag_dbt_transform.wait_for_ingestion manual__2026-02-27T14:16:53.126563+00:00 [queued]>
[2026-03-03T13:13:18.341+0000] {taskinstance.py:1956} INFO - Dependencies all met for dep_context=requeueable deps ti=<TaskInstance: dag_dbt_transform.wait_for_ingestion manual__2026-02-27T14:16:53.126563+00:00 [queued]>
[2026-03-03T13:13:18.350+0000] {taskinstance.py:2170} INFO - Starting attempt 3 of 4
[2026-03-03T13:13:18.491+0000] {taskinstance.py:2191} INFO - Executing <Task(ExternalTaskSensor): wait_for_ingestion> on 2026-02-27 14:16:53.126563+00:00
[2026-03-03T13:13:18.567+0000] {standard_task_runner.py:60} INFO - Started process 1142 to run task
[2026-03-03T13:13:18.609+0000] {standard_task_runner.py:87} INFO - Running: ['***', 'tasks', 'run', 'dag_dbt_transform', 'wait_for_ingestion', 'manual__2026-02-27T14:16:53.126563+00:00', '--job-id', '219', '--raw', '--subdir', 'DAGS_FOLDER/dag_dbt_transform.py', '--cfg-path', '/tmp/tmpvkiisu2d']
[2026-03-03T13:13:18.644+0000] {standard_task_runner.py:88} INFO - Job 219: Subtask wait_for_ingestion
[2026-03-03T13:13:20.937+0000] {task_command.py:423} INFO - Running <TaskInstance: dag_dbt_transform.wait_for_ingestion manual__2026-02-27T14:16:53.126563+00:00 [running]> on host 353218a5daef
[2026-03-03T13:13:23.297+0000] {taskinstance.py:2480} INFO - Exporting env vars: AIRFLOW_CTX_DAG_OWNER='de_team' AIRFLOW_CTX_DAG_ID='dag_dbt_transform' AIRFLOW_CTX_TASK_ID='wait_for_ingestion' AIRFLOW_CTX_EXECUTION_DATE='2026-02-27T14:16:53.126563+00:00' AIRFLOW_CTX_TRY_NUMBER='3' AIRFLOW_CTX_DAG_RUN_ID='manual__2026-02-27T14:16:53.126563+00:00'
[2026-03-03T13:13:23.329+0000] {external_task.py:244} INFO - Poking for tasks ['load_to_staging'] in dag dag_ingest_daily on 2026-02-27T14:16:53.126563+00:00 ... 
[2026-03-03T13:14:23.610+0000] {external_task.py:244} INFO - Poking for tasks ['load_to_staging'] in dag dag_ingest_daily on 2026-02-27T14:16:53.126563+00:00 ... 
[2026-03-03T13:15:23.892+0000] {external_task.py:244} INFO - Poking for tasks ['load_to_staging'] in dag dag_ingest_daily on 2026-02-27T14:16:53.126563+00:00 ... 
[2026-03-03T13:16:24.006+0000] {external_task.py:244} INFO - Poking for tasks ['load_to_staging'] in dag dag_ingest_daily on 2026-02-27T14:16:53.126563+00:00 ... 
[2026-03-03T13:17:24.137+0000] {external_task.py:244} INFO - Poking for tasks ['load_to_staging'] in dag dag_ingest_daily on 2026-02-27T14:16:53.126563+00:00 ... 
[2026-03-03T13:18:24.284+0000] {external_task.py:244} INFO - Poking for tasks ['load_to_staging'] in dag dag_ingest_daily on 2026-02-27T14:16:53.126563+00:00 ... 
[2026-03-03T13:19:24.349+0000] {external_task.py:244} INFO - Poking for tasks ['load_to_staging'] in dag dag_ingest_daily on 2026-02-27T14:16:53.126563+00:00 ... 
[2026-03-03T13:20:24.378+0000] {external_task.py:244} INFO - Poking for tasks ['load_to_staging'] in dag dag_ingest_daily on 2026-02-27T14:16:53.126563+00:00 ... 
[2026-03-03T13:21:24.413+0000] {external_task.py:244} INFO - Poking for tasks ['load_to_staging'] in dag dag_ingest_daily on 2026-02-27T14:16:53.126563+00:00 ... 
[2026-03-03T13:22:24.454+0000] {external_task.py:244} INFO - Poking for tasks ['load_to_staging'] in dag dag_ingest_daily on 2026-02-27T14:16:53.126563+00:00 ... 
[2026-03-03T13:23:24.497+0000] {external_task.py:244} INFO - Poking for tasks ['load_to_staging'] in dag dag_ingest_daily on 2026-02-27T14:16:53.126563+00:00 ... 
[2026-03-03T13:24:24.539+0000] {external_task.py:244} INFO - Poking for tasks ['load_to_staging'] in dag dag_ingest_daily on 2026-02-27T14:16:53.126563+00:00 ... 
[2026-03-03T13:25:24.581+0000] {external_task.py:244} INFO - Poking for tasks ['load_to_staging'] in dag dag_ingest_daily on 2026-02-27T14:16:53.126563+00:00 ... 
[2026-03-03T13:26:24.625+0000] {external_task.py:244} INFO - Poking for tasks ['load_to_staging'] in dag dag_ingest_daily on 2026-02-27T14:16:53.126563+00:00 ... 
[2026-03-03T13:27:24.700+0000] {external_task.py:244} INFO - Poking for tasks ['load_to_staging'] in dag dag_ingest_daily on 2026-02-27T14:16:53.126563+00:00 ... 
[2026-03-03T13:28:24.749+0000] {external_task.py:244} INFO - Poking for tasks ['load_to_staging'] in dag dag_ingest_daily on 2026-02-27T14:16:53.126563+00:00 ... 
[2026-03-03T13:29:24.781+0000] {external_task.py:244} INFO - Poking for tasks ['load_to_staging'] in dag dag_ingest_daily on 2026-02-27T14:16:53.126563+00:00 ... 
[2026-03-03T13:30:24.821+0000] {external_task.py:244} INFO - Poking for tasks ['load_to_staging'] in dag dag_ingest_daily on 2026-02-27T14:16:53.126563+00:00 ... 
[2026-03-03T13:31:24.884+0000] {external_task.py:244} INFO - Poking for tasks ['load_to_staging'] in dag dag_ingest_daily on 2026-02-27T14:16:53.126563+00:00 ... 
[2026-03-03T13:32:24.916+0000] {external_task.py:244} INFO - Poking for tasks ['load_to_staging'] in dag dag_ingest_daily on 2026-02-27T14:16:53.126563+00:00 ... 
[2026-03-03T13:33:24.949+0000] {external_task.py:244} INFO - Poking for tasks ['load_to_staging'] in dag dag_ingest_daily on 2026-02-27T14:16:53.126563+00:00 ... 
[2026-03-03T13:34:24.991+0000] {external_task.py:244} INFO - Poking for tasks ['load_to_staging'] in dag dag_ingest_daily on 2026-02-27T14:16:53.126563+00:00 ... 
[2026-03-03T13:35:25.031+0000] {external_task.py:244} INFO - Poking for tasks ['load_to_staging'] in dag dag_ingest_daily on 2026-02-27T14:16:53.126563+00:00 ... 
[2026-03-03T13:36:25.060+0000] {external_task.py:244} INFO - Poking for tasks ['load_to_staging'] in dag dag_ingest_daily on 2026-02-27T14:16:53.126563+00:00 ... 
[2026-03-03T13:37:25.097+0000] {external_task.py:244} INFO - Poking for tasks ['load_to_staging'] in dag dag_ingest_daily on 2026-02-27T14:16:53.126563+00:00 ... 
[2026-03-03T13:38:25.183+0000] {external_task.py:244} INFO - Poking for tasks ['load_to_staging'] in dag dag_ingest_daily on 2026-02-27T14:16:53.126563+00:00 ... 
[2026-03-03T13:39:25.242+0000] {external_task.py:244} INFO - Poking for tasks ['load_to_staging'] in dag dag_ingest_daily on 2026-02-27T14:16:53.126563+00:00 ... 
[2026-03-03T13:40:25.294+0000] {external_task.py:244} INFO - Poking for tasks ['load_to_staging'] in dag dag_ingest_daily on 2026-02-27T14:16:53.126563+00:00 ... 
[2026-03-03T13:41:25.337+0000] {external_task.py:244} INFO - Poking for tasks ['load_to_staging'] in dag dag_ingest_daily on 2026-02-27T14:16:53.126563+00:00 ... 
[2026-03-03T13:42:25.397+0000] {external_task.py:244} INFO - Poking for tasks ['load_to_staging'] in dag dag_ingest_daily on 2026-02-27T14:16:53.126563+00:00 ... 
[2026-03-03T13:43:25.440+0000] {external_task.py:244} INFO - Poking for tasks ['load_to_staging'] in dag dag_ingest_daily on 2026-02-27T14:16:53.126563+00:00 ... 
[2026-03-03T13:44:25.512+0000] {external_task.py:244} INFO - Poking for tasks ['load_to_staging'] in dag dag_ingest_daily on 2026-02-27T14:16:53.126563+00:00 ... 
[2026-03-03T13:45:25.556+0000] {external_task.py:244} INFO - Poking for tasks ['load_to_staging'] in dag dag_ingest_daily on 2026-02-27T14:16:53.126563+00:00 ... 
[2026-03-03T13:46:25.592+0000] {external_task.py:244} INFO - Poking for tasks ['load_to_staging'] in dag dag_ingest_daily on 2026-02-27T14:16:53.126563+00:00 ... 
[2026-03-03T13:47:25.625+0000] {external_task.py:244} INFO - Poking for tasks ['load_to_staging'] in dag dag_ingest_daily on 2026-02-27T14:16:53.126563+00:00 ... 
[2026-03-03T13:48:25.661+0000] {external_task.py:244} INFO - Poking for tasks ['load_to_staging'] in dag dag_ingest_daily on 2026-02-27T14:16:53.126563+00:00 ... 
[2026-03-03T13:49:25.748+0000] {external_task.py:244} INFO - Poking for tasks ['load_to_staging'] in dag dag_ingest_daily on 2026-02-27T14:16:53.126563+00:00 ... 
[2026-03-03T13:50:25.819+0000] {external_task.py:244} INFO - Poking for tasks ['load_to_staging'] in dag dag_ingest_daily on 2026-02-27T14:16:53.126563+00:00 ... 
[2026-03-03T13:51:25.868+0000] {external_task.py:244} INFO - Poking for tasks ['load_to_staging'] in dag dag_ingest_daily on 2026-02-27T14:16:53.126563+00:00 ... 
[2026-03-03T13:52:25.922+0000] {external_task.py:244} INFO - Poking for tasks ['load_to_staging'] in dag dag_ingest_daily on 2026-02-27T14:16:53.126563+00:00 ... 
[2026-03-03T13:53:25.967+0000] {external_task.py:244} INFO - Poking for tasks ['load_to_staging'] in dag dag_ingest_daily on 2026-02-27T14:16:53.126563+00:00 ... 
[2026-03-03T13:54:26.012+0000] {external_task.py:244} INFO - Poking for tasks ['load_to_staging'] in dag dag_ingest_daily on 2026-02-27T14:16:53.126563+00:00 ... 
[2026-03-03T13:55:26.045+0000] {external_task.py:244} INFO - Poking for tasks ['load_to_staging'] in dag dag_ingest_daily on 2026-02-27T14:16:53.126563+00:00 ... 
[2026-03-03T13:56:26.077+0000] {external_task.py:244} INFO - Poking for tasks ['load_to_staging'] in dag dag_ingest_daily on 2026-02-27T14:16:53.126563+00:00 ... 
[2026-03-03T13:57:26.113+0000] {external_task.py:244} INFO - Poking for tasks ['load_to_staging'] in dag dag_ingest_daily on 2026-02-27T14:16:53.126563+00:00 ... 
[2026-03-03T13:58:26.138+0000] {external_task.py:244} INFO - Poking for tasks ['load_to_staging'] in dag dag_ingest_daily on 2026-02-27T14:16:53.126563+00:00 ... 
[2026-03-03T13:59:26.165+0000] {external_task.py:244} INFO - Poking for tasks ['load_to_staging'] in dag dag_ingest_daily on 2026-02-27T14:16:53.126563+00:00 ... 
[2026-03-03T14:00:26.197+0000] {external_task.py:244} INFO - Poking for tasks ['load_to_staging'] in dag dag_ingest_daily on 2026-02-27T14:16:53.126563+00:00 ... 
[2026-03-03T14:01:26.259+0000] {external_task.py:244} INFO - Poking for tasks ['load_to_staging'] in dag dag_ingest_daily on 2026-02-27T14:16:53.126563+00:00 ... 
[2026-03-03T14:02:26.366+0000] {external_task.py:244} INFO - Poking for tasks ['load_to_staging'] in dag dag_ingest_daily on 2026-02-27T14:16:53.126563+00:00 ... 
[2026-03-03T14:03:26.533+0000] {external_task.py:244} INFO - Poking for tasks ['load_to_staging'] in dag dag_ingest_daily on 2026-02-27T14:16:53.126563+00:00 ... 
[2026-03-03T14:04:26.627+0000] {external_task.py:244} INFO - Poking for tasks ['load_to_staging'] in dag dag_ingest_daily on 2026-02-27T14:16:53.126563+00:00 ... 
[2026-03-03T14:05:26.682+0000] {external_task.py:244} INFO - Poking for tasks ['load_to_staging'] in dag dag_ingest_daily on 2026-02-27T14:16:53.126563+00:00 ... 
[2026-03-03T14:06:26.761+0000] {external_task.py:244} INFO - Poking for tasks ['load_to_staging'] in dag dag_ingest_daily on 2026-02-27T14:16:53.126563+00:00 ... 
[2026-03-03T14:07:26.861+0000] {external_task.py:244} INFO - Poking for tasks ['load_to_staging'] in dag dag_ingest_daily on 2026-02-27T14:16:53.126563+00:00 ... 
[2026-03-03T14:08:26.933+0000] {external_task.py:244} INFO - Poking for tasks ['load_to_staging'] in dag dag_ingest_daily on 2026-02-27T14:16:53.126563+00:00 ... 
[2026-03-03T14:09:26.988+0000] {external_task.py:244} INFO - Poking for tasks ['load_to_staging'] in dag dag_ingest_daily on 2026-02-27T14:16:53.126563+00:00 ... 
[2026-03-03T14:10:27.040+0000] {external_task.py:244} INFO - Poking for tasks ['load_to_staging'] in dag dag_ingest_daily on 2026-02-27T14:16:53.126563+00:00 ... 
[2026-03-03T14:11:27.117+0000] {external_task.py:244} INFO - Poking for tasks ['load_to_staging'] in dag dag_ingest_daily on 2026-02-27T14:16:53.126563+00:00 ... 
[2026-03-03T14:12:27.199+0000] {external_task.py:244} INFO - Poking for tasks ['load_to_staging'] in dag dag_ingest_daily on 2026-02-27T14:16:53.126563+00:00 ... 
[2026-03-03T14:13:27.275+0000] {external_task.py:244} INFO - Poking for tasks ['load_to_staging'] in dag dag_ingest_daily on 2026-02-27T14:16:53.126563+00:00 ... 
[2026-03-03T14:13:27.370+0000] {taskinstance.py:2698} ERROR - Task failed with exception
Traceback (most recent call last):
  File "/home/airflow/.local/lib/python3.11/site-packages/airflow/models/taskinstance.py", line 433, in _execute_task
    result = execute_callable(context=context, **execute_callable_kwargs)
             ^^^^^^^^^^^^^^^^^^^^^^^^^^^^^^^^^^^^^^^^^^^^^^^^^^^^^^^^^^^^
  File "/home/airflow/.local/lib/python3.11/site-packages/airflow/sensors/external_task.py", line 334, in execute
    super().execute(context)
  File "/home/airflow/.local/lib/python3.11/site-packages/airflow/sensors/base.py", line 282, in execute
    raise AirflowSensorTimeout(message)
airflow.exceptions.AirflowSensorTimeout: Sensor has timed out; run duration of 3604.0326026050025 seconds exceeds the specified timeout of 3600.0.
[2026-03-03T14:13:27.414+0000] {taskinstance.py:1138} INFO - Immediate failure requested. Marking task as FAILED. dag_id=dag_dbt_transform, task_id=wait_for_ingestion, execution_date=20260227T141653, start_date=20260303T131318, end_date=20260303T141327
[2026-03-03T14:13:27.476+0000] {standard_task_runner.py:107} ERROR - Failed to execute job 219 for task wait_for_ingestion (Sensor has timed out; run duration of 3604.0326026050025 seconds exceeds the specified timeout of 3600.0.; 1142)
[2026-03-03T14:13:27.507+0000] {local_task_job_runner.py:234} INFO - Task exited with return code 1
[2026-03-03T14:13:27.676+0000] {taskinstance.py:3280} INFO - 0 downstream tasks scheduled from follow-on schedule check
