[2026-02-27T14:16:54.129+0000] {taskinstance.py:1956} INFO - Dependencies all met for dep_context=non-requeueable deps ti=<TaskInstance: dag_dbt_transform.wait_for_ingestion manual__2026-02-27T14:16:53.126563+00:00 [queued]>
[2026-02-27T14:16:54.135+0000] {taskinstance.py:1956} INFO - Dependencies all met for dep_context=requeueable deps ti=<TaskInstance: dag_dbt_transform.wait_for_ingestion manual__2026-02-27T14:16:53.126563+00:00 [queued]>
[2026-02-27T14:16:54.136+0000] {taskinstance.py:2170} INFO - Starting attempt 1 of 2
[2026-02-27T14:16:54.149+0000] {taskinstance.py:2191} INFO - Executing <Task(ExternalTaskSensor): wait_for_ingestion> on 2026-02-27 14:16:53.126563+00:00
[2026-02-27T14:16:54.155+0000] {standard_task_runner.py:60} INFO - Started process 575 to run task
[2026-02-27T14:16:54.160+0000] {standard_task_runner.py:87} INFO - Running: ['***', 'tasks', 'run', 'dag_dbt_transform', 'wait_for_ingestion', 'manual__2026-02-27T14:16:53.126563+00:00', '--job-id', '10', '--raw', '--subdir', 'DAGS_FOLDER/dag_dbt_transform.py', '--cfg-path', '/tmp/tmpe6xkuv71']
[2026-02-27T14:16:54.167+0000] {standard_task_runner.py:88} INFO - Job 10: Subtask wait_for_ingestion
[2026-02-27T14:16:54.240+0000] {task_command.py:423} INFO - Running <TaskInstance: dag_dbt_transform.wait_for_ingestion manual__2026-02-27T14:16:53.126563+00:00 [running]> on host 843b2c242b76
[2026-02-27T14:16:54.320+0000] {taskinstance.py:2480} INFO - Exporting env vars: AIRFLOW_CTX_DAG_OWNER='de_team' AIRFLOW_CTX_DAG_ID='dag_dbt_transform' AIRFLOW_CTX_TASK_ID='wait_for_ingestion' AIRFLOW_CTX_EXECUTION_DATE='2026-02-27T14:16:53.126563+00:00' AIRFLOW_CTX_TRY_NUMBER='1' AIRFLOW_CTX_DAG_RUN_ID='manual__2026-02-27T14:16:53.126563+00:00'
[2026-02-27T14:16:54.321+0000] {external_task.py:244} INFO - Poking for tasks ['load_to_staging'] in dag dag_ingest_daily on 2026-02-27T14:16:53.126563+00:00 ... 
[2026-02-27T14:17:54.331+0000] {external_task.py:244} INFO - Poking for tasks ['load_to_staging'] in dag dag_ingest_daily on 2026-02-27T14:16:53.126563+00:00 ... 
[2026-02-27T14:18:54.366+0000] {external_task.py:244} INFO - Poking for tasks ['load_to_staging'] in dag dag_ingest_daily on 2026-02-27T14:16:53.126563+00:00 ... 
[2026-02-27T14:18:55.697+0000] {local_task_job_runner.py:121} ERROR - Received SIGTERM. Terminating subprocesses
[2026-02-27T14:18:56.357+0000] {process_utils.py:131} INFO - Sending 15 to group 575. PIDs of all processes in the group: [575]
[2026-02-27T14:18:56.383+0000] {process_utils.py:86} INFO - Sending the signal 15 to group 575
[2026-02-27T14:18:56.394+0000] {taskinstance.py:2450} ERROR - Received SIGTERM. Terminating subprocesses.
[2026-02-27T14:18:56.558+0000] {taskinstance.py:2698} ERROR - Task failed with exception
Traceback (most recent call last):
  File "/home/airflow/.local/lib/python3.11/site-packages/airflow/models/taskinstance.py", line 433, in _execute_task
    result = execute_callable(context=context, **execute_callable_kwargs)
             ^^^^^^^^^^^^^^^^^^^^^^^^^^^^^^^^^^^^^^^^^^^^^^^^^^^^^^^^^^^^
  File "/home/airflow/.local/lib/python3.11/site-packages/airflow/sensors/external_task.py", line 334, in execute
    super().execute(context)
  File "/home/airflow/.local/lib/python3.11/site-packages/airflow/sensors/base.py", line 293, in execute
    time.sleep(self._get_next_poke_interval(started_at, run_duration, try_number))
  File "/home/airflow/.local/lib/python3.11/site-packages/airflow/models/taskinstance.py", line 2452, in signal_handler
    raise AirflowException("Task received SIGTERM signal")
airflow.exceptions.AirflowException: Task received SIGTERM signal
[2026-02-27T14:18:56.597+0000] {taskinstance.py:1138} INFO - Marking task as UP_FOR_RETRY. dag_id=dag_dbt_transform, task_id=wait_for_ingestion, execution_date=20260227T141653, start_date=20260227T141654, end_date=20260227T141856
[2026-02-27T14:18:56.656+0000] {standard_task_runner.py:107} ERROR - Failed to execute job 10 for task wait_for_ingestion (Task received SIGTERM signal; 575)
[2026-02-27T14:18:56.702+0000] {process_utils.py:79} INFO - Process psutil.Process(pid=575, status='terminated', exitcode=1, started='14:16:53') (575) terminated with exit code 1
[2026-02-27T14:18:56.719+0000] {local_task_job_runner.py:234} INFO - Task exited with return code 143
