[2026-02-27T14:30:19.697+0000] {taskinstance.py:1956} INFO - Dependencies all met for dep_context=non-requeueable deps ti=<TaskInstance: dag_dbt_transform.wait_for_ingestion manual__2026-02-27T14:16:53.126563+00:00 [queued]>
[2026-02-27T14:30:19.706+0000] {taskinstance.py:1956} INFO - Dependencies all met for dep_context=requeueable deps ti=<TaskInstance: dag_dbt_transform.wait_for_ingestion manual__2026-02-27T14:16:53.126563+00:00 [queued]>
[2026-02-27T14:30:19.706+0000] {taskinstance.py:2170} INFO - Starting attempt 2 of 2
[2026-02-27T14:30:19.725+0000] {taskinstance.py:2191} INFO - Executing <Task(ExternalTaskSensor): wait_for_ingestion> on 2026-02-27 14:16:53.126563+00:00
[2026-02-27T14:30:19.732+0000] {standard_task_runner.py:60} INFO - Started process 186 to run task
[2026-02-27T14:30:19.737+0000] {standard_task_runner.py:87} INFO - Running: ['***', 'tasks', 'run', 'dag_dbt_transform', 'wait_for_ingestion', 'manual__2026-02-27T14:16:53.126563+00:00', '--job-id', '12', '--raw', '--subdir', 'DAGS_FOLDER/dag_dbt_transform.py', '--cfg-path', '/tmp/tmp9p_90zdw']
[2026-02-27T14:30:19.745+0000] {standard_task_runner.py:88} INFO - Job 12: Subtask wait_for_ingestion
[2026-02-27T14:30:19.884+0000] {task_command.py:423} INFO - Running <TaskInstance: dag_dbt_transform.wait_for_ingestion manual__2026-02-27T14:16:53.126563+00:00 [running]> on host c6881df011c4
[2026-02-27T14:30:20.081+0000] {taskinstance.py:2480} INFO - Exporting env vars: AIRFLOW_CTX_DAG_OWNER='de_team' AIRFLOW_CTX_DAG_ID='dag_dbt_transform' AIRFLOW_CTX_TASK_ID='wait_for_ingestion' AIRFLOW_CTX_EXECUTION_DATE='2026-02-27T14:16:53.126563+00:00' AIRFLOW_CTX_TRY_NUMBER='2' AIRFLOW_CTX_DAG_RUN_ID='manual__2026-02-27T14:16:53.126563+00:00'
[2026-02-27T14:30:20.083+0000] {external_task.py:244} INFO - Poking for tasks ['load_to_staging'] in dag dag_ingest_daily on 2026-02-27T14:16:53.126563+00:00 ... 
[2026-02-27T14:31:20.139+0000] {external_task.py:244} INFO - Poking for tasks ['load_to_staging'] in dag dag_ingest_daily on 2026-02-27T14:16:53.126563+00:00 ... 
[2026-02-27T14:32:20.198+0000] {external_task.py:244} INFO - Poking for tasks ['load_to_staging'] in dag dag_ingest_daily on 2026-02-27T14:16:53.126563+00:00 ... 
[2026-02-27T14:33:20.264+0000] {external_task.py:244} INFO - Poking for tasks ['load_to_staging'] in dag dag_ingest_daily on 2026-02-27T14:16:53.126563+00:00 ... 
[2026-02-27T14:34:20.292+0000] {external_task.py:244} INFO - Poking for tasks ['load_to_staging'] in dag dag_ingest_daily on 2026-02-27T14:16:53.126563+00:00 ... 
[2026-02-27T14:35:20.324+0000] {external_task.py:244} INFO - Poking for tasks ['load_to_staging'] in dag dag_ingest_daily on 2026-02-27T14:16:53.126563+00:00 ... 
[2026-02-27T14:36:20.353+0000] {external_task.py:244} INFO - Poking for tasks ['load_to_staging'] in dag dag_ingest_daily on 2026-02-27T14:16:53.126563+00:00 ... 
[2026-02-27T14:37:20.392+0000] {external_task.py:244} INFO - Poking for tasks ['load_to_staging'] in dag dag_ingest_daily on 2026-02-27T14:16:53.126563+00:00 ... 
[2026-02-27T14:38:20.426+0000] {external_task.py:244} INFO - Poking for tasks ['load_to_staging'] in dag dag_ingest_daily on 2026-02-27T14:16:53.126563+00:00 ... 
[2026-02-27T14:39:20.468+0000] {external_task.py:244} INFO - Poking for tasks ['load_to_staging'] in dag dag_ingest_daily on 2026-02-27T14:16:53.126563+00:00 ... 
[2026-02-27T14:40:20.499+0000] {external_task.py:244} INFO - Poking for tasks ['load_to_staging'] in dag dag_ingest_daily on 2026-02-27T14:16:53.126563+00:00 ... 
[2026-02-27T14:41:20.533+0000] {external_task.py:244} INFO - Poking for tasks ['load_to_staging'] in dag dag_ingest_daily on 2026-02-27T14:16:53.126563+00:00 ... 
[2026-02-27T14:42:20.583+0000] {external_task.py:244} INFO - Poking for tasks ['load_to_staging'] in dag dag_ingest_daily on 2026-02-27T14:16:53.126563+00:00 ... 
[2026-02-27T14:43:20.614+0000] {external_task.py:244} INFO - Poking for tasks ['load_to_staging'] in dag dag_ingest_daily on 2026-02-27T14:16:53.126563+00:00 ... 
[2026-02-27T14:44:20.654+0000] {external_task.py:244} INFO - Poking for tasks ['load_to_staging'] in dag dag_ingest_daily on 2026-02-27T14:16:53.126563+00:00 ... 
[2026-02-27T14:45:20.678+0000] {external_task.py:244} INFO - Poking for tasks ['load_to_staging'] in dag dag_ingest_daily on 2026-02-27T14:16:53.126563+00:00 ... 
[2026-02-27T14:46:20.734+0000] {external_task.py:244} INFO - Poking for tasks ['load_to_staging'] in dag dag_ingest_daily on 2026-02-27T14:16:53.126563+00:00 ... 
[2026-02-27T14:47:20.784+0000] {external_task.py:244} INFO - Poking for tasks ['load_to_staging'] in dag dag_ingest_daily on 2026-02-27T14:16:53.126563+00:00 ... 
[2026-02-27T14:48:20.844+0000] {external_task.py:244} INFO - Poking for tasks ['load_to_staging'] in dag dag_ingest_daily on 2026-02-27T14:16:53.126563+00:00 ... 
[2026-02-27T14:49:20.886+0000] {external_task.py:244} INFO - Poking for tasks ['load_to_staging'] in dag dag_ingest_daily on 2026-02-27T14:16:53.126563+00:00 ... 
[2026-02-27T14:50:20.945+0000] {external_task.py:244} INFO - Poking for tasks ['load_to_staging'] in dag dag_ingest_daily on 2026-02-27T14:16:53.126563+00:00 ... 
[2026-02-27T14:51:20.980+0000] {external_task.py:244} INFO - Poking for tasks ['load_to_staging'] in dag dag_ingest_daily on 2026-02-27T14:16:53.126563+00:00 ... 
[2026-02-27T14:52:21.006+0000] {external_task.py:244} INFO - Poking for tasks ['load_to_staging'] in dag dag_ingest_daily on 2026-02-27T14:16:53.126563+00:00 ... 
[2026-02-27T14:53:21.037+0000] {external_task.py:244} INFO - Poking for tasks ['load_to_staging'] in dag dag_ingest_daily on 2026-02-27T14:16:53.126563+00:00 ... 
[2026-02-27T14:54:21.075+0000] {external_task.py:244} INFO - Poking for tasks ['load_to_staging'] in dag dag_ingest_daily on 2026-02-27T14:16:53.126563+00:00 ... 
[2026-02-27T14:55:21.202+0000] {external_task.py:244} INFO - Poking for tasks ['load_to_staging'] in dag dag_ingest_daily on 2026-02-27T14:16:53.126563+00:00 ... 
[2026-02-27T15:45:55.944+0000] {external_task.py:244} INFO - Poking for tasks ['load_to_staging'] in dag dag_ingest_daily on 2026-02-27T14:16:53.126563+00:00 ... 
[2026-02-27T16:19:54.695+0000] {external_task.py:244} INFO - Poking for tasks ['load_to_staging'] in dag dag_ingest_daily on 2026-02-27T14:16:53.126563+00:00 ... 
[2026-02-27T16:56:39.661+0000] {external_task.py:244} INFO - Poking for tasks ['load_to_staging'] in dag dag_ingest_daily on 2026-02-27T14:16:53.126563+00:00 ... 
[2026-02-27T17:17:56.817+0000] {external_task.py:244} INFO - Poking for tasks ['load_to_staging'] in dag dag_ingest_daily on 2026-02-27T14:16:53.126563+00:00 ... 
[2026-02-27T17:19:59.480+0000] {external_task.py:244} INFO - Poking for tasks ['load_to_staging'] in dag dag_ingest_daily on 2026-02-27T14:16:53.126563+00:00 ... 
[2026-02-27T17:22:40.404+0000] {external_task.py:244} INFO - Poking for tasks ['load_to_staging'] in dag dag_ingest_daily on 2026-02-27T14:16:53.126563+00:00 ... 
[2026-02-27T17:44:46.079+0000] {external_task.py:244} INFO - Poking for tasks ['load_to_staging'] in dag dag_ingest_daily on 2026-02-27T14:16:53.126563+00:00 ... 
[2026-02-27T19:42:20.384+0000] {external_task.py:244} INFO - Poking for tasks ['load_to_staging'] in dag dag_ingest_daily on 2026-02-27T14:16:53.126563+00:00 ... 
[2026-02-27T20:49:33.414+0000] {external_task.py:244} INFO - Poking for tasks ['load_to_staging'] in dag dag_ingest_daily on 2026-02-27T14:16:53.126563+00:00 ... 
[2026-02-27T22:21:06.241+0000] {external_task.py:244} INFO - Poking for tasks ['load_to_staging'] in dag dag_ingest_daily on 2026-02-27T14:16:53.126563+00:00 ... 
[2026-02-27T23:44:09.185+0000] {external_task.py:244} INFO - Poking for tasks ['load_to_staging'] in dag dag_ingest_daily on 2026-02-27T14:16:53.126563+00:00 ... 
[2026-02-28T00:18:30.572+0000] {external_task.py:244} INFO - Poking for tasks ['load_to_staging'] in dag dag_ingest_daily on 2026-02-27T14:16:53.126563+00:00 ... 
[2026-02-28T00:39:41.004+0000] {external_task.py:244} INFO - Poking for tasks ['load_to_staging'] in dag dag_ingest_daily on 2026-02-27T14:16:53.126563+00:00 ... 
[2026-02-28T01:52:01.240+0000] {external_task.py:244} INFO - Poking for tasks ['load_to_staging'] in dag dag_ingest_daily on 2026-02-27T14:16:53.126563+00:00 ... 
[2026-02-28T02:52:55.374+0000] {external_task.py:244} INFO - Poking for tasks ['load_to_staging'] in dag dag_ingest_daily on 2026-02-27T14:16:53.126563+00:00 ... 
[2026-02-28T03:31:26.465+0000] {external_task.py:244} INFO - Poking for tasks ['load_to_staging'] in dag dag_ingest_daily on 2026-02-27T14:16:53.126563+00:00 ... 
[2026-02-28T03:50:20.822+0000] {external_task.py:244} INFO - Poking for tasks ['load_to_staging'] in dag dag_ingest_daily on 2026-02-27T14:16:53.126563+00:00 ... 
[2026-02-28T04:56:41.242+0000] {external_task.py:244} INFO - Poking for tasks ['load_to_staging'] in dag dag_ingest_daily on 2026-02-27T14:16:53.126563+00:00 ... 
[2026-02-28T05:33:33.659+0000] {external_task.py:244} INFO - Poking for tasks ['load_to_staging'] in dag dag_ingest_daily on 2026-02-27T14:16:53.126563+00:00 ... 
[2026-02-28T05:56:15.482+0000] {external_task.py:244} INFO - Poking for tasks ['load_to_staging'] in dag dag_ingest_daily on 2026-02-27T14:16:53.126563+00:00 ... 
[2026-02-28T05:57:15.567+0000] {external_task.py:244} INFO - Poking for tasks ['load_to_staging'] in dag dag_ingest_daily on 2026-02-27T14:16:53.126563+00:00 ... 
[2026-02-28T05:58:15.619+0000] {external_task.py:244} INFO - Poking for tasks ['load_to_staging'] in dag dag_ingest_daily on 2026-02-27T14:16:53.126563+00:00 ... 
[2026-02-28T05:59:15.655+0000] {external_task.py:244} INFO - Poking for tasks ['load_to_staging'] in dag dag_ingest_daily on 2026-02-27T14:16:53.126563+00:00 ... 
[2026-02-28T06:00:15.702+0000] {external_task.py:244} INFO - Poking for tasks ['load_to_staging'] in dag dag_ingest_daily on 2026-02-27T14:16:53.126563+00:00 ... 
[2026-02-28T06:01:15.732+0000] {external_task.py:244} INFO - Poking for tasks ['load_to_staging'] in dag dag_ingest_daily on 2026-02-27T14:16:53.126563+00:00 ... 
[2026-02-28T06:02:15.762+0000] {external_task.py:244} INFO - Poking for tasks ['load_to_staging'] in dag dag_ingest_daily on 2026-02-27T14:16:53.126563+00:00 ... 
[2026-02-28T06:03:15.811+0000] {external_task.py:244} INFO - Poking for tasks ['load_to_staging'] in dag dag_ingest_daily on 2026-02-27T14:16:53.126563+00:00 ... 
[2026-02-28T06:04:15.847+0000] {external_task.py:244} INFO - Poking for tasks ['load_to_staging'] in dag dag_ingest_daily on 2026-02-27T14:16:53.126563+00:00 ... 
[2026-02-28T06:05:15.879+0000] {external_task.py:244} INFO - Poking for tasks ['load_to_staging'] in dag dag_ingest_daily on 2026-02-27T14:16:53.126563+00:00 ... 
[2026-02-28T06:06:15.919+0000] {external_task.py:244} INFO - Poking for tasks ['load_to_staging'] in dag dag_ingest_daily on 2026-02-27T14:16:53.126563+00:00 ... 
[2026-02-28T06:07:15.954+0000] {external_task.py:244} INFO - Poking for tasks ['load_to_staging'] in dag dag_ingest_daily on 2026-02-27T14:16:53.126563+00:00 ... 
[2026-02-28T06:08:16.005+0000] {external_task.py:244} INFO - Poking for tasks ['load_to_staging'] in dag dag_ingest_daily on 2026-02-27T14:16:53.126563+00:00 ... 
[2026-02-28T06:09:16.051+0000] {external_task.py:244} INFO - Poking for tasks ['load_to_staging'] in dag dag_ingest_daily on 2026-02-27T14:16:53.126563+00:00 ... 
[2026-02-28T06:10:16.087+0000] {external_task.py:244} INFO - Poking for tasks ['load_to_staging'] in dag dag_ingest_daily on 2026-02-27T14:16:53.126563+00:00 ... 
[2026-02-28T06:11:16.118+0000] {external_task.py:244} INFO - Poking for tasks ['load_to_staging'] in dag dag_ingest_daily on 2026-02-27T14:16:53.126563+00:00 ... 
[2026-02-28T06:11:16.152+0000] {taskinstance.py:2698} ERROR - Task failed with exception
Traceback (most recent call last):
  File "/home/airflow/.local/lib/python3.11/site-packages/airflow/models/taskinstance.py", line 433, in _execute_task
    result = execute_callable(context=context, **execute_callable_kwargs)
             ^^^^^^^^^^^^^^^^^^^^^^^^^^^^^^^^^^^^^^^^^^^^^^^^^^^^^^^^^^^^
  File "/home/airflow/.local/lib/python3.11/site-packages/airflow/sensors/external_task.py", line 334, in execute
    super().execute(context)
  File "/home/airflow/.local/lib/python3.11/site-packages/airflow/sensors/base.py", line 282, in execute
    raise AirflowSensorTimeout(message)
airflow.exceptions.AirflowSensorTimeout: Sensor has timed out; run duration of 3603.106942936 seconds exceeds the specified timeout of 3600.0.
[2026-02-28T06:11:16.174+0000] {taskinstance.py:1138} INFO - Immediate failure requested. Marking task as FAILED. dag_id=dag_dbt_transform, task_id=wait_for_ingestion, execution_date=20260227T141653, start_date=20260227T143019, end_date=20260228T061116
[2026-02-28T06:11:16.198+0000] {standard_task_runner.py:107} ERROR - Failed to execute job 12 for task wait_for_ingestion (Sensor has timed out; run duration of 3603.106942936 seconds exceeds the specified timeout of 3600.0.; 186)
[2026-02-28T06:11:16.242+0000] {local_task_job_runner.py:234} INFO - Task exited with return code 1
[2026-02-28T06:11:16.309+0000] {taskinstance.py:3280} INFO - 0 downstream tasks scheduled from follow-on schedule check
